Sat Aug 2 09:13:48 PM KST 2025
[INFO] Job Information
=============================================
[INFO] Job Name       : dssp
[INFO] Job ID         : 146513
[INFO] Submit Dir     : /home/hwjang/aipd/noahs_ark/piplines/2_backbone_filter
[INFO] Partition      : cpu-farm
[INFO] Node List      : node15
[INFO] Nodes          : 1
[INFO] CPUs per Task  : 64
[INFO] Memory (MB)    : 
[INFO] User           : hwjang
[INFO] Work Dir       : /home/hwjang/aipd/noahs_ark/piplines/2_backbone_filter
[INFO] Tasks per Node : 1
[INFO] Dependency     : 
[INFO] Allocated GPUs : 
---------------------------------------------
[INFO] Job allocated on node(s): node15
[INFO] Job running on: node15
=============================================


Processing DSSP:   0%|          | 0/64 [00:00<?, ?it/s]
Processing DSSP:   2%|▏         | 1/64 [00:03<03:29,  3.33s/it]
Processing DSSP:  30%|██▉       | 19/64 [00:03<00:05,  7.68it/s]
Processing DSSP:  92%|█████████▏| 59/64 [00:03<00:00, 29.43it/s]
Processing DSSP: 100%|██████████| 64/64 [00:03<00:00, 18.03it/s]
┌──────────────────────────────────────────────────────────────────────────────┐
│                                 PyRosetta-4                                  │
│              Created in JHU by Sergey Lyskov and PyRosetta Team              │
│              (C) Copyright Rosetta Commons Member Institutions               │
│                                                                              │
│ NOTE: USE OF PyRosetta FOR COMMERCIAL PURPOSES REQUIRE PURCHASE OF A LICENSE │
│         See LICENSE.PyRosetta.md or email license@uw.edu for details         │
└──────────────────────────────────────────────────────────────────────────────┘
PyRosetta-4 2025 [Rosetta PyRosetta4.Release.python313.ubuntu.cxx11thread.serialization 2025.24+release.8e1e5e54f047b0833dcf760a5cd5d3ce94d63938 2025-06-06T09:20:57] retrieved from: http://www.pyrosetta.org
┌──────────────────────────────────────────────────────────────────────────────┐
│                                 PyRosetta-4                                  │
│              Created in JHU by Sergey Lyskov and PyRosetta Team              │
│              (C) Copyright Rosetta Commons Member Institutions               │
│                                                                              │
│ NOTE: USE OF PyRosetta FOR COMMERCIAL PURPOSES REQUIRE PURCHASE OF A LICENSE │
│         See LICENSE.PyRosetta.md or email license@uw.edu for details         │
└──────────────────────────────────────────────────────────────────────────────┘
PyRosetta-4 2025 [Rosetta PyRosetta4.Release.python313.ubuntu.cxx11thread.serialization 2025.24+release.8e1e5e54f047b0833dcf760a5cd5d3ce94d63938 2025-06-06T09:20:57] retrieved from: http://www.pyrosetta.org
┌──────────────────────────────────────────────────────────────────────────────┐
│                                 PyRosetta-4                                  │
│              Created in JHU by Sergey Lyskov and PyRosetta Team              │
│              (C) Copyright Rosetta Commons Member Institutions               │
│                                                                              │
│ NOTE: USE OF PyRosetta FOR COMMERCIAL PURPOSES REQUIRE PURCHASE OF A LICENSE │
│         See LICENSE.PyRosetta.md or email license@uw.edu for details         │
└──────────────────────────────────────────────────────────────────────────────┘
PyRosetta-4 2025 [Rosetta PyRosetta4.Release.python313.ubuntu.cxx11thread.serialization 2025.24+release.8e1e5e54f047b0833dcf760a5cd5d3ce94d63938 2025-06-06T09:20:57] retrieved from: http://www.pyrosetta.org
┌──────────────────────────────────────────────────────────────────────────────┐
│                                 PyRosetta-4                                  │
│              Created in JHU by Sergey Lyskov and PyRosetta Team              │
│              (C) Copyright Rosetta Commons Member Institutions               │
│                                                                              │
│ NOTE: USE OF PyRosetta FOR COMMERCIAL PURPOSES REQUIRE PURCHASE OF A LICENSE │
│         See LICENSE.PyRosetta.md or email license@uw.edu for details         │
└──────────────────────────────────────────────────────────────────────────────┘
PyRosetta-4 2025 [Rosetta PyRosetta4.Release.python313.ubuntu.cxx11thread.serialization 2025.24+release.8e1e5e54f047b0833dcf760a5cd5d3ce94d63938 2025-06-06T09:20:57] retrieved from: http://www.pyrosetta.org
┌──────────────────────────────────────────────────────────────────────────────┐
│                                 PyRosetta-4                                  │
│              Created in JHU by Sergey Lyskov and PyRosetta Team              │
│              (C) Copyright Rosetta Commons Member Institutions               │
│                                                                              │
│ NOTE: USE OF PyRosetta FOR COMMERCIAL PURPOSES REQUIRE PURCHASE OF A LICENSE │
│         See LICENSE.PyRosetta.md or email license@uw.edu for details         │
└──────────────────────────────────────────────────────────────────────────────┘
PyRosetta-4 2025 [Rosetta PyRosetta4.Release.python313.ubuntu.cxx11thread.serialization 2025.24+release.8e1e5e54f047b0833dcf760a5cd5d3ce94d63938 2025-06-06T09:20:57] retrieved from: http://www.pyrosetta.org
┌──────────────────────────────────────────────────────────────────────────────┐
│                                 PyRosetta-4                                  │
│              Created in JHU by Sergey Lyskov and PyRosetta Team              │
│              (C) Copyright Rosetta Commons Member Institutions               │
│                                                                              │
│ NOTE: USE OF PyRosetta FOR COMMERCIAL PURPOSES REQUIRE PURCHASE OF A LICENSE │
│         See LICENSE.PyRosetta.md or email license@uw.edu for details         │
└──────────────────────────────────────────────────────────────────────────────┘
PyRosetta-4 2025 [Rosetta PyRosetta4.Release.python313.ubuntu.cxx11thread.serialization 2025.24+release.8e1e5e54f047b0833dcf760a5cd5d3ce94d63938 2025-06-06T09:20:57] retrieved from: http://www.pyrosetta.org
┌──────────────────────────────────────────────────────────────────────────────┐
│                                 PyRosetta-4                                  │
│              Created in JHU by Sergey Lyskov and PyRosetta Team              │
│              (C) Copyright Rosetta Commons Member Institutions               │
│                                                                              │
│ NOTE: USE OF PyRosetta FOR COMMERCIAL PURPOSES REQUIRE PURCHASE OF A LICENSE │
│         See LICENSE.PyRosetta.md or email license@uw.edu for details         │
└──────────────────────────────────────────────────────────────────────────────┘
PyRosetta-4 2025 [Rosetta PyRosetta4.Release.python313.ubuntu.cxx11thread.serialization 2025.24+release.8e1e5e54f047b0833dcf760a5cd5d3ce94d63938 2025-06-06T09:20:57] retrieved from: http://www.pyrosetta.org
┌──────────────────────────────────────────────────────────────────────────────┐
│                                 PyRosetta-4                                  │
│              Created in JHU by Sergey Lyskov and PyRosetta Team              │
│              (C) Copyright Rosetta Commons Member Institutions               │
│                                                                              │
│ NOTE: USE OF PyRosetta FOR COMMERCIAL PURPOSES REQUIRE PURCHASE OF A LICENSE │
│         See LICENSE.PyRosetta.md or email license@uw.edu for details         │
└──────────────────────────────────────────────────────────────────────────────┘
PyRosetta-4 2025 [Rosetta PyRosetta4.Release.python313.ubuntu.cxx11thread.serialization 2025.24+release.8e1e5e54f047b0833dcf760a5cd5d3ce94d63938 2025-06-06T09:20:57] retrieved from: http://www.pyrosetta.org
┌──────────────────────────────────────────────────────────────────────────────┐
│                                 PyRosetta-4                                  │
│              Created in JHU by Sergey Lyskov and PyRosetta Team              │
│              (C) Copyright Rosetta Commons Member Institutions               │
│                                                                              │
│ NOTE: USE OF PyRosetta FOR COMMERCIAL PURPOSES REQUIRE PURCHASE OF A LICENSE │
│         See LICENSE.PyRosetta.md or email license@uw.edu for details         │
└──────────────────────────────────────────────────────────────────────────────┘
PyRosetta-4 2025 [Rosetta PyRosetta4.Release.python313.ubuntu.cxx11thread.serialization 2025.24+release.8e1e5e54f047b0833dcf760a5cd5d3ce94d63938 2025-06-06T09:20:57] retrieved from: http://www.pyrosetta.org
┌──────────────────────────────────────────────────────────────────────────────┐
│                                 PyRosetta-4                                  │
│              Created in JHU by Sergey Lyskov and PyRosetta Team              │
│              (C) Copyright Rosetta Commons Member Institutions               │
│                                                                              │
│ NOTE: USE OF PyRosetta FOR COMMERCIAL PURPOSES REQUIRE PURCHASE OF A LICENSE │
│         See LICENSE.PyRosetta.md or email license@uw.edu for details         │
└──────────────────────────────────────────────────────────────────────────────┘
PyRosetta-4 2025 [Rosetta PyRosetta4.Release.python313.ubuntu.cxx11thread.serialization 2025.24+release.8e1e5e54f047b0833dcf760a5cd5d3ce94d63938 2025-06-06T09:20:57] retrieved from: http://www.pyrosetta.org
┌──────────────────────────────────────────────────────────────────────────────┐
│                                 PyRosetta-4                                  │
│              Created in JHU by Sergey Lyskov and PyRosetta Team              │
│              (C) Copyright Rosetta Commons Member Institutions               │
│                                                                              │
│ NOTE: USE OF PyRosetta FOR COMMERCIAL PURPOSES REQUIRE PURCHASE OF A LICENSE │
│         See LICENSE.PyRosetta.md or email license@uw.edu for details         │
└──────────────────────────────────────────────────────────────────────────────┘
PyRosetta-4 2025 [Rosetta PyRosetta4.Release.python313.ubuntu.cxx11thread.serialization 2025.24+release.8e1e5e54f047b0833dcf760a5cd5d3ce94d63938 2025-06-06T09:20:57] retrieved from: http://www.pyrosetta.org
┌──────────────────────────────────────────────────────────────────────────────┐
│                                 PyRosetta-4                                  │
│              Created in JHU by Sergey Lyskov and PyRosetta Team              │
│              (C) Copyright Rosetta Commons Member Institutions               │
│                                                                              │
│ NOTE: USE OF PyRosetta FOR COMMERCIAL PURPOSES REQUIRE PURCHASE OF A LICENSE │
│         See LICENSE.PyRosetta.md or email license@uw.edu for details         │
└──────────────────────────────────────────────────────────────────────────────┘
PyRosetta-4 2025 [Rosetta PyRosetta4.Release.python313.ubuntu.cxx11thread.serialization 2025.24+release.8e1e5e54f047b0833dcf760a5cd5d3ce94d63938 2025-06-06T09:20:57] retrieved from: http://www.pyrosetta.org
┌──────────────────────────────────────────────────────────────────────────────┐
│                                 PyRosetta-4                                  │
│              Created in JHU by Sergey Lyskov and PyRosetta Team              │
│              (C) Copyright Rosetta Commons Member Institutions               │
│                                                                              │
│ NOTE: USE OF PyRosetta FOR COMMERCIAL PURPOSES REQUIRE PURCHASE OF A LICENSE │
│         See LICENSE.PyRosetta.md or email license@uw.edu for details         │
└──────────────────────────────────────────────────────────────────────────────┘
PyRosetta-4 2025 [Rosetta PyRosetta4.Release.python313.ubuntu.cxx11thread.serialization 2025.24+release.8e1e5e54f047b0833dcf760a5cd5d3ce94d63938 2025-06-06T09:20:57] retrieved from: http://www.pyrosetta.org
┌──────────────────────────────────────────────────────────────────────────────┐
│                                 PyRosetta-4                                  │
│              Created in JHU by Sergey Lyskov and PyRosetta Team              │
│              (C) Copyright Rosetta Commons Member Institutions               │
│                                                                              │
│ NOTE: USE OF PyRosetta FOR COMMERCIAL PURPOSES REQUIRE PURCHASE OF A LICENSE │
│         See LICENSE.PyRosetta.md or email license@uw.edu for details         │
└──────────────────────────────────────────────────────────────────────────────┘
PyRosetta-4 2025 [Rosetta PyRosetta4.Release.python313.ubuntu.cxx11thread.serialization 2025.24+release.8e1e5e54f047b0833dcf760a5cd5d3ce94d63938 2025-06-06T09:20:57] retrieved from: http://www.pyrosetta.org
┌──────────────────────────────────────────────────────────────────────────────┐
│                                 PyRosetta-4                                  │
│              Created in JHU by Sergey Lyskov and PyRosetta Team              │
│              (C) Copyright Rosetta Commons Member Institutions               │
│                                                                              │
│ NOTE: USE OF PyRosetta FOR COMMERCIAL PURPOSES REQUIRE PURCHASE OF A LICENSE │
│         See LICENSE.PyRosetta.md or email license@uw.edu for details         │
└──────────────────────────────────────────────────────────────────────────────┘
PyRosetta-4 2025 [Rosetta PyRosetta4.Release.python313.ubuntu.cxx11thread.serialization 2025.24+release.8e1e5e54f047b0833dcf760a5cd5d3ce94d63938 2025-06-06T09:20:57] retrieved from: http://www.pyrosetta.org
┌──────────────────────────────────────────────────────────────────────────────┐
│                                 PyRosetta-4                                  │
│              Created in JHU by Sergey Lyskov and PyRosetta Team              │
│              (C) Copyright Rosetta Commons Member Institutions               │
│                                                                              │
│ NOTE: USE OF PyRosetta FOR COMMERCIAL PURPOSES REQUIRE PURCHASE OF A LICENSE │
│         See LICENSE.PyRosetta.md or email license@uw.edu for details         │
└──────────────────────────────────────────────────────────────────────────────┘
PyRosetta-4 2025 [Rosetta PyRosetta4.Release.python313.ubuntu.cxx11thread.serialization 2025.24+release.8e1e5e54f047b0833dcf760a5cd5d3ce94d63938 2025-06-06T09:20:57] retrieved from: http://www.pyrosetta.org
┌──────────────────────────────────────────────────────────────────────────────┐
│                                 PyRosetta-4                                  │
│              Created in JHU by Sergey Lyskov and PyRosetta Team              │
│              (C) Copyright Rosetta Commons Member Institutions               │
│                                                                              │
│ NOTE: USE OF PyRosetta FOR COMMERCIAL PURPOSES REQUIRE PURCHASE OF A LICENSE │
│         See LICENSE.PyRosetta.md or email license@uw.edu for details         │
└──────────────────────────────────────────────────────────────────────────────┘
PyRosetta-4 2025 [Rosetta PyRosetta4.Release.python313.ubuntu.cxx11thread.serialization 2025.24+release.8e1e5e54f047b0833dcf760a5cd5d3ce94d63938 2025-06-06T09:20:57] retrieved from: http://www.pyrosetta.org
┌──────────────────────────────────────────────────────────────────────────────┐
│                                 PyRosetta-4                                  │
│              Created in JHU by Sergey Lyskov and PyRosetta Team              │
│              (C) Copyright Rosetta Commons Member Institutions               │
│                                                                              │
│ NOTE: USE OF PyRosetta FOR COMMERCIAL PURPOSES REQUIRE PURCHASE OF A LICENSE │
│         See LICENSE.PyRosetta.md or email license@uw.edu for details         │
└──────────────────────────────────────────────────────────────────────────────┘
PyRosetta-4 2025 [Rosetta PyRosetta4.Release.python313.ubuntu.cxx11thread.serialization 2025.24+release.8e1e5e54f047b0833dcf760a5cd5d3ce94d63938 2025-06-06T09:20:57] retrieved from: http://www.pyrosetta.org
┌──────────────────────────────────────────────────────────────────────────────┐
│                                 PyRosetta-4                                  │
│              Created in JHU by Sergey Lyskov and PyRosetta Team              │
│              (C) Copyright Rosetta Commons Member Institutions               │
│                                                                              │
│ NOTE: USE OF PyRosetta FOR COMMERCIAL PURPOSES REQUIRE PURCHASE OF A LICENSE │
│         See LICENSE.PyRosetta.md or email license@uw.edu for details         │
└──────────────────────────────────────────────────────────────────────────────┘
PyRosetta-4 2025 [Rosetta PyRosetta4.Release.python313.ubuntu.cxx11thread.serialization 2025.24+release.8e1e5e54f047b0833dcf760a5cd5d3ce94d63938 2025-06-06T09:20:57] retrieved from: http://www.pyrosetta.org
┌──────────────────────────────────────────────────────────────────────────────┐
│                                 PyRosetta-4                                  │
│              Created in JHU by Sergey Lyskov and PyRosetta Team              │
│              (C) Copyright Rosetta Commons Member Institutions               │
│                                                                              │
│ NOTE: USE OF PyRosetta FOR COMMERCIAL PURPOSES REQUIRE PURCHASE OF A LICENSE │
│         See LICENSE.PyRosetta.md or email license@uw.edu for details         │
└──────────────────────────────────────────────────────────────────────────────┘
PyRosetta-4 2025 [Rosetta PyRosetta4.Release.python313.ubuntu.cxx11thread.serialization 2025.24+release.8e1e5e54f047b0833dcf760a5cd5d3ce94d63938 2025-06-06T09:20:57] retrieved from: http://www.pyrosetta.org
┌──────────────────────────────────────────────────────────────────────────────┐
│                                 PyRosetta-4                                  │
│              Created in JHU by Sergey Lyskov and PyRosetta Team              │
│              (C) Copyright Rosetta Commons Member Institutions               │
│                                                                              │
│ NOTE: USE OF PyRosetta FOR COMMERCIAL PURPOSES REQUIRE PURCHASE OF A LICENSE │
│         See LICENSE.PyRosetta.md or email license@uw.edu for details         │
└──────────────────────────────────────────────────────────────────────────────┘
PyRosetta-4 2025 [Rosetta PyRosetta4.Release.python313.ubuntu.cxx11thread.serialization 2025.24+release.8e1e5e54f047b0833dcf760a5cd5d3ce94d63938 2025-06-06T09:20:57] retrieved from: http://www.pyrosetta.org
┌──────────────────────────────────────────────────────────────────────────────┐
│                                 PyRosetta-4                                  │
│              Created in JHU by Sergey Lyskov and PyRosetta Team              │
│              (C) Copyright Rosetta Commons Member Institutions               │
│                                                                              │
│ NOTE: USE OF PyRosetta FOR COMMERCIAL PURPOSES REQUIRE PURCHASE OF A LICENSE │
│         See LICENSE.PyRosetta.md or email license@uw.edu for details         │
└──────────────────────────────────────────────────────────────────────────────┘
PyRosetta-4 2025 [Rosetta PyRosetta4.Release.python313.ubuntu.cxx11thread.serialization 2025.24+release.8e1e5e54f047b0833dcf760a5cd5d3ce94d63938 2025-06-06T09:20:57] retrieved from: http://www.pyrosetta.org
┌──────────────────────────────────────────────────────────────────────────────┐
│                                 PyRosetta-4                                  │
│              Created in JHU by Sergey Lyskov and PyRosetta Team              │
│              (C) Copyright Rosetta Commons Member Institutions               │
│                                                                              │
│ NOTE: USE OF PyRosetta FOR COMMERCIAL PURPOSES REQUIRE PURCHASE OF A LICENSE │
│         See LICENSE.PyRosetta.md or email license@uw.edu for details         │
└──────────────────────────────────────────────────────────────────────────────┘
PyRosetta-4 2025 [Rosetta PyRosetta4.Release.python313.ubuntu.cxx11thread.serialization 2025.24+release.8e1e5e54f047b0833dcf760a5cd5d3ce94d63938 2025-06-06T09:20:57] retrieved from: http://www.pyrosetta.org
┌──────────────────────────────────────────────────────────────────────────────┐
│                                 PyRosetta-4                                  │
│              Created in JHU by Sergey Lyskov and PyRosetta Team              │
│              (C) Copyright Rosetta Commons Member Institutions               │
│                                                                              │
│ NOTE: USE OF PyRosetta FOR COMMERCIAL PURPOSES REQUIRE PURCHASE OF A LICENSE │
│         See LICENSE.PyRosetta.md or email license@uw.edu for details         │
└──────────────────────────────────────────────────────────────────────────────┘
PyRosetta-4 2025 [Rosetta PyRosetta4.Release.python313.ubuntu.cxx11thread.serialization 2025.24+release.8e1e5e54f047b0833dcf760a5cd5d3ce94d63938 2025-06-06T09:20:57] retrieved from: http://www.pyrosetta.org
┌──────────────────────────────────────────────────────────────────────────────┐
│                                 PyRosetta-4                                  │
│              Created in JHU by Sergey Lyskov and PyRosetta Team              │
│              (C) Copyright Rosetta Commons Member Institutions               │
│                                                                              │
│ NOTE: USE OF PyRosetta FOR COMMERCIAL PURPOSES REQUIRE PURCHASE OF A LICENSE │
│         See LICENSE.PyRosetta.md or email license@uw.edu for details         │
└──────────────────────────────────────────────────────────────────────────────┘
PyRosetta-4 2025 [Rosetta PyRosetta4.Release.python313.ubuntu.cxx11thread.serialization 2025.24+release.8e1e5e54f047b0833dcf760a5cd5d3ce94d63938 2025-06-06T09:20:57] retrieved from: http://www.pyrosetta.org
┌──────────────────────────────────────────────────────────────────────────────┐
│                                 PyRosetta-4                                  │
│              Created in JHU by Sergey Lyskov and PyRosetta Team              │
│              (C) Copyright Rosetta Commons Member Institutions               │
│                                                                              │
│ NOTE: USE OF PyRosetta FOR COMMERCIAL PURPOSES REQUIRE PURCHASE OF A LICENSE │
│         See LICENSE.PyRosetta.md or email license@uw.edu for details         │
└──────────────────────────────────────────────────────────────────────────────┘
PyRosetta-4 2025 [Rosetta PyRosetta4.Release.python313.ubuntu.cxx11thread.serialization 2025.24+release.8e1e5e54f047b0833dcf760a5cd5d3ce94d63938 2025-06-06T09:20:57] retrieved from: http://www.pyrosetta.org
┌──────────────────────────────────────────────────────────────────────────────┐
│                                 PyRosetta-4                                  │
│              Created in JHU by Sergey Lyskov and PyRosetta Team              │
│              (C) Copyright Rosetta Commons Member Institutions               │
│                                                                              │
│ NOTE: USE OF PyRosetta FOR COMMERCIAL PURPOSES REQUIRE PURCHASE OF A LICENSE │
│         See LICENSE.PyRosetta.md or email license@uw.edu for details         │
└──────────────────────────────────────────────────────────────────────────────┘
PyRosetta-4 2025 [Rosetta PyRosetta4.Release.python313.ubuntu.cxx11thread.serialization 2025.24+release.8e1e5e54f047b0833dcf760a5cd5d3ce94d63938 2025-06-06T09:20:57] retrieved from: http://www.pyrosetta.org
┌──────────────────────────────────────────────────────────────────────────────┐
│                                 PyRosetta-4                                  │
│              Created in JHU by Sergey Lyskov and PyRosetta Team              │
│              (C) Copyright Rosetta Commons Member Institutions               │
│                                                                              │
│ NOTE: USE OF PyRosetta FOR COMMERCIAL PURPOSES REQUIRE PURCHASE OF A LICENSE │
│         See LICENSE.PyRosetta.md or email license@uw.edu for details         │
└──────────────────────────────────────────────────────────────────────────────┘
PyRosetta-4 2025 [Rosetta PyRosetta4.Release.python313.ubuntu.cxx11thread.serialization 2025.24+release.8e1e5e54f047b0833dcf760a5cd5d3ce94d63938 2025-06-06T09:20:57] retrieved from: http://www.pyrosetta.org
┌──────────────────────────────────────────────────────────────────────────────┐
│                                 PyRosetta-4                                  │
│              Created in JHU by Sergey Lyskov and PyRosetta Team              │
│              (C) Copyright Rosetta Commons Member Institutions               │
│                                                                              │
│ NOTE: USE OF PyRosetta FOR COMMERCIAL PURPOSES REQUIRE PURCHASE OF A LICENSE │
│         See LICENSE.PyRosetta.md or email license@uw.edu for details         │
└──────────────────────────────────────────────────────────────────────────────┘
PyRosetta-4 2025 [Rosetta PyRosetta4.Release.python313.ubuntu.cxx11thread.serialization 2025.24+release.8e1e5e54f047b0833dcf760a5cd5d3ce94d63938 2025-06-06T09:20:57] retrieved from: http://www.pyrosetta.org
┌──────────────────────────────────────────────────────────────────────────────┐
│                                 PyRosetta-4                                  │
│              Created in JHU by Sergey Lyskov and PyRosetta Team              │
│              (C) Copyright Rosetta Commons Member Institutions               │
│                                                                              │
│ NOTE: USE OF PyRosetta FOR COMMERCIAL PURPOSES REQUIRE PURCHASE OF A LICENSE │
│         See LICENSE.PyRosetta.md or email license@uw.edu for details         │
└──────────────────────────────────────────────────────────────────────────────┘
PyRosetta-4 2025 [Rosetta PyRosetta4.Release.python313.ubuntu.cxx11thread.serialization 2025.24+release.8e1e5e54f047b0833dcf760a5cd5d3ce94d63938 2025-06-06T09:20:57] retrieved from: http://www.pyrosetta.org
┌──────────────────────────────────────────────────────────────────────────────┐
│                                 PyRosetta-4                                  │
│              Created in JHU by Sergey Lyskov and PyRosetta Team              │
│              (C) Copyright Rosetta Commons Member Institutions               │
│                                                                              │
│ NOTE: USE OF PyRosetta FOR COMMERCIAL PURPOSES REQUIRE PURCHASE OF A LICENSE │
│         See LICENSE.PyRosetta.md or email license@uw.edu for details         │
└──────────────────────────────────────────────────────────────────────────────┘
PyRosetta-4 2025 [Rosetta PyRosetta4.Release.python313.ubuntu.cxx11thread.serialization 2025.24+release.8e1e5e54f047b0833dcf760a5cd5d3ce94d63938 2025-06-06T09:20:57] retrieved from: http://www.pyrosetta.org
┌──────────────────────────────────────────────────────────────────────────────┐
│                                 PyRosetta-4                                  │
│              Created in JHU by Sergey Lyskov and PyRosetta Team              │
│              (C) Copyright Rosetta Commons Member Institutions               │
│                                                                              │
│ NOTE: USE OF PyRosetta FOR COMMERCIAL PURPOSES REQUIRE PURCHASE OF A LICENSE │
│         See LICENSE.PyRosetta.md or email license@uw.edu for details         │
└──────────────────────────────────────────────────────────────────────────────┘
PyRosetta-4 2025 [Rosetta PyRosetta4.Release.python313.ubuntu.cxx11thread.serialization 2025.24+release.8e1e5e54f047b0833dcf760a5cd5d3ce94d63938 2025-06-06T09:20:57] retrieved from: http://www.pyrosetta.org
┌──────────────────────────────────────────────────────────────────────────────┐
│                                 PyRosetta-4                                  │
│              Created in JHU by Sergey Lyskov and PyRosetta Team              │
│              (C) Copyright Rosetta Commons Member Institutions               │
│                                                                              │
│ NOTE: USE OF PyRosetta FOR COMMERCIAL PURPOSES REQUIRE PURCHASE OF A LICENSE │
│         See LICENSE.PyRosetta.md or email license@uw.edu for details         │
└──────────────────────────────────────────────────────────────────────────────┘
PyRosetta-4 2025 [Rosetta PyRosetta4.Release.python313.ubuntu.cxx11thread.serialization 2025.24+release.8e1e5e54f047b0833dcf760a5cd5d3ce94d63938 2025-06-06T09:20:57] retrieved from: http://www.pyrosetta.org
┌──────────────────────────────────────────────────────────────────────────────┐
│                                 PyRosetta-4                                  │
│              Created in JHU by Sergey Lyskov and PyRosetta Team              │
│              (C) Copyright Rosetta Commons Member Institutions               │
│                                                                              │
│ NOTE: USE OF PyRosetta FOR COMMERCIAL PURPOSES REQUIRE PURCHASE OF A LICENSE │
│         See LICENSE.PyRosetta.md or email license@uw.edu for details         │
└──────────────────────────────────────────────────────────────────────────────┘
PyRosetta-4 2025 [Rosetta PyRosetta4.Release.python313.ubuntu.cxx11thread.serialization 2025.24+release.8e1e5e54f047b0833dcf760a5cd5d3ce94d63938 2025-06-06T09:20:57] retrieved from: http://www.pyrosetta.org
┌──────────────────────────────────────────────────────────────────────────────┐
│                                 PyRosetta-4                                  │
│              Created in JHU by Sergey Lyskov and PyRosetta Team              │
│              (C) Copyright Rosetta Commons Member Institutions               │
│                                                                              │
│ NOTE: USE OF PyRosetta FOR COMMERCIAL PURPOSES REQUIRE PURCHASE OF A LICENSE │
│         See LICENSE.PyRosetta.md or email license@uw.edu for details         │
└──────────────────────────────────────────────────────────────────────────────┘
PyRosetta-4 2025 [Rosetta PyRosetta4.Release.python313.ubuntu.cxx11thread.serialization 2025.24+release.8e1e5e54f047b0833dcf760a5cd5d3ce94d63938 2025-06-06T09:20:57] retrieved from: http://www.pyrosetta.org
┌──────────────────────────────────────────────────────────────────────────────┐
│                                 PyRosetta-4                                  │
│              Created in JHU by Sergey Lyskov and PyRosetta Team              │
│              (C) Copyright Rosetta Commons Member Institutions               │
│                                                                              │
│ NOTE: USE OF PyRosetta FOR COMMERCIAL PURPOSES REQUIRE PURCHASE OF A LICENSE │
│         See LICENSE.PyRosetta.md or email license@uw.edu for details         │
└──────────────────────────────────────────────────────────────────────────────┘
PyRosetta-4 2025 [Rosetta PyRosetta4.Release.python313.ubuntu.cxx11thread.serialization 2025.24+release.8e1e5e54f047b0833dcf760a5cd5d3ce94d63938 2025-06-06T09:20:57] retrieved from: http://www.pyrosetta.org
┌──────────────────────────────────────────────────────────────────────────────┐
│                                 PyRosetta-4                                  │
│              Created in JHU by Sergey Lyskov and PyRosetta Team              │
│              (C) Copyright Rosetta Commons Member Institutions               │
│                                                                              │
│ NOTE: USE OF PyRosetta FOR COMMERCIAL PURPOSES REQUIRE PURCHASE OF A LICENSE │
│         See LICENSE.PyRosetta.md or email license@uw.edu for details         │
└──────────────────────────────────────────────────────────────────────────────┘
PyRosetta-4 2025 [Rosetta PyRosetta4.Release.python313.ubuntu.cxx11thread.serialization 2025.24+release.8e1e5e54f047b0833dcf760a5cd5d3ce94d63938 2025-06-06T09:20:57] retrieved from: http://www.pyrosetta.org
┌──────────────────────────────────────────────────────────────────────────────┐
│                                 PyRosetta-4                                  │
│              Created in JHU by Sergey Lyskov and PyRosetta Team              │
│              (C) Copyright Rosetta Commons Member Institutions               │
│                                                                              │
│ NOTE: USE OF PyRosetta FOR COMMERCIAL PURPOSES REQUIRE PURCHASE OF A LICENSE │
│         See LICENSE.PyRosetta.md or email license@uw.edu for details         │
└──────────────────────────────────────────────────────────────────────────────┘
PyRosetta-4 2025 [Rosetta PyRosetta4.Release.python313.ubuntu.cxx11thread.serialization 2025.24+release.8e1e5e54f047b0833dcf760a5cd5d3ce94d63938 2025-06-06T09:20:57] retrieved from: http://www.pyrosetta.org
┌──────────────────────────────────────────────────────────────────────────────┐
│                                 PyRosetta-4                                  │
│              Created in JHU by Sergey Lyskov and PyRosetta Team              │
│              (C) Copyright Rosetta Commons Member Institutions               │
│                                                                              │
│ NOTE: USE OF PyRosetta FOR COMMERCIAL PURPOSES REQUIRE PURCHASE OF A LICENSE │
│         See LICENSE.PyRosetta.md or email license@uw.edu for details         │
└──────────────────────────────────────────────────────────────────────────────┘
PyRosetta-4 2025 [Rosetta PyRosetta4.Release.python313.ubuntu.cxx11thread.serialization 2025.24+release.8e1e5e54f047b0833dcf760a5cd5d3ce94d63938 2025-06-06T09:20:57] retrieved from: http://www.pyrosetta.org
┌──────────────────────────────────────────────────────────────────────────────┐
│                                 PyRosetta-4                                  │
│              Created in JHU by Sergey Lyskov and PyRosetta Team              │
│              (C) Copyright Rosetta Commons Member Institutions               │
│                                                                              │
│ NOTE: USE OF PyRosetta FOR COMMERCIAL PURPOSES REQUIRE PURCHASE OF A LICENSE │
│         See LICENSE.PyRosetta.md or email license@uw.edu for details         │
└──────────────────────────────────────────────────────────────────────────────┘
PyRosetta-4 2025 [Rosetta PyRosetta4.Release.python313.ubuntu.cxx11thread.serialization 2025.24+release.8e1e5e54f047b0833dcf760a5cd5d3ce94d63938 2025-06-06T09:20:57] retrieved from: http://www.pyrosetta.org
┌──────────────────────────────────────────────────────────────────────────────┐
│                                 PyRosetta-4                                  │
│              Created in JHU by Sergey Lyskov and PyRosetta Team              │
│              (C) Copyright Rosetta Commons Member Institutions               │
│                                                                              │
│ NOTE: USE OF PyRosetta FOR COMMERCIAL PURPOSES REQUIRE PURCHASE OF A LICENSE │
│         See LICENSE.PyRosetta.md or email license@uw.edu for details         │
└──────────────────────────────────────────────────────────────────────────────┘
PyRosetta-4 2025 [Rosetta PyRosetta4.Release.python313.ubuntu.cxx11thread.serialization 2025.24+release.8e1e5e54f047b0833dcf760a5cd5d3ce94d63938 2025-06-06T09:20:57] retrieved from: http://www.pyrosetta.org
┌──────────────────────────────────────────────────────────────────────────────┐
│                                 PyRosetta-4                                  │
│              Created in JHU by Sergey Lyskov and PyRosetta Team              │
│              (C) Copyright Rosetta Commons Member Institutions               │
│                                                                              │
│ NOTE: USE OF PyRosetta FOR COMMERCIAL PURPOSES REQUIRE PURCHASE OF A LICENSE │
│         See LICENSE.PyRosetta.md or email license@uw.edu for details         │
└──────────────────────────────────────────────────────────────────────────────┘
PyRosetta-4 2025 [Rosetta PyRosetta4.Release.python313.ubuntu.cxx11thread.serialization 2025.24+release.8e1e5e54f047b0833dcf760a5cd5d3ce94d63938 2025-06-06T09:20:57] retrieved from: http://www.pyrosetta.org
┌──────────────────────────────────────────────────────────────────────────────┐
│                                 PyRosetta-4                                  │
│              Created in JHU by Sergey Lyskov and PyRosetta Team              │
│              (C) Copyright Rosetta Commons Member Institutions               │
│                                                                              │
│ NOTE: USE OF PyRosetta FOR COMMERCIAL PURPOSES REQUIRE PURCHASE OF A LICENSE │
│         See LICENSE.PyRosetta.md or email license@uw.edu for details         │
└──────────────────────────────────────────────────────────────────────────────┘
PyRosetta-4 2025 [Rosetta PyRosetta4.Release.python313.ubuntu.cxx11thread.serialization 2025.24+release.8e1e5e54f047b0833dcf760a5cd5d3ce94d63938 2025-06-06T09:20:57] retrieved from: http://www.pyrosetta.org
┌──────────────────────────────────────────────────────────────────────────────┐
│                                 PyRosetta-4                                  │
│              Created in JHU by Sergey Lyskov and PyRosetta Team              │
│              (C) Copyright Rosetta Commons Member Institutions               │
│                                                                              │
│ NOTE: USE OF PyRosetta FOR COMMERCIAL PURPOSES REQUIRE PURCHASE OF A LICENSE │
│         See LICENSE.PyRosetta.md or email license@uw.edu for details         │
└──────────────────────────────────────────────────────────────────────────────┘
PyRosetta-4 2025 [Rosetta PyRosetta4.Release.python313.ubuntu.cxx11thread.serialization 2025.24+release.8e1e5e54f047b0833dcf760a5cd5d3ce94d63938 2025-06-06T09:20:57] retrieved from: http://www.pyrosetta.org
┌──────────────────────────────────────────────────────────────────────────────┐
│                                 PyRosetta-4                                  │
│              Created in JHU by Sergey Lyskov and PyRosetta Team              │
│              (C) Copyright Rosetta Commons Member Institutions               │
│                                                                              │
│ NOTE: USE OF PyRosetta FOR COMMERCIAL PURPOSES REQUIRE PURCHASE OF A LICENSE │
│         See LICENSE.PyRosetta.md or email license@uw.edu for details         │
└──────────────────────────────────────────────────────────────────────────────┘
PyRosetta-4 2025 [Rosetta PyRosetta4.Release.python313.ubuntu.cxx11thread.serialization 2025.24+release.8e1e5e54f047b0833dcf760a5cd5d3ce94d63938 2025-06-06T09:20:57] retrieved from: http://www.pyrosetta.org
┌──────────────────────────────────────────────────────────────────────────────┐
│                                 PyRosetta-4                                  │
│              Created in JHU by Sergey Lyskov and PyRosetta Team              │
│              (C) Copyright Rosetta Commons Member Institutions               │
│                                                                              │
│ NOTE: USE OF PyRosetta FOR COMMERCIAL PURPOSES REQUIRE PURCHASE OF A LICENSE │
│         See LICENSE.PyRosetta.md or email license@uw.edu for details         │
└──────────────────────────────────────────────────────────────────────────────┘
PyRosetta-4 2025 [Rosetta PyRosetta4.Release.python313.ubuntu.cxx11thread.serialization 2025.24+release.8e1e5e54f047b0833dcf760a5cd5d3ce94d63938 2025-06-06T09:20:57] retrieved from: http://www.pyrosetta.org
┌──────────────────────────────────────────────────────────────────────────────┐
│                                 PyRosetta-4                                  │
│              Created in JHU by Sergey Lyskov and PyRosetta Team              │
│              (C) Copyright Rosetta Commons Member Institutions               │
│                                                                              │
│ NOTE: USE OF PyRosetta FOR COMMERCIAL PURPOSES REQUIRE PURCHASE OF A LICENSE │
│         See LICENSE.PyRosetta.md or email license@uw.edu for details         │
└──────────────────────────────────────────────────────────────────────────────┘
PyRosetta-4 2025 [Rosetta PyRosetta4.Release.python313.ubuntu.cxx11thread.serialization 2025.24+release.8e1e5e54f047b0833dcf760a5cd5d3ce94d63938 2025-06-06T09:20:57] retrieved from: http://www.pyrosetta.org
┌──────────────────────────────────────────────────────────────────────────────┐
│                                 PyRosetta-4                                  │
│              Created in JHU by Sergey Lyskov and PyRosetta Team              │
│              (C) Copyright Rosetta Commons Member Institutions               │
│                                                                              │
│ NOTE: USE OF PyRosetta FOR COMMERCIAL PURPOSES REQUIRE PURCHASE OF A LICENSE │
│         See LICENSE.PyRosetta.md or email license@uw.edu for details         │
└──────────────────────────────────────────────────────────────────────────────┘
PyRosetta-4 2025 [Rosetta PyRosetta4.Release.python313.ubuntu.cxx11thread.serialization 2025.24+release.8e1e5e54f047b0833dcf760a5cd5d3ce94d63938 2025-06-06T09:20:57] retrieved from: http://www.pyrosetta.org
┌──────────────────────────────────────────────────────────────────────────────┐
│                                 PyRosetta-4                                  │
│              Created in JHU by Sergey Lyskov and PyRosetta Team              │
│              (C) Copyright Rosetta Commons Member Institutions               │
│                                                                              │
│ NOTE: USE OF PyRosetta FOR COMMERCIAL PURPOSES REQUIRE PURCHASE OF A LICENSE │
│         See LICENSE.PyRosetta.md or email license@uw.edu for details         │
└──────────────────────────────────────────────────────────────────────────────┘
PyRosetta-4 2025 [Rosetta PyRosetta4.Release.python313.ubuntu.cxx11thread.serialization 2025.24+release.8e1e5e54f047b0833dcf760a5cd5d3ce94d63938 2025-06-06T09:20:57] retrieved from: http://www.pyrosetta.org
┌──────────────────────────────────────────────────────────────────────────────┐
│                                 PyRosetta-4                                  │
│              Created in JHU by Sergey Lyskov and PyRosetta Team              │
│              (C) Copyright Rosetta Commons Member Institutions               │
│                                                                              │
│ NOTE: USE OF PyRosetta FOR COMMERCIAL PURPOSES REQUIRE PURCHASE OF A LICENSE │
│         See LICENSE.PyRosetta.md or email license@uw.edu for details         │
└──────────────────────────────────────────────────────────────────────────────┘
PyRosetta-4 2025 [Rosetta PyRosetta4.Release.python313.ubuntu.cxx11thread.serialization 2025.24+release.8e1e5e54f047b0833dcf760a5cd5d3ce94d63938 2025-06-06T09:20:57] retrieved from: http://www.pyrosetta.org
┌──────────────────────────────────────────────────────────────────────────────┐
│                                 PyRosetta-4                                  │
│              Created in JHU by Sergey Lyskov and PyRosetta Team              │
│              (C) Copyright Rosetta Commons Member Institutions               │
│                                                                              │
│ NOTE: USE OF PyRosetta FOR COMMERCIAL PURPOSES REQUIRE PURCHASE OF A LICENSE │
│         See LICENSE.PyRosetta.md or email license@uw.edu for details         │
└──────────────────────────────────────────────────────────────────────────────┘
PyRosetta-4 2025 [Rosetta PyRosetta4.Release.python313.ubuntu.cxx11thread.serialization 2025.24+release.8e1e5e54f047b0833dcf760a5cd5d3ce94d63938 2025-06-06T09:20:57] retrieved from: http://www.pyrosetta.org
┌──────────────────────────────────────────────────────────────────────────────┐
│                                 PyRosetta-4                                  │
│              Created in JHU by Sergey Lyskov and PyRosetta Team              │
│              (C) Copyright Rosetta Commons Member Institutions               │
│                                                                              │
│ NOTE: USE OF PyRosetta FOR COMMERCIAL PURPOSES REQUIRE PURCHASE OF A LICENSE │
│         See LICENSE.PyRosetta.md or email license@uw.edu for details         │
└──────────────────────────────────────────────────────────────────────────────┘
PyRosetta-4 2025 [Rosetta PyRosetta4.Release.python313.ubuntu.cxx11thread.serialization 2025.24+release.8e1e5e54f047b0833dcf760a5cd5d3ce94d63938 2025-06-06T09:20:57] retrieved from: http://www.pyrosetta.org
┌──────────────────────────────────────────────────────────────────────────────┐
│                                 PyRosetta-4                                  │
│              Created in JHU by Sergey Lyskov and PyRosetta Team              │
│              (C) Copyright Rosetta Commons Member Institutions               │
│                                                                              │
│ NOTE: USE OF PyRosetta FOR COMMERCIAL PURPOSES REQUIRE PURCHASE OF A LICENSE │
│         See LICENSE.PyRosetta.md or email license@uw.edu for details         │
└──────────────────────────────────────────────────────────────────────────────┘
PyRosetta-4 2025 [Rosetta PyRosetta4.Release.python313.ubuntu.cxx11thread.serialization 2025.24+release.8e1e5e54f047b0833dcf760a5cd5d3ce94d63938 2025-06-06T09:20:57] retrieved from: http://www.pyrosetta.org
┌──────────────────────────────────────────────────────────────────────────────┐
│                                 PyRosetta-4                                  │
│              Created in JHU by Sergey Lyskov and PyRosetta Team              │
│              (C) Copyright Rosetta Commons Member Institutions               │
│                                                                              │
│ NOTE: USE OF PyRosetta FOR COMMERCIAL PURPOSES REQUIRE PURCHASE OF A LICENSE │
│         See LICENSE.PyRosetta.md or email license@uw.edu for details         │
└──────────────────────────────────────────────────────────────────────────────┘
PyRosetta-4 2025 [Rosetta PyRosetta4.Release.python313.ubuntu.cxx11thread.serialization 2025.24+release.8e1e5e54f047b0833dcf760a5cd5d3ce94d63938 2025-06-06T09:20:57] retrieved from: http://www.pyrosetta.org
┌──────────────────────────────────────────────────────────────────────────────┐
│                                 PyRosetta-4                                  │
│              Created in JHU by Sergey Lyskov and PyRosetta Team              │
│              (C) Copyright Rosetta Commons Member Institutions               │
│                                                                              │
│ NOTE: USE OF PyRosetta FOR COMMERCIAL PURPOSES REQUIRE PURCHASE OF A LICENSE │
│         See LICENSE.PyRosetta.md or email license@uw.edu for details         │
└──────────────────────────────────────────────────────────────────────────────┘
PyRosetta-4 2025 [Rosetta PyRosetta4.Release.python313.ubuntu.cxx11thread.serialization 2025.24+release.8e1e5e54f047b0833dcf760a5cd5d3ce94d63938 2025-06-06T09:20:57] retrieved from: http://www.pyrosetta.org
┌──────────────────────────────────────────────────────────────────────────────┐
│                                 PyRosetta-4                                  │
│              Created in JHU by Sergey Lyskov and PyRosetta Team              │
│              (C) Copyright Rosetta Commons Member Institutions               │
│                                                                              │
│ NOTE: USE OF PyRosetta FOR COMMERCIAL PURPOSES REQUIRE PURCHASE OF A LICENSE │
│         See LICENSE.PyRosetta.md or email license@uw.edu for details         │
└──────────────────────────────────────────────────────────────────────────────┘
PyRosetta-4 2025 [Rosetta PyRosetta4.Release.python313.ubuntu.cxx11thread.serialization 2025.24+release.8e1e5e54f047b0833dcf760a5cd5d3ce94d63938 2025-06-06T09:20:57] retrieved from: http://www.pyrosetta.org
┌──────────────────────────────────────────────────────────────────────────────┐
│                                 PyRosetta-4                                  │
│              Created in JHU by Sergey Lyskov and PyRosetta Team              │
│              (C) Copyright Rosetta Commons Member Institutions               │
│                                                                              │
│ NOTE: USE OF PyRosetta FOR COMMERCIAL PURPOSES REQUIRE PURCHASE OF A LICENSE │
│         See LICENSE.PyRosetta.md or email license@uw.edu for details         │
└──────────────────────────────────────────────────────────────────────────────┘
PyRosetta-4 2025 [Rosetta PyRosetta4.Release.python313.ubuntu.cxx11thread.serialization 2025.24+release.8e1e5e54f047b0833dcf760a5cd5d3ce94d63938 2025-06-06T09:20:57] retrieved from: http://www.pyrosetta.org
┌──────────────────────────────────────────────────────────────────────────────┐
│                                 PyRosetta-4                                  │
│              Created in JHU by Sergey Lyskov and PyRosetta Team              │
│              (C) Copyright Rosetta Commons Member Institutions               │
│                                                                              │
│ NOTE: USE OF PyRosetta FOR COMMERCIAL PURPOSES REQUIRE PURCHASE OF A LICENSE │
│         See LICENSE.PyRosetta.md or email license@uw.edu for details         │
└──────────────────────────────────────────────────────────────────────────────┘
PyRosetta-4 2025 [Rosetta PyRosetta4.Release.python313.ubuntu.cxx11thread.serialization 2025.24+release.8e1e5e54f047b0833dcf760a5cd5d3ce94d63938 2025-06-06T09:20:57] retrieved from: http://www.pyrosetta.org
┌──────────────────────────────────────────────────────────────────────────────┐
│                                 PyRosetta-4                                  │
│              Created in JHU by Sergey Lyskov and PyRosetta Team              │
│              (C) Copyright Rosetta Commons Member Institutions               │
│                                                                              │
│ NOTE: USE OF PyRosetta FOR COMMERCIAL PURPOSES REQUIRE PURCHASE OF A LICENSE │
│         See LICENSE.PyRosetta.md or email license@uw.edu for details         │
└──────────────────────────────────────────────────────────────────────────────┘
PyRosetta-4 2025 [Rosetta PyRosetta4.Release.python313.ubuntu.cxx11thread.serialization 2025.24+release.8e1e5e54f047b0833dcf760a5cd5d3ce94d63938 2025-06-06T09:20:57] retrieved from: http://www.pyrosetta.org
┌──────────────────────────────────────────────────────────────────────────────┐
│                                 PyRosetta-4                                  │
│              Created in JHU by Sergey Lyskov and PyRosetta Team              │
│              (C) Copyright Rosetta Commons Member Institutions               │
│                                                                              │
│ NOTE: USE OF PyRosetta FOR COMMERCIAL PURPOSES REQUIRE PURCHASE OF A LICENSE │
│         See LICENSE.PyRosetta.md or email license@uw.edu for details         │
└──────────────────────────────────────────────────────────────────────────────┘
PyRosetta-4 2025 [Rosetta PyRosetta4.Release.python313.ubuntu.cxx11thread.serialization 2025.24+release.8e1e5e54f047b0833dcf760a5cd5d3ce94d63938 2025-06-06T09:20:57] retrieved from: http://www.pyrosetta.org
┌──────────────────────────────────────────────────────────────────────────────┐
│                                 PyRosetta-4                                  │
│              Created in JHU by Sergey Lyskov and PyRosetta Team              │
│              (C) Copyright Rosetta Commons Member Institutions               │
│                                                                              │
│ NOTE: USE OF PyRosetta FOR COMMERCIAL PURPOSES REQUIRE PURCHASE OF A LICENSE │
│         See LICENSE.PyRosetta.md or email license@uw.edu for details         │
└──────────────────────────────────────────────────────────────────────────────┘
PyRosetta-4 2025 [Rosetta PyRosetta4.Release.python313.ubuntu.cxx11thread.serialization 2025.24+release.8e1e5e54f047b0833dcf760a5cd5d3ce94d63938 2025-06-06T09:20:57] retrieved from: http://www.pyrosetta.org
┌──────────────────────────────────────────────────────────────────────────────┐
│                                 PyRosetta-4                                  │
│              Created in JHU by Sergey Lyskov and PyRosetta Team              │
│              (C) Copyright Rosetta Commons Member Institutions               │
│                                                                              │
│ NOTE: USE OF PyRosetta FOR COMMERCIAL PURPOSES REQUIRE PURCHASE OF A LICENSE │
│         See LICENSE.PyRosetta.md or email license@uw.edu for details         │
└──────────────────────────────────────────────────────────────────────────────┘
PyRosetta-4 2025 [Rosetta PyRosetta4.Release.python313.ubuntu.cxx11thread.serialization 2025.24+release.8e1e5e54f047b0833dcf760a5cd5d3ce94d63938 2025-06-06T09:20:57] retrieved from: http://www.pyrosetta.org
┌──────────────────────────────────────────────────────────────────────────────┐
│                                 PyRosetta-4                                  │
│              Created in JHU by Sergey Lyskov and PyRosetta Team              │
│              (C) Copyright Rosetta Commons Member Institutions               │
│                                                                              │
│ NOTE: USE OF PyRosetta FOR COMMERCIAL PURPOSES REQUIRE PURCHASE OF A LICENSE │
│         See LICENSE.PyRosetta.md or email license@uw.edu for details         │
└──────────────────────────────────────────────────────────────────────────────┘
PyRosetta-4 2025 [Rosetta PyRosetta4.Release.python313.ubuntu.cxx11thread.serialization 2025.24+release.8e1e5e54f047b0833dcf760a5cd5d3ce94d63938 2025-06-06T09:20:57] retrieved from: http://www.pyrosetta.org
┌──────────────────────────────────────────────────────────────────────────────┐
│                                 PyRosetta-4                                  │
│              Created in JHU by Sergey Lyskov and PyRosetta Team              │
│              (C) Copyright Rosetta Commons Member Institutions               │
│                                                                              │
│ NOTE: USE OF PyRosetta FOR COMMERCIAL PURPOSES REQUIRE PURCHASE OF A LICENSE │
│         See LICENSE.PyRosetta.md or email license@uw.edu for details         │
└──────────────────────────────────────────────────────────────────────────────┘
PyRosetta-4 2025 [Rosetta PyRosetta4.Release.python313.ubuntu.cxx11thread.serialization 2025.24+release.8e1e5e54f047b0833dcf760a5cd5d3ce94d63938 2025-06-06T09:20:57] retrieved from: http://www.pyrosetta.org
┌──────────────────────────────────────────────────────────────────────────────┐
│                                 PyRosetta-4                                  │
│              Created in JHU by Sergey Lyskov and PyRosetta Team              │
│              (C) Copyright Rosetta Commons Member Institutions               │
│                                                                              │
│ NOTE: USE OF PyRosetta FOR COMMERCIAL PURPOSES REQUIRE PURCHASE OF A LICENSE │
│         See LICENSE.PyRosetta.md or email license@uw.edu for details         │
└──────────────────────────────────────────────────────────────────────────────┘
PyRosetta-4 2025 [Rosetta PyRosetta4.Release.python313.ubuntu.cxx11thread.serialization 2025.24+release.8e1e5e54f047b0833dcf760a5cd5d3ce94d63938 2025-06-06T09:20:57] retrieved from: http://www.pyrosetta.org
┌──────────────────────────────────────────────────────────────────────────────┐
│                                 PyRosetta-4                                  │
│              Created in JHU by Sergey Lyskov and PyRosetta Team              │
│              (C) Copyright Rosetta Commons Member Institutions               │
│                                                                              │
│ NOTE: USE OF PyRosetta FOR COMMERCIAL PURPOSES REQUIRE PURCHASE OF A LICENSE │
│         See LICENSE.PyRosetta.md or email license@uw.edu for details         │
└──────────────────────────────────────────────────────────────────────────────┘
PyRosetta-4 2025 [Rosetta PyRosetta4.Release.python313.ubuntu.cxx11thread.serialization 2025.24+release.8e1e5e54f047b0833dcf760a5cd5d3ce94d63938 2025-06-06T09:20:57] retrieved from: http://www.pyrosetta.org
┌──────────────────────────────────────────────────────────────────────────────┐
│                                 PyRosetta-4                                  │
│              Created in JHU by Sergey Lyskov and PyRosetta Team              │
│              (C) Copyright Rosetta Commons Member Institutions               │
│                                                                              │
│ NOTE: USE OF PyRosetta FOR COMMERCIAL PURPOSES REQUIRE PURCHASE OF A LICENSE │
│         See LICENSE.PyRosetta.md or email license@uw.edu for details         │
└──────────────────────────────────────────────────────────────────────────────┘
PyRosetta-4 2025 [Rosetta PyRosetta4.Release.python313.ubuntu.cxx11thread.serialization 2025.24+release.8e1e5e54f047b0833dcf760a5cd5d3ce94d63938 2025-06-06T09:20:57] retrieved from: http://www.pyrosetta.org
┌──────────────────────────────────────────────────────────────────────────────┐
│                                 PyRosetta-4                                  │
│              Created in JHU by Sergey Lyskov and PyRosetta Team              │
│              (C) Copyright Rosetta Commons Member Institutions               │
│                                                                              │
│ NOTE: USE OF PyRosetta FOR COMMERCIAL PURPOSES REQUIRE PURCHASE OF A LICENSE │
│         See LICENSE.PyRosetta.md or email license@uw.edu for details         │
└──────────────────────────────────────────────────────────────────────────────┘
PyRosetta-4 2025 [Rosetta PyRosetta4.Release.python313.ubuntu.cxx11thread.serialization 2025.24+release.8e1e5e54f047b0833dcf760a5cd5d3ce94d63938 2025-06-06T09:20:57] retrieved from: http://www.pyrosetta.org
┌──────────────────────────────────────────────────────────────────────────────┐
│                                 PyRosetta-4                                  │
│              Created in JHU by Sergey Lyskov and PyRosetta Team              │
│              (C) Copyright Rosetta Commons Member Institutions               │
│                                                                              │
│ NOTE: USE OF PyRosetta FOR COMMERCIAL PURPOSES REQUIRE PURCHASE OF A LICENSE │
│         See LICENSE.PyRosetta.md or email license@uw.edu for details         │
└──────────────────────────────────────────────────────────────────────────────┘
PyRosetta-4 2025 [Rosetta PyRosetta4.Release.python313.ubuntu.cxx11thread.serialization 2025.24+release.8e1e5e54f047b0833dcf760a5cd5d3ce94d63938 2025-06-06T09:20:57] retrieved from: http://www.pyrosetta.org
┌──────────────────────────────────────────────────────────────────────────────┐
│                                 PyRosetta-4                                  │
│              Created in JHU by Sergey Lyskov and PyRosetta Team              │
│              (C) Copyright Rosetta Commons Member Institutions               │
│                                                                              │
│ NOTE: USE OF PyRosetta FOR COMMERCIAL PURPOSES REQUIRE PURCHASE OF A LICENSE │
│         See LICENSE.PyRosetta.md or email license@uw.edu for details         │
└──────────────────────────────────────────────────────────────────────────────┘
PyRosetta-4 2025 [Rosetta PyRosetta4.Release.python313.ubuntu.cxx11thread.serialization 2025.24+release.8e1e5e54f047b0833dcf760a5cd5d3ce94d63938 2025-06-06T09:20:57] retrieved from: http://www.pyrosetta.org
┌──────────────────────────────────────────────────────────────────────────────┐
│                                 PyRosetta-4                                  │
│              Created in JHU by Sergey Lyskov and PyRosetta Team              │
│              (C) Copyright Rosetta Commons Member Institutions               │
│                                                                              │
│ NOTE: USE OF PyRosetta FOR COMMERCIAL PURPOSES REQUIRE PURCHASE OF A LICENSE │
│         See LICENSE.PyRosetta.md or email license@uw.edu for details         │
└──────────────────────────────────────────────────────────────────────────────┘
PyRosetta-4 2025 [Rosetta PyRosetta4.Release.python313.ubuntu.cxx11thread.serialization 2025.24+release.8e1e5e54f047b0833dcf760a5cd5d3ce94d63938 2025-06-06T09:20:57] retrieved from: http://www.pyrosetta.org
┌──────────────────────────────────────────────────────────────────────────────┐
│                                 PyRosetta-4                                  │
│              Created in JHU by Sergey Lyskov and PyRosetta Team              │
│              (C) Copyright Rosetta Commons Member Institutions               │
│                                                                              │
│ NOTE: USE OF PyRosetta FOR COMMERCIAL PURPOSES REQUIRE PURCHASE OF A LICENSE │
│         See LICENSE.PyRosetta.md or email license@uw.edu for details         │
└──────────────────────────────────────────────────────────────────────────────┘
PyRosetta-4 2025 [Rosetta PyRosetta4.Release.python313.ubuntu.cxx11thread.serialization 2025.24+release.8e1e5e54f047b0833dcf760a5cd5d3ce94d63938 2025-06-06T09:20:57] retrieved from: http://www.pyrosetta.org
┌──────────────────────────────────────────────────────────────────────────────┐
│                                 PyRosetta-4                                  │
│              Created in JHU by Sergey Lyskov and PyRosetta Team              │
│              (C) Copyright Rosetta Commons Member Institutions               │
│                                                                              │
│ NOTE: USE OF PyRosetta FOR COMMERCIAL PURPOSES REQUIRE PURCHASE OF A LICENSE │
│         See LICENSE.PyRosetta.md or email license@uw.edu for details         │
└──────────────────────────────────────────────────────────────────────────────┘
PyRosetta-4 2025 [Rosetta PyRosetta4.Release.python313.ubuntu.cxx11thread.serialization 2025.24+release.8e1e5e54f047b0833dcf760a5cd5d3ce94d63938 2025-06-06T09:20:57] retrieved from: http://www.pyrosetta.org
┌──────────────────────────────────────────────────────────────────────────────┐
│                                 PyRosetta-4                                  │
│              Created in JHU by Sergey Lyskov and PyRosetta Team              │
│              (C) Copyright Rosetta Commons Member Institutions               │
│                                                                              │
│ NOTE: USE OF PyRosetta FOR COMMERCIAL PURPOSES REQUIRE PURCHASE OF A LICENSE │
│         See LICENSE.PyRosetta.md or email license@uw.edu for details         │
└──────────────────────────────────────────────────────────────────────────────┘
PyRosetta-4 2025 [Rosetta PyRosetta4.Release.python313.ubuntu.cxx11thread.serialization 2025.24+release.8e1e5e54f047b0833dcf760a5cd5d3ce94d63938 2025-06-06T09:20:57] retrieved from: http://www.pyrosetta.org
┌──────────────────────────────────────────────────────────────────────────────┐
│                                 PyRosetta-4                                  │
│              Created in JHU by Sergey Lyskov and PyRosetta Team              │
│              (C) Copyright Rosetta Commons Member Institutions               │
│                                                                              │
│ NOTE: USE OF PyRosetta FOR COMMERCIAL PURPOSES REQUIRE PURCHASE OF A LICENSE │
│         See LICENSE.PyRosetta.md or email license@uw.edu for details         │
└──────────────────────────────────────────────────────────────────────────────┘
PyRosetta-4 2025 [Rosetta PyRosetta4.Release.python313.ubuntu.cxx11thread.serialization 2025.24+release.8e1e5e54f047b0833dcf760a5cd5d3ce94d63938 2025-06-06T09:20:57] retrieved from: http://www.pyrosetta.org
┌──────────────────────────────────────────────────────────────────────────────┐
│                                 PyRosetta-4                                  │
│              Created in JHU by Sergey Lyskov and PyRosetta Team              │
│              (C) Copyright Rosetta Commons Member Institutions               │
│                                                                              │
│ NOTE: USE OF PyRosetta FOR COMMERCIAL PURPOSES REQUIRE PURCHASE OF A LICENSE │
│         See LICENSE.PyRosetta.md or email license@uw.edu for details         │
└──────────────────────────────────────────────────────────────────────────────┘
PyRosetta-4 2025 [Rosetta PyRosetta4.Release.python313.ubuntu.cxx11thread.serialization 2025.24+release.8e1e5e54f047b0833dcf760a5cd5d3ce94d63938 2025-06-06T09:20:57] retrieved from: http://www.pyrosetta.org
┌──────────────────────────────────────────────────────────────────────────────┐
│                                 PyRosetta-4                                  │
│              Created in JHU by Sergey Lyskov and PyRosetta Team              │
│              (C) Copyright Rosetta Commons Member Institutions               │
│                                                                              │
│ NOTE: USE OF PyRosetta FOR COMMERCIAL PURPOSES REQUIRE PURCHASE OF A LICENSE │
│         See LICENSE.PyRosetta.md or email license@uw.edu for details         │
└──────────────────────────────────────────────────────────────────────────────┘
PyRosetta-4 2025 [Rosetta PyRosetta4.Release.python313.ubuntu.cxx11thread.serialization 2025.24+release.8e1e5e54f047b0833dcf760a5cd5d3ce94d63938 2025-06-06T09:20:57] retrieved from: http://www.pyrosetta.org
┌──────────────────────────────────────────────────────────────────────────────┐
│                                 PyRosetta-4                                  │
│              Created in JHU by Sergey Lyskov and PyRosetta Team              │
│              (C) Copyright Rosetta Commons Member Institutions               │
│                                                                              │
│ NOTE: USE OF PyRosetta FOR COMMERCIAL PURPOSES REQUIRE PURCHASE OF A LICENSE │
│         See LICENSE.PyRosetta.md or email license@uw.edu for details         │
└──────────────────────────────────────────────────────────────────────────────┘
PyRosetta-4 2025 [Rosetta PyRosetta4.Release.python313.ubuntu.cxx11thread.serialization 2025.24+release.8e1e5e54f047b0833dcf760a5cd5d3ce94d63938 2025-06-06T09:20:57] retrieved from: http://www.pyrosetta.org
┌──────────────────────────────────────────────────────────────────────────────┐
│                                 PyRosetta-4                                  │
│              Created in JHU by Sergey Lyskov and PyRosetta Team              │
│              (C) Copyright Rosetta Commons Member Institutions               │
│                                                                              │
│ NOTE: USE OF PyRosetta FOR COMMERCIAL PURPOSES REQUIRE PURCHASE OF A LICENSE │
│         See LICENSE.PyRosetta.md or email license@uw.edu for details         │
└──────────────────────────────────────────────────────────────────────────────┘
PyRosetta-4 2025 [Rosetta PyRosetta4.Release.python313.ubuntu.cxx11thread.serialization 2025.24+release.8e1e5e54f047b0833dcf760a5cd5d3ce94d63938 2025-06-06T09:20:57] retrieved from: http://www.pyrosetta.org
┌──────────────────────────────────────────────────────────────────────────────┐
│                                 PyRosetta-4                                  │
│              Created in JHU by Sergey Lyskov and PyRosetta Team              │
│              (C) Copyright Rosetta Commons Member Institutions               │
│                                                                              │
│ NOTE: USE OF PyRosetta FOR COMMERCIAL PURPOSES REQUIRE PURCHASE OF A LICENSE │
│         See LICENSE.PyRosetta.md or email license@uw.edu for details         │
└──────────────────────────────────────────────────────────────────────────────┘
PyRosetta-4 2025 [Rosetta PyRosetta4.Release.python313.ubuntu.cxx11thread.serialization 2025.24+release.8e1e5e54f047b0833dcf760a5cd5d3ce94d63938 2025-06-06T09:20:57] retrieved from: http://www.pyrosetta.org
┌──────────────────────────────────────────────────────────────────────────────┐
│                                 PyRosetta-4                                  │
│              Created in JHU by Sergey Lyskov and PyRosetta Team              │
│              (C) Copyright Rosetta Commons Member Institutions               │
│                                                                              │
│ NOTE: USE OF PyRosetta FOR COMMERCIAL PURPOSES REQUIRE PURCHASE OF A LICENSE │
│         See LICENSE.PyRosetta.md or email license@uw.edu for details         │
└──────────────────────────────────────────────────────────────────────────────┘
PyRosetta-4 2025 [Rosetta PyRosetta4.Release.python313.ubuntu.cxx11thread.serialization 2025.24+release.8e1e5e54f047b0833dcf760a5cd5d3ce94d63938 2025-06-06T09:20:57] retrieved from: http://www.pyrosetta.org
┌──────────────────────────────────────────────────────────────────────────────┐
│                                 PyRosetta-4                                  │
│              Created in JHU by Sergey Lyskov and PyRosetta Team              │
│              (C) Copyright Rosetta Commons Member Institutions               │
│                                                                              │
│ NOTE: USE OF PyRosetta FOR COMMERCIAL PURPOSES REQUIRE PURCHASE OF A LICENSE │
│         See LICENSE.PyRosetta.md or email license@uw.edu for details         │
└──────────────────────────────────────────────────────────────────────────────┘
PyRosetta-4 2025 [Rosetta PyRosetta4.Release.python313.ubuntu.cxx11thread.serialization 2025.24+release.8e1e5e54f047b0833dcf760a5cd5d3ce94d63938 2025-06-06T09:20:57] retrieved from: http://www.pyrosetta.org
┌──────────────────────────────────────────────────────────────────────────────┐
│                                 PyRosetta-4                                  │
│              Created in JHU by Sergey Lyskov and PyRosetta Team              │
│              (C) Copyright Rosetta Commons Member Institutions               │
│                                                                              │
│ NOTE: USE OF PyRosetta FOR COMMERCIAL PURPOSES REQUIRE PURCHASE OF A LICENSE │
│         See LICENSE.PyRosetta.md or email license@uw.edu for details         │
└──────────────────────────────────────────────────────────────────────────────┘
PyRosetta-4 2025 [Rosetta PyRosetta4.Release.python313.ubuntu.cxx11thread.serialization 2025.24+release.8e1e5e54f047b0833dcf760a5cd5d3ce94d63938 2025-06-06T09:20:57] retrieved from: http://www.pyrosetta.org
┌──────────────────────────────────────────────────────────────────────────────┐
│                                 PyRosetta-4                                  │
│              Created in JHU by Sergey Lyskov and PyRosetta Team              │
│              (C) Copyright Rosetta Commons Member Institutions               │
│                                                                              │
│ NOTE: USE OF PyRosetta FOR COMMERCIAL PURPOSES REQUIRE PURCHASE OF A LICENSE │
│         See LICENSE.PyRosetta.md or email license@uw.edu for details         │
└──────────────────────────────────────────────────────────────────────────────┘
PyRosetta-4 2025 [Rosetta PyRosetta4.Release.python313.ubuntu.cxx11thread.serialization 2025.24+release.8e1e5e54f047b0833dcf760a5cd5d3ce94d63938 2025-06-06T09:20:57] retrieved from: http://www.pyrosetta.org
┌──────────────────────────────────────────────────────────────────────────────┐
│                                 PyRosetta-4                                  │
│              Created in JHU by Sergey Lyskov and PyRosetta Team              │
│              (C) Copyright Rosetta Commons Member Institutions               │
│                                                                              │
│ NOTE: USE OF PyRosetta FOR COMMERCIAL PURPOSES REQUIRE PURCHASE OF A LICENSE │
│         See LICENSE.PyRosetta.md or email license@uw.edu for details         │
└──────────────────────────────────────────────────────────────────────────────┘
PyRosetta-4 2025 [Rosetta PyRosetta4.Release.python313.ubuntu.cxx11thread.serialization 2025.24+release.8e1e5e54f047b0833dcf760a5cd5d3ce94d63938 2025-06-06T09:20:57] retrieved from: http://www.pyrosetta.org
┌──────────────────────────────────────────────────────────────────────────────┐
│                                 PyRosetta-4                                  │
│              Created in JHU by Sergey Lyskov and PyRosetta Team              │
│              (C) Copyright Rosetta Commons Member Institutions               │
│                                                                              │
│ NOTE: USE OF PyRosetta FOR COMMERCIAL PURPOSES REQUIRE PURCHASE OF A LICENSE │
│         See LICENSE.PyRosetta.md or email license@uw.edu for details         │
└──────────────────────────────────────────────────────────────────────────────┘
PyRosetta-4 2025 [Rosetta PyRosetta4.Release.python313.ubuntu.cxx11thread.serialization 2025.24+release.8e1e5e54f047b0833dcf760a5cd5d3ce94d63938 2025-06-06T09:20:57] retrieved from: http://www.pyrosetta.org
┌──────────────────────────────────────────────────────────────────────────────┐
│                                 PyRosetta-4                                  │
│              Created in JHU by Sergey Lyskov and PyRosetta Team              │
│              (C) Copyright Rosetta Commons Member Institutions               │
│                                                                              │
│ NOTE: USE OF PyRosetta FOR COMMERCIAL PURPOSES REQUIRE PURCHASE OF A LICENSE │
│         See LICENSE.PyRosetta.md or email license@uw.edu for details         │
└──────────────────────────────────────────────────────────────────────────────┘
PyRosetta-4 2025 [Rosetta PyRosetta4.Release.python313.ubuntu.cxx11thread.serialization 2025.24+release.8e1e5e54f047b0833dcf760a5cd5d3ce94d63938 2025-06-06T09:20:57] retrieved from: http://www.pyrosetta.org
┌──────────────────────────────────────────────────────────────────────────────┐
│                                 PyRosetta-4                                  │
│              Created in JHU by Sergey Lyskov and PyRosetta Team              │
│              (C) Copyright Rosetta Commons Member Institutions               │
│                                                                              │
│ NOTE: USE OF PyRosetta FOR COMMERCIAL PURPOSES REQUIRE PURCHASE OF A LICENSE │
│         See LICENSE.PyRosetta.md or email license@uw.edu for details         │
└──────────────────────────────────────────────────────────────────────────────┘
PyRosetta-4 2025 [Rosetta PyRosetta4.Release.python313.ubuntu.cxx11thread.serialization 2025.24+release.8e1e5e54f047b0833dcf760a5cd5d3ce94d63938 2025-06-06T09:20:57] retrieved from: http://www.pyrosetta.org
┌──────────────────────────────────────────────────────────────────────────────┐
│                                 PyRosetta-4                                  │
│              Created in JHU by Sergey Lyskov and PyRosetta Team              │
│              (C) Copyright Rosetta Commons Member Institutions               │
│                                                                              │
│ NOTE: USE OF PyRosetta FOR COMMERCIAL PURPOSES REQUIRE PURCHASE OF A LICENSE │
│         See LICENSE.PyRosetta.md or email license@uw.edu for details         │
└──────────────────────────────────────────────────────────────────────────────┘
PyRosetta-4 2025 [Rosetta PyRosetta4.Release.python313.ubuntu.cxx11thread.serialization 2025.24+release.8e1e5e54f047b0833dcf760a5cd5d3ce94d63938 2025-06-06T09:20:57] retrieved from: http://www.pyrosetta.org
┌──────────────────────────────────────────────────────────────────────────────┐
│                                 PyRosetta-4                                  │
│              Created in JHU by Sergey Lyskov and PyRosetta Team              │
│              (C) Copyright Rosetta Commons Member Institutions               │
│                                                                              │
│ NOTE: USE OF PyRosetta FOR COMMERCIAL PURPOSES REQUIRE PURCHASE OF A LICENSE │
│         See LICENSE.PyRosetta.md or email license@uw.edu for details         │
└──────────────────────────────────────────────────────────────────────────────┘
PyRosetta-4 2025 [Rosetta PyRosetta4.Release.python313.ubuntu.cxx11thread.serialization 2025.24+release.8e1e5e54f047b0833dcf760a5cd5d3ce94d63938 2025-06-06T09:20:57] retrieved from: http://www.pyrosetta.org
┌──────────────────────────────────────────────────────────────────────────────┐
│                                 PyRosetta-4                                  │
│              Created in JHU by Sergey Lyskov and PyRosetta Team              │
│              (C) Copyright Rosetta Commons Member Institutions               │
│                                                                              │
│ NOTE: USE OF PyRosetta FOR COMMERCIAL PURPOSES REQUIRE PURCHASE OF A LICENSE │
│         See LICENSE.PyRosetta.md or email license@uw.edu for details         │
└──────────────────────────────────────────────────────────────────────────────┘
PyRosetta-4 2025 [Rosetta PyRosetta4.Release.python313.ubuntu.cxx11thread.serialization 2025.24+release.8e1e5e54f047b0833dcf760a5cd5d3ce94d63938 2025-06-06T09:20:57] retrieved from: http://www.pyrosetta.org
┌──────────────────────────────────────────────────────────────────────────────┐
│                                 PyRosetta-4                                  │
│              Created in JHU by Sergey Lyskov and PyRosetta Team              │
│              (C) Copyright Rosetta Commons Member Institutions               │
│                                                                              │
│ NOTE: USE OF PyRosetta FOR COMMERCIAL PURPOSES REQUIRE PURCHASE OF A LICENSE │
│         See LICENSE.PyRosetta.md or email license@uw.edu for details         │
└──────────────────────────────────────────────────────────────────────────────┘
PyRosetta-4 2025 [Rosetta PyRosetta4.Release.python313.ubuntu.cxx11thread.serialization 2025.24+release.8e1e5e54f047b0833dcf760a5cd5d3ce94d63938 2025-06-06T09:20:57] retrieved from: http://www.pyrosetta.org
┌──────────────────────────────────────────────────────────────────────────────┐
│                                 PyRosetta-4                                  │
│              Created in JHU by Sergey Lyskov and PyRosetta Team              │
│              (C) Copyright Rosetta Commons Member Institutions               │
│                                                                              │
│ NOTE: USE OF PyRosetta FOR COMMERCIAL PURPOSES REQUIRE PURCHASE OF A LICENSE │
│         See LICENSE.PyRosetta.md or email license@uw.edu for details         │
└──────────────────────────────────────────────────────────────────────────────┘
PyRosetta-4 2025 [Rosetta PyRosetta4.Release.python313.ubuntu.cxx11thread.serialization 2025.24+release.8e1e5e54f047b0833dcf760a5cd5d3ce94d63938 2025-06-06T09:20:57] retrieved from: http://www.pyrosetta.org
┌──────────────────────────────────────────────────────────────────────────────┐
│                                 PyRosetta-4                                  │
│              Created in JHU by Sergey Lyskov and PyRosetta Team              │
│              (C) Copyright Rosetta Commons Member Institutions               │
│                                                                              │
│ NOTE: USE OF PyRosetta FOR COMMERCIAL PURPOSES REQUIRE PURCHASE OF A LICENSE │
│         See LICENSE.PyRosetta.md or email license@uw.edu for details         │
└──────────────────────────────────────────────────────────────────────────────┘
PyRosetta-4 2025 [Rosetta PyRosetta4.Release.python313.ubuntu.cxx11thread.serialization 2025.24+release.8e1e5e54f047b0833dcf760a5cd5d3ce94d63938 2025-06-06T09:20:57] retrieved from: http://www.pyrosetta.org
┌──────────────────────────────────────────────────────────────────────────────┐
│                                 PyRosetta-4                                  │
│              Created in JHU by Sergey Lyskov and PyRosetta Team              │
│              (C) Copyright Rosetta Commons Member Institutions               │
│                                                                              │
│ NOTE: USE OF PyRosetta FOR COMMERCIAL PURPOSES REQUIRE PURCHASE OF A LICENSE │
│         See LICENSE.PyRosetta.md or email license@uw.edu for details         │
└──────────────────────────────────────────────────────────────────────────────┘
PyRosetta-4 2025 [Rosetta PyRosetta4.Release.python313.ubuntu.cxx11thread.serialization 2025.24+release.8e1e5e54f047b0833dcf760a5cd5d3ce94d63938 2025-06-06T09:20:57] retrieved from: http://www.pyrosetta.org
┌──────────────────────────────────────────────────────────────────────────────┐
│                                 PyRosetta-4                                  │
│              Created in JHU by Sergey Lyskov and PyRosetta Team              │
│              (C) Copyright Rosetta Commons Member Institutions               │
│                                                                              │
│ NOTE: USE OF PyRosetta FOR COMMERCIAL PURPOSES REQUIRE PURCHASE OF A LICENSE │
│         See LICENSE.PyRosetta.md or email license@uw.edu for details         │
└──────────────────────────────────────────────────────────────────────────────┘
PyRosetta-4 2025 [Rosetta PyRosetta4.Release.python313.ubuntu.cxx11thread.serialization 2025.24+release.8e1e5e54f047b0833dcf760a5cd5d3ce94d63938 2025-06-06T09:20:57] retrieved from: http://www.pyrosetta.org
┌──────────────────────────────────────────────────────────────────────────────┐
│                                 PyRosetta-4                                  │
│              Created in JHU by Sergey Lyskov and PyRosetta Team              │
│              (C) Copyright Rosetta Commons Member Institutions               │
│                                                                              │
│ NOTE: USE OF PyRosetta FOR COMMERCIAL PURPOSES REQUIRE PURCHASE OF A LICENSE │
│         See LICENSE.PyRosetta.md or email license@uw.edu for details         │
└──────────────────────────────────────────────────────────────────────────────┘
PyRosetta-4 2025 [Rosetta PyRosetta4.Release.python313.ubuntu.cxx11thread.serialization 2025.24+release.8e1e5e54f047b0833dcf760a5cd5d3ce94d63938 2025-06-06T09:20:57] retrieved from: http://www.pyrosetta.org
┌──────────────────────────────────────────────────────────────────────────────┐
│                                 PyRosetta-4                                  │
│              Created in JHU by Sergey Lyskov and PyRosetta Team              │
│              (C) Copyright Rosetta Commons Member Institutions               │
│                                                                              │
│ NOTE: USE OF PyRosetta FOR COMMERCIAL PURPOSES REQUIRE PURCHASE OF A LICENSE │
│         See LICENSE.PyRosetta.md or email license@uw.edu for details         │
└──────────────────────────────────────────────────────────────────────────────┘
PyRosetta-4 2025 [Rosetta PyRosetta4.Release.python313.ubuntu.cxx11thread.serialization 2025.24+release.8e1e5e54f047b0833dcf760a5cd5d3ce94d63938 2025-06-06T09:20:57] retrieved from: http://www.pyrosetta.org
┌──────────────────────────────────────────────────────────────────────────────┐
│                                 PyRosetta-4                                  │
│              Created in JHU by Sergey Lyskov and PyRosetta Team              │
│              (C) Copyright Rosetta Commons Member Institutions               │
│                                                                              │
│ NOTE: USE OF PyRosetta FOR COMMERCIAL PURPOSES REQUIRE PURCHASE OF A LICENSE │
│         See LICENSE.PyRosetta.md or email license@uw.edu for details         │
└──────────────────────────────────────────────────────────────────────────────┘
PyRosetta-4 2025 [Rosetta PyRosetta4.Release.python313.ubuntu.cxx11thread.serialization 2025.24+release.8e1e5e54f047b0833dcf760a5cd5d3ce94d63938 2025-06-06T09:20:57] retrieved from: http://www.pyrosetta.org
┌──────────────────────────────────────────────────────────────────────────────┐
│                                 PyRosetta-4                                  │
│              Created in JHU by Sergey Lyskov and PyRosetta Team              │
│              (C) Copyright Rosetta Commons Member Institutions               │
│                                                                              │
│ NOTE: USE OF PyRosetta FOR COMMERCIAL PURPOSES REQUIRE PURCHASE OF A LICENSE │
│         See LICENSE.PyRosetta.md or email license@uw.edu for details         │
└──────────────────────────────────────────────────────────────────────────────┘
PyRosetta-4 2025 [Rosetta PyRosetta4.Release.python313.ubuntu.cxx11thread.serialization 2025.24+release.8e1e5e54f047b0833dcf760a5cd5d3ce94d63938 2025-06-06T09:20:57] retrieved from: http://www.pyrosetta.org
┌──────────────────────────────────────────────────────────────────────────────┐
│                                 PyRosetta-4                                  │
│              Created in JHU by Sergey Lyskov and PyRosetta Team              │
│              (C) Copyright Rosetta Commons Member Institutions               │
│                                                                              │
│ NOTE: USE OF PyRosetta FOR COMMERCIAL PURPOSES REQUIRE PURCHASE OF A LICENSE │
│         See LICENSE.PyRosetta.md or email license@uw.edu for details         │
└──────────────────────────────────────────────────────────────────────────────┘
PyRosetta-4 2025 [Rosetta PyRosetta4.Release.python313.ubuntu.cxx11thread.serialization 2025.24+release.8e1e5e54f047b0833dcf760a5cd5d3ce94d63938 2025-06-06T09:20:57] retrieved from: http://www.pyrosetta.org
┌──────────────────────────────────────────────────────────────────────────────┐
│                                 PyRosetta-4                                  │
│              Created in JHU by Sergey Lyskov and PyRosetta Team              │
│              (C) Copyright Rosetta Commons Member Institutions               │
│                                                                              │
│ NOTE: USE OF PyRosetta FOR COMMERCIAL PURPOSES REQUIRE PURCHASE OF A LICENSE │
│         See LICENSE.PyRosetta.md or email license@uw.edu for details         │
└──────────────────────────────────────────────────────────────────────────────┘
PyRosetta-4 2025 [Rosetta PyRosetta4.Release.python313.ubuntu.cxx11thread.serialization 2025.24+release.8e1e5e54f047b0833dcf760a5cd5d3ce94d63938 2025-06-06T09:20:57] retrieved from: http://www.pyrosetta.org
┌──────────────────────────────────────────────────────────────────────────────┐
│                                 PyRosetta-4                                  │
│              Created in JHU by Sergey Lyskov and PyRosetta Team              │
│              (C) Copyright Rosetta Commons Member Institutions               │
│                                                                              │
│ NOTE: USE OF PyRosetta FOR COMMERCIAL PURPOSES REQUIRE PURCHASE OF A LICENSE │
│         See LICENSE.PyRosetta.md or email license@uw.edu for details         │
└──────────────────────────────────────────────────────────────────────────────┘
PyRosetta-4 2025 [Rosetta PyRosetta4.Release.python313.ubuntu.cxx11thread.serialization 2025.24+release.8e1e5e54f047b0833dcf760a5cd5d3ce94d63938 2025-06-06T09:20:57] retrieved from: http://www.pyrosetta.org
┌──────────────────────────────────────────────────────────────────────────────┐
│                                 PyRosetta-4                                  │
│              Created in JHU by Sergey Lyskov and PyRosetta Team              │
│              (C) Copyright Rosetta Commons Member Institutions               │
│                                                                              │
│ NOTE: USE OF PyRosetta FOR COMMERCIAL PURPOSES REQUIRE PURCHASE OF A LICENSE │
│         See LICENSE.PyRosetta.md or email license@uw.edu for details         │
└──────────────────────────────────────────────────────────────────────────────┘
PyRosetta-4 2025 [Rosetta PyRosetta4.Release.python313.ubuntu.cxx11thread.serialization 2025.24+release.8e1e5e54f047b0833dcf760a5cd5d3ce94d63938 2025-06-06T09:20:57] retrieved from: http://www.pyrosetta.org
┌──────────────────────────────────────────────────────────────────────────────┐
│                                 PyRosetta-4                                  │
│              Created in JHU by Sergey Lyskov and PyRosetta Team              │
│              (C) Copyright Rosetta Commons Member Institutions               │
│                                                                              │
│ NOTE: USE OF PyRosetta FOR COMMERCIAL PURPOSES REQUIRE PURCHASE OF A LICENSE │
│         See LICENSE.PyRosetta.md or email license@uw.edu for details         │
└──────────────────────────────────────────────────────────────────────────────┘
PyRosetta-4 2025 [Rosetta PyRosetta4.Release.python313.ubuntu.cxx11thread.serialization 2025.24+release.8e1e5e54f047b0833dcf760a5cd5d3ce94d63938 2025-06-06T09:20:57] retrieved from: http://www.pyrosetta.org
┌──────────────────────────────────────────────────────────────────────────────┐
│                                 PyRosetta-4                                  │
│              Created in JHU by Sergey Lyskov and PyRosetta Team              │
│              (C) Copyright Rosetta Commons Member Institutions               │
│                                                                              │
│ NOTE: USE OF PyRosetta FOR COMMERCIAL PURPOSES REQUIRE PURCHASE OF A LICENSE │
│         See LICENSE.PyRosetta.md or email license@uw.edu for details         │
└──────────────────────────────────────────────────────────────────────────────┘
PyRosetta-4 2025 [Rosetta PyRosetta4.Release.python313.ubuntu.cxx11thread.serialization 2025.24+release.8e1e5e54f047b0833dcf760a5cd5d3ce94d63938 2025-06-06T09:20:57] retrieved from: http://www.pyrosetta.org
┌──────────────────────────────────────────────────────────────────────────────┐
│                                 PyRosetta-4                                  │
│              Created in JHU by Sergey Lyskov and PyRosetta Team              │
│              (C) Copyright Rosetta Commons Member Institutions               │
│                                                                              │
│ NOTE: USE OF PyRosetta FOR COMMERCIAL PURPOSES REQUIRE PURCHASE OF A LICENSE │
│         See LICENSE.PyRosetta.md or email license@uw.edu for details         │
└──────────────────────────────────────────────────────────────────────────────┘
PyRosetta-4 2025 [Rosetta PyRosetta4.Release.python313.ubuntu.cxx11thread.serialization 2025.24+release.8e1e5e54f047b0833dcf760a5cd5d3ce94d63938 2025-06-06T09:20:57] retrieved from: http://www.pyrosetta.org
┌──────────────────────────────────────────────────────────────────────────────┐
│                                 PyRosetta-4                                  │
│              Created in JHU by Sergey Lyskov and PyRosetta Team              │
│              (C) Copyright Rosetta Commons Member Institutions               │
│                                                                              │
│ NOTE: USE OF PyRosetta FOR COMMERCIAL PURPOSES REQUIRE PURCHASE OF A LICENSE │
│         See LICENSE.PyRosetta.md or email license@uw.edu for details         │
└──────────────────────────────────────────────────────────────────────────────┘
PyRosetta-4 2025 [Rosetta PyRosetta4.Release.python313.ubuntu.cxx11thread.serialization 2025.24+release.8e1e5e54f047b0833dcf760a5cd5d3ce94d63938 2025-06-06T09:20:57] retrieved from: http://www.pyrosetta.org
┌──────────────────────────────────────────────────────────────────────────────┐
│                                 PyRosetta-4                                  │
│              Created in JHU by Sergey Lyskov and PyRosetta Team              │
│              (C) Copyright Rosetta Commons Member Institutions               │
│                                                                              │
│ NOTE: USE OF PyRosetta FOR COMMERCIAL PURPOSES REQUIRE PURCHASE OF A LICENSE │
│         See LICENSE.PyRosetta.md or email license@uw.edu for details         │
└──────────────────────────────────────────────────────────────────────────────┘
PyRosetta-4 2025 [Rosetta PyRosetta4.Release.python313.ubuntu.cxx11thread.serialization 2025.24+release.8e1e5e54f047b0833dcf760a5cd5d3ce94d63938 2025-06-06T09:20:57] retrieved from: http://www.pyrosetta.org
┌──────────────────────────────────────────────────────────────────────────────┐
│                                 PyRosetta-4                                  │
│              Created in JHU by Sergey Lyskov and PyRosetta Team              │
│              (C) Copyright Rosetta Commons Member Institutions               │
│                                                                              │
│ NOTE: USE OF PyRosetta FOR COMMERCIAL PURPOSES REQUIRE PURCHASE OF A LICENSE │
│         See LICENSE.PyRosetta.md or email license@uw.edu for details         │
└──────────────────────────────────────────────────────────────────────────────┘
PyRosetta-4 2025 [Rosetta PyRosetta4.Release.python313.ubuntu.cxx11thread.serialization 2025.24+release.8e1e5e54f047b0833dcf760a5cd5d3ce94d63938 2025-06-06T09:20:57] retrieved from: http://www.pyrosetta.org
┌──────────────────────────────────────────────────────────────────────────────┐
│                                 PyRosetta-4                                  │
│              Created in JHU by Sergey Lyskov and PyRosetta Team              │
│              (C) Copyright Rosetta Commons Member Institutions               │
│                                                                              │
│ NOTE: USE OF PyRosetta FOR COMMERCIAL PURPOSES REQUIRE PURCHASE OF A LICENSE │
│         See LICENSE.PyRosetta.md or email license@uw.edu for details         │
└──────────────────────────────────────────────────────────────────────────────┘
PyRosetta-4 2025 [Rosetta PyRosetta4.Release.python313.ubuntu.cxx11thread.serialization 2025.24+release.8e1e5e54f047b0833dcf760a5cd5d3ce94d63938 2025-06-06T09:20:57] retrieved from: http://www.pyrosetta.org
┌──────────────────────────────────────────────────────────────────────────────┐
│                                 PyRosetta-4                                  │
│              Created in JHU by Sergey Lyskov and PyRosetta Team              │
│              (C) Copyright Rosetta Commons Member Institutions               │
│                                                                              │
│ NOTE: USE OF PyRosetta FOR COMMERCIAL PURPOSES REQUIRE PURCHASE OF A LICENSE │
│         See LICENSE.PyRosetta.md or email license@uw.edu for details         │
└──────────────────────────────────────────────────────────────────────────────┘
PyRosetta-4 2025 [Rosetta PyRosetta4.Release.python313.ubuntu.cxx11thread.serialization 2025.24+release.8e1e5e54f047b0833dcf760a5cd5d3ce94d63938 2025-06-06T09:20:57] retrieved from: http://www.pyrosetta.org
Saved DSSP results to dssp.csv

=============================================
Sat Aug 2 09:13:55 PM KST 2025
[INFO] Job finished in 7 seconds
