Sat Aug 2 09:09:31 PM KST 2025
[INFO] Job Information
=============================================
[INFO] Job Name       : rfdaa
[INFO] Job ID         : 146505
[INFO] Submit Dir     : /home/hwjang/aipd/noahs_ark/piplines/1_diffusion
[INFO] Partition      : gpu-farm
[INFO] Node List      : node27
[INFO] Nodes          : 1
[INFO] CPUs per Task  : 4
[INFO] Memory (MB)    : 
[INFO] User           : hwjang
[INFO] Work Dir       : /home/hwjang/aipd/noahs_ark/piplines/1_diffusion
[INFO] Tasks per Node : 1
[INFO] Dependency     : 
[INFO] Allocated GPUs : 3
---------------------------------------------
[INFO] Job allocated on node(s): node27
[INFO] Job running on: node27
=============================================

[2025-08-02 21:09:36,126][inference.model_runners][INFO] - Reading checkpoint from /home/hwjang/aipd/rf_diffusion_all_atom/RFDiffusionAA_paper_weights.pt
loading /home/hwjang/aipd/rf_diffusion_all_atom/RFDiffusionAA_paper_weights.pt
loaded /home/hwjang/aipd/rf_diffusion_all_atom/RFDiffusionAA_paper_weights.pt
OVERRIDING: You are changing diffuser.T from the value this model was trained with.
[2025-08-02 21:09:43,464][inference.model_runners][INFO] - Loading checkpoint.
[2025-08-02 21:09:43,604][diffusion][INFO] - Using cached IGSO3.
[2025-08-02 21:09:43,619][__main__][INFO] - Making design output/result_56
[2025-08-02 21:09:43,620][__main__][INFO] - making design 56 of 56:64
[2025-08-02 21:09:43,620][inference.model_runners][INFO] - Using contig: ['100-130']
With this beta schedule (linear schedule, beta_0 = 0.06666666666666667, beta_T = 0.46666666666666673), alpha_bar_T = 6.0550024500116706e-05
Using cached chi_beta_T dictionary.
Done calculating chi_beta_T, chi_alphas_T, and chi_abars_T dictionaries.
[2025-08-02 21:09:45,915][inference.model_runners][INFO] - 21:09:45: Timestep 30, current sequence: ?????????????????????????????????????????????????????????????????????????????????????????????????????????????????????aaaaaaaaaaaaaaaaaaa
[2025-08-02 21:09:46,725][inference.model_runners][INFO] - 21:09:46: Timestep 29, current sequence: ?????????????????????????????????????????????????????????????????????????????????????????????????????????????????????aaaaaaaaaaaaaaaaaaa
[2025-08-02 21:09:47,518][inference.model_runners][INFO] - 21:09:47: Timestep 28, current sequence: ?????????????????????????????????????????????????????????????????????????????????????????????????????????????????????aaaaaaaaaaaaaaaaaaa
[2025-08-02 21:09:48,318][inference.model_runners][INFO] - 21:09:48: Timestep 27, current sequence: ?????????????????????????????????????????????????????????????????????????????????????????????????????????????????????aaaaaaaaaaaaaaaaaaa
[2025-08-02 21:09:49,112][inference.model_runners][INFO] - 21:09:49: Timestep 26, current sequence: ?????????????????????????????????????????????????????????????????????????????????????????????????????????????????????aaaaaaaaaaaaaaaaaaa
[2025-08-02 21:09:49,908][inference.model_runners][INFO] - 21:09:49: Timestep 25, current sequence: ?????????????????????????????????????????????????????????????????????????????????????????????????????????????????????aaaaaaaaaaaaaaaaaaa
[2025-08-02 21:09:50,726][inference.model_runners][INFO] - 21:09:50: Timestep 24, current sequence: ?????????????????????????????????????????????????????????????????????????????????????????????????????????????????????aaaaaaaaaaaaaaaaaaa
[2025-08-02 21:09:51,531][inference.model_runners][INFO] - 21:09:51: Timestep 23, current sequence: ?????????????????????????????????????????????????????????????????????????????????????????????????????????????????????aaaaaaaaaaaaaaaaaaa
[2025-08-02 21:09:52,334][inference.model_runners][INFO] - 21:09:52: Timestep 22, current sequence: ?????????????????????????????????????????????????????????????????????????????????????????????????????????????????????aaaaaaaaaaaaaaaaaaa
[2025-08-02 21:09:53,130][inference.model_runners][INFO] - 21:09:53: Timestep 21, current sequence: ?????????????????????????????????????????????????????????????????????????????????????????????????????????????????????aaaaaaaaaaaaaaaaaaa
[2025-08-02 21:09:53,944][inference.model_runners][INFO] - 21:09:53: Timestep 20, current sequence: ?????????????????????????????????????????????????????????????????????????????????????????????????????????????????????aaaaaaaaaaaaaaaaaaa
[2025-08-02 21:09:54,756][inference.model_runners][INFO] - 21:09:54: Timestep 19, current sequence: ????????????????????????????????????????????GG??????????????????????????????????????????E?????????GE?????????????G???aaaaaaaaaaaaaaaaaaa
[2025-08-02 21:09:55,549][inference.model_runners][INFO] - 21:09:55: Timestep 18, current sequence: ??????G????????????????????????????????????????????????????????S???????????G??G???????????????????EGD?E???E??QE??G???aaaaaaaaaaaaaaaaaaa
[2025-08-02 21:09:56,350][inference.model_runners][INFO] - 21:09:56: Timestep 17, current sequence: ??????G???GG?SA??????????????G???????????A???????GL??????????????????????Q?GG?G?????E???E?????????EGG??Q????LLE??G???aaaaaaaaaaaaaaaaaaa
[2025-08-02 21:09:57,147][inference.model_runners][INFO] - 21:09:57: Timestep 16, current sequence: ???????????G?????????????G???????????????????GS????L??????????GG??????????LQG?E?Q???E???E?????????GGG???????L?E??G???aaaaaaaaaaaaaaaaaaa
[2025-08-02 21:09:57,946][inference.model_runners][INFO] - 21:09:57: Timestep 15, current sequence: ??????????GQ?S???????????SG??????????????A?L?S?SGS?LA???E?????Q??????????S?QS?G?Q???E???Q?????L???GG????????LEE??????aaaaaaaaaaaaaaaaaaa
[2025-08-02 21:09:58,734][inference.model_runners][INFO] - 21:09:58: Timestep 14, current sequence: ????L?????GQ??AG?????L???GGGQ????????????LLL?S??GS?AALL???????GS?????E??ES?G??GSQA??A???Q?????????GG????????LL??SL???aaaaaaaaaaaaaaaaaaa
[2025-08-02 21:09:59,533][inference.model_runners][INFO] - 21:09:59: Timestep 13, current sequence: ?A??L?????G????G?????????GGGQ????????????LLL??S?GS?A?L?????A??KS?????EL?GS?GG?G?QA??E???E??A???????K??L?????L?E???S??aaaaaaaaaaaaaaaaaaa
[2025-08-02 21:10:00,340][inference.model_runners][INFO] - 21:10:00: Timestep 12, current sequence: ?A?QLL???EE????G????L?????G?Q???????????LLLL?LSAGS?A???????A??KS????????QE?Q??GSE???A???E??????E???K??L???A??????????aaaaaaaaaaaaaaaaaaa
[2025-08-02 21:10:01,142][inference.model_runners][INFO] - 21:10:01: Timestep 11, current sequence: ?A?QLL???A?????G???TLL???SGGGAA??????????LLLL?SKGS???A??E??A?LQS?A??AA??EQ?G??G?A???A???E??????Q???G????L?A????????G?aaaaaaaaaaaaaaaaaaa
[2025-08-02 21:10:01,946][inference.model_runners][INFO] - 21:10:01: Timestep 10, current sequence: ?A??L????L???Q?G???ALL????GGGAA??A???A???LLLLLSAGS???A??A??A?LQS?A??AALLEA?G??QSE??AA???A??????????GALA???A???G???S??aaaaaaaaaaaaaaaaaaa
[2025-08-02 21:10:02,746][inference.model_runners][INFO] - 21:10:02: Timestep 9, current sequence: ?A?ALLE??A???Q?G???SLV?????G??Q??A?????L?ALLLLSA?????A?????A?LQV?AL?AAL?A??G??QSEA??A???A??A???Q???KA?A???A????????GSaaaaaaaaaaaaaaaaaaa
[2025-08-02 21:10:03,538][inference.model_runners][INFO] - 21:10:03: Timestep 8, current sequence: ?A??L?E??A?????GL??SAAS????G??QLA????????AL?LLVGT?L????????A?LGS?A?LAA??A??G??KSEA?AA??AA??A???A????A?A???A???????SG?aaaaaaaaaaaaaaaaaaa
[2025-08-02 21:10:04,332][inference.model_runners][INFO] - 21:10:04: Timestep 7, current sequence: ???AL?A??A?????GS??AA?QA???GG?QSAA???????A?L?KS?TSL??????AAA?LLS?ALLAAA?AA?G??Q?AA?AA??AA??Q???Q????A?AAL?A??AE???S??aaaaaaaaaaaaaaaaaaa
[2025-08-02 21:10:05,137][inference.model_runners][INFO] - 21:10:05: Timestep 6, current sequence: ??AAL?A??A?????GQ??ALV?????G??QGAA???????A?L?KSQT?L?????AA?A?LLA?AL?LAA?A??G??QTEA?AA??AA??AA??A????A?A???A???A???Q??aaaaaaaaaaaaaaaaaaa
[2025-08-02 21:10:05,945][inference.model_runners][INFO] - 21:10:05: Timestep 5, current sequence: ???Q??A??A?????GQ??AL??A???G?AASAA?A???A??????SQ??????A?ALAAALAS?A??AAA?A??G??KSEA?AA??AA?AAA??A???SA?AA??A??AE???Q?Kaaaaaaaaaaaaaaaaaaa
[2025-08-02 21:10:06,747][inference.model_runners][INFO] - 21:10:06: Timestep 4, current sequence: ???A??A??A???Q?GS?AAAA?A???G?AAQA?AA???A?A????SQ??AA?S??A?AAALAS?A??AAA?A??G?L?SAAAAAA?AA??A???A???SA?AA??A???SA?L??Kaaaaaaaaaaaaaaaaaaa
[2025-08-02 21:10:07,550][inference.model_runners][INFO] - 21:10:07: Timestep 3, current sequence: ??AAA?A????????GSAAAAAAA??EGSSASA??A?A???A??A?SG????AS??A?AAA?AS?A??AAA????G?L?SEAAAAAAAA?AAA??A???SA?A???A???S?????Kaaaaaaaaaaaaaaaaaaa
[2025-08-02 21:10:08,356][inference.model_runners][INFO] - 21:10:08: Timestep 2, current sequence: ??AASAA??SA????G?A?AA??K??KASSASA??A?AA???S?ASSG?A??AS???SAAAS?A?AA??AAAAA?GSL?SAAAAAAAA??AAA?AA????A?AS??A???S??SS?Kaaaaaaaaaaaaaaaaaaa
[2025-08-02 21:10:09,175][inference.model_runners][INFO] - 21:10:09: Timestep 1, current sequence: ??AA??A??SA????GSAAAA??S???A?SASAAAA?A?A??S?ASS??A??A?A??SASAA?A?SA??A??AA?ASSASASAAAAASA??AA??A????S?AA??????S??SS?Eaaaaaaaaaaaaaaaaaaa
[2025-08-02 21:10:09,176][__main__][INFO] - Finished design in 0.43 minutes
[2025-08-02 21:10:10,100][__main__][INFO] - design : /home/hwjang/aipd/noahs_ark/piplines/1_diffusion/output/result_56.pdb
[2025-08-02 21:10:10,100][__main__][INFO] - Xt traj: /home/hwjang/aipd/noahs_ark/piplines/1_diffusion/output/traj/result_56_Xt-1_traj.pdb
[2025-08-02 21:10:10,100][__main__][INFO] - X0 traj: /home/hwjang/aipd/noahs_ark/piplines/1_diffusion/output/traj/result_56_pX0_traj.pdb
[2025-08-02 21:10:10,100][__main__][INFO] - Making design output/result_57
[2025-08-02 21:10:10,100][__main__][INFO] - making design 57 of 56:64
[2025-08-02 21:10:10,100][inference.model_runners][INFO] - Using contig: ['100-130']
With this beta schedule (linear schedule, beta_0 = 0.06666666666666667, beta_T = 0.46666666666666673), alpha_bar_T = 6.0550024500116706e-05
Using cached chi_beta_T dictionary.
Done calculating chi_beta_T, chi_alphas_T, and chi_abars_T dictionaries.
[2025-08-02 21:10:11,085][inference.model_runners][INFO] - 21:10:11: Timestep 30, current sequence: ????????????????????????????????????????????????????????????????????????????????????????????????????????aaaaaaaaaaaaaaaaaaa
[2025-08-02 21:10:11,877][inference.model_runners][INFO] - 21:10:11: Timestep 29, current sequence: ????????????????????????????????????????????????????????????????????????????????????????????????????????aaaaaaaaaaaaaaaaaaa
[2025-08-02 21:10:12,659][inference.model_runners][INFO] - 21:10:12: Timestep 28, current sequence: ????????????????????????????????????????????????????????????????????????????????????????????????????????aaaaaaaaaaaaaaaaaaa
[2025-08-02 21:10:13,448][inference.model_runners][INFO] - 21:10:13: Timestep 27, current sequence: ????????????????????????????????????????????????????????????????????????????????????????????????????????aaaaaaaaaaaaaaaaaaa
[2025-08-02 21:10:14,246][inference.model_runners][INFO] - 21:10:14: Timestep 26, current sequence: ????????????????????????????????????????????????????????????????????????????????????????????????????????aaaaaaaaaaaaaaaaaaa
[2025-08-02 21:10:15,038][inference.model_runners][INFO] - 21:10:15: Timestep 25, current sequence: ????????????????????????????????????????????????????????????????????????????????????????????????????????aaaaaaaaaaaaaaaaaaa
[2025-08-02 21:10:15,841][inference.model_runners][INFO] - 21:10:15: Timestep 24, current sequence: ????????????????????????????????????????????????????????????????????????????????????????????????????????aaaaaaaaaaaaaaaaaaa
[2025-08-02 21:10:16,643][inference.model_runners][INFO] - 21:10:16: Timestep 23, current sequence: ????????????????????????????????????????????????????????????????????????????????????????????????????????aaaaaaaaaaaaaaaaaaa
[2025-08-02 21:10:17,436][inference.model_runners][INFO] - 21:10:17: Timestep 22, current sequence: ????????????????????????????????????????????????????????????????????????????????????????????????????????aaaaaaaaaaaaaaaaaaa
[2025-08-02 21:10:18,228][inference.model_runners][INFO] - 21:10:18: Timestep 21, current sequence: ????????????????????????????????????????????????????????????????????????????????????????????????????????aaaaaaaaaaaaaaaaaaa
[2025-08-02 21:10:19,019][inference.model_runners][INFO] - 21:10:19: Timestep 20, current sequence: ?????????????????????????????????????????????????????????????????????GQ?AE??????????????????????????????aaaaaaaaaaaaaaaaaaa
[2025-08-02 21:10:19,808][inference.model_runners][INFO] - 21:10:19: Timestep 19, current sequence: ??????????????????????????????????????????????????????????????????????G?QE??E???????E???????????????????aaaaaaaaaaaaaaaaaaa
[2025-08-02 21:10:20,605][inference.model_runners][INFO] - 21:10:20: Timestep 18, current sequence: ????Q?????????????????G?T?????????????????????????????????????L??????SG??E??E???????E???????????????????aaaaaaaaaaaaaaaaaaa
[2025-08-02 21:10:21,401][inference.model_runners][INFO] - 21:10:21: Timestep 17, current sequence: ?G??Q????????????????QG?S????????????????????????????????????????????SQ??E??E???????EL??????????????????aaaaaaaaaaaaaaaaaaa
[2025-08-02 21:10:22,188][inference.model_runners][INFO] - 21:10:22: Timestep 16, current sequence: ??????LE?????????????GG?T?????????????????GG?G??????E????????????????LQ?EE??????????SEG?G?????????????G?aaaaaaaaaaaaaaaaaaa
[2025-08-02 21:10:22,988][inference.model_runners][INFO] - 21:10:22: Timestep 15, current sequence: ?Q??E??E??????????E??G??SA???????????????????????????????????????????LQ?Q???????????EA?????????????E????aaaaaaaaaaaaaaaaaaa
[2025-08-02 21:10:23,781][inference.model_runners][INFO] - 21:10:23: Timestep 14, current sequence: ?G??E????????????????GG???????????L???L?A????G???????????????????LV??SG?EE??A???Q???TE??????????????????aaaaaaaaaaaaaaaaaaa
[2025-08-02 21:10:24,581][inference.model_runners][INFO] - 21:10:24: Timestep 13, current sequence: ?Q??E????????????????GG?T?????????????L????S?G??G????????????????L???LG?EE??????Q??GTS????????????????G?aaaaaaaaaaaaaaaaaaa
[2025-08-02 21:10:25,371][inference.model_runners][INFO] - 21:10:25: Timestep 12, current sequence: ?Q??Q????????????????GG?SA?????????????????S?GS?GQ???????????????L???LGSEE??????Q???TS??????????????S?G?aaaaaaaaaaaaaaaaaaa
[2025-08-02 21:10:26,162][inference.model_runners][INFO] - 21:10:26: Timestep 11, current sequence: ?Q??E????????????????GG?SAE????????????????S?G??GS??G??????????A?L???LQQE???????????TG??A??V???????KS?K?aaaaaaaaaaaaaaaaaaa
[2025-08-02 21:10:26,959][inference.model_runners][INFO] - 21:10:26: Timestep 10, current sequence: ?G??Q?????L?????A????EG??AG????????????????S??S?G??QG??????????A?L?A?LQSEE??E???Q???SA??Q??L???????KQ?K?aaaaaaaaaaaaaaaaaaa
[2025-08-02 21:10:27,749][inference.model_runners][INFO] - 21:10:27: Timestep 9, current sequence: ?G??Q???????????A????G??TAE????????????????S?SS?GQ??GS?????????A?LL??LGSAA?AAQ?VQ???GG??Q???????A??KQ?K?aaaaaaaaaaaaaaaaaaa
[2025-08-02 21:10:28,550][inference.model_runners][INFO] - 21:10:28: Timestep 8, current sequence: ?Q??Q???????????A???????QAE??????A???????A???G??GQ??GS?A???????AA????LGTAA??QA?AQ????G??A??????????EQ?K?aaaaaaaaaaaaaaaaaaa
[2025-08-02 21:10:29,354][inference.model_runners][INFO] - 21:10:29: Timestep 7, current sequence: ?Q??A????????L?AL??E????QAE??????????????SAA?ES?GQ?????A???????AA??A?LGTAA?AAA?AQ????G??A??????A??AEA?K?aaaaaaaaaaaaaaaaaaa
[2025-08-02 21:10:30,142][inference.model_runners][INFO] - 21:10:30: Timestep 6, current sequence: ?A??AA?A??A??LA?L??S?E???AE???????A???????AA?ES?GQ??S??A???????AA??K??ESAA?AAA??A????G?AAA????????AEA?K?aaaaaaaaaaaaaaaaaaa
[2025-08-02 21:10:30,930][inference.model_runners][INFO] - 21:10:30: Timestep 5, current sequence: ?Q?AAA?A??????A??L?S?E??QAA???????????????AAAES?SQ??SS?A????A??AAAAA?LGTAA?AA???A?????AAAA????????AAA?K?aaaaaaaaaaaaaaaaaaa
[2025-08-02 21:10:31,728][inference.model_runners][INFO] - 21:10:31: Timestep 4, current sequence: ?Q?AAS????A?AAAA?LAA?E???AA??A???AA??AL????AAES?SQ??SS?ASA??S??AAASAALQTAA??AA??A???????AA????????AAA?K?aaaaaaaaaaaaaaaaaaa
[2025-08-02 21:10:32,528][inference.model_runners][INFO] - 21:10:32: Timestep 3, current sequence: ?Q??AS?AS?A?AAAAA?EA??G??A???AA??A?????????AAES?AQ??SSAAS??A???ASAAA?LGSAA??A???A????S?A????S?????AAS?KSaaaaaaaaaaaaaaaaaaa
[2025-08-02 21:10:33,326][inference.model_runners][INFO] - 21:10:33: Timestep 2, current sequence: ?E?AAS??S????A?AA?AA?????AA??AA??S?????????AAES?AS??SSAAS??A???AAAA???GSAA??AAAAA????S?SA???A??A??ASS?KSaaaaaaaaaaaaaaaaaaa
[2025-08-02 21:10:34,129][inference.model_runners][INFO] - 21:10:34: Timestep 1, current sequence: ?E?A?A??AA?AA??AAAAS?KG??AA???A??AA??S?????S?SS?AS?SSS?AS??A???AA??A??GSAA??AA?SAS???S??SA??S??SAAASS?KSaaaaaaaaaaaaaaaaaaa
[2025-08-02 21:10:34,131][__main__][INFO] - Finished design in 0.40 minutes
[2025-08-02 21:10:34,966][__main__][INFO] - design : /home/hwjang/aipd/noahs_ark/piplines/1_diffusion/output/result_57.pdb
[2025-08-02 21:10:34,966][__main__][INFO] - Xt traj: /home/hwjang/aipd/noahs_ark/piplines/1_diffusion/output/traj/result_57_Xt-1_traj.pdb
[2025-08-02 21:10:34,966][__main__][INFO] - X0 traj: /home/hwjang/aipd/noahs_ark/piplines/1_diffusion/output/traj/result_57_pX0_traj.pdb
[2025-08-02 21:10:34,966][__main__][INFO] - Making design output/result_58
[2025-08-02 21:10:34,966][__main__][INFO] - making design 58 of 56:64
[2025-08-02 21:10:34,966][inference.model_runners][INFO] - Using contig: ['100-130']
With this beta schedule (linear schedule, beta_0 = 0.06666666666666667, beta_T = 0.46666666666666673), alpha_bar_T = 6.0550024500116706e-05
Using cached chi_beta_T dictionary.
Done calculating chi_beta_T, chi_alphas_T, and chi_abars_T dictionaries.
[2025-08-02 21:10:35,710][inference.model_runners][INFO] - 21:10:35: Timestep 30, current sequence: ????????????????????????????????????????????????????????????????????????????????????????????????????aaaaaaaaaaaaaaaaaaa
[2025-08-02 21:10:36,518][inference.model_runners][INFO] - 21:10:36: Timestep 29, current sequence: ????????????????????????????????????????????????????????????????????????????????????????????????????aaaaaaaaaaaaaaaaaaa
[2025-08-02 21:10:37,315][inference.model_runners][INFO] - 21:10:37: Timestep 28, current sequence: ????????????????????????????????????????????????????????????????????????????????????????????????????aaaaaaaaaaaaaaaaaaa
[2025-08-02 21:10:38,104][inference.model_runners][INFO] - 21:10:38: Timestep 27, current sequence: ????????????????????????????????????????????????????????????????????????????????????????????????????aaaaaaaaaaaaaaaaaaa
[2025-08-02 21:10:38,899][inference.model_runners][INFO] - 21:10:38: Timestep 26, current sequence: ????????????????????????????????????????????????????????????????????????????????????????????????????aaaaaaaaaaaaaaaaaaa
[2025-08-02 21:10:39,678][inference.model_runners][INFO] - 21:10:39: Timestep 25, current sequence: ????????????????????????????????????????????????????????????????????????????????????????????????????aaaaaaaaaaaaaaaaaaa
[2025-08-02 21:10:40,461][inference.model_runners][INFO] - 21:10:40: Timestep 24, current sequence: ????????????????????????????????????????????????????????????????????????????????????????????????????aaaaaaaaaaaaaaaaaaa
[2025-08-02 21:10:41,259][inference.model_runners][INFO] - 21:10:41: Timestep 23, current sequence: ????????????????????????????????????????????????????????????????????????????????????????????????????aaaaaaaaaaaaaaaaaaa
[2025-08-02 21:10:42,047][inference.model_runners][INFO] - 21:10:42: Timestep 22, current sequence: ????????????????????????????????????????????????????????????????????????????????????????????????????aaaaaaaaaaaaaaaaaaa
[2025-08-02 21:10:42,827][inference.model_runners][INFO] - 21:10:42: Timestep 21, current sequence: ????????????????????????????????????????????????????????????????????????????????????????????????????aaaaaaaaaaaaaaaaaaa
[2025-08-02 21:10:43,621][inference.model_runners][INFO] - 21:10:43: Timestep 20, current sequence: ????????????????????????????????????????????????????????????????????????????????????????????????????aaaaaaaaaaaaaaaaaaa
[2025-08-02 21:10:44,410][inference.model_runners][INFO] - 21:10:44: Timestep 19, current sequence: ???????????????????????????????GG???????????????S??G????????????G???????????????????????????????????aaaaaaaaaaaaaaaaaaa
[2025-08-02 21:10:45,192][inference.model_runners][INFO] - 21:10:45: Timestep 18, current sequence: ??EG????????????????????G??????G????S??????????????SS???????????G?????????????G?G?GEE???????????????aaaaaaaaaaaaaaaaaaa
[2025-08-02 21:10:45,990][inference.model_runners][INFO] - 21:10:45: Timestep 17, current sequence: ??ED?????????E??????????????G???GG??D??G????????????????????????S??E??ES??S??G??ES??E???????????????aaaaaaaaaaaaaaaaaaa
[2025-08-02 21:10:46,785][inference.model_runners][INFO] - 21:10:46: Timestep 16, current sequence: ??E???E?????LE?????????????G????GA??D??G???????L???GT??????????G??????EE??S??GS?E??EE???????????????aaaaaaaaaaaaaaaaaaa
[2025-08-02 21:10:47,558][inference.model_runners][INFO] - 21:10:47: Timestep 15, current sequence: ?GE??????????E??????????TVQE????????E?TG???????L???G????????S???G?????EE?????G??E???????????????L???aaaaaaaaaaaaaaaaaaa
[2025-08-02 21:10:48,350][inference.model_runners][INFO] - 21:10:48: Timestep 14, current sequence: ?G??????????LE??????????S?GQ????SG??S?TGG??????LL??G????????TLQSS???S?EQ??S??G??E??EE???????????L???aaaaaaaaaaaaaaaaaaa
[2025-08-02 21:10:49,152][inference.model_runners][INFO] - 21:10:49: Timestep 13, current sequence: ????????????L???LE?LE???S??Q????S???S?TSG??????L???G????????TL??????S??Q??SQ?G??E??EE??????????EL???aaaaaaaaaaaaaaaaaaa
[2025-08-02 21:10:49,949][inference.model_runners][INFO] - 21:10:49: Timestep 12, current sequence: ??????ELLLA?L??LL??????????Q??L?G?????TGG???L??L???G?L????V?TLSGS??QS??EQ?SQ?QG?E??????????Q???EL??Eaaaaaaaaaaaaaaaaaaa
[2025-08-02 21:10:50,741][inference.model_runners][INFO] - 21:10:50: Timestep 11, current sequence: ??????EL??A?L??LL???????S??Q?TV?S?????TGG???L?LL???G?L????V?TL?GS??QS??EQL?Q?QG?E???????????L?A?LL?Kaaaaaaaaaaaaaaaaaaa
[2025-08-02 21:10:51,522][inference.model_runners][INFO] - 21:10:51: Timestep 10, current sequence: ????????????LA?LL???????G??Q?TL?S?GQ??TGG???L??L???G?L??????QL?GS?LQQ??E???G?QS?EG?????E????A?ELL???aaaaaaaaaaaaaaaaaaa
[2025-08-02 21:10:52,321][inference.model_runners][INFO] - 21:10:52: Timestep 9, current sequence: ?A??????L????E?LL????A?SS??Q??L?S?G?S?TGG???L?LV???G?LQ??S??TL?GS?LEQ??EQ?QG?QS?EG?A???E?L???LELL??Kaaaaaaaaaaaaaaaaaaa
[2025-08-02 21:10:53,111][inference.model_runners][INFO] - 21:10:53: Timestep 8, current sequence: ?A?????LL????A?LL??L?A?QS??Q??L?S?GQS?TGG???L?LV??SG?VQ??SV?TL?EE??QQ???Q?QG?QS?EG?E?????L????E?LL?Kaaaaaaaaaaaaaaaaaaa
[2025-08-02 21:10:53,902][inference.model_runners][INFO] - 21:10:53: Timestep 7, current sequence: ???ALA?LLE??LA?LLA?L???LS??Q??L?S?GQS?TGG???L?LV?ASG?LQ??SV?SL?EE??QQ???Q?QG?QS?EG?A?????L??ALE?LL?Kaaaaaaaaaaaaaaaaaaa
[2025-08-02 21:10:54,708][inference.model_runners][INFO] - 21:10:54: Timestep 6, current sequence: ?A??L?Q?L??AAA?LLA?L?A??E??Q??L?S?GQ??TGG??????Q?ASG?VQ??S??SL?EE??QS??A??ES?QS?QSAAA?A??L?AAAA?LA?Kaaaaaaaaaaaaaaaaaaa
[2025-08-02 21:10:55,494][inference.model_runners][INFO] - 21:10:55: Timestep 5, current sequence: ?A????QLL?A?LAALLA?LLA??EQ?Q??L?S?G?S?TGG???L?L??ASG?LQL?QV?SL?AE??AQ??S??SS?QS?QA?E??A??L?AA?A?L??Kaaaaaaaaaaaaaaaaaaa
[2025-08-02 21:10:56,296][inference.model_runners][INFO] - 21:10:56: Timestep 4, current sequence: ?A????QA??A??A??AAL?SA??G??QS?V?S?G????GG??????Q?ESG??QGQQ???L?AE??AQ??SA?AS?QS?QA?S??A?ALAAAL?AL??Kaaaaaaaaaaaaaaaaaaa
[2025-08-02 21:10:57,093][inference.model_runners][INFO] - 21:10:57: Timestep 3, current sequence: ?A?A?????????AA??A??S???G??Q??V?S?G????GG?????????SG??QL?SV?SA??A??AS??SA?AS?SS?QAAE??A??AAAA?AAL??Kaaaaaaaaaaaaaaaaaaa
[2025-08-02 21:10:57,889][inference.model_runners][INFO] - 21:10:57: Timestep 2, current sequence: ?ASAA?????A??AA??AA?S???E??K??V?S???????G????????ASG????????SA?AAA?AS??SA?SS?SS?QA?AA?A?A??SA??????Kaaaaaaaaaaaaaaaaaaa
[2025-08-02 21:10:58,676][inference.model_runners][INFO] - 21:10:58: Timestep 1, current sequence: ?AAA?A????????S?AA?AS??S???E????S???S???Q????????AQG???G?SA?Q?S?SA??S?ASA?SS?SS?QA?AS?A?A??AAAAAA??Kaaaaaaaaaaaaaaaaaaa
[2025-08-02 21:10:58,678][__main__][INFO] - Finished design in 0.40 minutes
[2025-08-02 21:10:59,484][__main__][INFO] - design : /home/hwjang/aipd/noahs_ark/piplines/1_diffusion/output/result_58.pdb
[2025-08-02 21:10:59,484][__main__][INFO] - Xt traj: /home/hwjang/aipd/noahs_ark/piplines/1_diffusion/output/traj/result_58_Xt-1_traj.pdb
[2025-08-02 21:10:59,484][__main__][INFO] - X0 traj: /home/hwjang/aipd/noahs_ark/piplines/1_diffusion/output/traj/result_58_pX0_traj.pdb
[2025-08-02 21:10:59,484][__main__][INFO] - Making design output/result_59
[2025-08-02 21:10:59,484][__main__][INFO] - making design 59 of 56:64
[2025-08-02 21:10:59,484][inference.model_runners][INFO] - Using contig: ['100-130']
With this beta schedule (linear schedule, beta_0 = 0.06666666666666667, beta_T = 0.46666666666666673), alpha_bar_T = 6.0550024500116706e-05
Using cached chi_beta_T dictionary.
Done calculating chi_beta_T, chi_alphas_T, and chi_abars_T dictionaries.
[2025-08-02 21:11:00,228][inference.model_runners][INFO] - 21:11:00: Timestep 30, current sequence: ??????????????????????????????????????????????????????????????????????????????????????????????????????????????aaaaaaaaaaaaaaaaaaa
[2025-08-02 21:11:01,047][inference.model_runners][INFO] - 21:11:01: Timestep 29, current sequence: ??????????????????????????????????????????????????????????????????????????????????????????????????????????????aaaaaaaaaaaaaaaaaaa
[2025-08-02 21:11:01,862][inference.model_runners][INFO] - 21:11:01: Timestep 28, current sequence: ??????????????????????????????????????????????????????????????????????????????????????????????????????????????aaaaaaaaaaaaaaaaaaa
[2025-08-02 21:11:02,667][inference.model_runners][INFO] - 21:11:02: Timestep 27, current sequence: ??????????????????????????????????????????????????????????????????????????????????????????????????????????????aaaaaaaaaaaaaaaaaaa
[2025-08-02 21:11:03,454][inference.model_runners][INFO] - 21:11:03: Timestep 26, current sequence: ??????????????????????????????????????????????????????????????????????????????????????????????????????????????aaaaaaaaaaaaaaaaaaa
[2025-08-02 21:11:04,247][inference.model_runners][INFO] - 21:11:04: Timestep 25, current sequence: ??????????????????????????????????????????????????????????????????????????????????????????????????????????????aaaaaaaaaaaaaaaaaaa
[2025-08-02 21:11:05,047][inference.model_runners][INFO] - 21:11:05: Timestep 24, current sequence: ??????????????????????????????????????????????????????????????????????????????????????????????????????????????aaaaaaaaaaaaaaaaaaa
[2025-08-02 21:11:05,857][inference.model_runners][INFO] - 21:11:05: Timestep 23, current sequence: ??????????????????????????????????????????????????????????????????????????????????????????????????????????????aaaaaaaaaaaaaaaaaaa
[2025-08-02 21:11:06,663][inference.model_runners][INFO] - 21:11:06: Timestep 22, current sequence: ??????????????????????????????????????????????????????????????????????????????????????????????????????????????aaaaaaaaaaaaaaaaaaa
[2025-08-02 21:11:07,457][inference.model_runners][INFO] - 21:11:07: Timestep 21, current sequence: ??????????????????????????????????????????????????????????????????????????????????????????????????????????????aaaaaaaaaaaaaaaaaaa
[2025-08-02 21:11:08,259][inference.model_runners][INFO] - 21:11:08: Timestep 20, current sequence: ????????????????????????????????????????????????????????????????????????????????????????G?????????????????????aaaaaaaaaaaaaaaaaaa
[2025-08-02 21:11:09,054][inference.model_runners][INFO] - 21:11:09: Timestep 19, current sequence: ??????????????G?????????????????????????????????????????????????E????????????????????G??S?????????????????????aaaaaaaaaaaaaaaaaaa
[2025-08-02 21:11:09,868][inference.model_runners][INFO] - 21:11:09: Timestep 18, current sequence: ????S????????EE???????????????????????????G????????????????????LEE????????G??????????G????????????????????????aaaaaaaaaaaaaaaaaaa
[2025-08-02 21:11:10,665][inference.model_runners][INFO] - 21:11:10: Timestep 17, current sequence: ?G??GG?GG??Q??E???G???E???G???????????????GG????????????????E??LEE???????????????????G????????????????????????aaaaaaaaaaaaaaaaaaa
[2025-08-02 21:11:11,461][inference.model_runners][INFO] - 21:11:11: Timestep 16, current sequence: ?G???LLE???QSAE??E????TSA??L??????????????GS?S?????????????GEE??AE?LES??S?????????????????G???????????????????aaaaaaaaaaaaaaaaaaa
[2025-08-02 21:11:12,248][inference.model_runners][INFO] - 21:11:12: Timestep 15, current sequence: ?G?A??LE???G?EE??E????GGA??L??????L???????GS?S?????????????GAE??A??L????GG??????????S???G???E?????????L???E???aaaaaaaaaaaaaaaaaaa
[2025-08-02 21:11:13,032][inference.model_runners][INFO] - 21:11:13: Timestep 14, current sequence: ?G????LE??AQ?EG???????SSGE?L?????Q??A?????G??S?S?????????Q??AE??A??LA???AG?????LQ???S?????G?E?????????????A???aaaaaaaaaaaaaaaaaaa
[2025-08-02 21:11:13,844][inference.model_runners][INFO] - 21:11:13: Timestep 13, current sequence: ?G?A??LE??SQ?QG???Q?L?TTGEGAL??LQ???ALL???GL?G??A??????L?QA?AE?LA??LA???QG?????LQ?LQS?ESA???E?????????L???????aaaaaaaaaaaaaaaaaaa
[2025-08-02 21:11:14,657][inference.model_runners][INFO] - 21:11:14: Timestep 12, current sequence: ?G????LE??LQ?K????L?L?SEGGAAA?????L?A?LA??G??Q??A??????L?AA?AE?AQ???E???QG?????LQ?LES?ESGQ??E?????????L???A???aaaaaaaaaaaaaaaaaaa
[2025-08-02 21:11:15,448][inference.model_runners][INFO] - 21:11:15: Timestep 11, current sequence: ?A???LLQA?LQ?K????Q???S?GGG?A???A???A??A??G??Q??AE??LQ???A??AAAAQE?AA??GQQ??A??LE???Q?ASGQG?E?????????????A???aaaaaaaaaaaaaaaaaaa
[2025-08-02 21:11:16,248][inference.model_runners][INFO] - 21:11:16: Timestep 10, current sequence: ?E???L????LG?A????Q???S?GSA??E??A???A??A??G??Q??AE???Q???AA???LAEG?AE???A???A??LE??EQ??SGQGLE?????????LA?AAA??aaaaaaaaaaaaaaaaaaa
[2025-08-02 21:11:17,052][inference.model_runners][INFO] - 21:11:17: Timestep 9, current sequence: ?A???L??Q?LG?A????L???S???S?????A???AA?A??G??Q??AE??A???AA??A?LL?S?LQ??QAA??AA?LA?LEA??SGQAAE???A?????LA??A???aaaaaaaaaaaaaaaaaaa
[2025-08-02 21:11:17,844][inference.model_runners][INFO] - 21:11:17: Timestep 8, current sequence: ?L?A?L??A??G?A????L???S??SS?A???A???AA?AA?G??Q?TAEQ?A????A???SLL?G?ASA??KA??AA?LE?LAA??EGQ??A??A??L?A?AA??AQ??aaaaaaaaaaaaaaaaaaa
[2025-08-02 21:11:18,650][inference.model_runners][INFO] - 21:11:18: Timestep 7, current sequence: ?A??????S??G?A????L???????S?AE??A???AA??A?G??Q?TAEQ?A???AA????AAAS??KA??KA?AAA?AE?LAA??SGQ?AQ??AA?L?A?AA??AA??aaaaaaaaaaaaaaaaaaa
[2025-08-02 21:11:19,448][inference.model_runners][INFO] - 21:11:19: Timestep 6, current sequence: ???????????G?AQ??KA???S???S?AEA?AL??A?????G??S??AAQ?????AA???A?AAA??KA?QKA?AA??AA??AA?ASGQ?AQA?A??A?A?AAA?AA??aaaaaaaaaaaaaaaaaaa
[2025-08-02 21:11:20,250][inference.model_runners][INFO] - 21:11:20: Timestep 5, current sequence: ????????SL?G?A??AAA???S?ASQ?AAA?A????A????G??S??AEQ?????AA???S?AAAAAS??KGA?AA??A???AA?ASGQ?AQA?A????A?AA??AA??aaaaaaaaaaaaaaaaaaa
[2025-08-02 21:11:21,059][inference.model_runners][INFO] - 21:11:21: Timestep 4, current sequence: ???AAL?????SSAQ?AAA???S?ASA?AAAAAA??A??AA?A??S?KAE??????AA???SAAAAA?SA?KG??AQ??ASAASA???GQ?AAS?A???A??AA?AAA??aaaaaaaaaaaaaaaaaaa
[2025-08-02 21:11:21,866][inference.model_runners][INFO] - 21:11:21: Timestep 3, current sequence: ?L?AA??????SSAS?AAA?S?S?A?S?AA?AA??AAA?AA?A??S?Q?EQ???A?AA???SSAAS??AA?KGSAAA??ASAAAA??SGQ?AAS?A????A??A??ASAVaaaaaaaaaaaaaaaaaaa
[2025-08-02 21:11:22,657][inference.model_runners][INFO] - 21:11:22: Timestep 2, current sequence: ?A?AA??????A?ASAAA?A??S?A?S?ASAA?A?AAA?AS?A?AS?K?AA?????S???A?SA?S?AAA?KASAAS???AAASA???GQ?AASAAA???A?AASAAS?Vaaaaaaaaaaaaaaaaaaa
[2025-08-02 21:11:23,449][inference.model_runners][INFO] - 21:11:23: Timestep 1, current sequence: ?A?AS??????SSAS???????S?G?S?SAA?S???SA?AA?A?SS?K?AA?A???AS????SA?SAAAS?KGSAA????SAASA?ASGQ?ASSAS????A??S?A?S??aaaaaaaaaaaaaaaaaaa
[2025-08-02 21:11:23,451][__main__][INFO] - Finished design in 0.40 minutes
[2025-08-02 21:11:24,330][__main__][INFO] - design : /home/hwjang/aipd/noahs_ark/piplines/1_diffusion/output/result_59.pdb
[2025-08-02 21:11:24,330][__main__][INFO] - Xt traj: /home/hwjang/aipd/noahs_ark/piplines/1_diffusion/output/traj/result_59_Xt-1_traj.pdb
[2025-08-02 21:11:24,330][__main__][INFO] - X0 traj: /home/hwjang/aipd/noahs_ark/piplines/1_diffusion/output/traj/result_59_pX0_traj.pdb
[2025-08-02 21:11:24,330][__main__][INFO] - Making design output/result_60
[2025-08-02 21:11:24,330][__main__][INFO] - making design 60 of 56:64
[2025-08-02 21:11:24,331][inference.model_runners][INFO] - Using contig: ['100-130']
With this beta schedule (linear schedule, beta_0 = 0.06666666666666667, beta_T = 0.46666666666666673), alpha_bar_T = 6.0550024500116706e-05
Using cached chi_beta_T dictionary.
Done calculating chi_beta_T, chi_alphas_T, and chi_abars_T dictionaries.
[2025-08-02 21:11:25,056][inference.model_runners][INFO] - 21:11:25: Timestep 30, current sequence: ????????????????????????????????????????????????????????????????????????????????????????????????????????????????aaaaaaaaaaaaaaaaaaa
[2025-08-02 21:11:25,881][inference.model_runners][INFO] - 21:11:25: Timestep 29, current sequence: ????????????????????????????????????????????????????????????????????????????????????????????????????????????????aaaaaaaaaaaaaaaaaaa
[2025-08-02 21:11:26,694][inference.model_runners][INFO] - 21:11:26: Timestep 28, current sequence: ????????????????????????????????????????????????????????????????????????????????????????????????????????????????aaaaaaaaaaaaaaaaaaa
[2025-08-02 21:11:27,505][inference.model_runners][INFO] - 21:11:27: Timestep 27, current sequence: ????????????????????????????????????????????????????????????????????????????????????????????????????????????????aaaaaaaaaaaaaaaaaaa
[2025-08-02 21:11:28,308][inference.model_runners][INFO] - 21:11:28: Timestep 26, current sequence: ????????????????????????????????????????????????????????????????????????????????????????????????????????????????aaaaaaaaaaaaaaaaaaa
[2025-08-02 21:11:29,113][inference.model_runners][INFO] - 21:11:29: Timestep 25, current sequence: ????????????????????????????????????????????????????????????????????????????????????????????????????????????????aaaaaaaaaaaaaaaaaaa
[2025-08-02 21:11:29,921][inference.model_runners][INFO] - 21:11:29: Timestep 24, current sequence: ????????????????????????????????????????????????????????????????????????????????????????????????????????????????aaaaaaaaaaaaaaaaaaa
[2025-08-02 21:11:30,738][inference.model_runners][INFO] - 21:11:30: Timestep 23, current sequence: ????????????????????????????????????????????????????????????????????????????????????????????????????????????????aaaaaaaaaaaaaaaaaaa
[2025-08-02 21:11:31,541][inference.model_runners][INFO] - 21:11:31: Timestep 22, current sequence: ????????????????????????????????????????????????????????????????????????????????????????????????????????????????aaaaaaaaaaaaaaaaaaa
[2025-08-02 21:11:32,342][inference.model_runners][INFO] - 21:11:32: Timestep 21, current sequence: ????????????????????????????????????????????????????????????????????????????????????????????????????????????????aaaaaaaaaaaaaaaaaaa
[2025-08-02 21:11:33,149][inference.model_runners][INFO] - 21:11:33: Timestep 20, current sequence: ????????????????????????????????????????????G???????Q???????????????????????????????????????????????????????????aaaaaaaaaaaaaaaaaaa
[2025-08-02 21:11:33,950][inference.model_runners][INFO] - 21:11:33: Timestep 19, current sequence: ??????????????????????G?QG????S?????????????????????????G?????G?G????????????????????????????????G?????????LE???aaaaaaaaaaaaaaaaaaa
[2025-08-02 21:11:34,745][inference.model_runners][INFO] - 21:11:34: Timestep 18, current sequence: ????????????A?????????G?QG??????S??????????????????????GG??????DE?????S?S????????G??????????????????????????E???aaaaaaaaaaaaaaaaaaa
[2025-08-02 21:11:35,539][inference.model_runners][INFO] - 21:11:35: Timestep 17, current sequence: ??????S?????QE???L????G?QG?S???????SLG?????L???S????????G??D???EE??????????????????????????G?????E?????????LE???aaaaaaaaaaaaaaaaaaa
[2025-08-02 21:11:36,352][inference.model_runners][INFO] - 21:11:36: Timestep 16, current sequence: ??????Q?A???QQ???L????G?QG?S????G??DLQ????LLE??SGT?????GGGG???GT???????????G?????G?????GG?SS??G??E?????L??LLE???aaaaaaaaaaaaaaaaaaa
[2025-08-02 21:11:37,150][inference.model_runners][INFO] - 21:11:37: Timestep 15, current sequence: ??????Q??????????L????G?QG?Q?V??GGSDLQ?????L???G?S?????G?GES?G?TE?G???G?????????GG?G????G?G???S??K???????Q?LE???aaaaaaaaaaaaaaaaaaa
[2025-08-02 21:11:37,962][inference.model_runners][INFO] - 21:11:37: Timestep 14, current sequence: ??V?LVQ?V????L???L????G?QG?QLL??LGSDE??????LEE?S?L?L???G?LGG?S??E???G?G?G??G?T???G?????GGLGSV?Q??K???E????LLE???aaaaaaaaaaaaaaaaaaa
[2025-08-02 21:11:38,771][inference.model_runners][INFO] - 21:11:38: Timestep 13, current sequence: ????VVQ?????EL???L??K?G?QG?Q??L?L?GD???????LEL?GST?L??????????G?E?????G?G?EG?TL??G???S?GG?QS??Q??K?L?E?L??LLE???aaaaaaaaaaaaaaaaaaa
[2025-08-02 21:11:39,574][inference.model_runners][INFO] - 21:11:39: Timestep 12, current sequence: ????L?LSEE???L???L??K?G?S??TTLL?S?GS???????L???G?????????L????G?T??????LG?GG?T??GG?S?E?GS?QQA?Q??????Q?L???LE???aaaaaaaaaaaaaaaaaaa
[2025-08-02 21:11:40,367][inference.model_runners][INFO] - 21:11:40: Timestep 11, current sequence: ??L?L?LSEE???A?V?L?LL?G????TTLQ?T?GS?A?LA??LQ??G???L???L??????G?G???G??LG?EG?T??GG???S?GSLQQAAQ????????????LE???aaaaaaaaaaaaaaaaaaa
[2025-08-02 21:11:41,170][inference.model_runners][INFO] - 21:11:41: Timestep 10, current sequence: ??L?L?L?EE??E???AL?LQ?G?G???SVQ?S?GS?E?LL??LQ??G???L?L???L????G?G????Q?LQ?GG?TMLEG?S?TAGS?QQA?Q?L????Q????LLEQ??aaaaaaaaaaaaaaaaaaa
[2025-08-02 21:11:41,970][inference.model_runners][INFO] - 21:11:41: Timestep 9, current sequence: ??L???L?QE??EA??AL?LQ?G?G????VQ?S?GSAA??L???KL?G???L???L??????G?GQ?????LA?EG?TT?EG?S?TAGSLQQA?Q?A??????L?A?LE???aaaaaaaaaaaaaaaaaaa
[2025-08-02 21:11:42,790][inference.model_runners][INFO] - 21:11:42: Timestep 8, current sequence: ??L???LSAE??EA?LAL?LQ?G?G????VL?S?GSAA??LQA?SA?K????????????????GQG?A???A?E??TT?ES?S?SAGSLQEA?Q?A???L???AAA?EE??aaaaaaaaaaaaaaaaaaa
[2025-08-02 21:11:43,587][inference.model_runners][INFO] - 21:11:43: Timestep 7, current sequence: ??L???LSAA??EA?LEL?LQ?G?G?L?SAL?Q?GSAA??LQ??SA?G?L???????A??????GQA?AQ??A?K??T???S?S?S?SS?Q?A?????LA???L?AA?E???aaaaaaaaaaaaaaaaaaa
[2025-08-02 21:11:44,373][inference.model_runners][INFO] - 21:11:44: Timestep 6, current sequence: ??T???LAAA??EA?LE??LE?G?S????AL?Q?GSAAS??AA?E??G?L???????A??L???G?A?AQ??A?K??T??AS?S?Q?SSLQ?A???AASAL????A?LE???aaaaaaaaaaaaaaaaaaa
[2025-08-02 21:11:45,169][inference.model_runners][INFO] - 21:11:45: Timestep 5, current sequence: ??V???LSEA?AAA?LEA?LA?G?SQ???VL?S?GSAAS?ASA?E??G?????A??AA?AL???G?AAAQ?LA?K??T???S?S?SASQLQ?AA??A?SLL??L?A??????aaaaaaaaaaaaaaaaaaa
[2025-08-02 21:11:45,970][inference.model_runners][INFO] - 21:11:45: Timestep 4, current sequence: ??V????SAAA?QALAEL?SA?K?Q?V?GA??S?GSAAA?AAA?K??G?????A??L????Q??G?A?A???A?K?????ASAS?Q?SQLQSAA???A?A?A??AAAAE???aaaaaaaaaaaaaaaaaaa
[2025-08-02 21:11:46,778][inference.model_runners][INFO] - 21:11:46: Timestep 3, current sequence: ?S?????SEA?AAAAAAA?AA?K?SSL?????S?GSASA?AAA?E??K?????A?????A?S??G?G?AE??A????S???S?S?Q?SSASSAA??AS?A????AA?AAA??aaaaaaaaaaaaaaaaaaa
[2025-08-02 21:11:47,584][inference.model_runners][INFO] - 21:11:47: Timestep 2, current sequence: ???????SAS?ASA?AAA?AA?K?SSV?G?A?Q?ASASAA?SA?S??K?A???A?A??A?AASQG?S?AA??A?KS?K???S?S?QASA?SSA?A?????AA??AAA?S???aaaaaaaaaaaaaaaaaaa
[2025-08-02 21:11:48,384][inference.model_runners][INFO] - 21:11:48: Timestep 1, current sequence: ????A??SAS?AS???SS??S?K?SS??G???S?GS?SS???A?AS?K?????A????AAAAGSG?SSAA??A?ES????KS?S?QASAAQSA????????AA?ASA?SA??aaaaaaaaaaaaaaaaaaa
[2025-08-02 21:11:48,386][__main__][INFO] - Finished design in 0.40 minutes
[2025-08-02 21:11:49,286][__main__][INFO] - design : /home/hwjang/aipd/noahs_ark/piplines/1_diffusion/output/result_60.pdb
[2025-08-02 21:11:49,286][__main__][INFO] - Xt traj: /home/hwjang/aipd/noahs_ark/piplines/1_diffusion/output/traj/result_60_Xt-1_traj.pdb
[2025-08-02 21:11:49,286][__main__][INFO] - X0 traj: /home/hwjang/aipd/noahs_ark/piplines/1_diffusion/output/traj/result_60_pX0_traj.pdb
[2025-08-02 21:11:49,287][__main__][INFO] - Making design output/result_61
[2025-08-02 21:11:49,287][__main__][INFO] - making design 61 of 56:64
[2025-08-02 21:11:49,287][inference.model_runners][INFO] - Using contig: ['100-130']
With this beta schedule (linear schedule, beta_0 = 0.06666666666666667, beta_T = 0.46666666666666673), alpha_bar_T = 6.0550024500116706e-05
Using cached chi_beta_T dictionary.
Done calculating chi_beta_T, chi_alphas_T, and chi_abars_T dictionaries.
[2025-08-02 21:11:50,030][inference.model_runners][INFO] - 21:11:50: Timestep 30, current sequence: ?????????????????????????????????????????????????????????????????????????????????????????????????????????????????????????????aaaaaaaaaaaaaaaaaaa
[2025-08-02 21:11:50,849][inference.model_runners][INFO] - 21:11:50: Timestep 29, current sequence: ?????????????????????????????????????????????????????????????????????????????????????????????????????????????????????????????aaaaaaaaaaaaaaaaaaa
[2025-08-02 21:11:51,682][inference.model_runners][INFO] - 21:11:51: Timestep 28, current sequence: ?????????????????????????????????????????????????????????????????????????????????????????????????????????????????????????????aaaaaaaaaaaaaaaaaaa
[2025-08-02 21:11:52,504][inference.model_runners][INFO] - 21:11:52: Timestep 27, current sequence: ?????????????????????????????????????????????????????????????????????????????????????????????????????????????????????????????aaaaaaaaaaaaaaaaaaa
[2025-08-02 21:11:53,342][inference.model_runners][INFO] - 21:11:53: Timestep 26, current sequence: ?????????????????????????????????????????????????????????????????????????????????????????????????????????????????????????????aaaaaaaaaaaaaaaaaaa
[2025-08-02 21:11:54,161][inference.model_runners][INFO] - 21:11:54: Timestep 25, current sequence: ?????????????????????????????????????????????????????????????????????????????????????????????????????????????????????????????aaaaaaaaaaaaaaaaaaa
[2025-08-02 21:11:54,979][inference.model_runners][INFO] - 21:11:54: Timestep 24, current sequence: ?????????????????????????????????????????????????????????????????????????????????????????????????????????????????????????????aaaaaaaaaaaaaaaaaaa
[2025-08-02 21:11:55,807][inference.model_runners][INFO] - 21:11:55: Timestep 23, current sequence: ?????????????????????????????????????????????????????????????????????????????????????????????????????????????????????????????aaaaaaaaaaaaaaaaaaa
[2025-08-02 21:11:56,634][inference.model_runners][INFO] - 21:11:56: Timestep 22, current sequence: ?????????????????????????????????????????????????????????????????????????????????????????????????????????????????????????????aaaaaaaaaaaaaaaaaaa
[2025-08-02 21:11:57,452][inference.model_runners][INFO] - 21:11:57: Timestep 21, current sequence: ?????????????????????????????????????????????????????????????????????????????????????????????????????????????????????????????aaaaaaaaaaaaaaaaaaa
[2025-08-02 21:11:58,260][inference.model_runners][INFO] - 21:11:58: Timestep 20, current sequence: ???????????????????????????????????????????????????????????????????????????D?????????????????????????G???????????????????????aaaaaaaaaaaaaaaaaaa
[2025-08-02 21:11:59,074][inference.model_runners][INFO] - 21:11:59: Timestep 19, current sequence: ???????????????????????????????????????????????????????????????????????????S?????????????????????????S???????Q??Q????G???S?Q?aaaaaaaaaaaaaaaaaaa
[2025-08-02 21:11:59,898][inference.model_runners][INFO] - 21:11:59: Timestep 18, current sequence: ???????????????????????G??????????????G?????????????????G?SG??????????????????D??S???????????????????????????E???????G???S?Q?aaaaaaaaaaaaaaaaaaa
[2025-08-02 21:12:00,730][inference.model_runners][INFO] - 21:12:00: Timestep 17, current sequence: ??A??????????????G?????G??????????????????????L?????????S?SG??????????G??SEELLE??G???????????????????G???EE?GE??????GG???G???aaaaaaaaaaaaaaaaaaa
[2025-08-02 21:12:01,545][inference.model_runners][INFO] - 21:12:01: Timestep 16, current sequence: ??Q??????????????GS???DG??????????S??G???A??????????????K?G???????????G??T???LE??G???????????????????S???EQ?????????GG???G???aaaaaaaaaaaaaaaaaaa
[2025-08-02 21:12:02,374][inference.model_runners][INFO] - 21:12:02: Timestep 15, current sequence: ?GG?LLE?L????????G????SGA?????LL??S?????????????????????G?G???????????GQ?T?E??Q?GG???????????????L???G???QQ??E??????SE???G???aaaaaaaaaaaaaaaaaaa
[2025-08-02 21:12:03,198][inference.model_runners][INFO] - 21:12:03: Timestep 14, current sequence: ????V???L??L????QG???GS?A??????L????????AA??????????????G?SG?????????GSS?T????Q?GG??E????????????L???G???QG?E??????SSGL??????aaaaaaaaaaaaaaaaaaa
[2025-08-02 21:12:04,023][inference.model_runners][INFO] - 21:12:04: Timestep 13, current sequence: ????A?????L?????GG??AGG?S?A????L?????G??????????L???????G?SG???????????S??E???Q?E???E????????????LLL?G?S?QQ????????SQGL?EK???aaaaaaaaaaaaaaaaaaa
[2025-08-02 21:12:04,842][inference.model_runners][INFO] - 21:12:04: Timestep 12, current sequence: ??G???????L??????GLLGEL?S?A????L?L???S???????????A???A??G?QQ??E???????SS???A??Q?GGL?E???????L????L?L?G?L?EQ?????Q??GTA??EK???aaaaaaaaaaaaaaaaaaa
[2025-08-02 21:12:05,664][inference.model_runners][INFO] - 21:12:05: Timestep 11, current sequence: ?G??LA?????????VQGL?GE??S???????LLE??S???????A????A?AA??G?QQ?AE???????SG??EE??Q?TGA?E??AA??LL??A???L?G?S?QQ?KE?LQ??STEL??K???aaaaaaaaaaaaaaaaaaa
[2025-08-02 21:12:06,482][inference.model_runners][INFO] - 21:12:06: Timestep 10, current sequence: ?A?ALAQ?????????AGLLAE??S????L??LLQALS???????A????A?AA??G?QQ?AE??L????SG??E???S?EGA?E??AA??????ALL???G?SLE??KALLA??STE???KL??aaaaaaaaaaaaaaaaaaa
[2025-08-02 21:12:07,305][inference.model_runners][INFO] - 21:12:07: Timestep 9, current sequence: ?A?E??Q?????????AAA?AQ??S????????LQ??G?SAA???A????A??E??G?QQ?AE??A????SG??AA?AS?EGLAE??????A????LL???G?SLQALRAL?Q??STA???K???aaaaaaaaaaaaaaaaaaa
[2025-08-02 21:12:08,126][inference.model_runners][INFO] - 21:12:08: Timestep 8, current sequence: ?A?E????????????AEA?AS??S?????A??LQ??K?SAA???AA??AA?LE??G?AQ?AE??L?????G??EA??S?EG?AQ???????????L????G?QLS?LKA??A??S?A???A???aaaaaaaaaaaaaaaaaaa
[2025-08-02 21:12:08,956][inference.model_runners][INFO] - 21:12:08: Timestep 7, current sequence: ?A????A?????????AAA??S??Q??A??AA?LQL?G?TAA????A???A?AE??G?AQ?AA??LG???????EA??S?EG?AA???????????L????G?QAEEL?A??A??S?A???A???aaaaaaaaaaaaaaaaaaa
[2025-08-02 21:12:09,778][inference.model_runners][INFO] - 21:12:09: Timestep 6, current sequence: ?AEA?A???????????AA??SALQ??A?AAA?LQL?K?QAA????A???A?LE??K?AQ?AA??L????S???EA??S?EG?A??A????????A??AA?G?QAQELGA??A??S?AA?AK???aaaaaaaaaaaaaaaaaaa
[2025-08-02 21:12:10,607][inference.model_runners][INFO] - 21:12:10: Timestep 5, current sequence: ?AEA?AA??????????G???K??SA?A??AA?LQL?K???A????A??AA?LE??G?AQ?AA??A?????G??EA??S?EG?AA?????????????AA?G?QAQEL?AA?A??S?A??AK??Kaaaaaaaaaaaaaaaaaaa
[2025-08-02 21:12:11,433][inference.model_runners][INFO] - 21:12:11: Timestep 4, current sequence: ?ASAAAAAA????????G???K??QA?S??AAAAQA?K????????A??AA?AA??GSAQLAAA?A?????G??EA?AS?KS?AAA??A??????A??AA?G?QAQEL?AA?A??S?EA??K??Kaaaaaaaaaaaaaaaaaaa
[2025-08-02 21:12:12,259][inference.model_runners][INFO] - 21:12:12: Timestep 3, current sequence: ?ASA?AAA???????A?G?A?S??Q?AA??AA?AAA?K????????A??AA??A??KSAQLAA??A?????G??EG??S?EA?AA?A????????A???A?G?QASELQA?SA??S?AAAAA??Kaaaaaaaaaaaaaaaaaaa
[2025-08-02 21:12:13,084][inference.model_runners][INFO] - 21:12:13: Timestep 2, current sequence: ?ASAAAA??????????G?A?S??Q?SA??AA?AAASA???A???AA??AA?????GSAQS?AS?A????S???E???S?KA?AA?AAA?AA??A????S?G?SASELSAA?AA?S?A??AA??Kaaaaaaaaaaaaaaaaaaa
[2025-08-02 21:12:13,908][inference.model_runners][INFO] - 21:12:13: Timestep 1, current sequence: ?ASA?A???A??SA???G???K??A?S????A??AA?K??A????SA??AA??A??KSASA?AS?SA??????KES??S?KS?AS??S??ASA????????K?QAQAA?A??E??S?SA?AK??Kaaaaaaaaaaaaaaaaaaa
[2025-08-02 21:12:13,910][__main__][INFO] - Finished design in 0.41 minutes
[2025-08-02 21:12:14,920][__main__][INFO] - design : /home/hwjang/aipd/noahs_ark/piplines/1_diffusion/output/result_61.pdb
[2025-08-02 21:12:14,920][__main__][INFO] - Xt traj: /home/hwjang/aipd/noahs_ark/piplines/1_diffusion/output/traj/result_61_Xt-1_traj.pdb
[2025-08-02 21:12:14,920][__main__][INFO] - X0 traj: /home/hwjang/aipd/noahs_ark/piplines/1_diffusion/output/traj/result_61_pX0_traj.pdb
[2025-08-02 21:12:14,920][__main__][INFO] - Making design output/result_62
[2025-08-02 21:12:14,920][__main__][INFO] - making design 62 of 56:64
[2025-08-02 21:12:14,920][inference.model_runners][INFO] - Using contig: ['100-130']
With this beta schedule (linear schedule, beta_0 = 0.06666666666666667, beta_T = 0.46666666666666673), alpha_bar_T = 6.0550024500116706e-05
Using cached chi_beta_T dictionary.
Done calculating chi_beta_T, chi_alphas_T, and chi_abars_T dictionaries.
[2025-08-02 21:12:15,638][inference.model_runners][INFO] - 21:12:15: Timestep 30, current sequence: ????????????????????????????????????????????????????????????????????????????????????????????????????????????????????aaaaaaaaaaaaaaaaaaa
[2025-08-02 21:12:16,470][inference.model_runners][INFO] - 21:12:16: Timestep 29, current sequence: ????????????????????????????????????????????????????????????????????????????????????????????????????????????????????aaaaaaaaaaaaaaaaaaa
[2025-08-02 21:12:17,273][inference.model_runners][INFO] - 21:12:17: Timestep 28, current sequence: ????????????????????????????????????????????????????????????????????????????????????????????????????????????????????aaaaaaaaaaaaaaaaaaa
[2025-08-02 21:12:18,068][inference.model_runners][INFO] - 21:12:18: Timestep 27, current sequence: ????????????????????????????????????????????????????????????????????????????????????????????????????????????????????aaaaaaaaaaaaaaaaaaa
[2025-08-02 21:12:18,880][inference.model_runners][INFO] - 21:12:18: Timestep 26, current sequence: ????????????????????????????????????????????????????????????????????????????????????????????????????????????????????aaaaaaaaaaaaaaaaaaa
[2025-08-02 21:12:19,696][inference.model_runners][INFO] - 21:12:19: Timestep 25, current sequence: ????????????????????????????????????????????????????????????????????????????????????????????????????????????????????aaaaaaaaaaaaaaaaaaa
[2025-08-02 21:12:20,518][inference.model_runners][INFO] - 21:12:20: Timestep 24, current sequence: ????????????????????????????????????????????????????????????????????????????????????????????????????????????????????aaaaaaaaaaaaaaaaaaa
[2025-08-02 21:12:21,323][inference.model_runners][INFO] - 21:12:21: Timestep 23, current sequence: ????????????????????????????????????????????????????????????????????????????????????????????????????????????????????aaaaaaaaaaaaaaaaaaa
[2025-08-02 21:12:22,130][inference.model_runners][INFO] - 21:12:22: Timestep 22, current sequence: ????????????????????????????????????????????????????????????????????????????????????????????????????????????????????aaaaaaaaaaaaaaaaaaa
[2025-08-02 21:12:22,939][inference.model_runners][INFO] - 21:12:22: Timestep 21, current sequence: ????????????????????????????????????????????????????????????????????????????????????????????????????????????????????aaaaaaaaaaaaaaaaaaa
[2025-08-02 21:12:23,738][inference.model_runners][INFO] - 21:12:23: Timestep 20, current sequence: ????????????????????????????G???????????????????????????????????????????E???????????????????????????????????????????aaaaaaaaaaaaaaaaaaa
[2025-08-02 21:12:24,549][inference.model_runners][INFO] - 21:12:24: Timestep 19, current sequence: ????????????????????????GG???S??????????????????????????????S?G?E???????????????????????????????????????????????????aaaaaaaaaaaaaaaaaaa
[2025-08-02 21:12:25,359][inference.model_runners][INFO] - 21:12:25: Timestep 18, current sequence: ????????????????????????GG???T?????????????????????G?????????GG?S?T???????????????????????????????????????????G?????aaaaaaaaaaaaaaaaaaa
[2025-08-02 21:12:26,162][inference.model_runners][INFO] - 21:12:26: Timestep 17, current sequence: ?????????EQ??K??????????G?TT?S????G????????????????G?????????GG?G?T?E????????????????????SG???????G?????????L?Q?????aaaaaaaaaaaaaaaaaaa
[2025-08-02 21:12:26,962][inference.model_runners][INFO] - 21:12:26: Timestep 16, current sequence: ???Q??????G?????????????G?S??T???GGS???????????????G?????????GGGG?TL??????????????????G??G??????????????????????????aaaaaaaaaaaaaaaaaaa
[2025-08-02 21:12:27,778][inference.model_runners][INFO] - 21:12:27: Timestep 15, current sequence: ?T???????EG????????????GG?TG?T???GT????????????????GGS???????G??G?TV???TE??E???Q???E??E??GQ???????G?????????????????aaaaaaaaaaaaaaaaaaa
[2025-08-02 21:12:28,593][inference.model_runners][INFO] - 21:12:28: Timestep 14, current sequence: ???Q????SAQ??????L??G?????TT?T?AG?GD???????????????SEG???????G??G?TLE??E???E???E??LE??E??SG?L?????G??????????L??????aaaaaaaaaaaaaaaaaaa
[2025-08-02 21:12:29,405][inference.model_runners][INFO] - 21:12:29: Timestep 13, current sequence: ???Q?????AS??????E?????G??TS?S??G?GD?E???????????Q?SEG??V????G??G?QLE??????Q???Q??L??????QGLL?L???G???????E??LE?????aaaaaaaaaaaaaaaaaaa
[2025-08-02 21:12:30,213][inference.model_runners][INFO] - 21:12:30: Timestep 12, current sequence: ???T?????AQ????????????G??TS?T?LG?E?A??????VL???QQ?SEG??L???LG??G?DAE???A??E???E?LLQ??A??AGLL????S?ES?????A??LELL???aaaaaaaaaaaaaaaaaaa
[2025-08-02 21:12:31,036][inference.model_runners][INFO] - 21:12:31: Timestep 11, current sequence: ???T?L???GQL????L???K??GS?TS?T?LQ?QDAE??LA?VL???QQ?TEG??L????G??G?SAE???A??E???E?LLEL?A??AG?L?L??S?QS?A???A??LELLE??aaaaaaaaaaaaaaaaaaa
[2025-08-02 21:12:31,848][inference.model_runners][INFO] - 21:12:31: Timestep 10, current sequence: ???Q?L???AQL?A??LQ??L??GT?TT???LQ?QEAE?ALA??L??LQQ?TEG??L????G??G?KEE???A??Q???E?LAE?????AGLL???????S?A??AA??LELLE??aaaaaaaaaaaaaaaaaaa
[2025-08-02 21:12:32,657][inference.model_runners][INFO] - 21:12:32: Timestep 9, current sequence: ???Q?L???AQL?A??AA??EL??T??S?T?QQ?QEAEQALA???A?LQS?TEG??L????G??G?SAE???E??E???A?LAE??A??AGL???????ES????AA??LE??K??aaaaaaaaaaaaaaaaaaa
[2025-08-02 21:12:33,468][inference.model_runners][INFO] - 21:12:33: Timestep 8, current sequence: ?????????AQL?A??????E???T??S???QQ?EEAGQALQ?L?E?L?S?TEG??L??S?G??Q?QAQ??QE??Q???A?LAE??A??AGL???????ES????A???AE?L???aaaaaaaaaaaaaaaaaaa
[2025-08-02 21:12:34,270][inference.model_runners][INFO] - 21:12:34: Timestep 7, current sequence: ???T?????AS????????LE???T????T?QQ?KEAAQALAA?AA?LAS?TEG??LL?S?G??Q?KEEQ?EA??E???A?LA?L?A??QGL???????ES????A???AE?L???aaaaaaaaaaaaaaaaaaa
[2025-08-02 21:12:35,080][inference.model_runners][INFO] - 21:12:35: Timestep 6, current sequence: ?????????AS??A??L??LE???T??S?Q?QQ?KEAAQA?AALAA?L?S?S?G??LL?S?S?SS?KAE???A??EQ?A??AA??LA?S?GL???????SS?AQ?AA??SE?LE??aaaaaaaaaaaaaaaaaaa
[2025-08-02 21:12:35,890][inference.model_runners][INFO] - 21:12:35: Timestep 5, current sequence: ???Q?????AQ??A??AA?LE???T?TE???QQ?KEAAQ??QALAA?LAS?S?G??LV?S?G??G??AEA??A??A??AAALA?LLA?S?G???????AGS?AA?AA??A??LA??aaaaaaaaaaaaaaaaaaa
[2025-08-02 21:12:36,694][inference.model_runners][INFO] - 21:12:36: Timestep 4, current sequence: ???KSL???AQ??A??AA?LL??ST?QE?Q?QQSESAAQA?AAAAA?LAS?SEG??LL?S?G??G?QAAA?AA??AS?AAA?AA??A???G???S????GSAEAAAAS?G??LAA?aaaaaaaaaaaaaaaaaaa
[2025-08-02 21:12:37,497][inference.model_runners][INFO] - 21:12:37: Timestep 3, current sequence: ???KS????A???AA?AAALA???T?K??Q?AA?E?AAQA?AAAAAAA?S???G???L?S?G??G?QEEA?ASA?AA?AAAAAA????S?G???S???AGQ?AAA?AS??A?LAA?aaaaaaaaaaaaaaaaaaa
[2025-08-02 21:12:38,310][inference.model_runners][INFO] - 21:12:38: Timestep 2, current sequence: ?Q?K?????A???AS?AA?AAS?????S?Q?AQ?K?A?S?ASSASAS?AS?S?G???L?Q?G??K?QEAS?AS?AAA?AA??AA??A?S?G???S??S??S?EA??AS??A??AA?aaaaaaaaaaaaaaaaaaa
[2025-08-02 21:12:39,115][inference.model_runners][INFO] - 21:12:39: Timestep 1, current sequence: ?Q?KS????ASS?S??AAA?SA??S?KS?Q?A??E?AAS??SSASA???S?S?G???????G??K?KEES?ASAAAA?ASA?S?AA??S?S?SAS??S?AS?AA?SSA?SA??AA?aaaaaaaaaaaaaaaaaaa
[2025-08-02 21:12:39,117][__main__][INFO] - Finished design in 0.40 minutes
[2025-08-02 21:12:40,070][__main__][INFO] - design : /home/hwjang/aipd/noahs_ark/piplines/1_diffusion/output/result_62.pdb
[2025-08-02 21:12:40,070][__main__][INFO] - Xt traj: /home/hwjang/aipd/noahs_ark/piplines/1_diffusion/output/traj/result_62_Xt-1_traj.pdb
[2025-08-02 21:12:40,070][__main__][INFO] - X0 traj: /home/hwjang/aipd/noahs_ark/piplines/1_diffusion/output/traj/result_62_pX0_traj.pdb
[2025-08-02 21:12:40,071][__main__][INFO] - Making design output/result_63
[2025-08-02 21:12:40,071][__main__][INFO] - making design 63 of 56:64
[2025-08-02 21:12:40,071][inference.model_runners][INFO] - Using contig: ['100-130']
With this beta schedule (linear schedule, beta_0 = 0.06666666666666667, beta_T = 0.46666666666666673), alpha_bar_T = 6.0550024500116706e-05
Using cached chi_beta_T dictionary.
Done calculating chi_beta_T, chi_alphas_T, and chi_abars_T dictionaries.
[2025-08-02 21:12:40,781][inference.model_runners][INFO] - 21:12:40: Timestep 30, current sequence: ?????????????????????????????????????????????????????????????????????????????????????????????????????????????aaaaaaaaaaaaaaaaaaa
[2025-08-02 21:12:41,608][inference.model_runners][INFO] - 21:12:41: Timestep 29, current sequence: ?????????????????????????????????????????????????????????????????????????????????????????????????????????????aaaaaaaaaaaaaaaaaaa
[2025-08-02 21:12:42,426][inference.model_runners][INFO] - 21:12:42: Timestep 28, current sequence: ?????????????????????????????????????????????????????????????????????????????????????????????????????????????aaaaaaaaaaaaaaaaaaa
[2025-08-02 21:12:43,219][inference.model_runners][INFO] - 21:12:43: Timestep 27, current sequence: ?????????????????????????????????????????????????????????????????????????????????????????????????????????????aaaaaaaaaaaaaaaaaaa
[2025-08-02 21:12:44,002][inference.model_runners][INFO] - 21:12:44: Timestep 26, current sequence: ?????????????????????????????????????????????????????????????????????????????????????????????????????????????aaaaaaaaaaaaaaaaaaa
[2025-08-02 21:12:44,811][inference.model_runners][INFO] - 21:12:44: Timestep 25, current sequence: ?????????????????????????????????????????????????????????????????????????????????????????????????????????????aaaaaaaaaaaaaaaaaaa
[2025-08-02 21:12:45,614][inference.model_runners][INFO] - 21:12:45: Timestep 24, current sequence: ?????????????????????????????????????????????????????????????????????????????????????????????????????????????aaaaaaaaaaaaaaaaaaa
[2025-08-02 21:12:46,420][inference.model_runners][INFO] - 21:12:46: Timestep 23, current sequence: ?????????????????????????????????????????????????????????????????????????????????????????????????????????????aaaaaaaaaaaaaaaaaaa
[2025-08-02 21:12:47,208][inference.model_runners][INFO] - 21:12:47: Timestep 22, current sequence: ?????????????????????????????????????????????????????????????????????????????????????????????????????????????aaaaaaaaaaaaaaaaaaa
[2025-08-02 21:12:48,005][inference.model_runners][INFO] - 21:12:48: Timestep 21, current sequence: ?????????????????????????????????????????????????????????????????????????????????????????????????????????????aaaaaaaaaaaaaaaaaaa
[2025-08-02 21:12:48,809][inference.model_runners][INFO] - 21:12:48: Timestep 20, current sequence: ?????????????????????????????????????????????????????????????????????????????????????????????????????????????aaaaaaaaaaaaaaaaaaa
[2025-08-02 21:12:49,603][inference.model_runners][INFO] - 21:12:49: Timestep 19, current sequence: ??????????????????????????????????S?????????????????????G?S??G???????????????????????????????????????????Q???aaaaaaaaaaaaaaaaaaa
[2025-08-02 21:12:50,395][inference.model_runners][INFO] - 21:12:50: Timestep 18, current sequence: ???E????????????????????S????????????G??????????????????G?S??GE????????????????????????????S???GGS???????Q???aaaaaaaaaaaaaaaaaaa
[2025-08-02 21:12:51,203][inference.model_runners][INFO] - 21:12:51: Timestep 17, current sequence: ???Q??????????????????G????????????S??S???????????????LLG????????E???????E?????????L???????S?????SG???G??Q???aaaaaaaaaaaaaaaaaaa
[2025-08-02 21:12:51,998][inference.model_runners][INFO] - 21:12:51: Timestep 16, current sequence: ???E??????KSQT????????G????G?V???V?T?GSV???S??????????LSG?TGG????S???????E?????S???????QS??S?GGS?QE???Q??Q?E?aaaaaaaaaaaaaaaaaaa
[2025-08-02 21:12:52,773][inference.model_runners][INFO] - 21:12:52: Timestep 15, current sequence: ???E??????KQLTSG??????L?S?SGSL???????GSL???T?????????QL?G?T?G??????TLE???Q?????S??T?????GG?S?????EQ???Q??Q?E?aaaaaaaaaaaaaaaaaaa
[2025-08-02 21:12:53,567][inference.model_runners][INFO] - 21:12:53: Timestep 14, current sequence: ???E??????KSVTEG??????LSSSSGLL???L????SV???TL????????QL?G?TEG??????TLE???Q?????S??TLE???Q??G?S?Q?QQ???TL?Q?Q?aaaaaaaaaaaaaaaaaaa
[2025-08-02 21:12:54,361][inference.model_runners][INFO] - 21:12:54: Timestep 13, current sequence: ???E?L????KQA?EG?L??L?LSSS?G?L?????S?GSV???TL????????QL?G?TEG???????L????Q?????S?TTLA???S??G?SGQ?EA??Q?L?G?Q?aaaaaaaaaaaaaaaaaaa
[2025-08-02 21:12:55,151][inference.model_runners][INFO] - 21:12:55: Timestep 12, current sequence: ???E?L?L??GSG?QG?L??V??SGSSG?????????G?V???TL????????QLSG?GGS???TL?SL????QL????G?GTLA???QQ?G?S??GEA??Q?L?Q?Q?aaaaaaaaaaaaaaaaaaa
[2025-08-02 21:12:55,944][inference.model_runners][INFO] - 21:12:55: Timestep 11, current sequence: ???EL??A??LSG?AG?L??V??SGSSG??L??????GSV?L?SLE??L????QLSG?GGS???S??SAE???QL?K??G??TL?????Q?G?EG??EA??Q???Q?Q?aaaaaaaaaaaaaaaaaaa
[2025-08-02 21:12:56,746][inference.model_runners][INFO] - 21:12:56: Timestep 10, current sequence: ???AL?AAL?LQGTEG????LL??GLSG??L??MV??GSV?V??L?L???AL??LQG?GGV???TL?QA?????L?K??G?STL?????Q?G?EG?LEE?VQ???Q?Q?aaaaaaaaaaaaaaaaaaa
[2025-08-02 21:12:57,551][inference.model_runners][INFO] - 21:12:57: Timestep 9, current sequence: ???E??AE??AQGTEG????L?V?G??G??V??M???GSV?V?TLAL??ALA?ESQG?EGV???TL?QLE????L?K??G?SDLAQ??GQ?G?EG??EALLE???Q?K?aaaaaaaaaaaaaaaaaaa
[2025-08-02 21:12:58,340][inference.model_runners][INFO] - 21:12:58: Timestep 8, current sequence: ???A??A?L?ASG??G??SVLLV?G??GQ?V?L?L??G?L???TAEL???L???LQG?GSLL??TL?????????????G?SDLAQ??GQ?GQEG??AQLLE???Q???aaaaaaaaaaaaaaaaaaa
[2025-08-02 21:12:59,135][inference.model_runners][INFO] - 21:12:59: Timestep 7, current sequence: ???E??AE?LASGT?G??SV?LVAG??K??L??????GSL???TAG??A?L?A?SAG?Q?????S??????????????G?S?LAQ??QQ?GQEG??AA?AEA?AQ???aaaaaaaaaaaaaaaaaaa
[2025-08-02 21:12:59,929][inference.model_runners][INFO] - 21:12:59: Timestep 6, current sequence: ???AA?AA?LAQGT?G??SV?TV?G?GK??L??????GSL????AQA??ELAA?SQG?Q?A???SL??L????QL????G?S?AAQ??QQ?GQAQAL?A?A?A??Q???aaaaaaaaaaaaaaaaaaa
[2025-08-02 21:13:00,721][inference.model_runners][INFO] - 21:13:00: Timestep 5, current sequence: ???EA?AA?L?SGS?G??V???V?G??K?????????GS?????AEA?AELAA?ASA?Q?????SL??A????QL????G?K??AA??QQ?STAQAAAAAAEA?AQ???aaaaaaaaaaaaaaaaaaa
[2025-08-02 21:13:01,519][inference.model_runners][INFO] - 21:13:01: Timestep 4, current sequence: ???EA?AA?L?SGS?GQ???????S??K?????A???????L??AEA?ASLA?SAAGSQ???Q?S???A????QL?SA?G?S??AA?AAQ?STAQ?AA?AAAA??S?S?aaaaaaaaaaaaaaaaaaa
[2025-08-02 21:13:02,318][inference.model_runners][INFO] - 21:13:02: Timestep 3, current sequence: ???ES?AA?AASGS?GQ???V?V?S?GE????LV???S????S?AAA?AALA?SSSGSK???S?S???E???A?L?AA?G????AALAAQ?ASAS??ASAAKAAAK?K?aaaaaaaaaaaaaaaaaaa
[2025-08-02 21:13:03,108][inference.model_runners][INFO] - 21:13:03: Timestep 2, current sequence: ???ESAA???ASGS?GA?S???A?G?KE???L?S???S????S?AAA?A??A?S??G?K?????S???????A????A?G?K?AAA?AAS?SSASSAASAAA?AAS?S?aaaaaaaaaaaaaaaaaaa
[2025-08-02 21:13:03,909][inference.model_runners][INFO] - 21:13:03: Timestep 1, current sequence: ???Q??AAA?ASG??GS?SA??A?S?KK???????S?SS???S??SA?AS???S?SSSQ?????Q????AS?AQ?????S????AA??SS?SSAS???SAASSA?S???aaaaaaaaaaaaaaaaaaa
[2025-08-02 21:13:03,912][__main__][INFO] - Finished design in 0.40 minutes
[2025-08-02 21:13:04,789][__main__][INFO] - design : /home/hwjang/aipd/noahs_ark/piplines/1_diffusion/output/result_63.pdb
[2025-08-02 21:13:04,789][__main__][INFO] - Xt traj: /home/hwjang/aipd/noahs_ark/piplines/1_diffusion/output/traj/result_63_Xt-1_traj.pdb
[2025-08-02 21:13:04,789][__main__][INFO] - X0 traj: /home/hwjang/aipd/noahs_ark/piplines/1_diffusion/output/traj/result_63_pX0_traj.pdb

=============================================
Sat Aug 2 09:13:06 PM KST 2025
[INFO] Job finished in 215 seconds
