Sat Aug 2 09:09:31 PM KST 2025
[INFO] Job Information
=============================================
[INFO] Job Name       : rfdaa
[INFO] Job ID         : 146507
[INFO] Submit Dir     : /home/hwjang/aipd/noahs_ark/piplines/1_diffusion
[INFO] Partition      : gpu-farm
[INFO] Node List      : node26
[INFO] Nodes          : 1
[INFO] CPUs per Task  : 4
[INFO] Memory (MB)    : 
[INFO] User           : hwjang
[INFO] Work Dir       : /home/hwjang/aipd/noahs_ark/piplines/1_diffusion
[INFO] Tasks per Node : 1
[INFO] Dependency     : 
[INFO] Allocated GPUs : 2
---------------------------------------------
[INFO] Job allocated on node(s): node26
[INFO] Job running on: node26
=============================================

[2025-08-02 21:09:35,930][inference.model_runners][INFO] - Reading checkpoint from /home/hwjang/aipd/rf_diffusion_all_atom/RFDiffusionAA_paper_weights.pt
loading /home/hwjang/aipd/rf_diffusion_all_atom/RFDiffusionAA_paper_weights.pt
loaded /home/hwjang/aipd/rf_diffusion_all_atom/RFDiffusionAA_paper_weights.pt
OVERRIDING: You are changing diffuser.T from the value this model was trained with.
[2025-08-02 21:09:41,950][inference.model_runners][INFO] - Loading checkpoint.
[2025-08-02 21:09:42,080][diffusion][INFO] - Using cached IGSO3.
[2025-08-02 21:09:42,088][__main__][INFO] - Making design output/result_8
[2025-08-02 21:09:42,088][__main__][INFO] - making design 8 of 8:16
[2025-08-02 21:09:42,088][inference.model_runners][INFO] - Using contig: ['100-130']
With this beta schedule (linear schedule, beta_0 = 0.06666666666666667, beta_T = 0.46666666666666673), alpha_bar_T = 6.0550024500116706e-05
Using cached chi_beta_T dictionary.
Done calculating chi_beta_T, chi_alphas_T, and chi_abars_T dictionaries.
[2025-08-02 21:09:43,694][inference.model_runners][INFO] - 21:09:43: Timestep 30, current sequence: ?????????????????????????????????????????????????????????????????????????????????????????????????????????????????????????????????aaaaaaaaaaaaaaaaaaa
[2025-08-02 21:09:44,438][inference.model_runners][INFO] - 21:09:44: Timestep 29, current sequence: ?????????????????????????????????????????????????????????????????????????????????????????????????????????????????????????????????aaaaaaaaaaaaaaaaaaa
[2025-08-02 21:09:45,164][inference.model_runners][INFO] - 21:09:45: Timestep 28, current sequence: ?????????????????????????????????????????????????????????????????????????????????????????????????????????????????????????????????aaaaaaaaaaaaaaaaaaa
[2025-08-02 21:09:45,896][inference.model_runners][INFO] - 21:09:45: Timestep 27, current sequence: ?????????????????????????????????????????????????????????????????????????????????????????????????????????????????????????????????aaaaaaaaaaaaaaaaaaa
[2025-08-02 21:09:46,613][inference.model_runners][INFO] - 21:09:46: Timestep 26, current sequence: ?????????????????????????????????????????????????????????????????????????????????????????????????????????????????????????????????aaaaaaaaaaaaaaaaaaa
[2025-08-02 21:09:47,331][inference.model_runners][INFO] - 21:09:47: Timestep 25, current sequence: ?????????????????????????????????????????????????????????????????????????????????????????????????????????????????????????????????aaaaaaaaaaaaaaaaaaa
[2025-08-02 21:09:48,059][inference.model_runners][INFO] - 21:09:48: Timestep 24, current sequence: ?????????????????????????????????????????????????????????????????????????????????????????????????????????????????????????????????aaaaaaaaaaaaaaaaaaa
[2025-08-02 21:09:48,782][inference.model_runners][INFO] - 21:09:48: Timestep 23, current sequence: ?????????????????????????????????????????????????????????????????????????????????????????????????????????????????????????????????aaaaaaaaaaaaaaaaaaa
[2025-08-02 21:09:49,518][inference.model_runners][INFO] - 21:09:49: Timestep 22, current sequence: ?????????????????????????????????????????????????????????????????????????????????????????????????????????????????????????????????aaaaaaaaaaaaaaaaaaa
[2025-08-02 21:09:50,238][inference.model_runners][INFO] - 21:09:50: Timestep 21, current sequence: ?????????????????????????????????????????????????????????????????????????????????????????????????????????????????????????????????aaaaaaaaaaaaaaaaaaa
[2025-08-02 21:09:50,965][inference.model_runners][INFO] - 21:09:50: Timestep 20, current sequence: ?????????????????????????????????????????????????????G????????????????????????????????????????????????????????????D??????????????aaaaaaaaaaaaaaaaaaa
[2025-08-02 21:09:51,687][inference.model_runners][INFO] - 21:09:51: Timestep 19, current sequence: ????????????????????G???????GG??????S?????????????????G????????????????G?????????????????????????????????????????????????????????aaaaaaaaaaaaaaaaaaa
[2025-08-02 21:09:52,416][inference.model_runners][INFO] - 21:09:52: Timestep 18, current sequence: ????????????????????????????GG?????????G??????EG??????G??Q??G??????????S???????????S??????????G???????????????????G??????E???????aaaaaaaaaaaaaaaaaaa
[2025-08-02 21:09:53,137][inference.model_runners][INFO] - 21:09:53: Timestep 17, current sequence: ?SE??????????????????????G??GG?G????V?TS??????E??????????LL?G?????????SS????????????G????????SG?????????????????G?SS?????????????aaaaaaaaaaaaaaaaaaa
[2025-08-02 21:09:53,866][inference.model_runners][INFO] - 21:09:53: Timestep 16, current sequence: ?SEE?????????EG?????Q??EE???G??S?S??T?????????E?????????LQE?G?????????SS??G????Q???Q???G???S??S?????????????????G?QS????LEL??????aaaaaaaaaaaaaaaaaaa
[2025-08-02 21:09:54,584][inference.model_runners][INFO] - 21:09:54: Timestep 15, current sequence: ??E??????????EG?????Q??EG??GS????SG?T??S?????LE??????VQ?LQE?G???V?????????GS?QG????S???G???T??S??E??????????????G?QD????L?L?EE?L?aaaaaaaaaaaaaaaaaaa
[2025-08-02 21:09:55,313][inference.model_runners][INFO] - 21:09:55: Timestep 14, current sequence: ??EE??K??????E????????????S?G?QS?GG????SG?L???E?????????LQE?G???V???TLSS??GG?G?G???S???G???T??G??EE?????????????S?QS?E??L?LL???L?aaaaaaaaaaaaaaaaaaa
[2025-08-02 21:09:56,031][inference.model_runners][INFO] - 21:09:56: Timestep 13, current sequence: ??EQ??ALLEG??E???S?????????G???G???????S??L??TE??????LQ??LE?G?T?Q???TLTG??GG?QSG?A?Q???G???L??S?TEE???Q?????LE??S?QS????LE?LE??V?aaaaaaaaaaaaaaaaaaa
[2025-08-02 21:09:56,759][inference.model_runners][INFO] - 21:09:56: Timestep 12, current sequence: ??A???AL???A?QQ??S?SE??????G?GS?G?Q??V??G????SEE?????A?L?L??G?S?V?T?T??GG?GGVQSG?L?????S???LL?G??EE???A?????L???G?SS????????Q?S?Eaaaaaaaaaaaaaaaaaaa
[2025-08-02 21:09:57,478][inference.model_runners][INFO] - 21:09:57: Timestep 11, current sequence: ??A???A??TLL?KQ??S?SE??????G?G??S???TV?SG????SE??????LQ??AA?G?S?V???T??EE?GG?TSG?A?????L???TL?G?SEE???????L?LQ??GLQS?A??V?????G??aaaaaaaaaaaaaaaaaaa
[2025-08-02 21:09:58,199][inference.model_runners][INFO] - 21:09:58: Timestep 10, current sequence: ??A???A??AAL?QQ?GS?SEG???????G??E?L?TL?SG????SE?L????L???AA?G?T?Q???Q??EEEGQ?QSG?A?????G??LTL?G?SEE???AL??L?LQ??G?QS?Q?LV????GG??aaaaaaaaaaaaaaaaaaa
[2025-08-02 21:09:58,926][inference.model_runners][INFO] - 21:09:58: Timestep 9, current sequence: ?DEE??AQLAQ???S?GQ?SEG?????E?G??E?Q??V?SG????SEA?LA??LA?LA??G?S?Q?S?QLTEEEGQVQSG?A??L??G??LQLTG?TAE????L?QL?LQ??G?GS?SLL????QGG??aaaaaaaaaaaaaaaaaaa
[2025-08-02 21:09:59,645][inference.model_runners][INFO] - 21:09:59: Timestep 8, current sequence: ?DEE??AAL?Q??K??GS?S?G?????T?G??S?Q??V?GG????SEAL?A??L???AQ?K?E?Q?S??LQESEGQ?ASG?A??L??S??LTLEG?SA????ALLQL?LE??G?QS?S?L????G?G??aaaaaaaaaaaaaaaaaaa
[2025-08-02 21:10:00,373][inference.model_runners][INFO] - 21:10:00: Timestep 7, current sequence: ?DEE??A?L?QL?KS?GS?T?G???????G??S??????KG???L?QA??A??LE???A?K?T?S?S??L?EEAGQ?KSG?A?????S??LQ?EG??A????AL?QL?LE??G?QS?SALA???G?G?Qaaaaaaaaaaaaaaaaaaa
[2025-08-02 21:10:01,091][inference.model_runners][INFO] - 21:10:01: Timestep 6, current sequence: ?KEE??E???AL?KS?GSVS?G?Q?????G??G????V?SG?????EA??AA??A???A?G?TLQ?Q????EE?GQ???G?A?????????Q?EG??AE???AL?AL?LE??G?KS?S?LA??LQ?G??aaaaaaaaaaaaaaaaaaa
[2025-08-02 21:10:01,821][inference.model_runners][INFO] - 21:10:01: Timestep 5, current sequence: ?KEEAAESAAAA?AQ?GS???G?QR???????K???Q??SG?????EA??AL??A??AA?G?S?QLS?T??ESAGS??SQ?A?A???A??????G??AE?A?AL??L?AA??G?KSAA?LA???QSG?Qaaaaaaaaaaaaaaaaaaa
[2025-08-02 21:10:02,537][inference.model_runners][INFO] - 21:10:02: Timestep 4, current sequence: ?KEE?AAAAAAA?AQ?GS??KG?QGL???G?????????KG??????A??AA??A?????K?S?QL?????KSAGSL?SG?L?A???S?????EG???G????A?AA??A??G?ASA??LA??LG?G?Qaaaaaaaaaaaaaaaaaaa
[2025-08-02 21:10:03,268][inference.model_runners][INFO] - 21:10:03: Timestep 3, current sequence: ?SEQ?AAA?SAA?AS?GS?K?G???????G?????????KG?????AA??AA??AA?S??K?S?Q??????ESASS??SG?A?A???S?????EG???E??????AA??A??G??SAS??AA??S?G?Kaaaaaaaaaaaaaaaaaaa
[2025-08-02 21:10:03,988][inference.model_runners][INFO] - 21:10:03: Timestep 2, current sequence: ?KES?AAAAAAA?AS?GS?K?G??SA?S?G???S??????G?????EA??A???AA?AA?G?SLS??????ESASSL?SG??AASAAQ???Q?EG???E???S???A??A??G??SAS???A??S?G?Saaaaaaaaaaaaaaaaaaa
[2025-08-02 21:10:04,715][inference.model_runners][INFO] - 21:10:04: Timestep 1, current sequence: ?KEEA?SAAASA?SS??S?K?G??K?S?????????????G?S????S??SA??AS??S?K?QAQ?S?S??ESAES?KSA?AAAS??S??????G???S??AA??????A??G??SASA??A?LS?G?Saaaaaaaaaaaaaaaaaaa
[2025-08-02 21:10:04,717][__main__][INFO] - Finished design in 0.38 minutes
[2025-08-02 21:10:05,702][__main__][INFO] - design : /home/hwjang/aipd/noahs_ark/piplines/1_diffusion/output/result_8.pdb
[2025-08-02 21:10:05,702][__main__][INFO] - Xt traj: /home/hwjang/aipd/noahs_ark/piplines/1_diffusion/output/traj/result_8_Xt-1_traj.pdb
[2025-08-02 21:10:05,702][__main__][INFO] - X0 traj: /home/hwjang/aipd/noahs_ark/piplines/1_diffusion/output/traj/result_8_pX0_traj.pdb
[2025-08-02 21:10:05,702][__main__][INFO] - Making design output/result_9
[2025-08-02 21:10:05,702][__main__][INFO] - making design 9 of 8:16
[2025-08-02 21:10:05,702][inference.model_runners][INFO] - Using contig: ['100-130']
With this beta schedule (linear schedule, beta_0 = 0.06666666666666667, beta_T = 0.46666666666666673), alpha_bar_T = 6.0550024500116706e-05
Using cached chi_beta_T dictionary.
Done calculating chi_beta_T, chi_alphas_T, and chi_abars_T dictionaries.
[2025-08-02 21:10:06,543][inference.model_runners][INFO] - 21:10:06: Timestep 30, current sequence: ????????????????????????????????????????????????????????????????????????????????????????????????????????aaaaaaaaaaaaaaaaaaa
[2025-08-02 21:10:07,227][inference.model_runners][INFO] - 21:10:07: Timestep 29, current sequence: ????????????????????????????????????????????????????????????????????????????????????????????????????????aaaaaaaaaaaaaaaaaaa
[2025-08-02 21:10:07,909][inference.model_runners][INFO] - 21:10:07: Timestep 28, current sequence: ????????????????????????????????????????????????????????????????????????????????????????????????????????aaaaaaaaaaaaaaaaaaa
[2025-08-02 21:10:08,601][inference.model_runners][INFO] - 21:10:08: Timestep 27, current sequence: ????????????????????????????????????????????????????????????????????????????????????????????????????????aaaaaaaaaaaaaaaaaaa
[2025-08-02 21:10:09,282][inference.model_runners][INFO] - 21:10:09: Timestep 26, current sequence: ????????????????????????????????????????????????????????????????????????????????????????????????????????aaaaaaaaaaaaaaaaaaa
[2025-08-02 21:10:09,964][inference.model_runners][INFO] - 21:10:09: Timestep 25, current sequence: ????????????????????????????????????????????????????????????????????????????????????????????????????????aaaaaaaaaaaaaaaaaaa
[2025-08-02 21:10:10,657][inference.model_runners][INFO] - 21:10:10: Timestep 24, current sequence: ????????????????????????????????????????????????????????????????????????????????????????????????????????aaaaaaaaaaaaaaaaaaa
[2025-08-02 21:10:11,344][inference.model_runners][INFO] - 21:10:11: Timestep 23, current sequence: ????????????????????????????????????????????????????????????????????????????????????????????????????????aaaaaaaaaaaaaaaaaaa
[2025-08-02 21:10:12,027][inference.model_runners][INFO] - 21:10:12: Timestep 22, current sequence: ????????????????????????????????????????????????????????????????????????????????????????????????????????aaaaaaaaaaaaaaaaaaa
[2025-08-02 21:10:12,720][inference.model_runners][INFO] - 21:10:12: Timestep 21, current sequence: ????????????????????????????????????????????????????????????????????????????????????????????????????????aaaaaaaaaaaaaaaaaaa
[2025-08-02 21:10:13,402][inference.model_runners][INFO] - 21:10:13: Timestep 20, current sequence: ????????????????????????????????????????????????????????????????????????????????????????????????????????aaaaaaaaaaaaaaaaaaa
[2025-08-02 21:10:14,082][inference.model_runners][INFO] - 21:10:14: Timestep 19, current sequence: ?????????????????E????????Q??????????????????????????????????????????????????????????G??????????????????aaaaaaaaaaaaaaaaaaa
[2025-08-02 21:10:14,777][inference.model_runners][INFO] - 21:10:14: Timestep 18, current sequence: ?????????????E??E?????????G????QSQ??AE???????????????G???????????????????????????????G????L?????????????aaaaaaaaaaaaaaaaaaa
[2025-08-02 21:10:15,458][inference.model_runners][INFO] - 21:10:15: Timestep 17, current sequence: ????????????????????SS????G???GQL??DAG??A?L????E???????????S??????????EG?????????????G????A??????????S??aaaaaaaaaaaaaaaaaaa
[2025-08-02 21:10:16,155][inference.model_runners][INFO] - 21:10:16: Timestep 16, current sequence: ??TE?G??????????Q??GG????GG???GQL??DEQ??QE??G??E????????????L???G???G?EL??G?V????????G???TE??????????S??aaaaaaaaaaaaaaaaaaa
[2025-08-02 21:10:16,835][inference.model_runners][INFO] - 21:10:16: Timestep 15, current sequence: ??SE?S?SL???????L??GG?????G???GQL??G?G??EE??Q??EE????????????????GG???EL??G?SL???????????TAE?????????S??aaaaaaaaaaaaaaaaaaa
[2025-08-02 21:10:17,528][inference.model_runners][INFO] - 21:10:17: Timestep 14, current sequence: ??SS?G?SAA???Q??L???G?????G???GQLS???G??EE?QG?DEE?????????????G???G???E???G?S??????????S?TA????E?????L??aaaaaaaaaaaaaaaaaaa
[2025-08-02 21:10:18,209][inference.model_runners][INFO] - 21:10:18: Timestep 13, current sequence: ??G??G???????Q?LL???G????GQ?TLGQLQ??????EE?QG?SEE?????????????????????E???G?S????????L?G?TAE??ALL??L?L??aaaaaaaaaaaaaaaaaaa
[2025-08-02 21:10:18,896][inference.model_runners][INFO] - 21:10:18: Timestep 12, current sequence: G?GQ?S???????QL?L??GG???ALG???GQLQ??????QQ?QG?DEE??A???E??????????????E??????????????L?S?QAE????L??L?S??aaaaaaaaaaaaaaaaaaa
[2025-08-02 21:10:19,590][inference.model_runners][INFO] - 21:10:19: Timestep 11, current sequence: S?GSLSQ??????Q?L????G???LLG?T?GQ????????QL?QG?DAE??Q??AE??A????G??K??GQA???SG???L??????G?QAA???????L?L??aaaaaaaaaaaaaaaaaaa
[2025-08-02 21:10:20,269][inference.model_runners][INFO] - 21:10:20: Timestep 10, current sequence: ??TGQSS??????QLL???TG???A?G????Q?Q??????QL?QQ?SEE??Q???E??A????G??Q???QA???S??A??????L?G?QAA???????L?LQ?aaaaaaaaaaaaaaaaaaa
[2025-08-02 21:10:20,960][inference.model_runners][INFO] - 21:10:20: Timestep 9, current sequence: ??TGMQGQ??A??ELL????G???A?G????Q?Q??????QL?QQ?SAEA?E???E??A?????SGQ??GAA??SS?????????L?G?QAE???????L?GQ?aaaaaaaaaaaaaaaaaaa
[2025-08-02 21:10:21,644][inference.model_runners][INFO] - 21:10:21: Timestep 8, current sequence: SGE??SG??????KLL????G?Q?L?G????Q?Q?L???AEA?QQ?SEE?AE???E????????SGQ???AA??SS?AA????????G?DAEL??????LLLQ?aaaaaaaaaaaaaaaaaaa
[2025-08-02 21:10:22,336][inference.model_runners][INFO] - 21:10:22: Timestep 7, current sequence: S?E???GQ?????AL??Q??G?Q?L?G???GQ???LA??AAA?QQ?DAE?AES?AE????????S?Q??GAQ??SS???????????S?SAQA??????LLLQ?aaaaaaaaaaaaaaaaaaa
[2025-08-02 21:10:23,016][inference.model_runners][INFO] - 21:10:23: Timestep 6, current sequence: S?E???GQ?A??AAL?LS??G?Q?L?G????Q?Q?LAA?AAL?AQ?SAELAE??AE?AAS???ES?Q??GA???SSS????L?????G?SAEA?AA??A??AQ?aaaaaaaaaaaaaaaaaaa
[2025-08-02 21:10:23,697][inference.model_runners][INFO] - 21:10:23: Timestep 5, current sequence: G?E??EGQ????AAL??K??G?Q?L?G????????LALLAA??QQ?SAELAAA?AA???????ESES??AA???SSS??????????G?KAEA?AA??A??L??aaaaaaaaaaaaaaaaaaa
[2025-08-02 21:10:24,390][inference.model_runners][INFO] - 21:10:24: Timestep 4, current sequence: S?E??EAQ??AAAAALAQS?G?????G????????AA?AAA??KS??AA?AA??AA?A?S???ESES???????S?S?A??????L?G?SAAAAAAL?A??L?Eaaaaaaaaaaaaaaaaaaa
[2025-08-02 21:10:25,070][inference.model_runners][INFO] - 21:10:25: Timestep 3, current sequence: S?KS?KLQ???AAAA?AAS?G?????G?????????S??AAA??S?KEEAAAS?A??AAS????SEQ??AAS??SAS?AS???????G?SAAA?AAL?A??SQEaaaaaaaaaaaaaaaaaaa
[2025-08-02 21:10:25,764][inference.model_runners][INFO] - 21:10:25: Timestep 2, current sequence: S?K??KAS?????AA?AAS?G???S?G?????S???SA?AAAA?S??A???AS?AA?AAS????SEA??AAA??SSN?AAA??????G?S????AS??AA?S??aaaaaaaaaaaaaaaaaaa
[2025-08-02 21:10:26,448][inference.model_runners][INFO] - 21:10:26: Timestep 1, current sequence: S?KG?K?QAAS?????AAS?G?????G?????????SA??SA?SA?KAA??AS??A??AS????SEA???A???S?A??A??S????S?KASS?ASA?AA????aaaaaaaaaaaaaaaaaaa
[2025-08-02 21:10:26,450][__main__][INFO] - Finished design in 0.35 minutes
[2025-08-02 21:10:27,250][__main__][INFO] - design : /home/hwjang/aipd/noahs_ark/piplines/1_diffusion/output/result_9.pdb
[2025-08-02 21:10:27,250][__main__][INFO] - Xt traj: /home/hwjang/aipd/noahs_ark/piplines/1_diffusion/output/traj/result_9_Xt-1_traj.pdb
[2025-08-02 21:10:27,250][__main__][INFO] - X0 traj: /home/hwjang/aipd/noahs_ark/piplines/1_diffusion/output/traj/result_9_pX0_traj.pdb
[2025-08-02 21:10:27,250][__main__][INFO] - Making design output/result_10
[2025-08-02 21:10:27,250][__main__][INFO] - making design 10 of 8:16
[2025-08-02 21:10:27,250][inference.model_runners][INFO] - Using contig: ['100-130']
With this beta schedule (linear schedule, beta_0 = 0.06666666666666667, beta_T = 0.46666666666666673), alpha_bar_T = 6.0550024500116706e-05
Using cached chi_beta_T dictionary.
Done calculating chi_beta_T, chi_alphas_T, and chi_abars_T dictionaries.
[2025-08-02 21:10:27,862][inference.model_runners][INFO] - 21:10:27: Timestep 30, current sequence: ??????????????????????????????????????????????????????????????????????????????????????????????????????????aaaaaaaaaaaaaaaaaaa
[2025-08-02 21:10:28,556][inference.model_runners][INFO] - 21:10:28: Timestep 29, current sequence: ??????????????????????????????????????????????????????????????????????????????????????????????????????????aaaaaaaaaaaaaaaaaaa
[2025-08-02 21:10:29,243][inference.model_runners][INFO] - 21:10:29: Timestep 28, current sequence: ??????????????????????????????????????????????????????????????????????????????????????????????????????????aaaaaaaaaaaaaaaaaaa
[2025-08-02 21:10:29,938][inference.model_runners][INFO] - 21:10:29: Timestep 27, current sequence: ??????????????????????????????????????????????????????????????????????????????????????????????????????????aaaaaaaaaaaaaaaaaaa
[2025-08-02 21:10:30,620][inference.model_runners][INFO] - 21:10:30: Timestep 26, current sequence: ??????????????????????????????????????????????????????????????????????????????????????????????????????????aaaaaaaaaaaaaaaaaaa
[2025-08-02 21:10:31,302][inference.model_runners][INFO] - 21:10:31: Timestep 25, current sequence: ??????????????????????????????????????????????????????????????????????????????????????????????????????????aaaaaaaaaaaaaaaaaaa
[2025-08-02 21:10:31,984][inference.model_runners][INFO] - 21:10:31: Timestep 24, current sequence: ??????????????????????????????????????????????????????????????????????????????????????????????????????????aaaaaaaaaaaaaaaaaaa
[2025-08-02 21:10:32,668][inference.model_runners][INFO] - 21:10:32: Timestep 23, current sequence: ??????????????????????????????????????????????????????????????????????????????????????????????????????????aaaaaaaaaaaaaaaaaaa
[2025-08-02 21:10:33,352][inference.model_runners][INFO] - 21:10:33: Timestep 22, current sequence: ??????????????????????????????????????????????????????????????????????????????????????????????????????????aaaaaaaaaaaaaaaaaaa
[2025-08-02 21:10:34,044][inference.model_runners][INFO] - 21:10:34: Timestep 21, current sequence: ??????????????????????????????????????????????????????????????????????????????????????????????????????????aaaaaaaaaaaaaaaaaaa
[2025-08-02 21:10:34,727][inference.model_runners][INFO] - 21:10:34: Timestep 20, current sequence: ??????????????????????????????????????????????????????????????????????????????????????????????????????????aaaaaaaaaaaaaaaaaaa
[2025-08-02 21:10:35,408][inference.model_runners][INFO] - 21:10:35: Timestep 19, current sequence: ???????EG??G?????????????????????????????????????????????????????????????????????????EE???????????????????aaaaaaaaaaaaaaaaaaa
[2025-08-02 21:10:36,106][inference.model_runners][INFO] - 21:10:36: Timestep 18, current sequence: ???????SS??G???????G?????S?????????????G????????????????????????????????S???????????TE????????????????T???aaaaaaaaaaaaaaaaaaa
[2025-08-02 21:10:36,791][inference.model_runners][INFO] - 21:10:36: Timestep 17, current sequence: ?????V?QSS??G????L?G??GQ?T?????????GG????????L??????SE?S???????????????G???????LV?????????????????????T???aaaaaaaaaaaaaaaaaaa
[2025-08-02 21:10:37,485][inference.model_runners][INFO] - 21:10:37: Timestep 16, current sequence: ???V?L?SSS?????????G???S?????????????????????L???E??SGGS??????E????????G?G????????Q??T??????????G?G???Q???aaaaaaaaaaaaaaaaaaa
[2025-08-02 21:10:38,167][inference.model_runners][INFO] - 21:10:38: Timestep 15, current sequence: ???V?L?SSS?S???????G???S????GL??D??GG?????E??????K???GGS??????E?????L??G??????????ST?A????Q???????G???T???aaaaaaaaaaaaaaaaaaa
[2025-08-02 21:10:38,849][inference.model_runners][INFO] - 21:10:38: Timestep 14, current sequence: ???V?V?SSSG??????????GGG?T??S???Q??G????????????LS???EGQ????????????L??G?TV??L?L?LQ??AEL??Q?????S?G?T?T???aaaaaaaaaaaaaaaaaaa
[2025-08-02 21:10:39,532][inference.model_runners][INFO] - 21:10:39: Timestep 13, current sequence: ???V???S??R??????????QGG?T??S???E?SG???????L?????ES??EGQ??G??????E??L??G?TL??L?LQ?QTSAEE?AQ???????G?T?T???aaaaaaaaaaaaaaaaaaa
[2025-08-02 21:10:40,215][inference.model_runners][INFO] - 21:10:40: Timestep 12, current sequence: ???V???S??G???A??L????GG?T??S?TLQ?SE?????????AQLVQ??DEES??????ELL??LL??G?TL?LL?LTLQTSAEE?AQ???????K?T?T???aaaaaaaaaaaaaaaaaaa
[2025-08-02 21:10:40,897][inference.model_runners][INFO] - 21:10:40: Timestep 11, current sequence: ???V???SS?G???A??L????GGLQ?TS?Q?Q?KE???????LLAELLA??SEGS??Q???ELLE?L???G?T??LL?L??QT?AE??A????????G?T?T???aaaaaaaaaaaaaaaaaaa
[2025-08-02 21:10:41,579][inference.model_runners][INFO] - 21:10:41: Timestep 10, current sequence: ?Q?L?L?GS?G???E??L????GQLT?TS???Q?KEG??E????LVA?LAS?SEGS??Q???E????L???G?TV?LL?LQ?QT?AQ??????E????G?T?T???aaaaaaaaaaaaaaaaaaa
[2025-08-02 21:10:42,260][inference.model_runners][INFO] - 21:10:42: Timestep 9, current sequence: ?V?V?T?S??G???S???????GQ?V????Q?Q?EEG?EE??A??VE?LAQ?SEES??Q???E??A?LLE?G?EV?L??LQLQ?S?A?A?A??E??S?G?TLT???aaaaaaaaaaaaaaaaaaa
[2025-08-02 21:10:42,958][inference.model_runners][INFO] - 21:10:42: Timestep 8, current sequence: ???L???G??A??AE???A???G?LQ??S???Q?KEG?EE??EL?AELLEQ??EESA?Q??AE??A??LE?G?Q??V???T?Q?????A?A??K??S?G?TLT???aaaaaaaaaaaaaaaaaaa
[2025-08-02 21:10:43,642][inference.model_runners][INFO] - 21:10:43: Timestep 7, current sequence: ?V?L???G??G??LE???A???G?LQ?KG???Q?EGG??E???L?AE?LAQ??EES?AAA?AA??A??LE?K?Q??LL??K?Q?S???AAAL????G?G?T?S???aaaaaaaaaaaaaaaaaaa
[2025-08-02 21:10:44,323][inference.model_runners][INFO] - 21:10:44: Timestep 6, current sequence: ???????G??Q???L???????G?LT?QS??LQ?EEQ??E?AEA?AE?LSQ?SEESLAAA?AAALA?LLA?K?QS??V??Q?Q???E???A??E??G?G?T?S???aaaaaaaaaaaaaaaaaaa
[2025-08-02 21:10:45,018][inference.model_runners][INFO] - 21:10:45: Timestep 5, current sequence: ???????Q??GA?LA???A???G?LT?QS?Q?K?KGQ?SA??EA?AA?LSQ?SEEQQAA??AAA?A?AAA?GS?SLV????LS?S?E?A?A??A??L?G???S???aaaaaaaaaaaaaaaaaaa
[2025-08-02 21:10:45,702][inference.model_runners][INFO] - 21:10:45: Timestep 4, current sequence: ???????Q??GA?A????A???G????KS?QVQ?KGQ?AA??AAAAA??SS?SEEQQAA???AAAAA??A?GS?SL?????V???AASAAA??A??S?G?S?S?SVaaaaaaaaaaaaaaaaaaa
[2025-08-02 21:10:46,390][inference.model_runners][INFO] - 21:10:46: Timestep 3, current sequence: ???????Q??A??AA???????G?L??S??SVS?EEQ?SAA?SA??A?AAS?S?KSAASA??AA?AA??A?KS?GL????SA??SAASAAA??A??S?G?S?????aaaaaaaaaaaaaaaaaaa
[2025-08-02 21:10:47,082][inference.model_runners][INFO] - 21:10:47: Timestep 2, current sequence: ??????LQ??SASAAA??A???G????S??SAA?EEQ?AAA?SA??A???A?S?SSA?S???AA?AA??A?ES?G????????SSAEAASAA?A??S?G?S?Q???aaaaaaaaaaaaaaaaaaa
[2025-08-02 21:10:47,764][inference.model_runners][INFO] - 21:10:47: Timestep 1, current sequence: ????AQSS??SASAA??AA???G????S??S?S?ESQ?AA??ASA?AA?AS?S?SSA?S?????AAAA?A?KS?G???S?S???SEES?SA??AS?S?K?S?S?S?aaaaaaaaaaaaaaaaaaa
[2025-08-02 21:10:47,765][__main__][INFO] - Finished design in 0.34 minutes
[2025-08-02 21:10:48,584][__main__][INFO] - design : /home/hwjang/aipd/noahs_ark/piplines/1_diffusion/output/result_10.pdb
[2025-08-02 21:10:48,584][__main__][INFO] - Xt traj: /home/hwjang/aipd/noahs_ark/piplines/1_diffusion/output/traj/result_10_Xt-1_traj.pdb
[2025-08-02 21:10:48,584][__main__][INFO] - X0 traj: /home/hwjang/aipd/noahs_ark/piplines/1_diffusion/output/traj/result_10_pX0_traj.pdb
[2025-08-02 21:10:48,584][__main__][INFO] - Making design output/result_11
[2025-08-02 21:10:48,585][__main__][INFO] - making design 11 of 8:16
[2025-08-02 21:10:48,585][inference.model_runners][INFO] - Using contig: ['100-130']
With this beta schedule (linear schedule, beta_0 = 0.06666666666666667, beta_T = 0.46666666666666673), alpha_bar_T = 6.0550024500116706e-05
Using cached chi_beta_T dictionary.
Done calculating chi_beta_T, chi_alphas_T, and chi_abars_T dictionaries.
[2025-08-02 21:10:49,207][inference.model_runners][INFO] - 21:10:49: Timestep 30, current sequence: ????????????????????????????????????????????????????????????????????????????????????????????????????aaaaaaaaaaaaaaaaaaa
[2025-08-02 21:10:49,888][inference.model_runners][INFO] - 21:10:49: Timestep 29, current sequence: ????????????????????????????????????????????????????????????????????????????????????????????????????aaaaaaaaaaaaaaaaaaa
[2025-08-02 21:10:50,576][inference.model_runners][INFO] - 21:10:50: Timestep 28, current sequence: ????????????????????????????????????????????????????????????????????????????????????????????????????aaaaaaaaaaaaaaaaaaa
[2025-08-02 21:10:51,253][inference.model_runners][INFO] - 21:10:51: Timestep 27, current sequence: ????????????????????????????????????????????????????????????????????????????????????????????????????aaaaaaaaaaaaaaaaaaa
[2025-08-02 21:10:51,929][inference.model_runners][INFO] - 21:10:51: Timestep 26, current sequence: ????????????????????????????????????????????????????????????????????????????????????????????????????aaaaaaaaaaaaaaaaaaa
[2025-08-02 21:10:52,605][inference.model_runners][INFO] - 21:10:52: Timestep 25, current sequence: ????????????????????????????????????????????????????????????????????????????????????????????????????aaaaaaaaaaaaaaaaaaa
[2025-08-02 21:10:53,292][inference.model_runners][INFO] - 21:10:53: Timestep 24, current sequence: ????????????????????????????????????????????????????????????????????????????????????????????????????aaaaaaaaaaaaaaaaaaa
[2025-08-02 21:10:53,971][inference.model_runners][INFO] - 21:10:53: Timestep 23, current sequence: ????????????????????????????????????????????????????????????????????????????????????????????????????aaaaaaaaaaaaaaaaaaa
[2025-08-02 21:10:54,659][inference.model_runners][INFO] - 21:10:54: Timestep 22, current sequence: ????????????????????????????????????????????????????????????????????????????????????????????????????aaaaaaaaaaaaaaaaaaa
[2025-08-02 21:10:55,334][inference.model_runners][INFO] - 21:10:55: Timestep 21, current sequence: ????????????????????????????????????????????????????????????????????????????????????????????????????aaaaaaaaaaaaaaaaaaa
[2025-08-02 21:10:56,011][inference.model_runners][INFO] - 21:10:56: Timestep 20, current sequence: ????????????????????????????????????????????????????????????????????????????????????????????????????aaaaaaaaaaaaaaaaaaa
[2025-08-02 21:10:56,700][inference.model_runners][INFO] - 21:10:56: Timestep 19, current sequence: ???????????????????????G?GE???E????????????????????GG???????????????????????????????????????????????aaaaaaaaaaaaaaaaaaa
[2025-08-02 21:10:57,379][inference.model_runners][INFO] - 21:10:57: Timestep 18, current sequence: ??????Q?????????????????Q?E??A??????????????????S??GG?????????????????????????E?????????????????????aaaaaaaaaaaaaaaaaaa
[2025-08-02 21:10:58,067][inference.model_runners][INFO] - 21:10:58: Timestep 17, current sequence: ?????G?????????????????LL?Q??A??????L??????????????GG?????????????????????????E???E?????????????????aaaaaaaaaaaaaaaaaaa
[2025-08-02 21:10:58,748][inference.model_runners][INFO] - 21:10:58: Timestep 16, current sequence: ??G???????????????????????SQ?AQ?????????????????G???GG???????????????????????AEG????????????????????aaaaaaaaaaaaaaaaaaa
[2025-08-02 21:10:59,426][inference.model_runners][INFO] - 21:10:59: Timestep 15, current sequence: ??????????????????????????G???Q?????LE?????????????GGG?AE???E??????E?????????AE???E?????????????????aaaaaaaaaaaaaaaaaaa
[2025-08-02 21:11:00,115][inference.model_runners][INFO] - 21:11:00: Timestep 14, current sequence: ??G???A???????????????????GQ??Q??????E??????????GS?TE???E???E??????A???E??????E???E??A???E???????G??aaaaaaaaaaaaaaaaaaa
[2025-08-02 21:11:00,792][inference.model_runners][INFO] - 21:11:00: Timestep 13, current sequence: ?GG???A???????????????????Q??????????E??????????GG??E???A??????E???A??EE??A???AA??Q??A?????????L????aaaaaaaaaaaaaaaaaaa
[2025-08-02 21:11:01,479][inference.model_runners][INFO] - 21:11:01: Timestep 12, current sequence: ?GGTAAGA?????A??????A?????QQ?QQ??????E??????????G???E???A???E??????A???A??A?AAA??A?????????????L????aaaaaaaaaaaaaaaaaaa
[2025-08-02 21:11:02,158][inference.model_runners][INFO] - 21:11:02: Timestep 11, current sequence: ?GAAAAAA?A???A????????L???QQ??Q??A???E??????A?L?G???AA??A???E??????A???A??A?AAA???????????L????LE???aaaaaaaaaaaaaaaaaaa
[2025-08-02 21:11:02,836][inference.model_runners][INFO] - 21:11:02: Timestep 10, current sequence: ?AAEAAALAA??AAA???????LL??Q??QQ??A???E????????L??G??E??AEA?????AA??AA??A??A?AAAA????????L??????LG???aaaaaaaaaaaaaaaaaaa
[2025-08-02 21:11:03,525][inference.model_runners][INFO] - 21:11:03: Timestep 9, current sequence: ?AAAAAAAAAAAA?A????LA?L???AQ?QQ??A??LEL???L?A?L?GG??EE??EA??A??AA??AA?AA?AA?STGE??Q??A??L???A??L????aaaaaaaaaaaaaaaaaaa
[2025-08-02 21:11:04,201][inference.model_runners][INFO] - 21:11:04: Timestep 8, current sequence: ?AAL?AAAAA?AAA?L???LA?LL??KG?QQ??A??LA??A?L?A?L?GG??EE??E???AL?AA?LAA?AA??A?LTGA??Q??A?LLQ?????LA??Kaaaaaaaaaaaaaaaaaaa
[2025-08-02 21:11:04,888][inference.model_runners][INFO] - 21:11:04: Timestep 7, current sequence: ?AAA?AAAAAAAA?A????LA?L?A?KG?QE?AA??AAA?A?LL?AL?GG??EE??E???AA?AA?LA??AA??E??GGAAAAL?A??L?L?AAALAS?Qaaaaaaaaaaaaaaaaaaa
[2025-08-02 21:11:05,569][inference.model_runners][INFO] - 21:11:05: Timestep 6, current sequence: ?AAAAAAAAAAAAA????LLA??LA?ES??Q?LA??AA??A??A??L?GS??EA??EA??A??AA?????AA??A???GAL?A?????LA??AAALAS?Saaaaaaaaaaaaaaaaaaa
[2025-08-02 21:11:06,246][inference.model_runners][INFO] - 21:11:06: Timestep 5, current sequence: ?AAAAATAAAAAAAA?A??LAA?AA?EG?Q??AA??AAA?AA?L??L?GS??EA??AA?AAA?AA??A??A???A??AGALAAL?A??LA??AAALAA?Saaaaaaaaaaaaaaaaaaa
[2025-08-02 21:11:06,934][inference.model_runners][INFO] - 21:11:06: Timestep 4, current sequence: ?AAAAAAAAAA?A???A??LA??SA?ES?G?L?AA?AAA?AA?L??L?GQ?KEA??AA?AA??AAA?A??AA??A???G?AAAA?A??LAA?AAALAA?Saaaaaaaaaaaaaaaaaaa
[2025-08-02 21:11:07,614][inference.model_runners][INFO] - 21:11:07: Timestep 3, current sequence: ?AAA?ASAAA?AAAA?A???A??SA?ES?SSLAAA?AAA?A???????GS??EA?AAA??A??AAAAA???A??A???AAA?AA?AA??AA?AS??AA?Saaaaaaaaaaaaaaaaaaa
[2025-08-02 21:11:08,304][inference.model_runners][INFO] - 21:11:08: Timestep 2, current sequence: ??S???SAA??A????????A??SS?????AAAAA?AAA?A?A?????KS?SEA??AA??AS?AA?AAS?AAS?A???AAA?AS?A??AAA?ASA?AS?Saaaaaaaaaaaaaaaaaaa
[2025-08-02 21:11:08,981][inference.model_runners][INFO] - 21:11:08: Timestep 1, current sequence: ??A??ASAASAAAAA?????S??SA?E??SSA?AA?ASA?AS??A?A?GS?KEAA?SA??A??SAA?SA?AAA?S???A?A?S??AS??AA?ASAASS?Qaaaaaaaaaaaaaaaaaaa
[2025-08-02 21:11:08,982][__main__][INFO] - Finished design in 0.34 minutes
[2025-08-02 21:11:09,741][__main__][INFO] - design : /home/hwjang/aipd/noahs_ark/piplines/1_diffusion/output/result_11.pdb
[2025-08-02 21:11:09,741][__main__][INFO] - Xt traj: /home/hwjang/aipd/noahs_ark/piplines/1_diffusion/output/traj/result_11_Xt-1_traj.pdb
[2025-08-02 21:11:09,741][__main__][INFO] - X0 traj: /home/hwjang/aipd/noahs_ark/piplines/1_diffusion/output/traj/result_11_pX0_traj.pdb
[2025-08-02 21:11:09,741][__main__][INFO] - Making design output/result_12
[2025-08-02 21:11:09,741][__main__][INFO] - making design 12 of 8:16
[2025-08-02 21:11:09,741][inference.model_runners][INFO] - Using contig: ['100-130']
With this beta schedule (linear schedule, beta_0 = 0.06666666666666667, beta_T = 0.46666666666666673), alpha_bar_T = 6.0550024500116706e-05
Using cached chi_beta_T dictionary.
Done calculating chi_beta_T, chi_alphas_T, and chi_abars_T dictionaries.
[2025-08-02 21:11:10,369][inference.model_runners][INFO] - 21:11:10: Timestep 30, current sequence: ???????????????????????????????????????????????????????????????????????????????????????????????????????????????aaaaaaaaaaaaaaaaaaa
[2025-08-02 21:11:11,063][inference.model_runners][INFO] - 21:11:11: Timestep 29, current sequence: ???????????????????????????????????????????????????????????????????????????????????????????????????????????????aaaaaaaaaaaaaaaaaaa
[2025-08-02 21:11:11,758][inference.model_runners][INFO] - 21:11:11: Timestep 28, current sequence: ???????????????????????????????????????????????????????????????????????????????????????????????????????????????aaaaaaaaaaaaaaaaaaa
[2025-08-02 21:11:12,462][inference.model_runners][INFO] - 21:11:12: Timestep 27, current sequence: ???????????????????????????????????????????????????????????????????????????????????????????????????????????????aaaaaaaaaaaaaaaaaaa
[2025-08-02 21:11:13,154][inference.model_runners][INFO] - 21:11:13: Timestep 26, current sequence: ???????????????????????????????????????????????????????????????????????????????????????????????????????????????aaaaaaaaaaaaaaaaaaa
[2025-08-02 21:11:13,846][inference.model_runners][INFO] - 21:11:13: Timestep 25, current sequence: ???????????????????????????????????????????????????????????????????????????????????????????????????????????????aaaaaaaaaaaaaaaaaaa
[2025-08-02 21:11:14,549][inference.model_runners][INFO] - 21:11:14: Timestep 24, current sequence: ???????????????????????????????????????????????????????????????????????????????????????????????????????????????aaaaaaaaaaaaaaaaaaa
[2025-08-02 21:11:15,242][inference.model_runners][INFO] - 21:11:15: Timestep 23, current sequence: ???????????????????????????????????????????????????????????????????????????????????????????????????????????????aaaaaaaaaaaaaaaaaaa
[2025-08-02 21:11:15,951][inference.model_runners][INFO] - 21:11:15: Timestep 22, current sequence: ???????????????????????????????????????????????????????????????????????????????????????????????????????????????aaaaaaaaaaaaaaaaaaa
[2025-08-02 21:11:16,655][inference.model_runners][INFO] - 21:11:16: Timestep 21, current sequence: ????????????????????????????????G??????????????????????????????????????????????????????????????????????????????aaaaaaaaaaaaaaaaaaa
[2025-08-02 21:11:17,347][inference.model_runners][INFO] - 21:11:17: Timestep 20, current sequence: ???????????????S???????????????????????????????????????????????????????????????????????????????????????????????aaaaaaaaaaaaaaaaaaa
[2025-08-02 21:11:18,051][inference.model_runners][INFO] - 21:11:18: Timestep 19, current sequence: ???????????????S????????????????G?????????????G????????????????????????????????????????????????????????????????aaaaaaaaaaaaaaaaaaa
[2025-08-02 21:11:18,745][inference.model_runners][INFO] - 21:11:18: Timestep 18, current sequence: ????????????S???????????????????????????????????????????????????????????????????????????????????????????????S??aaaaaaaaaaaaaaaaaaa
[2025-08-02 21:11:19,437][inference.model_runners][INFO] - 21:11:19: Timestep 17, current sequence: ????TL????GGL???G???????????????G?T??????TL??S????T?????V???????????????????????????????TG??????????S?????GGQ??aaaaaaaaaaaaaaaaaaa
[2025-08-02 21:11:20,129][inference.model_runners][INFO] - 21:11:20: Timestep 16, current sequence: ??????????G?S??SS?EE????????????S?T??????TL??SG??EQG??????????????G????????LE?????L??S??SES??????E??SG???QEGQ??aaaaaaaaaaaaaaaaaaa
[2025-08-02 21:11:20,822][inference.model_runners][INFO] - 21:11:20: Timestep 15, current sequence: ??TL??????G?GG??S?EE??????????????T??V???TL???SG??SGSQ??????V?V??ES????????L?????????L?L?EQ?????LE??GS??GSQGQ??aaaaaaaaaaaaaaaaaaa
[2025-08-02 21:11:21,512][inference.model_runners][INFO] - 21:11:21: Timestep 14, current sequence: ??T???????GLSSG?D?QE??Q???????????T??L???TL???LG??TES?????????V?T????????L?L???LE????S?L?EG??????Q???SLEG?SGQ??aaaaaaaaaaaaaaaaaaa
[2025-08-02 21:11:22,208][inference.model_runners][INFO] - 21:11:22: Timestep 13, current sequence: ??TLTL????GLQ?G?TAAE??Q???????????T??????T????LG???EGQ??T?T???Q?TEQ??A???L??A??LE?L??S?L?EG??E??LQQ?GS??G?SLQ??aaaaaaaaaaaaaaaaaaa
[2025-08-02 21:11:22,901][inference.model_runners][INFO] - 21:11:22: Timestep 12, current sequence: ??TL???????LTG??T?EE?LQ???QLLK??G?TTL????TLG??EG?V?TGQ??V?T?V?V?TEQ??A???Q??????A????SQL?EQ?????LQ??GS?EG?TLQ??aaaaaaaaaaaaaaaaaaa
[2025-08-02 21:11:23,603][inference.model_runners][INFO] - 21:11:23: Timestep 11, current sequence: ??T???????GLQS??V?AE????????????G?T??????TEQ??EG????GT?LV?T?V?Q?TEQ??A??????????Q?????T??AQ??????QQ?GS?GS??LS??aaaaaaaaaaaaaaaaaaa
[2025-08-02 21:11:24,295][inference.model_runners][INFO] - 21:11:24: Timestep 10, current sequence: ??TL????LSGLQS??QL?Q??Q?L???L???G?TV??????EQ??AS?V?TGT?LQ???V?V??AQ??A??????????Q????TT??AQ???E??EQ?GS?GSL?LSS?aaaaaaaaaaaaaaaaaaa
[2025-08-02 21:11:24,986][inference.model_runners][INFO] - 21:11:24: Timestep 9, current sequence: ??TL????LSGLKS??Q?AQ??Q?L???L???G?T??T????EQ??EG?L??GQ?LQ?T?V?K??EG??A??????????A????TT?QAE???E???Q?GS??S??LS??aaaaaaaaaaaaaaaaaaa
[2025-08-02 21:11:25,678][inference.model_runners][INFO] - 21:11:25: Timestep 8, current sequence: ??TL?Q??L?GLQS?????Q??Q?L??L????G?T??T????EQ??EG?V??GQ?L??S?V?T??ES??A????????????????Q?QAE???A??QQ?GS??S??LS??aaaaaaaaaaaaaaaaaaa
[2025-08-02 21:11:26,384][inference.model_runners][INFO] - 21:11:26: Timestep 7, current sequence: ??TL?QL?L?G?KS????E???A??AAL?L??G?KS?TLQ??EG??EG?????Q?L????V?T??EE?LA?L?A??AA?A?A????Q?SAE??????QQ?GS?SA??MS?Eaaaaaaaaaaaaaaaaaaa
[2025-08-02 21:11:27,078][inference.model_runners][INFO] - 21:11:27: Timestep 6, current sequence: ???VLQ??L?S?ES???LAQ??Q??AAL?L??G????T?T??GE??AG????GQ?L??T?V?S??EG?LA?ALA??AL?A?A????Q?QAE???A??QQ?GS??A???S?Eaaaaaaaaaaaaaaaaaaa
[2025-08-02 21:11:27,785][inference.model_runners][INFO] - 21:11:27: Timestep 5, current sequence: ????LQ??A?GLES???L?Q?LA??AA??L??G?K??S????EE?QAS????GQ?LQ???Q?S?EEG??A???A??AA???A????Q?QAE???E???Q?SQ?EE???S?Eaaaaaaaaaaaaaaaaaaa
[2025-08-02 21:11:28,478][inference.model_runners][INFO] - 21:11:28: Timestep 4, current sequence: ??S?SV??L?GLKS???A?S??A??AA??A??G????SLQ??EE??AS????GQ?LS???Q???EEE?AAQ?L???SA???A??????SAA??S????QASS?SA?Q?S?Kaaaaaaaaaaaaaaaaaaa
[2025-08-02 21:11:29,183][inference.model_runners][INFO] - 21:11:29: Timestep 3, current sequence: ??S?SQ????G?KS???AAAA?????AA?A??G?????????EG??AS?Q??G???????Q?S??EA??A??A?L?A????A???????AE????A?SQ?SS?SQ???K?Kaaaaaaaaaaaaaaaaaaa
[2025-08-02 21:11:29,876][inference.model_runners][INFO] - 21:11:29: Timestep 2, current sequence: ??S?SA????G?KSS???AAA?????AA?AA?G??G?S????ES???S?Q??G???A?S?S???EESAAA????A?S????A??SSG?SAA??????SAAAS?SS?S?SA?aaaaaaaaaaaaaaaaaaa
[2025-08-02 21:11:30,570][inference.model_runners][INFO] - 21:11:30: Timestep 1, current sequence: ??S?SQ?S??S?KSA???AA?????????S??G??S?S?????S???S????G???S???????KEAS?A??????S??S?A??????S?S???A??SA?SS?SS???S??aaaaaaaaaaaaaaaaaaa
[2025-08-02 21:11:30,571][__main__][INFO] - Finished design in 0.35 minutes
[2025-08-02 21:11:31,407][__main__][INFO] - design : /home/hwjang/aipd/noahs_ark/piplines/1_diffusion/output/result_12.pdb
[2025-08-02 21:11:31,408][__main__][INFO] - Xt traj: /home/hwjang/aipd/noahs_ark/piplines/1_diffusion/output/traj/result_12_Xt-1_traj.pdb
[2025-08-02 21:11:31,408][__main__][INFO] - X0 traj: /home/hwjang/aipd/noahs_ark/piplines/1_diffusion/output/traj/result_12_pX0_traj.pdb
[2025-08-02 21:11:31,408][__main__][INFO] - Making design output/result_13
[2025-08-02 21:11:31,408][__main__][INFO] - making design 13 of 8:16
[2025-08-02 21:11:31,408][inference.model_runners][INFO] - Using contig: ['100-130']
With this beta schedule (linear schedule, beta_0 = 0.06666666666666667, beta_T = 0.46666666666666673), alpha_bar_T = 6.0550024500116706e-05
Using cached chi_beta_T dictionary.
Done calculating chi_beta_T, chi_alphas_T, and chi_abars_T dictionaries.
[2025-08-02 21:11:32,028][inference.model_runners][INFO] - 21:11:32: Timestep 30, current sequence: ????????????????????????????????????????????????????????????????????????????????????????????????????????????????????aaaaaaaaaaaaaaaaaaa
[2025-08-02 21:11:32,739][inference.model_runners][INFO] - 21:11:32: Timestep 29, current sequence: ????????????????????????????????????????????????????????????????????????????????????????????????????????????????????aaaaaaaaaaaaaaaaaaa
[2025-08-02 21:11:33,442][inference.model_runners][INFO] - 21:11:33: Timestep 28, current sequence: ????????????????????????????????????????????????????????????????????????????????????????????????????????????????????aaaaaaaaaaaaaaaaaaa
[2025-08-02 21:11:34,142][inference.model_runners][INFO] - 21:11:34: Timestep 27, current sequence: ????????????????????????????????????????????????????????????????????????????????????????????????????????????????????aaaaaaaaaaaaaaaaaaa
[2025-08-02 21:11:34,852][inference.model_runners][INFO] - 21:11:34: Timestep 26, current sequence: ????????????????????????????????????????????????????????????????????????????????????????????????????????????????????aaaaaaaaaaaaaaaaaaa
[2025-08-02 21:11:35,553][inference.model_runners][INFO] - 21:11:35: Timestep 25, current sequence: ????????????????????????????????????????????????????????????????????????????????????????????????????????????????????aaaaaaaaaaaaaaaaaaa
[2025-08-02 21:11:36,253][inference.model_runners][INFO] - 21:11:36: Timestep 24, current sequence: ????????????????????????????????????????????????????????????????????????????????????????????????????????????????????aaaaaaaaaaaaaaaaaaa
[2025-08-02 21:11:36,953][inference.model_runners][INFO] - 21:11:36: Timestep 23, current sequence: ????????????????????????????????????????????????????????????????????????????????????????????????????????????????????aaaaaaaaaaaaaaaaaaa
[2025-08-02 21:11:37,652][inference.model_runners][INFO] - 21:11:37: Timestep 22, current sequence: ????????????????????????????????????????????????????????????????????????????????????????????????????????????????????aaaaaaaaaaaaaaaaaaa
[2025-08-02 21:11:38,353][inference.model_runners][INFO] - 21:11:38: Timestep 21, current sequence: ????????????????????????????????????????????????????????????????????????????????????????????????????????????????????aaaaaaaaaaaaaaaaaaa
[2025-08-02 21:11:39,066][inference.model_runners][INFO] - 21:11:39: Timestep 20, current sequence: ????????????????????????????????????????????????????????????????????????????????????????????????????????????????????aaaaaaaaaaaaaaaaaaa
[2025-08-02 21:11:39,765][inference.model_runners][INFO] - 21:11:39: Timestep 19, current sequence: ????????????????????????????????G?????????????????????????????????????G???E???????????????????????????????????Q?????aaaaaaaaaaaaaaaaaaa
[2025-08-02 21:11:40,476][inference.model_runners][INFO] - 21:11:40: Timestep 18, current sequence: ???????????????????????????????????????????????????G?????????S???????????LES???????????????G???????????????S??Q??G??aaaaaaaaaaaaaaaaaaa
[2025-08-02 21:11:41,177][inference.model_runners][INFO] - 21:11:41: Timestep 17, current sequence: ?????????????????????SG??E???GSS?????????Q?????????E??QE??E??L???SEGS??????????????????GE?????????QE??G???GG??S??E??aaaaaaaaaaaaaaaaaaa
[2025-08-02 21:11:41,888][inference.model_runners][INFO] - 21:11:41: Timestep 16, current sequence: ?????????????????TG????????????SGA?A??????????LL?S????Q???A??????SG?T?????Q?????????????E??Q??????E???G??AES????????aaaaaaaaaaaaaaaaaaa
[2025-08-02 21:11:42,587][inference.model_runners][INFO] - 21:11:42: Timestep 15, current sequence: ??????????????????G????????????GG?????????????????????L??????????SG?S?????Q???E?????????E??A??????EEA?A?AAGSS???????aaaaaaaaaaaaaaaaaaa
[2025-08-02 21:11:43,287][inference.model_runners][INFO] - 21:11:43: Timestep 14, current sequence: ??????????????????G????????????SA????????????A????????A???????????G?T?????Q???E????L?EA?E??A??????AQA?AAAAE?SG??????aaaaaaaaaaaaaaaaaaa
[2025-08-02 21:11:43,988][inference.model_runners][INFO] - 21:11:43: Timestep 13, current sequence: ???????????????????????????????G?????????????????????????????????SG?V?????Q????????L?EA?E??EA???????LL?LLL??SG??????aaaaaaaaaaaaaaaaaaa
[2025-08-02 21:11:44,689][inference.model_runners][INFO] - 21:11:44: Timestep 12, current sequence: ??K???K???????????G????????????GTA???????????A???QGQ??????A???????G?T??????????????LLEA?AA??Q??Q????AL?LLL??SGS?????aaaaaaaaaaaaaaaaaaa
[2025-08-02 21:11:45,389][inference.model_runners][INFO] - 21:11:45: Timestep 11, current sequence: ??K???K???????????A????????????K?A???????????A???SGQ??????A???????G?T?????Q???Q????LLEA?EA?A?L?EL???ALALLL??SGQ???T?aaaaaaaaaaaaaaaaaaa
[2025-08-02 21:11:46,091][inference.model_runners][INFO] - 21:11:46: Timestep 10, current sequence: ?GKQ??S?????L?????A????????????G?A???????????A???SGQ?T???LA??????TG?T?????A????????LLEA?EA??QLLE????AAALLL??KGQ???E?aaaaaaaaaaaaaaaaaaa
[2025-08-02 21:11:46,791][inference.model_runners][INFO] - 21:11:46: Timestep 9, current sequence: ??QA??S???QL??????A???????L????G?A????????????L???G??TA??LA??????SG?T?A???A???A????LLEA?A??AEL?A????AAAAAA??GGQ???Q?aaaaaaaaaaaaaaaaaaa
[2025-08-02 21:11:47,502][inference.model_runners][INFO] - 21:11:47: Timestep 8, current sequence: ?GQ???S???SLL?????A??????AA????S?A???????????A????G??SA???A??????GG?QAA???A????????LLESAE??AA??AA????AEEAAQ?KG??????aaaaaaaaaaaaaaaaaaa
[2025-08-02 21:11:48,200][inference.model_runners][INFO] - 21:11:48: Timestep 7, current sequence: ?GQQ??S????LLQ??K?G?????LAL????G?A????????????????G??SAA?LA???????G?Q????????????A?LLEA?AA?AE??AA????LAAAA???GQ???Q?aaaaaaaaaaaaaaaaaaa
[2025-08-02 21:11:48,907][inference.model_runners][INFO] - 21:11:48: Timestep 6, current sequence: ??QQ??S??A?LLS??K?Q???A?L?A????G?AG??????A???AA?A?G??SAQ??A???????G?Q?????A??????A?LLEQ?AA?A???EA??A??AAAA??KGQ???E?aaaaaaaaaaaaaaaaaaa
[2025-08-02 21:11:49,614][inference.model_runners][INFO] - 21:11:49: Timestep 5, current sequence: ?GQQ??S??AALAAL???G?????L?A?A??G?????????A??AA????G???AA??A??????GG?QA????AA?????A?LLEAAAA?AE?AA??AA??AAAAA?KGQ?????aaaaaaaaaaaaaaaaaaa
[2025-08-02 21:11:50,313][inference.model_runners][INFO] - 21:11:50: Timestep 4, current sequence: ?GSAAAQ???AA?AA???G???A?L?A?A??G?AA??????A????????G???AQ??A??AA??GG?QA????AA??S??AALLEQAAA?AE??AA?AAA?AAAAS?KGQ??K??aaaaaaaaaaaaaaaaaaa
[2025-08-02 21:11:51,032][inference.model_runners][INFO] - 21:11:51: Timestep 3, current sequence: ?GQASAAA?AAAAAS???G???AAAAA????K?AA???????A??A????G???AE??A??AA??GK?Q?????AA??AA?SAL?ESAAA?AA??AA??AA?AAAAS?KGS?????aaaaaaaaaaaaaaaaaaa
[2025-08-02 21:11:51,733][inference.model_runners][INFO] - 21:11:51: Timestep 2, current sequence: ?GQQSSAA?AAAAAS???Q???A???A????K?AA?AAA??AA??????SG???EA??A??AS???K?Q?AA???A?A?A?SAA?SSAA??AA??AA??AA?ASAAA?KGS??S??aaaaaaaaaaaaaaaaaaa
[2025-08-02 21:11:52,432][inference.model_runners][INFO] - 21:11:52: Timestep 1, current sequence: ?GQASAAS?SA??SS?K?A???AA?AA?SA?K?AA?AA???AA?AAA???K??KE???S???S???K?Q?SAA?AA?SAA?SAA?KSAA??AA?AA??AAA?AAAAS?KGS??S??aaaaaaaaaaaaaaaaaaa
[2025-08-02 21:11:52,434][__main__][INFO] - Finished design in 0.35 minutes
[2025-08-02 21:11:53,335][__main__][INFO] - design : /home/hwjang/aipd/noahs_ark/piplines/1_diffusion/output/result_13.pdb
[2025-08-02 21:11:53,335][__main__][INFO] - Xt traj: /home/hwjang/aipd/noahs_ark/piplines/1_diffusion/output/traj/result_13_Xt-1_traj.pdb
[2025-08-02 21:11:53,335][__main__][INFO] - X0 traj: /home/hwjang/aipd/noahs_ark/piplines/1_diffusion/output/traj/result_13_pX0_traj.pdb
[2025-08-02 21:11:53,335][__main__][INFO] - Making design output/result_14
[2025-08-02 21:11:53,335][__main__][INFO] - making design 14 of 8:16
[2025-08-02 21:11:53,335][inference.model_runners][INFO] - Using contig: ['100-130']
With this beta schedule (linear schedule, beta_0 = 0.06666666666666667, beta_T = 0.46666666666666673), alpha_bar_T = 6.0550024500116706e-05
Using cached chi_beta_T dictionary.
Done calculating chi_beta_T, chi_alphas_T, and chi_abars_T dictionaries.
[2025-08-02 21:11:53,977][inference.model_runners][INFO] - 21:11:53: Timestep 30, current sequence: ??????????????????????????????????????????????????????????????????????????????????????????????????????????????????????????aaaaaaaaaaaaaaaaaaa
[2025-08-02 21:11:54,689][inference.model_runners][INFO] - 21:11:54: Timestep 29, current sequence: ??????????????????????????????????????????????????????????????????????????????????????????????????????????????????????????aaaaaaaaaaaaaaaaaaa
[2025-08-02 21:11:55,401][inference.model_runners][INFO] - 21:11:55: Timestep 28, current sequence: ??????????????????????????????????????????????????????????????????????????????????????????????????????????????????????????aaaaaaaaaaaaaaaaaaa
[2025-08-02 21:11:56,112][inference.model_runners][INFO] - 21:11:56: Timestep 27, current sequence: ??????????????????????????????????????????????????????????????????????????????????????????????????????????????????????????aaaaaaaaaaaaaaaaaaa
[2025-08-02 21:11:56,824][inference.model_runners][INFO] - 21:11:56: Timestep 26, current sequence: ??????????????????????????????????????????????????????????????????????????????????????????????????????????????????????????aaaaaaaaaaaaaaaaaaa
[2025-08-02 21:11:57,546][inference.model_runners][INFO] - 21:11:57: Timestep 25, current sequence: ??????????????????????????????????????????????????????????????????????????????????????????????????????????????????????????aaaaaaaaaaaaaaaaaaa
[2025-08-02 21:11:58,258][inference.model_runners][INFO] - 21:11:58: Timestep 24, current sequence: ??????????????????????????????????????????????????????????????????????????????????????????????????????????????????????????aaaaaaaaaaaaaaaaaaa
[2025-08-02 21:11:58,980][inference.model_runners][INFO] - 21:11:58: Timestep 23, current sequence: ??????????????????????????????????????????????????????????????????????????????????????????????????????????????????????????aaaaaaaaaaaaaaaaaaa
[2025-08-02 21:11:59,691][inference.model_runners][INFO] - 21:11:59: Timestep 22, current sequence: ??????????????????????????????????????????????????????????????????????????????????????????????????????????????????????????aaaaaaaaaaaaaaaaaaa
[2025-08-02 21:12:00,413][inference.model_runners][INFO] - 21:12:00: Timestep 21, current sequence: ??????????????????????????????????????????????????????????????????????????????????????????????????????????????????????????aaaaaaaaaaaaaaaaaaa
[2025-08-02 21:12:01,123][inference.model_runners][INFO] - 21:12:01: Timestep 20, current sequence: ????????????????????????????????????????????????G?????????????????????????????????????????????????????????????????????????aaaaaaaaaaaaaaaaaaa
[2025-08-02 21:12:01,846][inference.model_runners][INFO] - 21:12:01: Timestep 19, current sequence: ?????????????????G??????????????????G???????????G?????????????G????????????????E??????????????????????????????????????????aaaaaaaaaaaaaaaaaaa
[2025-08-02 21:12:02,558][inference.model_runners][INFO] - 21:12:02: Timestep 18, current sequence: ?G???????????????SE??????????????G?L????Q???????S??????????????????????????????E??????E????????G???S??????????????E??L????aaaaaaaaaaaaaaaaaaa
[2025-08-02 21:12:03,282][inference.model_runners][INFO] - 21:12:03: Timestep 17, current sequence: ?L???????????????EE?????????????Q?????????????????LE???????????????G??E??????SAE?L????????K???SG??QS?S????????????E??L????aaaaaaaaaaaaaaaaaaa
[2025-08-02 21:12:03,994][inference.model_runners][INFO] - 21:12:03: Timestep 16, current sequence: ?L??E??E????????TKE?????????????Q??VG???G??????????E??????E????????G?LE???E??SQE?L????E?L?S??K?G??QG??????????????Q???????aaaaaaaaaaaaaaaaaaa
[2025-08-02 21:12:04,705][inference.model_runners][INFO] - 21:12:04: Timestep 15, current sequence: ??L?E??E????????TE??????????????QG?A???????????????E??GE??AQ???????G??E??????SA???????????S??Q?G?VQG?T?????Q?????LQ???????aaaaaaaaaaaaaaaaaaa
[2025-08-02 21:12:05,431][inference.model_runners][INFO] - 21:12:05: Timestep 14, current sequence: ?A??Q???LL??L????EE?????L????Q??QG?A??L?A??????????E??GE???Q??????GG??A??????SEE?????????GS??Q?G?VT??T?????QL?????QL???L??aaaaaaaaaaaaaaaaaaa
[2025-08-02 21:12:06,143][inference.model_runners][INFO] - 21:12:06: Timestep 13, current sequence: GA???L???????????E??????LQ???????K?ATLL?Q????????????G?E??????????GGSAE???K??SGE?????LE??QG??Q?G??T???QS???Q??????QLL?AL??aaaaaaaaaaaaaaaaaaa
[2025-08-02 21:12:06,867][inference.model_runners][INFO] - 21:12:06: Timestep 12, current sequence: ?G??EL????????G??E???K??L??????L?K?A?LAA??L?????S???EL?E?????LE???ASSAA???K??SGE??????????S????G?????G???G?Q??????QLL?ALL?aaaaaaaaaaaaaaaaaaa
[2025-08-02 21:12:07,578][inference.model_runners][INFO] - 21:12:07: Timestep 11, current sequence: ?G??E??A?????????E???Q??L????L?LQE?AQLAA??L?????GL??EL?E???????????S??AQ??K??SEE??????A?L??L???G?VV??G??L??S??A???QL??ALL?aaaaaaaaaaaaaaaaaaa
[2025-08-02 21:12:08,289][inference.model_runners][INFO] - 21:12:08: Timestep 10, current sequence: ???????A??????G?TE???QL??A??A??L?E?AQLAAALLA????GA?AE?AA??L???AA??SQ?VAA??E??SEE???L??A?L??????G??ML?GG?L??Q??????QLLLAL??aaaaaaaaaaaaaaaaaaa
[2025-08-02 21:12:09,014][inference.model_runners][INFO] - 21:12:09: Timestep 9, current sequence: ???????A??????G?TE???Q?L?????????ESATLAAQ?L?????SAL?Q??A??L???A???SQ??AA??E??S?AL?AL??A?LQ????SG??T??GG?L??Q?????AALL?ELL?aaaaaaaaaaaaaaaaaaa
[2025-08-02 21:12:09,728][inference.model_runners][INFO] - 21:12:09: Timestep 8, current sequence: ??????????????G?SAE??QL?AA?LAA???ES?AGAAQLL?????SAAAQLAA??AE??A???SS??AA?????SEA???L?A???Q????SG??LA???????Q?????AALL?E?L?aaaaaaaaaaaaaaaaaaa
[2025-08-02 21:12:10,451][inference.model_runners][INFO] - 21:12:10: Timestep 7, current sequence: ???????A??????G?SA???AL?AA?L?A??SGS?AGAA?LL?A???SA?AAL?A??AE??AA??SS?SAA?????SQA???A?AA?LQ????SG??L???G????QL????AALL?A?L?aaaaaaaaaaaaaaaaaaa
[2025-08-02 21:12:11,164][inference.model_runners][INFO] - 21:12:11: Timestep 6, current sequence: ???A??????????G??A???????A?LAA???GSAAAAASA??A???AA?AAL?A??A???AA??KS??AA??E??SAA??AL??????A???SG??S??GG????Q?????AALL?A?LKaaaaaaaaaaaaaaaaaaa
[2025-08-02 21:12:11,877][inference.model_runners][INFO] - 21:12:11: Timestep 5, current sequence: ???????????A??G??A???AA?AA?LAA???GSAA?AASA??A???SAAAALAA??A???AA??KS??AA??E??GAA??A???A?L?A????G??L??GG??A?Q?????AAL??A?L?aaaaaaaaaaaaaaaaaaa
[2025-08-02 21:12:12,600][inference.model_runners][INFO] - 21:12:12: Timestep 4, current sequence: A??AA??A???A??G??AA?AAA?AA??AA???ESAASA?AA?AA??AAAAAQLAA???A??A???SS??EA??E??SAA?AA??AA?L?A???SG?????GG?A??Q???A?AAALAAAL?aaaaaaaaaaaaaaaaaaa
[2025-08-02 21:12:13,317][inference.model_runners][INFO] - 21:12:13: Timestep 3, current sequence: AQ?AA??A???A??G??EA?AAA?AA??AA??SESAS?AASAAAA???SAAAA?AA??A???AA??SS??AA??A???A???AAAAA?L?A???SGS????KG????G??AAAAAAL?A?LSaaaaaaaaaaaaaaaaaaa
[2025-08-02 21:12:14,042][inference.model_runners][INFO] - 21:12:14: Timestep 2, current sequence: A??????A???A??G???S??AS?AAA??AS?SKSASSAS?AAAA???AAAAQ?AAS?AS?AAA??SS?SEA??A??GAA??ASAAA?L?A??KSGS?A???K????A??AAAAAAAAA?LSaaaaaaaaaaaaaaaaaaa
[2025-08-02 21:12:14,756][inference.model_runners][INFO] - 21:12:14: Timestep 1, current sequence: AS?????????S??S???A??SA?AAA?AAS?KKSASAAA????????ASAAS?AA???A??AA??SS?KEA??A??GAAAAAA?SA?ASA??KSG??A???E????A??ASA?S?AAA???aaaaaaaaaaaaaaaaaaa
[2025-08-02 21:12:14,757][__main__][INFO] - Finished design in 0.36 minutes
[2025-08-02 21:12:15,684][__main__][INFO] - design : /home/hwjang/aipd/noahs_ark/piplines/1_diffusion/output/result_14.pdb
[2025-08-02 21:12:15,684][__main__][INFO] - Xt traj: /home/hwjang/aipd/noahs_ark/piplines/1_diffusion/output/traj/result_14_Xt-1_traj.pdb
[2025-08-02 21:12:15,684][__main__][INFO] - X0 traj: /home/hwjang/aipd/noahs_ark/piplines/1_diffusion/output/traj/result_14_pX0_traj.pdb
[2025-08-02 21:12:15,685][__main__][INFO] - Making design output/result_15
[2025-08-02 21:12:15,685][__main__][INFO] - making design 15 of 8:16
[2025-08-02 21:12:15,685][inference.model_runners][INFO] - Using contig: ['100-130']
With this beta schedule (linear schedule, beta_0 = 0.06666666666666667, beta_T = 0.46666666666666673), alpha_bar_T = 6.0550024500116706e-05
Using cached chi_beta_T dictionary.
Done calculating chi_beta_T, chi_alphas_T, and chi_abars_T dictionaries.
[2025-08-02 21:12:16,312][inference.model_runners][INFO] - 21:12:16: Timestep 30, current sequence: ???????????????????????????????????????????????????????????????????????????????????????????????????????????????????????????aaaaaaaaaaaaaaaaaaa
[2025-08-02 21:12:17,025][inference.model_runners][INFO] - 21:12:17: Timestep 29, current sequence: ???????????????????????????????????????????????????????????????????????????????????????????????????????????????????????????aaaaaaaaaaaaaaaaaaa
[2025-08-02 21:12:17,737][inference.model_runners][INFO] - 21:12:17: Timestep 28, current sequence: ???????????????????????????????????????????????????????????????????????????????????????????????????????????????????????????aaaaaaaaaaaaaaaaaaa
[2025-08-02 21:12:18,451][inference.model_runners][INFO] - 21:12:18: Timestep 27, current sequence: ???????????????????????????????????????????????????????????????????????????????????????????????????????????????????????????aaaaaaaaaaaaaaaaaaa
[2025-08-02 21:12:19,163][inference.model_runners][INFO] - 21:12:19: Timestep 26, current sequence: ???????????????????????????????????????????????????????????????????????????????????????????????????????????????????????????aaaaaaaaaaaaaaaaaaa
[2025-08-02 21:12:19,886][inference.model_runners][INFO] - 21:12:19: Timestep 25, current sequence: ???????????????????????????????????????????????????????????????????????????????????????????????????????????????????????????aaaaaaaaaaaaaaaaaaa
[2025-08-02 21:12:20,599][inference.model_runners][INFO] - 21:12:20: Timestep 24, current sequence: ???????????????????????????????????????????????????????????????????????????????????????????????????????????????????????????aaaaaaaaaaaaaaaaaaa
[2025-08-02 21:12:21,313][inference.model_runners][INFO] - 21:12:21: Timestep 23, current sequence: ???????????????????????????????????????????????????????????????????????????????????????????????????????????????????????????aaaaaaaaaaaaaaaaaaa
[2025-08-02 21:12:22,025][inference.model_runners][INFO] - 21:12:22: Timestep 22, current sequence: ???????????????????????????????????????????????????????????????????????????????????????????????????????????????????????????aaaaaaaaaaaaaaaaaaa
[2025-08-02 21:12:22,737][inference.model_runners][INFO] - 21:12:22: Timestep 21, current sequence: ???????????????????????????????????????????????????????????????????????????????????????????????????????????????????????????aaaaaaaaaaaaaaaaaaa
[2025-08-02 21:12:23,460][inference.model_runners][INFO] - 21:12:23: Timestep 20, current sequence: ??????????????????????????????G????????????????????????????????????????????????????????????????????????????????????????????aaaaaaaaaaaaaaaaaaa
[2025-08-02 21:12:24,173][inference.model_runners][INFO] - 21:12:24: Timestep 19, current sequence: ??A???????????????????????Q???G??????????????????????????G?????????????????????????????????????????????????????????????L???aaaaaaaaaaaaaaaaaaa
[2025-08-02 21:12:24,896][inference.model_runners][INFO] - 21:12:24: Timestep 18, current sequence: ??A???????????????G???????????G?????L????????E?????LG??SAE??????E????G??????????????????????E??????????????????????????L???aaaaaaaaaaaaaaaaaaa
[2025-08-02 21:12:25,608][inference.model_runners][INFO] - 21:12:25: Timestep 17, current sequence: ??A????????E??????G???GS??S???E??????????????E??????G???????????E???GGS??????G???????????????????LLG?G?????????????????L???aaaaaaaaaaaaaaaaaaa
[2025-08-02 21:12:26,331][inference.model_runners][INFO] - 21:12:26: Timestep 16, current sequence: ??A?????????L????SG???GG??G?SEE???????????S??E?????LGQ??????????Q???GGS???????S?????????????E???ALLG?S?T???????????????L???aaaaaaaaaaaaaaaaaaa
[2025-08-02 21:12:27,043][inference.model_runners][INFO] - 21:12:27: Timestep 15, current sequence: ??A?????????L????????G???GG?SAE??????????Q?LGE??????G???????????Q????GS??G?S?SS????????????????????G?Q??LA?????????????L??Eaaaaaaaaaaaaaaaaaaa
[2025-08-02 21:12:27,770][inference.model_runners][INFO] - 21:12:27: Timestep 14, current sequence: ??A????????AL?A???G??G?S??G?T??????????????ASE??????K??TAQ??????Q???AGS?????????????????????E?????LGSQ?SAA????????????L???Eaaaaaaaaaaaaaaaaaaa
[2025-08-02 21:12:28,483][inference.model_runners][INFO] - 21:12:28: Timestep 13, current sequence: ??A???????AA??A???????????SLQ?A??????????A??SE??????E??TAE??????A????GS???????????SA???????VE???AALG?Q?S?A??????L?????L???Eaaaaaaaaaaaaaaaaaaa
[2025-08-02 21:12:29,208][inference.model_runners][INFO] - 21:12:29: Timestep 12, current sequence: ??A????????E??A??????L????SSQ????????????A?AAA??????E??TAE??????A????GS???????????T????????AA???A??G?Q?S????????L?????AL??Eaaaaaaaaaaaaaaaaaaa
[2025-08-02 21:12:29,920][inference.model_runners][INFO] - 21:12:29: Timestep 11, current sequence: ??A?E??????E??A???A??L????SST?A?L??L????A??AAQL?????K??TAE??A???Q???G?S???????????T?????????A???A??G?Q?S????????L???L?A???Kaaaaaaaaaaaaaaaaaaa
[2025-08-02 21:12:30,632][inference.model_runners][INFO] - 21:12:30: Timestep 10, current sequence: ??A?E?????????AA??L??L????SLT???L???????A??AAA??????K??TAE??A???A????KS????????????R????????A?L?A??G?G?S?A???????A??AAA???Kaaaaaaaaaaaaaaaaaaa
[2025-08-02 21:12:31,358][inference.model_runners][INFO] - 21:12:31: Timestep 9, current sequence: ??AAA??A???E??AA?????L????SG??A?L????A???A?AAA?V????KQ?TAE??A??LE????KS??????E?????G????????A?L?A??G?G???A?????LLAA?AEALQQEaaaaaaaaaaaaaaaaaaa
[2025-08-02 21:12:32,071][inference.model_runners][INFO] - 21:12:32: Timestep 8, current sequence: ??A?AAAA???E??AA??A?LAA?LKQGTAQ?L????A??AA?A?A??????K??QAE??A???E????KS?SE???E?????G?G??????A?L?A??GLQ??A?Q????LLAA?LEALQQKaaaaaaaaaaaaaaaaaaa
[2025-08-02 21:12:32,782][inference.model_runners][INFO] - 21:12:32: Timestep 7, current sequence: ??A??LAA???E??AA????LAA?AKSGTAAAL?A??A???A?A?AL?SA?LKS?QAE??AA??EA???KS??K???Q????SASA?????????????G?G???AQ???A?LAALAEA??QEaaaaaaaaaaaaaaaaaaa
[2025-08-02 21:12:33,504][inference.model_runners][INFO] - 21:12:33: Timestep 6, current sequence: ??A??A?AA?????AA?????AA???AGSAA??AA??K??AA?LAAL?AA?LES?TAA?LAA?LQAL??KS??K??AA??S?SASA?A???A???????G?Q????QA??A??AAAAEA??QKaaaaaaaaaaaaaaaaaaa
[2025-08-02 21:12:34,216][inference.model_runners][INFO] - 21:12:34: Timestep 5, current sequence: ?SAA?A?AAA?A??AA??A??AA??AS?SAA?A?A??K???SQA?A??AA?LSS?KEE??EA??AA???KS??EA?AAAL???ASQ?????AA??????GSQ???AQA??A???AAAAAS??Kaaaaaaaaaaaaaaaaaaa
[2025-08-02 21:12:34,940][inference.model_runners][INFO] - 21:12:34: Timestep 4, current sequence: ?EA??A???A?A??AA??AALAAA??S?SAA?AAA??A??AS?A?A??A??LSS?QEA??E???SA??A?S??AA??AA?A??ASS??A??AS???A??KLS????SA??A??AAAAAAAA?Kaaaaaaaaaaaaaaaaaaa
[2025-08-02 21:12:35,669][inference.model_runners][INFO] - 21:12:35: Timestep 3, current sequence: ?KA??A?A????A?AA??AA?AA???SASAS??AA?AAS??S?A?A??AA?LAS?QAA??E???A????SS?KEA?AA??S?SAAS?AA??A???A???GSQ?S?AS?????AAAAAAASE?Kaaaaaaaaaaaaaaaaaaa
[2025-08-02 21:12:36,387][inference.model_runners][INFO] - 21:12:36: Timestep 2, current sequence: ?K?A?A?SA?AA???AAAAA??A?A?SASAAS?AS??AS??S?A?A???A?AKS?KAA??EA??S???A?S?KEA?AAA?S?SASA?AAA?S?A?????GSS?S?ASA????AAAAAAA?E?Kaaaaaaaaaaaaaaaaaaa
[2025-08-02 21:12:37,102][inference.model_runners][INFO] - 21:12:37: Timestep 1, current sequence: ?K?AS???SASAA?AA??AA?AA???S?SEAS?AS??AA????A?AA?S??L?S?KAS??AS??SA???SS?KKA?AAS?S?KGSA?SA??A???A???KSASQ??S??AA?AASAAA?SA?Kaaaaaaaaaaaaaaaaaaa
[2025-08-02 21:12:37,104][__main__][INFO] - Finished design in 0.36 minutes
[2025-08-02 21:12:38,045][__main__][INFO] - design : /home/hwjang/aipd/noahs_ark/piplines/1_diffusion/output/result_15.pdb
[2025-08-02 21:12:38,045][__main__][INFO] - Xt traj: /home/hwjang/aipd/noahs_ark/piplines/1_diffusion/output/traj/result_15_Xt-1_traj.pdb
[2025-08-02 21:12:38,045][__main__][INFO] - X0 traj: /home/hwjang/aipd/noahs_ark/piplines/1_diffusion/output/traj/result_15_pX0_traj.pdb

=============================================
Sat Aug 2 09:12:38 PM KST 2025
[INFO] Job finished in 187 seconds
