Sat Aug 2 09:09:31 PM KST 2025
[INFO] Job Information
=============================================
[INFO] Job Name       : rfdaa
[INFO] Job ID         : 146509
[INFO] Submit Dir     : /home/hwjang/aipd/noahs_ark/piplines/1_diffusion
[INFO] Partition      : gpu-farm
[INFO] Node List      : node26
[INFO] Nodes          : 1
[INFO] CPUs per Task  : 4
[INFO] Memory (MB)    : 
[INFO] User           : hwjang
[INFO] Work Dir       : /home/hwjang/aipd/noahs_ark/piplines/1_diffusion
[INFO] Tasks per Node : 1
[INFO] Dependency     : 
[INFO] Allocated GPUs : 4
---------------------------------------------
[INFO] Job allocated on node(s): node26
[INFO] Job running on: node26
=============================================

[2025-08-02 21:09:36,919][inference.model_runners][INFO] - Reading checkpoint from /home/hwjang/aipd/rf_diffusion_all_atom/RFDiffusionAA_paper_weights.pt
loading /home/hwjang/aipd/rf_diffusion_all_atom/RFDiffusionAA_paper_weights.pt
loaded /home/hwjang/aipd/rf_diffusion_all_atom/RFDiffusionAA_paper_weights.pt
OVERRIDING: You are changing diffuser.T from the value this model was trained with.
[2025-08-02 21:09:42,010][inference.model_runners][INFO] - Loading checkpoint.
[2025-08-02 21:09:42,140][diffusion][INFO] - Using cached IGSO3.
[2025-08-02 21:09:42,148][__main__][INFO] - Making design output/result_24
[2025-08-02 21:09:42,148][__main__][INFO] - making design 24 of 24:32
[2025-08-02 21:09:42,148][inference.model_runners][INFO] - Using contig: ['100-130']
With this beta schedule (linear schedule, beta_0 = 0.06666666666666667, beta_T = 0.46666666666666673), alpha_bar_T = 6.0550024500116706e-05
Using cached chi_beta_T dictionary.
Done calculating chi_beta_T, chi_alphas_T, and chi_abars_T dictionaries.
[2025-08-02 21:09:43,730][inference.model_runners][INFO] - 21:09:43: Timestep 30, current sequence: ????????????????????????????????????????????????????????????????????????????????????????????????????????????????aaaaaaaaaaaaaaaaaaa
[2025-08-02 21:09:44,455][inference.model_runners][INFO] - 21:09:44: Timestep 29, current sequence: ????????????????????????????????????????????????????????????????????????????????????????????????????????????????aaaaaaaaaaaaaaaaaaa
[2025-08-02 21:09:45,161][inference.model_runners][INFO] - 21:09:45: Timestep 28, current sequence: ????????????????????????????????????????????????????????????????????????????????????????????????????????????????aaaaaaaaaaaaaaaaaaa
[2025-08-02 21:09:45,872][inference.model_runners][INFO] - 21:09:45: Timestep 27, current sequence: ????????????????????????????????????????????????????????????????????????????????????????????????????????????????aaaaaaaaaaaaaaaaaaa
[2025-08-02 21:09:46,573][inference.model_runners][INFO] - 21:09:46: Timestep 26, current sequence: ????????????????????????????????????????????????????????????????????????????????????????????????????????????????aaaaaaaaaaaaaaaaaaa
[2025-08-02 21:09:47,272][inference.model_runners][INFO] - 21:09:47: Timestep 25, current sequence: ????????????????????????????????????????????????????????????????????????????????????????????????????????????????aaaaaaaaaaaaaaaaaaa
[2025-08-02 21:09:47,983][inference.model_runners][INFO] - 21:09:47: Timestep 24, current sequence: ????????????????????????????????????????????????????????????????????????????????????????????????????????????????aaaaaaaaaaaaaaaaaaa
[2025-08-02 21:09:48,684][inference.model_runners][INFO] - 21:09:48: Timestep 23, current sequence: ????????????????????????????????????????????????????????????????????????????????????????????????????????????????aaaaaaaaaaaaaaaaaaa
[2025-08-02 21:09:49,402][inference.model_runners][INFO] - 21:09:49: Timestep 22, current sequence: ????????????????????????????????????????????????????????????????????????????????????????????????????????????????aaaaaaaaaaaaaaaaaaa
[2025-08-02 21:09:50,104][inference.model_runners][INFO] - 21:09:50: Timestep 21, current sequence: ????????????????????????????????????????????????????????????????????????????????????????????????????????????????aaaaaaaaaaaaaaaaaaa
[2025-08-02 21:09:50,815][inference.model_runners][INFO] - 21:09:50: Timestep 20, current sequence: ????????????????????????????????????????????????????????????????????????????????????????????????????????????????aaaaaaaaaaaaaaaaaaa
[2025-08-02 21:09:51,518][inference.model_runners][INFO] - 21:09:51: Timestep 19, current sequence: ???????E???E??????DGG???????????????????????????????????????????????????????????????????????????????????????????aaaaaaaaaaaaaaaaaaa
[2025-08-02 21:09:52,230][inference.model_runners][INFO] - 21:09:52: Timestep 18, current sequence: ??????????????Q????GG????????????????S??????????????????GE?????????GS?S?EG???????????????????????G??????????????aaaaaaaaaaaaaaaaaaa
[2025-08-02 21:09:52,929][inference.model_runners][INFO] - 21:09:52: Timestep 17, current sequence: ??????????????A?????S??????????????????????????????????S?L?????????GS?S?E?????????????????????TL????????????????aaaaaaaaaaaaaaaaaaa
[2025-08-02 21:09:53,642][inference.model_runners][INFO] - 21:09:53: Timestep 16, current sequence: ?????????????LQ?????K???L????????????????????GA??????????E?????????QSQS?E?????????????L?????G?TA????????????????aaaaaaaaaaaaaaaaaaa
[2025-08-02 21:09:54,340][inference.model_runners][INFO] - 21:09:54: Timestep 15, current sequence: ??????????????QE????K???A????????????A?G?SA???A???????QQ?E?????????QSLS?????????????????????G?TA????????????????aaaaaaaaaaaaaaaaaaa
[2025-08-02 21:09:55,051][inference.model_runners][INFO] - 21:09:55: Timestep 14, current sequence: ??L????L?????LA??L??K???L??????????????G???????????A???Q?G??????Q??QQ?G?E???E??K????????????GTTA????????????????aaaaaaaaaaaaaaaaaaa
[2025-08-02 21:09:55,749][inference.model_runners][INFO] - 21:09:55: Timestep 13, current sequence: ??A?L?AG?????LALL???K???LA??????L??L?A?G??A???A???AA???Q?G?L???EE??QQ?G?E??????Q???Q????????GT?A????????????????aaaaaaaaaaaaaaaaaaa
[2025-08-02 21:09:56,449][inference.model_runners][INFO] - 21:09:56: Timestep 12, current sequence: ??AL??AQ??????A?L??SK???L??????????L?A?G??A????????A??QQ?G?LE??E???GQ?G?A??????Q????????????GTT?????????????????aaaaaaaaaaaaaaaaaaa
[2025-08-02 21:09:57,160][inference.model_runners][INFO] - 21:09:57: Timestep 11, current sequence: ??L???????????A?L???K???LA??LA??L??L?A?G??AEQ??A???????Q?G?LE??E???KS?G?AG??G??SG??Q??E???S?G?TA????????????????aaaaaaaaaaaaaaaaaaa
[2025-08-02 21:09:57,863][inference.model_runners][INFO] - 21:09:57: Timestep 10, current sequence: ??A????Q??????A??L??K???L???L??????L?S?G?SAA???A???A?????G?LE??A???QS?G?G???G??GG??Q??A??AS?G?S?????????????L???aaaaaaaaaaaaaaaaaaa
[2025-08-02 21:09:58,576][inference.model_runners][INFO] - 21:09:58: Timestep 9, current sequence: ??A????Q??????AA?A??????L???A??????L?A?G?SAE???A???A?????G?AE??A??L?S?G?GS??G??AG?????????SGG?S?????????????L???aaaaaaaaaaaaaaaaaaa
[2025-08-02 21:09:59,274][inference.model_runners][INFO] - 21:09:59: Timestep 8, current sequence: ??A????A??A???AA?A??????LA??A??????LA??G?SAA??AA??LAL??E?G?AE??AQ?LES?GSGS??G???G??Q???LL?QGQ???A??????????LL???aaaaaaaaaaaaaaaaaaa
[2025-08-02 21:09:59,972][inference.model_runners][INFO] - 21:09:59: Timestep 7, current sequence: ?TAG??AAA?AA??AA?A??????AA??A????A?LAA?G?SAA??AA???A??A??G?AE??AQAAES?SSES??S???G?AQ?L?KLEQGK?S?A???????????L???aaaaaaaaaaaaaaaaaaa
[2025-08-02 21:10:00,680][inference.model_runners][INFO] - 21:10:00: Timestep 6, current sequence: ??AG??ASAAAA??AA?A?SG???AA???????AALAA?K?SAA??AAA?AA?LA??G?AE??AQAAASASSESA?S???GLAA?L?KLAQGS?SAA??ARA??????L???aaaaaaaaaaaaaaaaaaa
[2025-08-02 21:10:01,381][inference.model_runners][INFO] - 21:10:01: Timestep 5, current sequence: ??AG?LASAAAA?AAA?A??????AA???????A?LAA?K?SAA??AAA?????A??G?AA??AS?A?SAESASL?????G?AA?LAKLAQGS?SAA???QA??????L???aaaaaaaaaaaaaaaaaaa
[2025-08-02 21:10:02,092][inference.model_runners][INFO] - 21:10:02: Timestep 4, current sequence: ???GA?AAAAAA?AAA?A??????A??????????AAA?K??AEA??AA?A???A??R?AA??AS???SAESASA?S???G?AA?AAA?AQGS?S?A??ASA??????A??Saaaaaaaaaaaaaaaaaaa
[2025-08-02 21:10:02,790][inference.model_runners][INFO] - 21:10:02: Timestep 3, current sequence: ?SAE??ASAAAA?AAA??????????????A??AAASA?K?SAAS?AAA?AAS?AA?S?AAAAASA??SASSASALS???G?AA?AA?A?SKS?SAAA??SA??S??A????aaaaaaaaaaaaaaaaaaa
[2025-08-02 21:10:03,500][inference.model_runners][INFO] - 21:10:03: Timestep 2, current sequence: ??AS??ASAAAALAA?????Q???A?S?AAA?SAAASA?K?SAAA??AAAAAA?SA?R?AA?AAA???SASSASAAS???G?AA?AAA??SKS?AASAA?SA??A??A???Saaaaaaaaaaaaaaaaaaa
[2025-08-02 21:10:04,200][inference.model_runners][INFO] - 21:10:04: Timestep 1, current sequence: ?SA???AS?ASS?AAS??????????S?????S?S?SA?G?K?AAAAAAAAAS?SS?A?AA??AS???SASSASASA???G?AA???S?ASKS?TAA??SSAA?A??????Saaaaaaaaaaaaaaaaaaa
[2025-08-02 21:10:04,201][__main__][INFO] - Finished design in 0.37 minutes
[2025-08-02 21:10:05,073][__main__][INFO] - design : /home/hwjang/aipd/noahs_ark/piplines/1_diffusion/output/result_24.pdb
[2025-08-02 21:10:05,073][__main__][INFO] - Xt traj: /home/hwjang/aipd/noahs_ark/piplines/1_diffusion/output/traj/result_24_Xt-1_traj.pdb
[2025-08-02 21:10:05,073][__main__][INFO] - X0 traj: /home/hwjang/aipd/noahs_ark/piplines/1_diffusion/output/traj/result_24_pX0_traj.pdb
[2025-08-02 21:10:05,073][__main__][INFO] - Making design output/result_25
[2025-08-02 21:10:05,073][__main__][INFO] - making design 25 of 24:32
[2025-08-02 21:10:05,073][inference.model_runners][INFO] - Using contig: ['100-130']
With this beta schedule (linear schedule, beta_0 = 0.06666666666666667, beta_T = 0.46666666666666673), alpha_bar_T = 6.0550024500116706e-05
Using cached chi_beta_T dictionary.
Done calculating chi_beta_T, chi_alphas_T, and chi_abars_T dictionaries.
[2025-08-02 21:10:05,919][inference.model_runners][INFO] - 21:10:05: Timestep 30, current sequence: ??????????????????????????????????????????????????????????????????????????????????????????????????????????????????aaaaaaaaaaaaaaaaaaa
[2025-08-02 21:10:06,635][inference.model_runners][INFO] - 21:10:06: Timestep 29, current sequence: ??????????????????????????????????????????????????????????????????????????????????????????????????????????????????aaaaaaaaaaaaaaaaaaa
[2025-08-02 21:10:07,343][inference.model_runners][INFO] - 21:10:07: Timestep 28, current sequence: ??????????????????????????????????????????????????????????????????????????????????????????????????????????????????aaaaaaaaaaaaaaaaaaa
[2025-08-02 21:10:08,046][inference.model_runners][INFO] - 21:10:08: Timestep 27, current sequence: ??????????????????????????????????????????????????????????????????????????????????????????????????????????????????aaaaaaaaaaaaaaaaaaa
[2025-08-02 21:10:08,761][inference.model_runners][INFO] - 21:10:08: Timestep 26, current sequence: ??????????????????????????????????????????????????????????????????????????????????????????????????????????????????aaaaaaaaaaaaaaaaaaa
[2025-08-02 21:10:09,469][inference.model_runners][INFO] - 21:10:09: Timestep 25, current sequence: ??????????????????????????????????????????????????????????????????????????????????????????????????????????????????aaaaaaaaaaaaaaaaaaa
[2025-08-02 21:10:10,178][inference.model_runners][INFO] - 21:10:10: Timestep 24, current sequence: ??????????????????????????????????????????????????????????????????????????????????????????????????????????????????aaaaaaaaaaaaaaaaaaa
[2025-08-02 21:10:10,893][inference.model_runners][INFO] - 21:10:10: Timestep 23, current sequence: ??????????????????????????????????????????????????????????????????????????????????????????????????????????????????aaaaaaaaaaaaaaaaaaa
[2025-08-02 21:10:11,597][inference.model_runners][INFO] - 21:10:11: Timestep 22, current sequence: ??????????????????????????????????????????????????????????????????????????????????????????????????????????????????aaaaaaaaaaaaaaaaaaa
[2025-08-02 21:10:12,311][inference.model_runners][INFO] - 21:10:12: Timestep 21, current sequence: ??????????????????????????????????????????????????????????????????????????????????????????????????????????????????aaaaaaaaaaaaaaaaaaa
[2025-08-02 21:10:13,017][inference.model_runners][INFO] - 21:10:13: Timestep 20, current sequence: ???????????????????????????????????????????????????????????????????????????????????????????E??????????????????????aaaaaaaaaaaaaaaaaaa
[2025-08-02 21:10:13,721][inference.model_runners][INFO] - 21:10:13: Timestep 19, current sequence: ?????????????????????????????G?????????????????????????????????????????????G???????????????????E??????????????????aaaaaaaaaaaaaaaaaaa
[2025-08-02 21:10:14,440][inference.model_runners][INFO] - 21:10:14: Timestep 18, current sequence: ?????????????????????????????????????????????????????????G???????S?????????S??S?G??EL?????G???EE??T????E???G??????aaaaaaaaaaaaaaaaaaa
[2025-08-02 21:10:15,144][inference.model_runners][INFO] - 21:10:15: Timestep 17, current sequence: ??????????????????????????????????????????????????????????????????????????????S???SEG??E??L???EG??TE???E??????????aaaaaaaaaaaaaaaaaaa
[2025-08-02 21:10:15,860][inference.model_runners][INFO] - 21:10:15: Timestep 16, current sequence: ??????????????G?S???????????L???DAE??LE?????????????S???????G?????????????????S???GG?SLE??????GG??TLQ??E???L??????aaaaaaaaaaaaaaaaaaa
[2025-08-02 21:10:16,564][inference.model_runners][INFO] - 21:10:16: Timestep 15, current sequence: ?Q?????????????G??????L?????????DAE??LE????????????SQ??S?GQ?G?GS??????????????S???GG?DA???A???LS??TGQ??E??????Q???aaaaaaaaaaaaaaaaaaa
[2025-08-02 21:10:17,283][inference.model_runners][INFO] - 21:10:17: Timestep 14, current sequence: ?Q?????????????G????????????????SAE???E??????E??????S??G??Q??GGS?SL???????????S???GG?SAE??A???GS??TG??????????????aaaaaaaaaaaaaaaaaaa
[2025-08-02 21:10:17,987][inference.model_runners][INFO] - 21:10:17: Timestep 13, current sequence: ?G?????????????G??????????????Q?S?????E????????LL???Q??G??Q?EGQG?TL???????????????GG?QA????EL?????TE??????????????aaaaaaaaaaaaaaaaaaa
[2025-08-02 21:10:18,693][inference.model_runners][INFO] - 21:10:18: Timestep 12, current sequence: ?????L???L?L???G??A???????????SLS???????????L???L???S??G??Q?E?QG?SLA??L???????????GS?QA???AQL?K???TG??????L?L?Q???aaaaaaaaaaaaaaaaaaa
[2025-08-02 21:10:19,413][inference.model_runners][INFO] - 21:10:19: Timestep 11, current sequence: ?Q???LA?L???L??G??A????Q??????G?TA????E?????LL?LL???SA???AQ?Q?LS?TLA???????Q??S???GG??AE???Q?AK???TE???A??L???Q???aaaaaaaaaaaaaaaaaaa
[2025-08-02 21:10:20,118][inference.model_runners][INFO] - 21:10:20: Timestep 10, current sequence: ?Q?VTL??????L??G??E?L?????Q???G?SA????A????LLL??L???SAE???Q?G??G?SLA??L????A??S???GG?SAEL??QL?E????Q???A??A???E???aaaaaaaaaaaaaaaaaaa
[2025-08-02 21:10:20,831][inference.model_runners][INFO] - 21:10:20: Timestep 9, current sequence: ?Q?A?L?????LLLQG????L?????Q?L?G?TA????A?LA?LLA??L???SAE???Q?K??G??L???????????????GG?SAE??AEL?????TA???TAL?A?AE???aaaaaaaaaaaaaaaaaaa
[2025-08-02 21:10:21,536][inference.model_runners][INFO] - 21:10:21: Timestep 8, current sequence: ?Q?A?LA??????AQG?A????????Q?L?S?TAA??????A??LA??LE??SAE??AE?KL?G??LA?L?????A????A?GG?SAE?AAE??????SA???QLL?ALAE???aaaaaaaaaaaaaaaaaaa
[2025-08-02 21:10:22,241][inference.model_runners][INFO] - 21:10:22: Timestep 7, current sequence: ?Q???AAQL??LLA?G?A?A??A??L??L?G?QAA???A??A?L?AA?LSL?SAE??AQ?A??G??A??L????A???????GG?SAE??AE??????SA???QLL????E???aaaaaaaaaaaaaaaaaaa
[2025-08-02 21:10:22,957][inference.model_runners][INFO] - 21:10:22: Timestep 6, current sequence: ?Q???AAQL?A??ASG?A???????LA?L?S?QAA???A??AAL?AL?LS??QAE??AQ?G??G??A??????????L????G??QAE?AAE??????SAA??Q?L??LLAA??aaaaaaaaaaaaaaaaaaa
[2025-08-02 21:10:23,659][inference.model_runners][INFO] - 21:10:23: Timestep 5, current sequence: ?Q????AQ??A??ASGQAA?A?????????S?QLA???A??AA?????AE??QAE??AE?Q??G????AL????????GA??G??SAA?AAE???????AA??QL??A?LAA??aaaaaaaaaaaaaaaaaaa
[2025-08-02 21:10:24,373][inference.model_runners][INFO] - 21:10:24: Timestep 4, current sequence: ?Q????AQ?AA??ASG??A??A???????????AA???AA?A???A???EA?QA?A?AS?Q??G?????LL???AA??S???G??AAEAA?A??A????AA??????A??A???aaaaaaaaaaaaaaaaaaa
[2025-08-02 21:10:25,085][inference.model_runners][INFO] - 21:10:25: Timestep 3, current sequence: ?Q??Q?AA?AAA??KGQA????A????A??S?QAA???AA?AA??????A??QEEA?AA?QS?G??????AAS??A??A???G??SAAAAA???S???SAA?????AA?SAA??aaaaaaaaaaaaaaaaaaa
[2025-08-02 21:10:25,805][inference.model_runners][INFO] - 21:10:25: Timestep 2, current sequence: ?Q????AS?ASA??KG?A?????S????A?S?QAAA?AA??SA??????K????EA?AA?Q??E???AA?A????AS?AA??G??PSAA??S??S????AA?????????AA??aaaaaaaaaaaaaaaaaaa
[2025-08-02 21:10:26,520][inference.model_runners][INFO] - 21:10:26: Timestep 1, current sequence: ?Q????A??SAA??KGS??SAAAA??SAA?S???E?ASAA?SAA?SA??????AAA?AS?A??E??A?A?SAS?SA??AA??G??SAAAA??A??????AA??????A??S???aaaaaaaaaaaaaaaaaaa
[2025-08-02 21:10:26,522][__main__][INFO] - Finished design in 0.36 minutes
[2025-08-02 21:10:27,390][__main__][INFO] - design : /home/hwjang/aipd/noahs_ark/piplines/1_diffusion/output/result_25.pdb
[2025-08-02 21:10:27,391][__main__][INFO] - Xt traj: /home/hwjang/aipd/noahs_ark/piplines/1_diffusion/output/traj/result_25_Xt-1_traj.pdb
[2025-08-02 21:10:27,391][__main__][INFO] - X0 traj: /home/hwjang/aipd/noahs_ark/piplines/1_diffusion/output/traj/result_25_pX0_traj.pdb
[2025-08-02 21:10:27,391][__main__][INFO] - Making design output/result_26
[2025-08-02 21:10:27,391][__main__][INFO] - making design 26 of 24:32
[2025-08-02 21:10:27,391][inference.model_runners][INFO] - Using contig: ['100-130']
With this beta schedule (linear schedule, beta_0 = 0.06666666666666667, beta_T = 0.46666666666666673), alpha_bar_T = 6.0550024500116706e-05
Using cached chi_beta_T dictionary.
Done calculating chi_beta_T, chi_alphas_T, and chi_abars_T dictionaries.
[2025-08-02 21:10:28,020][inference.model_runners][INFO] - 21:10:28: Timestep 30, current sequence: ??????????????????????????????????????????????????????????????????????????????????????????????????????????aaaaaaaaaaaaaaaaaaa
[2025-08-02 21:10:28,709][inference.model_runners][INFO] - 21:10:28: Timestep 29, current sequence: ??????????????????????????????????????????????????????????????????????????????????????????????????????????aaaaaaaaaaaaaaaaaaa
[2025-08-02 21:10:29,412][inference.model_runners][INFO] - 21:10:29: Timestep 28, current sequence: ??????????????????????????????????????????????????????????????????????????????????????????????????????????aaaaaaaaaaaaaaaaaaa
[2025-08-02 21:10:30,102][inference.model_runners][INFO] - 21:10:30: Timestep 27, current sequence: ??????????????????????????????????????????????????????????????????????????????????????????????????????????aaaaaaaaaaaaaaaaaaa
[2025-08-02 21:10:30,793][inference.model_runners][INFO] - 21:10:30: Timestep 26, current sequence: ??????????????????????????????????????????????????????????????????????????????????????????????????????????aaaaaaaaaaaaaaaaaaa
[2025-08-02 21:10:31,483][inference.model_runners][INFO] - 21:10:31: Timestep 25, current sequence: ??????????????????????????????????????????????????????????????????????????????????????????????????????????aaaaaaaaaaaaaaaaaaa
[2025-08-02 21:10:32,172][inference.model_runners][INFO] - 21:10:32: Timestep 24, current sequence: ??????????????????????????????????????????????????????????????????????????????????????????????????????????aaaaaaaaaaaaaaaaaaa
[2025-08-02 21:10:32,862][inference.model_runners][INFO] - 21:10:32: Timestep 23, current sequence: ??????????????????????????????????????????????????????????????????????????????????????????????????????????aaaaaaaaaaaaaaaaaaa
[2025-08-02 21:10:33,552][inference.model_runners][INFO] - 21:10:33: Timestep 22, current sequence: ??????????????????????????????????????????????????????????????????????????????????????????????????????????aaaaaaaaaaaaaaaaaaa
[2025-08-02 21:10:34,256][inference.model_runners][INFO] - 21:10:34: Timestep 21, current sequence: ??????????????????????????????????????????????????????????????????????????????????????????????????????????aaaaaaaaaaaaaaaaaaa
[2025-08-02 21:10:34,946][inference.model_runners][INFO] - 21:10:34: Timestep 20, current sequence: ????????????????????????????????????????????????????????????????GG????????????????????????????????????????aaaaaaaaaaaaaaaaaaa
[2025-08-02 21:10:35,647][inference.model_runners][INFO] - 21:10:35: Timestep 19, current sequence: ?????????????????????????????????????G??G?????????????????????????????????????????????????????????????????aaaaaaaaaaaaaaaaaaa
[2025-08-02 21:10:36,335][inference.model_runners][INFO] - 21:10:36: Timestep 18, current sequence: ???????????E???????????????????????????G?????????G????G??????????????????G????????????????????T???????????aaaaaaaaaaaaaaaaaaa
[2025-08-02 21:10:37,025][inference.model_runners][INFO] - 21:10:37: Timestep 17, current sequence: ??GG???E???G???????SLSGG???????????????S?????????GQS?E???E???????Q???????G??E?????????????????SG??????????aaaaaaaaaaaaaaaaaaa
[2025-08-02 21:10:37,727][inference.model_runners][INFO] - 21:10:37: Timestep 16, current sequence: ??GE??AE???????L????L?GS??E??E?????G??????L??????L?S?E???EG??????????????G?A????????????????G?T???E???????aaaaaaaaaaaaaaaaaaa
[2025-08-02 21:10:38,418][inference.model_runners][INFO] - 21:10:38: Timestep 15, current sequence: ???K???????????L???SLQSSAQ???E???S??????????????SL?S?E????A??????????Q???G?A???????????????GG?????Q???????aaaaaaaaaaaaaaaaaaa
[2025-08-02 21:10:39,107][inference.model_runners][INFO] - 21:10:39: Timestep 14, current sequence: ???K???????????L??ESL?GL?QE?AQ???Q??G???T????????L?G?EG??E???????Q???Q?????AE?????????????GGG??G??????????aaaaaaaaaaaaaaaaaaa
[2025-08-02 21:10:39,794][inference.model_runners][INFO] - 21:10:39: Timestep 13, current sequence: ??AE???????????L???SL?G?GQE??AL??A??GG???????????L?GLE??GEG??????????Q???GSAE??A??????????GG???Q??L???????aaaaaaaaaaaaaaaaaaa
[2025-08-02 21:10:40,485][inference.model_runners][INFO] - 21:10:40: Timestep 12, current sequence: ???E???????????L??ASL?K?SQE??EL?????GG??T????????L?G?EE?GE???A???????????G?AE??A??????L???GG???E??????????aaaaaaaaaaaaaaaaaaa
[2025-08-02 21:10:41,176][inference.model_runners][INFO] - 21:10:41: Timestep 11, current sequence: ???E???L??????EL??ASL?SASA???AL??S??GG??TL???????L?G?EG?GE???A???Q???????G?AE???????A?L???GG???G??????K???aaaaaaaaaaaaaaaaaaa
[2025-08-02 21:10:41,864][inference.model_runners][INFO] - 21:10:41: Timestep 10, current sequence: ???E???L???????L??ASLLSLSAG?LEL??????G??SLA??????L?G?EG?SE???A???Q???????GSAE?????????A???EG?Q?S??E???E???aaaaaaaaaaaaaaaaaaa
[2025-08-02 21:10:42,556][inference.model_runners][INFO] - 21:10:42: Timestep 9, current sequence: ??AE???A???????L???SAAELLQE?LEL????T?G??VLA???A??L?G?EG?SE???????????????GSAE??A??????A???EGSQ?Q??E???E?L?aaaaaaaaaaaaaaaaaaa
[2025-08-02 21:10:43,256][inference.model_runners][INFO] - 21:10:43: Timestep 8, current sequence: ??AA??A????????L??ALAAEALQE?LAL??G?T?G??V?A??????L???EG?SA???????????????GSAE??AA???A?A???EG?Q?Q??A??LE?LEaaaaaaaaaaaaaaaaaaa
[2025-08-02 21:10:43,946][inference.model_runners][INFO] - 21:10:43: Timestep 7, current sequence: ??AEL?A???????AL??ALAAEALQA?LAL?AS?K?G??S?????A??????EG??E???????????????GSAE???A?????A???EG?Q?Q??Q??LA?L?aaaaaaaaaaaaaaaaaaa
[2025-08-02 21:10:44,655][inference.model_runners][INFO] - 21:10:44: Timestep 6, current sequence: ?A?AA??????L?A??AAA?LSASLQA?AEL?SS???G??SAA???A??????EG??E???A???????A???GQAE?????????A???KGQQ?Q??AL??EALKaaaaaaaaaaaaaaaaaaa
[2025-08-02 21:10:45,348][inference.model_runners][INFO] - 21:10:45: Timestep 5, current sequence: ?A?AA???????AA??LAA?L?ESLQ??AEA?SS???G??SA???????????KS??EA??????A???A???GSAA??A??A?ALAK??KG?Q?Q???A?L???Saaaaaaaaaaaaaaaaaaa
[2025-08-02 21:10:46,037][inference.model_runners][INFO] - 21:10:46: Timestep 4, current sequence: ?ASEA???????????L?A?L?ASAEA??AA?SA???G??SA????A????SLKS??EA??AA??A???????GSAA???A?A?A?AS??KGSQ?R??A??????Saaaaaaaaaaaaaaaaaaa
[2025-08-02 21:10:46,736][inference.model_runners][INFO] - 21:10:46: Timestep 3, current sequence: ???AA??SA?????AA??A?L?AASAAAAAS?SS???G??Q??A??A??????KS??E???SA??A??A????GTAAA?AA?????AS???G?Q?Q???L?????Saaaaaaaaaaaaaaaaaaa
[2025-08-02 21:10:47,425][inference.model_runners][INFO] - 21:10:47: Timestep 2, current sequence: ???SA??AA??A?AAA?AS?S?ASSSAAAAS?KS???G??A??????????S?KS?KE???S???A??A???SGSAAA?SAA?????S??EGS??R???A?AA??Saaaaaaaaaaaaaaaaaaa
[2025-08-02 21:10:48,116][inference.model_runners][INFO] - 21:10:48: Timestep 1, current sequence: ???S??SAA??S?AAA??A?A?SSSASAASQAAS???S??S?AS??A???S??KS??E???SA??A???S??SGTSAAASA??A???S???K???A???A?AA?SSaaaaaaaaaaaaaaaaaaa
[2025-08-02 21:10:48,118][__main__][INFO] - Finished design in 0.35 minutes
[2025-08-02 21:10:48,952][__main__][INFO] - design : /home/hwjang/aipd/noahs_ark/piplines/1_diffusion/output/result_26.pdb
[2025-08-02 21:10:48,952][__main__][INFO] - Xt traj: /home/hwjang/aipd/noahs_ark/piplines/1_diffusion/output/traj/result_26_Xt-1_traj.pdb
[2025-08-02 21:10:48,952][__main__][INFO] - X0 traj: /home/hwjang/aipd/noahs_ark/piplines/1_diffusion/output/traj/result_26_pX0_traj.pdb
[2025-08-02 21:10:48,952][__main__][INFO] - Making design output/result_27
[2025-08-02 21:10:48,953][__main__][INFO] - making design 27 of 24:32
[2025-08-02 21:10:48,953][inference.model_runners][INFO] - Using contig: ['100-130']
With this beta schedule (linear schedule, beta_0 = 0.06666666666666667, beta_T = 0.46666666666666673), alpha_bar_T = 6.0550024500116706e-05
Using cached chi_beta_T dictionary.
Done calculating chi_beta_T, chi_alphas_T, and chi_abars_T dictionaries.
[2025-08-02 21:10:49,589][inference.model_runners][INFO] - 21:10:49: Timestep 30, current sequence: ??????????????????????????????????????????????????????????????????????????????????????????????????????????????????????????aaaaaaaaaaaaaaaaaaa
[2025-08-02 21:10:50,308][inference.model_runners][INFO] - 21:10:50: Timestep 29, current sequence: ??????????????????????????????????????????????????????????????????????????????????????????????????????????????????????????aaaaaaaaaaaaaaaaaaa
[2025-08-02 21:10:51,040][inference.model_runners][INFO] - 21:10:51: Timestep 28, current sequence: ??????????????????????????????????????????????????????????????????????????????????????????????????????????????????????????aaaaaaaaaaaaaaaaaaa
[2025-08-02 21:10:51,760][inference.model_runners][INFO] - 21:10:51: Timestep 27, current sequence: ??????????????????????????????????????????????????????????????????????????????????????????????????????????????????????????aaaaaaaaaaaaaaaaaaa
[2025-08-02 21:10:52,480][inference.model_runners][INFO] - 21:10:52: Timestep 26, current sequence: ??????????????????????????????????????????????????????????????????????????????????????????????????????????????????????????aaaaaaaaaaaaaaaaaaa
[2025-08-02 21:10:53,200][inference.model_runners][INFO] - 21:10:53: Timestep 25, current sequence: ??????????????????????????????????????????????????????????????????????????????????????????????????????????????????????????aaaaaaaaaaaaaaaaaaa
[2025-08-02 21:10:53,930][inference.model_runners][INFO] - 21:10:53: Timestep 24, current sequence: ??????????????????????????????????????????????????????????????????????????????????????????????????????????????????????????aaaaaaaaaaaaaaaaaaa
[2025-08-02 21:10:54,659][inference.model_runners][INFO] - 21:10:54: Timestep 23, current sequence: ??????????????????????????????????????????????????????????????????????????????????????????????????????????????????????????aaaaaaaaaaaaaaaaaaa
[2025-08-02 21:10:55,377][inference.model_runners][INFO] - 21:10:55: Timestep 22, current sequence: ??????????????????????????????????????????????????????????????????????????????????????????????????????????????????????????aaaaaaaaaaaaaaaaaaa
[2025-08-02 21:10:56,107][inference.model_runners][INFO] - 21:10:56: Timestep 21, current sequence: ??????????????????????????????????????????????????????????G???????????????????????????????????????????????????????????????aaaaaaaaaaaaaaaaaaa
[2025-08-02 21:10:56,829][inference.model_runners][INFO] - 21:10:56: Timestep 20, current sequence: ???????????????????????????????????????????????E??????????G?????????????????????????????????G?????????????????????????????aaaaaaaaaaaaaaaaaaa
[2025-08-02 21:10:57,550][inference.model_runners][INFO] - 21:10:57: Timestep 19, current sequence: ??????????G???????????????????L????????????L???E???E??????????????????????????????????????????????????????????????????????aaaaaaaaaaaaaaaaaaa
[2025-08-02 21:10:58,279][inference.model_runners][INFO] - 21:10:58: Timestep 18, current sequence: ????????TLG?SAE???????????????????T????????LELLEE??E??????K????????????G??E???????????????????????????????????????????????aaaaaaaaaaaaaaaaaaa
[2025-08-02 21:10:58,997][inference.model_runners][INFO] - 21:10:58: Timestep 17, current sequence: ????????TEG?TLE???????????????????TS??????TLEL?EES?E???????????S???????G??E???GG???????????GGS???????G????????????????????aaaaaaaaaaaaaaaaaaa
[2025-08-02 21:10:59,729][inference.model_runners][INFO] - 21:10:59: Timestep 16, current sequence: ?T???L???EG?TL????????L??????G????TTLTLL??TLEQ?AKS?????????????G???????S?SGS??GG????????????QG???????????????????????????Eaaaaaaaaaaaaaaaaaaa
[2025-08-02 21:11:00,448][inference.model_runners][INFO] - 21:11:00: Timestep 15, current sequence: ?LV?????TSG??A????????L???L??G????TTLT??????AQLAKSEE???Q???????????????SGSES??GE????????????GG?T??????SGG?????????????L???aaaaaaaaaaaaaaaaaaa
[2025-08-02 21:11:01,169][inference.model_runners][INFO] - 21:11:01: Timestep 14, current sequence: ?LT??L??TGG??A???A????L???L??GL???TT?TLV???LEQL??SA?????????????????????LS?SL??E????????????GG?T?L??G?TGS???????????AAL???aaaaaaaaaaaaaaaaaaa
[2025-08-02 21:11:01,899][inference.model_runners][INFO] - 21:11:01: Timestep 13, current sequence: ?LL??L????G??AE??A???ALL??L?AAL?QGTT?T?????AG?LA?S???????????????????????SKQ??GG?????L?LL???GG??????G???GA??L???????AEL???aaaaaaaaaaaaaaaaaaa
[2025-08-02 21:11:02,621][inference.model_runners][INFO] - 21:11:02: Timestep 12, current sequence: ?????L????G??AQ????L??LL??L?AELVKGTTLLLL???????AQSLE???E?????????Q???????SG???GG????L??LL????G?T?L??G?E?SQ??L???????AALL??aaaaaaaaaaaaaaaaaaa
[2025-08-02 21:11:03,339][inference.model_runners][INFO] - 21:11:03: Timestep 11, current sequence: ?L???L??SGG???E??????ALL??LAAEL?KGTTLLLL?L?A???AQSAE????????L????QL???????G?T?SG?????L??L???GG?T?L??G?E?SA????????L?AAL???aaaaaaaaaaaaaaaaaaa
[2025-08-02 21:11:04,069][inference.model_runners][INFO] - 21:11:04: Timestep 10, current sequence: ?????V??SGG??AE??????ALL?AL?AEL?GG?T?T?L?L?AE?LAQSAE???E?LA?L????QL?L??T?GG?T??G??A??LALLL??QGLT????G?E?G???L?QL??A?AAL?QEaaaaaaaaaaaaaaaaaaa
[2025-08-02 21:11:04,788][inference.model_runners][INFO] - 21:11:04: Timestep 9, current sequence: ????????SGS??AE??????ALL?AA?AKL?KG?T?T?L???AE?LAQS?E??A?L????????QL????TLSG?T??G??A??LALLL??QG?T????G?E?G???LAQL?EALAAL??Eaaaaaaaaaaaaaaaaaaa
[2025-08-02 21:11:05,522][inference.model_runners][INFO] - 21:11:05: Timestep 8, current sequence: ??????L??EG??AE??ASL?ALL?AA?AKLA?G?T?T?L???AG?LAKS?E??AE??E??????QL???LTASG?T??G??A???A?LLA?QG?T?L????E?G???LAQL?AALAEL??Vaaaaaaaaaaaaaaaaaaa
[2025-08-02 21:11:06,242][inference.model_runners][INFO] - 21:11:06: Timestep 7, current sequence: ?????????GE??RE??AA??ALL?ALAAKL??G?T?T?L???AGA??KS?E?AAE???L???LLQL??LL?ASG?TL?G???Q??K?LLA?QG?T??????S?G???AAQL??ALAAL?AEaaaaaaaaaaaaaaaaaaa
[2025-08-02 21:11:06,971][inference.model_runners][INFO] - 21:11:06: Timestep 6, current sequence: ?????????GQ??AQ??AA??AAL?AAAAK?A???T?T?Q???LGALAAS?E??AE?LAL?L?LLQ???LLV?SG?SV?G??GQ??E?LLE?QG?T??????S?G????AQL??ALAAALAQaaaaaaaaaaaaaaaaaaa
[2025-08-02 21:11:07,689][inference.model_runners][INFO] - 21:11:07: Timestep 5, current sequence: ???V?L???QE??AQ???A??AAL?AAAA????G?T?TLQ???LEA?AASAEE?AA???L?????????LLVASG?S??GE?AQ??E?LLA?KG?T????G?G?G????AQ??AALAAA?A?aaaaaaaaaaaaaaaaaaa
[2025-08-02 21:11:08,419][inference.model_runners][INFO] - 21:11:08: Timestep 4, current sequence: ?V??????SEQ?QAQ??????AA?AAAAA??S?G?TLT?V???AAA?AAS?EA?AA?LA????SL??????AASG?Q??GE?A???AAALA?KG?S????G?S?G????AQ???A?AAA?AQaaaaaaaaaaaaaaaaaaa
[2025-08-02 21:11:09,137][inference.model_runners][INFO] - 21:11:09: Timestep 3, current sequence: ????????SEQ?QAA???A??AA?ASLAAS?A?G?QLT?Q???AAAAA?S?ES?AK?LA????S????????ASG?Q??GA??A??KS?LS????S?A??G?E?G????AQ???A?AAA?A?aaaaaaaaaaaaaaaaaaa
[2025-08-02 21:11:09,859][inference.model_runners][INFO] - 21:11:09: Timestep 2, current sequence: ?V???????EA?AAA??AS???A???SAA?AA?G?S?Q?V?Q?AA?S??A?ES?ASS?ASAS?SLA??????GSG?????A?AA??AA?AS?KS?Q?S??G?K?K????AS?A???AA??ASaaaaaaaaaaaaaaaaaaa
[2025-08-02 21:11:10,594][inference.model_runners][INFO] - 21:11:10: Timestep 1, current sequence: ??????S??EA?SAA???S?AA??A?SAAA?A?S?S?S?S?AAAAAA??S?ASAAASAASA??S?A???A?SASG?????A?ASA?SAA?A??S?Q?SA?G?K?G????AS??AA?SSA??Saaaaaaaaaaaaaaaaaaa
[2025-08-02 21:11:10,595][__main__][INFO] - Finished design in 0.36 minutes
[2025-08-02 21:11:11,519][__main__][INFO] - design : /home/hwjang/aipd/noahs_ark/piplines/1_diffusion/output/result_27.pdb
[2025-08-02 21:11:11,519][__main__][INFO] - Xt traj: /home/hwjang/aipd/noahs_ark/piplines/1_diffusion/output/traj/result_27_Xt-1_traj.pdb
[2025-08-02 21:11:11,519][__main__][INFO] - X0 traj: /home/hwjang/aipd/noahs_ark/piplines/1_diffusion/output/traj/result_27_pX0_traj.pdb
[2025-08-02 21:11:11,519][__main__][INFO] - Making design output/result_28
[2025-08-02 21:11:11,519][__main__][INFO] - making design 28 of 24:32
[2025-08-02 21:11:11,519][inference.model_runners][INFO] - Using contig: ['100-130']
With this beta schedule (linear schedule, beta_0 = 0.06666666666666667, beta_T = 0.46666666666666673), alpha_bar_T = 6.0550024500116706e-05
Using cached chi_beta_T dictionary.
Done calculating chi_beta_T, chi_alphas_T, and chi_abars_T dictionaries.
[2025-08-02 21:11:12,166][inference.model_runners][INFO] - 21:11:12: Timestep 30, current sequence: ????????????????????????????????????????????????????????????????????????????????????????????????????????????????????????????aaaaaaaaaaaaaaaaaaa
[2025-08-02 21:11:12,886][inference.model_runners][INFO] - 21:11:12: Timestep 29, current sequence: ????????????????????????????????????????????????????????????????????????????????????????????????????????????????????????????aaaaaaaaaaaaaaaaaaa
[2025-08-02 21:11:13,606][inference.model_runners][INFO] - 21:11:13: Timestep 28, current sequence: ????????????????????????????????????????????????????????????????????????????????????????????????????????????????????????????aaaaaaaaaaaaaaaaaaa
[2025-08-02 21:11:14,338][inference.model_runners][INFO] - 21:11:14: Timestep 27, current sequence: ????????????????????????????????????????????????????????????????????????????????????????????????????????????????????????????aaaaaaaaaaaaaaaaaaa
[2025-08-02 21:11:15,060][inference.model_runners][INFO] - 21:11:15: Timestep 26, current sequence: ????????????????????????????????????????????????????????????????????????????????????????????????????????????????????????????aaaaaaaaaaaaaaaaaaa
[2025-08-02 21:11:15,792][inference.model_runners][INFO] - 21:11:15: Timestep 25, current sequence: ????????????????????????????????????????????????????????????????????????????????????????????????????????????????????????????aaaaaaaaaaaaaaaaaaa
[2025-08-02 21:11:16,512][inference.model_runners][INFO] - 21:11:16: Timestep 24, current sequence: ????????????????????????????????????????????????????????????????????????????????????????????????????????????????????????????aaaaaaaaaaaaaaaaaaa
[2025-08-02 21:11:17,242][inference.model_runners][INFO] - 21:11:17: Timestep 23, current sequence: ????????????????????????????????????????????????????????????????????????????????????????????????????????????????????????????aaaaaaaaaaaaaaaaaaa
[2025-08-02 21:11:17,962][inference.model_runners][INFO] - 21:11:17: Timestep 22, current sequence: ????????????????????????????????????????????????????????????????????????????????????????????????????????????????????????????aaaaaaaaaaaaaaaaaaa
[2025-08-02 21:11:18,695][inference.model_runners][INFO] - 21:11:18: Timestep 21, current sequence: ????????????????????????????????????????????????????????????????????????????????????????????????????????????????????????????aaaaaaaaaaaaaaaaaaa
[2025-08-02 21:11:19,415][inference.model_runners][INFO] - 21:11:19: Timestep 20, current sequence: ?????????????????????????????????????????????????G???????????????????????????????????????????????G???????????????????????G??aaaaaaaaaaaaaaaaaaa
[2025-08-02 21:11:20,138][inference.model_runners][INFO] - 21:11:20: Timestep 19, current sequence: ?????????????????????????????????????????????????G???????????????????????G???G???????????????????E??E????????????????????GG?aaaaaaaaaaaaaaaaaaa
[2025-08-02 21:11:20,859][inference.model_runners][INFO] - 21:11:20: Timestep 18, current sequence: ???????G??GG????G?G?????G??E???????E?????????????GSG?????????????????????GQ?????????Q????????????G??A???????????????????????aaaaaaaaaaaaaaaaaaa
[2025-08-02 21:11:21,579][inference.model_runners][INFO] - 21:11:21: Timestep 17, current sequence: ?G???????AGG???GG?G???S?E??S???????E??LA????LLE??GSG???????????L??????????Q?????????Q????????????E????????????????????????G?aaaaaaaaaaaaaaaaaaa
[2025-08-02 21:11:22,300][inference.model_runners][INFO] - 21:11:22: Timestep 16, current sequence: ?G???????GG????G?GG??S????GQ???????E??LA??E?LL???G??AA????????????????????Q?S????????????????????E??E???E??G???G??????????G?aaaaaaaaaaaaaaaaaaa
[2025-08-02 21:11:23,021][inference.model_runners][INFO] - 21:11:23: Timestep 15, current sequence: ?G??V???SGG??????G?G?TV??G?Q???G???E??LA??E?LL???E?QAA??????????L????????GQ?KE???????????????????E??E???EL?K???GG?E???????G?aaaaaaaaaaaaaaaaaaa
[2025-08-02 21:11:23,752][inference.model_runners][INFO] - 21:11:23: Timestep 14, current sequence: ?G??????GG?????G?G???T??GG?Q???TS??E??L??LE??L???EEQ?E??????????Q??V?L??SGS?E?????????L?L??A?????E??A???E??Q??GGG?G?L?G?????aaaaaaaaaaaaaaaaaaa
[2025-08-02 21:11:24,472][inference.model_runners][INFO] - 21:11:24: Timestep 13, current sequence: ?G??L??QGQ?????GG?G??SV?E?AAA?A?G??L??L???A?LLA??EDA?E?????L??L?Q?LV?LL?SGS?K??????????????A??QS?SA?A???ELLQ??GSL???L???????aaaaaaaaaaaaaaaaaaa
[2025-08-02 21:11:25,191][inference.model_runners][INFO] - 21:11:25: Timestep 12, current sequence: ?G???Q?SGQ?????GG?G??TA?G?AEE??????E??A?????LEA??K???E?????L?SL?QLLL??L?SGQ???????????????????QS?S??A???A?LQ?SSSLLEALLEA??G?aaaaaaaaaaaaaaaaaaa
[2025-08-02 21:11:25,924][inference.model_runners][INFO] - 21:11:25: Timestep 11, current sequence: ?G?????SSTA???GGG?G??TV?E??EA???A??A??A?????LAA??KDA?AL?E???A?LLA?LL??L??G??A?????????????????QS?G??S???Q??Q??GSL?E??LE???G?aaaaaaaaaaaaaaaaaaa
[2025-08-02 21:11:26,648][inference.model_runners][INFO] - 21:11:26: Timestep 10, current sequence: ?G?????SS??????GGSEG?QV?E?AE????A??AL?A???E?AAA??K???AA?A?LAALLLA?LLA?L??G??A????????L???????SQG?G??A???Q??Q??ASLLQ??LE???Q?aaaaaaaaaaaaaaaaaaa
[2025-08-02 21:11:27,368][inference.model_runners][INFO] - 21:11:27: Timestep 9, current sequence: ?G?TV??SA???A?GGGSE??Q??E??EA???A??G?L????AALAA??KS?AAA?A??A?LLLAALLA?LA?G??A??A?????????????SLS?Q??EA??QL?Q??GS?LQ??AE???Q?aaaaaaaaaaaaaaaaaaa
[2025-08-02 21:11:28,098][inference.model_runners][INFO] - 21:11:28: Timestep 8, current sequence: ?G?TL?VSA???A?GSGSG??Q??E??A????A?AA?A?A??AAAAA??KD??AA??E??A?LLALL???LA?GSAA??AA?????????????AG?Q??EA??QA?Q??QS?LE??AE?LAQ?aaaaaaaaaaaaaaaaaaa
[2025-08-02 21:11:28,817][inference.model_runners][INFO] - 21:11:28: Timestep 7, current sequence: ?G?TL??SQ???A?GQGSE??T??E??AA??SA??A??A???ALA????KS??AA??A?AASL?AAL?A?L??GS?A?AA??????????A??S?G?Q???A??ALLK??QSLLA?LAE?LAQ?aaaaaaaaaaaaaaaaaaa
[2025-08-02 21:11:29,549][inference.model_runners][INFO] - 21:11:29: Timestep 6, current sequence: ?G?T??E?S??Q??GQSSEGS???E??AA?A????A??A???AAAG??SES?AAA?AA???A?L?AL?A?L??G??A??AA???????L?A??SAG?Q??EA??AALQ?SASL?E?LAE?????aaaaaaaaaaaaaaaaaaa
[2025-08-02 21:11:30,271][inference.model_runners][INFO] - 21:11:30: Timestep 5, current sequence: ?G?SV?V?S??Q?QG??SQG????K??A???????A??A???A?AG?S?KS?AAA?AA??AA?AAAA?A??A?GSAA??A????????A?A??S?G?Q??EA??AALA?SASLAE??AA??AQ?aaaaaaaaaaaaaaaaaaa
[2025-08-02 21:11:30,993][inference.model_runners][INFO] - 21:11:30: Timestep 4, current sequence: ?E?SV?E??Q?Q?QG??SEGA???EAAA??A??AAA??AA??AAA??S?KAA????AA?AA??A?AA?A?AA?GS?A?AA??A??L????A??SAS?Q??AA?AEAL?ASQSALA??AA?AA??aaaaaaaaaaaaaaaaaaa
[2025-08-02 21:11:31,715][inference.model_runners][INFO] - 21:11:31: Timestep 3, current sequence: ?E?SAQESAQ?Q??GS?SQGA???AAAAA?A??AAA???A??AAA??S?KS?ASA?AA??????AAAAAAAA?GSAA?AA?AAA??????AA?SAS?S??AA??A?LS??QQASAA?AA?AA??aaaaaaaaaaaaaaaaaaa
[2025-08-02 21:11:32,438][inference.model_runners][INFO] - 21:11:32: Timestep 2, current sequence: ?E?SA??SA?????SA?GEGAQ??AA?AA?A?SAAA?A????A?AA?S?ES?SSA??A??A???ASAAAA?A?GSAASAA??AA???????A?SEA?S??AA?AAA?A?SQSASAA?A??SA??aaaaaaaaaaaaaaaaaaa
[2025-08-02 21:11:33,173][inference.model_runners][INFO] - 21:11:33: Timestep 1, current sequence: ?E?SA?ASA??S??G??GES????AS?AA?A?AAAA?AAA?SAAAA?SSES?SS??SSSAS???AS?AAA???GSASAAAAAA?A?S??SA??SAS?QSAAS??SSAK??G?A?AA?AA??A??aaaaaaaaaaaaaaaaaaa
[2025-08-02 21:11:33,175][__main__][INFO] - Finished design in 0.36 minutes
[2025-08-02 21:11:34,127][__main__][INFO] - design : /home/hwjang/aipd/noahs_ark/piplines/1_diffusion/output/result_28.pdb
[2025-08-02 21:11:34,127][__main__][INFO] - Xt traj: /home/hwjang/aipd/noahs_ark/piplines/1_diffusion/output/traj/result_28_Xt-1_traj.pdb
[2025-08-02 21:11:34,127][__main__][INFO] - X0 traj: /home/hwjang/aipd/noahs_ark/piplines/1_diffusion/output/traj/result_28_pX0_traj.pdb
[2025-08-02 21:11:34,127][__main__][INFO] - Making design output/result_29
[2025-08-02 21:11:34,127][__main__][INFO] - making design 29 of 24:32
[2025-08-02 21:11:34,127][inference.model_runners][INFO] - Using contig: ['100-130']
With this beta schedule (linear schedule, beta_0 = 0.06666666666666667, beta_T = 0.46666666666666673), alpha_bar_T = 6.0550024500116706e-05
Using cached chi_beta_T dictionary.
Done calculating chi_beta_T, chi_alphas_T, and chi_abars_T dictionaries.
[2025-08-02 21:11:34,756][inference.model_runners][INFO] - 21:11:34: Timestep 30, current sequence: ?????????????????????????????????????????????????????????????????????????????????????????????????????????aaaaaaaaaaaaaaaaaaa
[2025-08-02 21:11:35,445][inference.model_runners][INFO] - 21:11:35: Timestep 29, current sequence: ?????????????????????????????????????????????????????????????????????????????????????????????????????????aaaaaaaaaaaaaaaaaaa
[2025-08-02 21:11:36,135][inference.model_runners][INFO] - 21:11:36: Timestep 28, current sequence: ?????????????????????????????????????????????????????????????????????????????????????????????????????????aaaaaaaaaaaaaaaaaaa
[2025-08-02 21:11:36,824][inference.model_runners][INFO] - 21:11:36: Timestep 27, current sequence: ?????????????????????????????????????????????????????????????????????????????????????????????????????????aaaaaaaaaaaaaaaaaaa
[2025-08-02 21:11:37,515][inference.model_runners][INFO] - 21:11:37: Timestep 26, current sequence: ?????????????????????????????????????????????????????????????????????????????????????????????????????????aaaaaaaaaaaaaaaaaaa
[2025-08-02 21:11:38,206][inference.model_runners][INFO] - 21:11:38: Timestep 25, current sequence: ?????????????????????????????????????????????????????????????????????????????????????????????????????????aaaaaaaaaaaaaaaaaaa
[2025-08-02 21:11:38,905][inference.model_runners][INFO] - 21:11:38: Timestep 24, current sequence: ?????????????????????????????????????????????????????????????????????????????????????????????????????????aaaaaaaaaaaaaaaaaaa
[2025-08-02 21:11:39,595][inference.model_runners][INFO] - 21:11:39: Timestep 23, current sequence: ?????????????????????????????????????????????????????????????????????????????????????????????????????????aaaaaaaaaaaaaaaaaaa
[2025-08-02 21:11:40,295][inference.model_runners][INFO] - 21:11:40: Timestep 22, current sequence: ?????????????????????????????????????????????????????????????????????????????????????????????????????????aaaaaaaaaaaaaaaaaaa
[2025-08-02 21:11:40,985][inference.model_runners][INFO] - 21:11:40: Timestep 21, current sequence: ?????????????????????????????????????????????????????????????????????????????????????????????????????????aaaaaaaaaaaaaaaaaaa
[2025-08-02 21:11:41,674][inference.model_runners][INFO] - 21:11:41: Timestep 20, current sequence: ??????????????????????G??????????????????????????????????????????????????????????????????????????????????aaaaaaaaaaaaaaaaaaa
[2025-08-02 21:11:42,375][inference.model_runners][INFO] - 21:11:42: Timestep 19, current sequence: ?????????????????????SG??????GS?????????????????????????G???????????????????????????????G????????????????aaaaaaaaaaaaaaaaaaa
[2025-08-02 21:11:43,063][inference.model_runners][INFO] - 21:11:43: Timestep 18, current sequence: ???????????????L???G?SG???????????????????S????????????????????????????G????????????????G????????????????aaaaaaaaaaaaaaaaaaa
[2025-08-02 21:11:43,752][inference.model_runners][INFO] - 21:11:43: Timestep 17, current sequence: ??????????????????????????E??????????E????S?G??E???????????????????????G????????????????G????????????????aaaaaaaaaaaaaaaaaaa
[2025-08-02 21:11:44,442][inference.model_runners][INFO] - 21:11:44: Timestep 16, current sequence: ?G???????????????????T????E??????G????G??TA?G??E???????????????????????G?T??????????????QD???????????????aaaaaaaaaaaaaaaaaaa
[2025-08-02 21:11:45,132][inference.model_runners][INFO] - 21:11:45: Timestep 15, current sequence: ?G????????????????LG?S???????????G???KG??TA?G???????????Q??????????????G?T????????????GGEDA????????????G?aaaaaaaaaaaaaaaaaaa
[2025-08-02 21:11:45,822][inference.model_runners][INFO] - 21:11:45: Timestep 14, current sequence: ?G?????????L?L????LG?S???A???Q??LG????G??TG?G??E??????????Q????????????G??????????L???GGSDA??????????L?G?aaaaaaaaaaaaaaaaaaa
[2025-08-02 21:11:46,513][inference.model_runners][INFO] - 21:11:46: Timestep 13, current sequence: ?G???????????L??????GS?L?AA??Q??L??L?AG?????G??E???E????Q?Q????????????G?T????????LQ???G?E???????????L?G?aaaaaaaaaaaaaaaaaaa
[2025-08-02 21:11:47,214][inference.model_runners][INFO] - 21:11:47: Timestep 12, current sequence: ?G?????????????????QGS?L?A???A???SLS??G?????G?QEA??E???AQ?Q????????????G?T?????A??LA?????E???????????L?Q?aaaaaaaaaaaaaaaaaaa
[2025-08-02 21:11:47,903][inference.model_runners][INFO] - 21:11:47: Timestep 11, current sequence: ?G?????A???????????QGS???AA??????SLG??G???E?Q??AAL?E?L?AQL?????????????G?T????????LA???K????QL??????L??Q?aaaaaaaaaaaaaaaaaaa
[2025-08-02 21:11:48,594][inference.model_runners][INFO] - 21:11:48: Timestep 10, current sequence: ?G?L?Q?LA??LL?????LGGS???AE??????SLS?AGQ?EE?G??AA??E????QL?????????????G????Q?????AA??QK????QL?AA???L??Q?aaaaaaaaaaaaaaaaaaa
[2025-08-02 21:11:49,304][inference.model_runners][INFO] - 21:11:49: Timestep 9, current sequence: ?K???Q?L???LA??????EGG?L?AE??A???SLS??GAAEE?G??AA??E????QL?????L???????G???A???A??AA??QK????QL?A??LAL?AQ?aaaaaaaaaaaaaaaaaaa
[2025-08-02 21:11:49,994][inference.model_runners][INFO] - 21:11:49: Timestep 8, current sequence: ?KA?LQ?A?A?LAA????S?GG?L?AE??A???SLS??GAAQEVS??EA??E????A??????????????G???AS??A??LAA??K????QL?ALALAL?AQ?aaaaaaaaaaaaaaaaaaa
[2025-08-02 21:11:50,683][inference.model_runners][INFO] - 21:11:50: Timestep 7, current sequence: ??A??A???A?LA???????GQQ??AA??A???SLS??GAAEE?Q?QEAL?A?????????????????L?G???AS??A??AAA??K????Q??AL?AAL?AQ?aaaaaaaaaaaaaaaaaaa
[2025-08-02 21:11:51,383][inference.model_runners][INFO] - 21:11:51: Timestep 6, current sequence: ?KQ??A??AA?AAA?A??S?GQQ??AA?LAA??SLSS?GAAEE?Q??EAL?A??????????LL?????L?G????QL?A??LA???Q??A?Q??AA?AAL?AQ?aaaaaaaaaaaaaaaaaaa
[2025-08-02 21:11:52,073][inference.model_runners][INFO] - 21:11:52: Timestep 5, current sequence: ?KSA?Q??A??AA?????SGGL???AA?LA???SLS?AGAAQ??G??EA??A??????????AL?A??A??G???AQ??A??AA???E????AL?ASAAALAAK?aaaaaaaaaaaaaaaaaaa
[2025-08-02 21:11:52,775][inference.model_runners][INFO] - 21:11:52: Timestep 4, current sequence: A?SAAA?AAA??A?????SASQS??AA?LA???ALQ??SAAEE?G??EA?AA???A???A???????????K???AQ?????AAA?A???A???????ASALAE?aaaaaaaaaaaaaaaaaaa
[2025-08-02 21:11:53,464][inference.model_runners][INFO] - 21:11:53: Timestep 3, current sequence: E?S?AA??AAA?A???S?S?GSS?K?A??A???A?SS?SAAES?Q??EA??A???????A???A??A????K???AS??A??????AK????A?????ASAAA??aaaaaaaaaaaaaaaaaaa
[2025-08-02 21:11:54,168][inference.model_runners][INFO] - 21:11:54: Timestep 2, current sequence: ?AS?A???AA??A???S???GAS??AAS?ASA?AAS??SAASA?G??EAS?A???A???????A?AA????K???AA??A?A?AA?AK?Q??A??AS?AS?AAS?aaaaaaaaaaaaaaaaaaa
[2025-08-02 21:11:54,858][inference.model_runners][INFO] - 21:11:54: Timestep 1, current sequence: ?ASAAAS?AS??SA????S?G???SASSAASA?A?SSASAAES?K?QAS???AA?A?LA???A?S??AA??K????????A??SS?KK????A???S?AAS?AS?aaaaaaaaaaaaaaaaaaa
[2025-08-02 21:11:54,860][__main__][INFO] - Finished design in 0.35 minutes
[2025-08-02 21:11:55,685][__main__][INFO] - design : /home/hwjang/aipd/noahs_ark/piplines/1_diffusion/output/result_29.pdb
[2025-08-02 21:11:55,685][__main__][INFO] - Xt traj: /home/hwjang/aipd/noahs_ark/piplines/1_diffusion/output/traj/result_29_Xt-1_traj.pdb
[2025-08-02 21:11:55,685][__main__][INFO] - X0 traj: /home/hwjang/aipd/noahs_ark/piplines/1_diffusion/output/traj/result_29_pX0_traj.pdb
[2025-08-02 21:11:55,685][__main__][INFO] - Making design output/result_30
[2025-08-02 21:11:55,685][__main__][INFO] - making design 30 of 24:32
[2025-08-02 21:11:55,685][inference.model_runners][INFO] - Using contig: ['100-130']
With this beta schedule (linear schedule, beta_0 = 0.06666666666666667, beta_T = 0.46666666666666673), alpha_bar_T = 6.0550024500116706e-05
Using cached chi_beta_T dictionary.
Done calculating chi_beta_T, chi_alphas_T, and chi_abars_T dictionaries.
[2025-08-02 21:11:56,299][inference.model_runners][INFO] - 21:11:56: Timestep 30, current sequence: ??????????????????????????????????????????????????????????????????????????????????????????????????????????aaaaaaaaaaaaaaaaaaa
[2025-08-02 21:11:56,989][inference.model_runners][INFO] - 21:11:56: Timestep 29, current sequence: ??????????????????????????????????????????????????????????????????????????????????????????????????????????aaaaaaaaaaaaaaaaaaa
[2025-08-02 21:11:57,691][inference.model_runners][INFO] - 21:11:57: Timestep 28, current sequence: ??????????????????????????????????????????????????????????????????????????????????????????????????????????aaaaaaaaaaaaaaaaaaa
[2025-08-02 21:11:58,380][inference.model_runners][INFO] - 21:11:58: Timestep 27, current sequence: ??????????????????????????????????????????????????????????????????????????????????????????????????????????aaaaaaaaaaaaaaaaaaa
[2025-08-02 21:11:59,080][inference.model_runners][INFO] - 21:11:59: Timestep 26, current sequence: ??????????????????????????????????????????????????????????????????????????????????????????????????????????aaaaaaaaaaaaaaaaaaa
[2025-08-02 21:11:59,771][inference.model_runners][INFO] - 21:11:59: Timestep 25, current sequence: ??????????????????????????????????????????????????????????????????????????????????????????????????????????aaaaaaaaaaaaaaaaaaa
[2025-08-02 21:12:00,472][inference.model_runners][INFO] - 21:12:00: Timestep 24, current sequence: ??????????????????????????????????????????????????????????????????????????????????????????????????????????aaaaaaaaaaaaaaaaaaa
[2025-08-02 21:12:01,161][inference.model_runners][INFO] - 21:12:01: Timestep 23, current sequence: ??????????????????????????????????????????????????????????????????????????????????????????????????????????aaaaaaaaaaaaaaaaaaa
[2025-08-02 21:12:01,862][inference.model_runners][INFO] - 21:12:01: Timestep 22, current sequence: ??????????????????????????????????????????????????????????????????????????????????????????????????????????aaaaaaaaaaaaaaaaaaa
[2025-08-02 21:12:02,554][inference.model_runners][INFO] - 21:12:02: Timestep 21, current sequence: ??????????????????????????????????????????????????????????????????????????????????????????????????????????aaaaaaaaaaaaaaaaaaa
[2025-08-02 21:12:03,257][inference.model_runners][INFO] - 21:12:03: Timestep 20, current sequence: ???????????E??????????????????????????????????????????????????????????????????E???????????????????????????aaaaaaaaaaaaaaaaaaa
[2025-08-02 21:12:03,948][inference.model_runners][INFO] - 21:12:03: Timestep 19, current sequence: ??????????G???????????????????????????????????????????????????????????????????E???????????????????????????aaaaaaaaaaaaaaaaaaa
[2025-08-02 21:12:04,639][inference.model_runners][INFO] - 21:12:04: Timestep 18, current sequence: ????G?????G???????????????????E?L????????????????????????S????????????????????E??????E?????G??????????????aaaaaaaaaaaaaaaaaaa
[2025-08-02 21:12:05,341][inference.model_runners][INFO] - 21:12:05: Timestep 17, current sequence: ??????????E?????G?????????G??V????????????????????????????L????????????????G??E??E???E???????S????????????aaaaaaaaaaaaaaaaaaa
[2025-08-02 21:12:06,031][inference.model_runners][INFO] - 21:12:06: Timestep 16, current sequence: ???G??????E?????G?Q?????G?G?TV???????Q?????G??????????E???K???????????????SSS?E??E??LE??S??S?D?G??????????aaaaaaaaaaaaaaaaaaa
[2025-08-02 21:12:06,733][inference.model_runners][INFO] - 21:12:06: Timestep 15, current sequence: ?G??G?????EQ????SSQ????????????????LLQ??G??????E??E??LE???S?S???????????L??SSEEL?EE?L???S??S?D?G????????G?aaaaaaaaaaaaaaaaaaa
[2025-08-02 21:12:07,424][inference.model_runners][INFO] - 21:12:07: Timestep 14, current sequence: ?G?GG??????SL???G?Q?????????????????L???G??G???E??A??LELLLQ?SE????L?????L?LGSLE??EE?LE??G??S?D????????????aaaaaaaaaaaaaaaaaaa
[2025-08-02 21:12:08,113][inference.model_runners][INFO] - 21:12:08: Timestep 13, current sequence: ???G???????GLLE?G???????????????????L?L????G??QG??E??LE?LLQSSE??A????LL?L??SLEE?LE??LE??G??S?S?????????GG?aaaaaaaaaaaaaaaaaaa
[2025-08-02 21:12:08,814][inference.model_runners][INFO] - 21:12:08: Timestep 12, current sequence: ???E???E???SLL?SG???G???????????????LL??G??G??QG??A?LLE?LG?SSE??L???????LL?G?EE?????LQ??G?SS?S?????Q???GS?aaaaaaaaaaaaaaaaaaa
[2025-08-02 21:12:09,506][inference.model_runners][INFO] - 21:12:09: Timestep 11, current sequence: ???Q???A?L?Q???SG?T?G???S????????????L??G?TG??QG???Q?LE?LG?SGE??L??????LLL?GSEE?????LA??G?GS?SA???LS????G?aaaaaaaaaaaaaaaaaaa
[2025-08-02 21:12:10,214][inference.model_runners][INFO] - 21:12:10: Timestep 10, current sequence: ???A???E?L?E???Q?VT?G???G???G???????ALL?G?EGE??G???QLLE??G?SAAA?L??????LLL?GSAEL?E??LQ?LS??S?DAA??LA????E?aaaaaaaaaaaaaaaaaaa
[2025-08-02 21:12:10,903][inference.model_runners][INFO] - 21:12:10: Timestep 9, current sequence: S?AA?L?E?LAAL??S???G?G??G?????????????L?G?SGE?EE??AQ?LE??G?SAAA??????ALLL??GSAE??E??LE??G??S?S?A???Q????TEaaaaaaaaaaaaaaaaaaa
[2025-08-02 21:12:11,594][inference.model_runners][INFO] - 21:12:11: Timestep 8, current sequence: S?AA???A?LAAL??Q?V?G?GA?S????????????LL?G?GGQ?EG??AQLLE??AELAAA?L??????L???GSAS??E??LA??G??S?SAAQ??A???TT?aaaaaaaaaaaaaaaaaaa
[2025-08-02 21:12:12,298][inference.model_runners][INFO] - 21:12:12: Timestep 7, current sequence: S?AA??AA??AAL????VQG??L?S????????????LL?G?EGQ?KG??AQ?LAL?SESAA??A??????????GSASL?AE?LQA?G?SS?SA????E???TT?aaaaaaaaaaaaaaaaaaa
[2025-08-02 21:12:12,988][inference.model_runners][INFO] - 21:12:12: Timestep 6, current sequence: ?AAAA?AEALAEL??Q???G??L?S????????A?AALL?G?EGQLAG??A??A?L?S?S?AAAAA????L????GSASA?A??LQA?G?E??TLA??LE??L?T?aaaaaaaaaaaaaaaaaaa
[2025-08-02 21:12:13,679][inference.model_runners][INFO] - 21:12:13: Timestep 5, current sequence: ?A?AA??AAAAKL?KQ???G?QL?A????L??A??AALL?G??GQLAAAAA??A???S?S?A?AAAL??AA????GSASLAA??LAA?Q?????LA??LE??L?G?aaaaaaaaaaaaaaaaaaa
[2025-08-02 21:12:14,383][inference.model_runners][INFO] - 21:12:14: Timestep 4, current sequence: SA?A???AAAAA?AKQ???G?QL?A????G???????L??G?EAQL?GAAAA?A???A?SAAAAAAA?ASA????GSASAAA??LAA?G?G???AAQ?AE??L???aaaaaaaaaaaaaaaaaaa
[2025-08-02 21:12:15,075][inference.model_runners][INFO] - 21:12:15: Timestep 3, current sequence: ?A?AA??AAAAA???Q??AS?QA?E?K??????A??AL??G?SAQLAGAAA?AA?S?AAS?AAAAA??AA?????KSAS?AAS?AA??K?E???LAA?AA??L???aaaaaaaaaaaaaaaaaaa
[2025-08-02 21:12:15,782][inference.model_runners][INFO] - 21:12:15: Timestep 2, current sequence: ?ASAA??SAAASA?KA??AKSAA?SSQ?????A??A????G?SAQ??SAAA??AAS??KS?AA?AA??AS?????KSAS?AA??A?A?K?S????AA?AA??L???aaaaaaaaaaaaaaaaaaa
[2025-08-02 21:12:16,473][inference.model_runners][INFO] - 21:12:16: Timestep 1, current sequence: ?A?AAAAA??SA???A???KSQA?SAQ??A?????AA???K?SAQS?AS?AS?AAS??KS?AS?AA?AAS?A???KSA?A?ASAAAA?K?E????AS??AS?A???aaaaaaaaaaaaaaaaaaa
[2025-08-02 21:12:16,474][__main__][INFO] - Finished design in 0.35 minutes
[2025-08-02 21:12:17,310][__main__][INFO] - design : /home/hwjang/aipd/noahs_ark/piplines/1_diffusion/output/result_30.pdb
[2025-08-02 21:12:17,311][__main__][INFO] - Xt traj: /home/hwjang/aipd/noahs_ark/piplines/1_diffusion/output/traj/result_30_Xt-1_traj.pdb
[2025-08-02 21:12:17,311][__main__][INFO] - X0 traj: /home/hwjang/aipd/noahs_ark/piplines/1_diffusion/output/traj/result_30_pX0_traj.pdb
[2025-08-02 21:12:17,311][__main__][INFO] - Making design output/result_31
[2025-08-02 21:12:17,311][__main__][INFO] - making design 31 of 24:32
[2025-08-02 21:12:17,311][inference.model_runners][INFO] - Using contig: ['100-130']
With this beta schedule (linear schedule, beta_0 = 0.06666666666666667, beta_T = 0.46666666666666673), alpha_bar_T = 6.0550024500116706e-05
Using cached chi_beta_T dictionary.
Done calculating chi_beta_T, chi_alphas_T, and chi_abars_T dictionaries.
[2025-08-02 21:12:17,931][inference.model_runners][INFO] - 21:12:17: Timestep 30, current sequence: ???????????????????????????????????????????????????????????????????????????????????????????????????????????aaaaaaaaaaaaaaaaaaa
[2025-08-02 21:12:18,623][inference.model_runners][INFO] - 21:12:18: Timestep 29, current sequence: ???????????????????????????????????????????????????????????????????????????????????????????????????????????aaaaaaaaaaaaaaaaaaa
[2025-08-02 21:12:19,315][inference.model_runners][INFO] - 21:12:19: Timestep 28, current sequence: ???????????????????????????????????????????????????????????????????????????????????????????????????????????aaaaaaaaaaaaaaaaaaa
[2025-08-02 21:12:20,017][inference.model_runners][INFO] - 21:12:20: Timestep 27, current sequence: ???????????????????????????????????????????????????????????????????????????????????????????????????????????aaaaaaaaaaaaaaaaaaa
[2025-08-02 21:12:20,708][inference.model_runners][INFO] - 21:12:20: Timestep 26, current sequence: ???????????????????????????????????????????????????????????????????????????????????????????????????????????aaaaaaaaaaaaaaaaaaa
[2025-08-02 21:12:21,402][inference.model_runners][INFO] - 21:12:21: Timestep 25, current sequence: ???????????????????????????????????????????????????????????????????????????????????????????????????????????aaaaaaaaaaaaaaaaaaa
[2025-08-02 21:12:22,094][inference.model_runners][INFO] - 21:12:22: Timestep 24, current sequence: ???????????????????????????????????????????????????????????????????????????????????????????????????????????aaaaaaaaaaaaaaaaaaa
[2025-08-02 21:12:22,783][inference.model_runners][INFO] - 21:12:22: Timestep 23, current sequence: ???????????????????????????????????????????????????????????????????????????????????????????????????????????aaaaaaaaaaaaaaaaaaa
[2025-08-02 21:12:23,485][inference.model_runners][INFO] - 21:12:23: Timestep 22, current sequence: ???????????????????????????????????????????????????????????????????????????????????????????????????????????aaaaaaaaaaaaaaaaaaa
[2025-08-02 21:12:24,177][inference.model_runners][INFO] - 21:12:24: Timestep 21, current sequence: ??????????????????????G????????????????????????????????????????????????????????????????????????????????????aaaaaaaaaaaaaaaaaaa
[2025-08-02 21:12:24,880][inference.model_runners][INFO] - 21:12:24: Timestep 20, current sequence: ??????????????????????G???G????????????????????????????????????????????????????????????????????????????????aaaaaaaaaaaaaaaaaaa
[2025-08-02 21:12:25,570][inference.model_runners][INFO] - 21:12:25: Timestep 19, current sequence: ??????????????????G???E???G??????????????????????G??????E????????????????????G?????????????E???????????????aaaaaaaaaaaaaaaaaaa
[2025-08-02 21:12:26,273][inference.model_runners][INFO] - 21:12:26: Timestep 18, current sequence: ??????????????????GG??E???G??????????????????????????????S???????????????????GSQ???????????????????????????aaaaaaaaaaaaaaaaaaa
[2025-08-02 21:12:26,963][inference.model_runners][INFO] - 21:12:26: Timestep 17, current sequence: ??????????????????G??LEG??G?????????L?????SA?Q????L?????????E???G????G???????GS?????????Q??E??A???A????????aaaaaaaaaaaaaaaaaaa
[2025-08-02 21:12:27,669][inference.model_runners][INFO] - 21:12:27: Timestep 16, current sequence: ??????????????????GE?LE??????????????????GS?????????E???????????G????G??A????G??????????Q??E??AA??AE??EL?QEaaaaaaaaaaaaaaaaaaa
[2025-08-02 21:12:28,360][inference.model_runners][INFO] - 21:12:28: Timestep 15, current sequence: ??????????????????GE?LE???GG????????????SG???????????????G??G??EG????Q???????G?????????????E??AQ??E???E??S?aaaaaaaaaaaaaaaaaaa
[2025-08-02 21:12:29,051][inference.model_runners][INFO] - 21:12:29: Timestep 14, current sequence: ???TL?????????????EE??Q???G?????????????TG????????L??????G??E??QG????G??Q?L??G???????????L?E??AQ??E???E??S?aaaaaaaaaaaaaaaaaaa
[2025-08-02 21:12:29,755][inference.model_runners][INFO] - 21:12:29: Timestep 13, current sequence: ???TAA???Q??????Q?A???Q???GG????????????QG????LL??LL????SG?????EG?Q??Q???????G????????????QE??AQ?LA???EL?G?aaaaaaaaaaaaaaaaaaa
[2025-08-02 21:12:30,446][inference.model_runners][INFO] - 21:12:30: Timestep 12, current sequence: S??TAE??LQ????????E???GL??GG????????L???QGQ???LL??LL????SG??E??QG????Q???LL??G????????????QE??AA??A???E????aaaaaaaaaaaaaaaaaaa
[2025-08-02 21:12:31,151][inference.model_runners][INFO] - 21:12:31: Timestep 11, current sequence: ????EE?LL???????Q?G???Q???EG???Q????L???QGQ???????L?????SGS?E??QG????G??QQ???GS??????Q?E??QE??AA??A???E????aaaaaaaaaaaaaaaaaaa
[2025-08-02 21:12:31,843][inference.model_runners][INFO] - 21:12:31: Timestep 10, current sequence: ??L?AA?LA???A???Q?GL??G???EG???Q????L???SGQ??Q??????????SG??G?SEGG???G?LE????GS??????Q????QE??AA??AEVEE????aaaaaaaaaaaaaaaaaaa
[2025-08-02 21:12:32,541][inference.model_runners][INFO] - 21:12:32: Timestep 9, current sequence: ??L?AA??A???????A?GLL?G???EG??AQ????L???QG???Q?????LA???S?T?Q?SEG????G??E????GSL?????Q??QLQEA?AQ??A?VEE??G?aaaaaaaaaaaaaaaaaaa
[2025-08-02 21:12:33,245][inference.model_runners][INFO] - 21:12:33: Timestep 8, current sequence: ??M?AA?AAQ????????G?L?G????G??AQ????L????G???Q?????LA???SS??Q??EGG???G?AE??A?GSAA????L?EQLQEA?A??LATLEEA?S?aaaaaaaaaaaaaaaaaaa
[2025-08-02 21:12:33,936][inference.model_runners][INFO] - 21:12:33: Timestep 7, current sequence: ??L?AALAA??????LA?GL???????G??AQ?????????G???Q??????A???ST??S?S?GG???G?LE????GSAAQL??A?EALQEA?AA??AAAEEA?S?aaaaaaaaaaaaaaaaaaa
[2025-08-02 21:12:34,638][inference.model_runners][INFO] - 21:12:34: Timestep 6, current sequence: ??L??ASAAA????AL??G????????G??A??????A???G???Q??????AL??KS??Q?S?GG???G?AE??L?G???Q??AA?LQLQEA?EA??AA?AEA???aaaaaaaaaaaaaaaaaaa
[2025-08-02 21:12:35,330][inference.model_runners][INFO] - 21:12:35: Timestep 5, current sequence: ???Q?A?AAAA?AALS??G????????G????????L????G??????????AL??SS??Q?S?GS???G?AAA???G??AA??AA?AALAEA?AA?LAA?SEA?G?aaaaaaaaaaaaaaaaaaa
[2025-08-02 21:12:36,032][inference.model_runners][INFO] - 21:12:36: Timestep 4, current sequence: ?????A??AAA????AA?A????????G????????L???AG??????????S?A?S???K??ESSV??G?AAA???G??AA??SA??S??SA?AA??AA?EEA?G?aaaaaaaaaaaaaaaaaaa
[2025-08-02 21:12:36,728][inference.model_runners][INFO] - 21:12:36: Timestep 3, current sequence: ?????A?AA???A??SA?G???S????G??A??????AA??G???S?????AS?A?S?????SESSA?SR?SEA???GS?AA?ASA??A?SEA?AA??AA?SA??GSaaaaaaaaaaaaaaaaaaa
[2025-08-02 21:12:37,418][inference.model_runners][INFO] - 21:12:37: Timestep 2, current sequence: ?????ASAA??????SA?Q???S????G??A???AAAAA??G??AS?????A?AA?S?????SESSAA?G?SEA?S?GS?SAAAAA?ASL?SS?AA?SAS?ASA?GSaaaaaaaaaaaaaaaaaaa
[2025-08-02 21:12:38,106][inference.model_runners][INFO] - 21:12:38: Timestep 1, current sequence: ???KAA?A??A?AAASA?Q?A?S????G??A??AA???A??GT?AS?????ASSASSS??K?KESSSA?G?AAS?S?R??S?SAAA??A?SSA?AA??SS?SSA?GSaaaaaaaaaaaaaaaaaaa
[2025-08-02 21:12:38,107][__main__][INFO] - Finished design in 0.35 minutes
[2025-08-02 21:12:38,962][__main__][INFO] - design : /home/hwjang/aipd/noahs_ark/piplines/1_diffusion/output/result_31.pdb
[2025-08-02 21:12:38,962][__main__][INFO] - Xt traj: /home/hwjang/aipd/noahs_ark/piplines/1_diffusion/output/traj/result_31_Xt-1_traj.pdb
[2025-08-02 21:12:38,962][__main__][INFO] - X0 traj: /home/hwjang/aipd/noahs_ark/piplines/1_diffusion/output/traj/result_31_pX0_traj.pdb

=============================================
Sat Aug 2 09:12:39 PM KST 2025
[INFO] Job finished in 188 seconds
