Sat Aug 2 09:09:31 PM KST 2025
[INFO] Job Information
=============================================
[INFO] Job Name       : rfdaa
[INFO] Job ID         : 146508
[INFO] Submit Dir     : /home/hwjang/aipd/noahs_ark/piplines/1_diffusion
[INFO] Partition      : gpu-farm
[INFO] Node List      : node26
[INFO] Nodes          : 1
[INFO] CPUs per Task  : 4
[INFO] Memory (MB)    : 
[INFO] User           : hwjang
[INFO] Work Dir       : /home/hwjang/aipd/noahs_ark/piplines/1_diffusion
[INFO] Tasks per Node : 1
[INFO] Dependency     : 
[INFO] Allocated GPUs : 3
---------------------------------------------
[INFO] Job allocated on node(s): node26
[INFO] Job running on: node26
=============================================

[2025-08-02 21:09:35,533][inference.model_runners][INFO] - Reading checkpoint from /home/hwjang/aipd/rf_diffusion_all_atom/RFDiffusionAA_paper_weights.pt
loading /home/hwjang/aipd/rf_diffusion_all_atom/RFDiffusionAA_paper_weights.pt
loaded /home/hwjang/aipd/rf_diffusion_all_atom/RFDiffusionAA_paper_weights.pt
OVERRIDING: You are changing diffuser.T from the value this model was trained with.
[2025-08-02 21:09:41,795][inference.model_runners][INFO] - Loading checkpoint.
[2025-08-02 21:09:41,923][diffusion][INFO] - Using cached IGSO3.
[2025-08-02 21:09:41,931][__main__][INFO] - Making design output/result_16
[2025-08-02 21:09:41,931][__main__][INFO] - making design 16 of 16:24
[2025-08-02 21:09:41,931][inference.model_runners][INFO] - Using contig: ['100-130']
With this beta schedule (linear schedule, beta_0 = 0.06666666666666667, beta_T = 0.46666666666666673), alpha_bar_T = 6.0550024500116706e-05
Using cached chi_beta_T dictionary.
Done calculating chi_beta_T, chi_alphas_T, and chi_abars_T dictionaries.
[2025-08-02 21:09:43,517][inference.model_runners][INFO] - 21:09:43: Timestep 30, current sequence: ??????????????????????????????????????????????????????????????????????????????????????????????????????????????aaaaaaaaaaaaaaaaaaa
[2025-08-02 21:09:44,226][inference.model_runners][INFO] - 21:09:44: Timestep 29, current sequence: ??????????????????????????????????????????????????????????????????????????????????????????????????????????????aaaaaaaaaaaaaaaaaaa
[2025-08-02 21:09:44,906][inference.model_runners][INFO] - 21:09:44: Timestep 28, current sequence: ??????????????????????????????????????????????????????????????????????????????????????????????????????????????aaaaaaaaaaaaaaaaaaa
[2025-08-02 21:09:45,588][inference.model_runners][INFO] - 21:09:45: Timestep 27, current sequence: ??????????????????????????????????????????????????????????????????????????????????????????????????????????????aaaaaaaaaaaaaaaaaaa
[2025-08-02 21:09:46,278][inference.model_runners][INFO] - 21:09:46: Timestep 26, current sequence: ??????????????????????????????????????????????????????????????????????????????????????????????????????????????aaaaaaaaaaaaaaaaaaa
[2025-08-02 21:09:46,960][inference.model_runners][INFO] - 21:09:46: Timestep 25, current sequence: ??????????????????????????????????????????????????????????????????????????????????????????????????????????????aaaaaaaaaaaaaaaaaaa
[2025-08-02 21:09:47,650][inference.model_runners][INFO] - 21:09:47: Timestep 24, current sequence: ??????????????????????????????????????????????????????????????????????????????????????????????????????????????aaaaaaaaaaaaaaaaaaa
[2025-08-02 21:09:48,336][inference.model_runners][INFO] - 21:09:48: Timestep 23, current sequence: ??????????????????????????????????????????????????????????????????????????????????????????????????????????????aaaaaaaaaaaaaaaaaaa
[2025-08-02 21:09:49,018][inference.model_runners][INFO] - 21:09:49: Timestep 22, current sequence: ??????????????????????????????????????????????????????????????????????????????????????????????????????????????aaaaaaaaaaaaaaaaaaa
[2025-08-02 21:09:49,712][inference.model_runners][INFO] - 21:09:49: Timestep 21, current sequence: ??????????????????????????????????????????????????????????????????????????????????????????????????????????????aaaaaaaaaaaaaaaaaaa
[2025-08-02 21:09:50,392][inference.model_runners][INFO] - 21:09:50: Timestep 20, current sequence: ??????????????????????????????????????????????????????????????????????????????????????????????????????????????aaaaaaaaaaaaaaaaaaa
[2025-08-02 21:09:51,087][inference.model_runners][INFO] - 21:09:51: Timestep 19, current sequence: ?????????????????E?????????????????????????????G???G?????????G??????????G???E??????????????GE?????????????????aaaaaaaaaaaaaaaaaaa
[2025-08-02 21:09:51,767][inference.model_runners][INFO] - 21:09:51: Timestep 18, current sequence: ?????????????????E?????????????????????E???????????G?????????G??????????E???E??????????????GS?????????????????aaaaaaaaaaaaaaaaaaa
[2025-08-02 21:09:52,461][inference.model_runners][INFO] - 21:09:52: Timestep 17, current sequence: ???????E????????LEG????????????????????????GG?SL???S?????????E????????????S??????????????????D????????????????aaaaaaaaaaaaaaaaaaa
[2025-08-02 21:09:53,141][inference.model_runners][INFO] - 21:09:53: Timestep 16, current sequence: ???E???E??????????????????????????????????LGL?S????GG????????????E???Q??Q?SAE??????????????Q?Q????????????EQ??aaaaaaaaaaaaaaaaaaa
[2025-08-02 21:09:53,831][inference.model_runners][INFO] - 21:09:53: Timestep 15, current sequence: ???K???E????????L???????????????G??G??????LE?????S?SGG???????E??????????Q??AE?????????????GG?TA???????????E???aaaaaaaaaaaaaaaaaaa
[2025-08-02 21:09:54,510][inference.model_runners][INFO] - 21:09:54: Timestep 14, current sequence: ???K???E????????L???S???????????G??KS?SE???E?L?L???TGG???????E????????L?E??AE????????????????T????????????A???aaaaaaaaaaaaaaaaaaa
[2025-08-02 21:09:55,200][inference.model_runners][INFO] - 21:09:55: Timestep 13, current sequence: ???E????????????L???S????????L??G??K???A?????L?L???TG?T??????E???????QL?Q??AE??????????A??K??T?????Q?????LA???aaaaaaaaaaaaaaaaaaa
[2025-08-02 21:09:55,880][inference.model_runners][INFO] - 21:09:55: Timestep 12, current sequence: ??VK???E????????LA??????????????G??KS?SA?????L??????G????A???E???????LL???SAE??????????A??G??TAA?????L???LA???aaaaaaaaaaaaaaaaaaa
[2025-08-02 21:09:56,567][inference.model_runners][INFO] - 21:09:56: Timestep 11, current sequence: ??SE?L?QL??L?LEA??K?????????????G??K??SAE???????????S????A???E???????LL?Q?SAA?????????LA??G?GTA??????????LA???aaaaaaaaaaaaaaaaaaa
[2025-08-02 21:09:57,256][inference.model_runners][INFO] - 21:09:57: Timestep 10, current sequence: ??SAA??EL??LL?G???K?S?A?????????G??KTLSA?????L????????T??A???E???????LLA??SAE???Q??????A??G?STAA???A???E?LQL??aaaaaaaaaaaaaaaaaaa
[2025-08-02 21:09:57,938][inference.model_runners][INFO] - 21:09:57: Timestep 9, current sequence: ???AA???L??QL?G?L???S?A???QL????G??KT?SAQ????L?L??????T??A???E?????LA?LA??SAA??AQ?????????G?GSAA??AA?LLE?LAL??aaaaaaaaaaaaaaaaaaa
[2025-08-02 21:09:58,627][inference.model_runners][INFO] - 21:09:58: Timestep 8, current sequence: ??SEA?AAL??LLLE??AQ?S?A???AL????G??KT??GA??A???A???S??T??A???E??????A?LAA?Q?E???Q??????A??G?GDAQ??AA?LL??LAE??aaaaaaaaaaaaaaaaaaa
[2025-08-02 21:09:59,306][inference.model_runners][INFO] - 21:09:59: Timestep 7, current sequence: ??SEA?AAL?ASLLEA?AS???????QL???????K?L?AA??A?L?E?????LQL?E??AA?????LAALAA?K?E???Q?????A???G??DAA??AQ?LAA?LAA??aaaaaaaaaaaaaaaaaaa
[2025-08-02 21:09:59,983][inference.model_runners][INFO] - 21:09:59: Timestep 6, current sequence: ???EA?AAL??L??EA?AG???????QL??K????KTLSA?????L????????Q??E??AQ??A??LAALAQ?QAEA??QA??A??A??S?GSAA??AA?LAALLA???aaaaaaaaaaaaaaaaaaa
[2025-08-02 21:10:00,675][inference.model_runners][INFO] - 21:10:00: Timestep 5, current sequence: ??KEA??QL?AL?AEA?AA????A??AA??K????K??QAS????L?A??????SLSE???AL?????AA??Q?QAEA??QA?A??????G???A??AAAA?AE??AS??aaaaaaaaaaaaaaaaaaa
[2025-08-02 21:10:01,355][inference.model_runners][INFO] - 21:10:01: Timestep 4, current sequence: ??KQA??AL?AL?AEA?G??E?AA??AA?SA????K??QE?????L?E???S??S??E??AAA?AS?AAA??Q?QKE??AQA?A??????G?G?AAQLAAA?AE?LAA??aaaaaaaaaaaaaaaaaaa
[2025-08-02 21:10:02,045][inference.model_runners][INFO] - 21:10:02: Timestep 3, current sequence: ??KE???A??A?LSAA?G??E?????AA??A?G???S?AE??AA?L??A??S??S?SE??????????AA?SQ?QAE??AAA?A??????G???AAQ?AAA?AA??AA?Saaaaaaaaaaaaaaaaaaa
[2025-08-02 21:10:02,724][inference.model_runners][INFO] - 21:10:02: Timestep 2, current sequence: ??KE???A??SAL????S??E?S???AA?S??A?????SE??AA???????S???GSEA??AAASS??AA?S??K?AAAAAA?A???A??G??S?SA?AAA?SA?AAA?Saaaaaaaaaaaaaaaaaaa
[2025-08-02 21:10:03,416][inference.model_runners][INFO] - 21:10:03: Timestep 1, current sequence: ??KQA?S???SS??A??S??E?AA??AS?SA?A?????SEA??A?????S?SS?S?SES??SSA?S??S??SK?SAAS?AA??S????A?G????SAASSA?SS?SAA?Saaaaaaaaaaaaaaaaaaa
[2025-08-02 21:10:03,417][__main__][INFO] - Finished design in 0.36 minutes
[2025-08-02 21:10:04,288][__main__][INFO] - design : /home/hwjang/aipd/noahs_ark/piplines/1_diffusion/output/result_16.pdb
[2025-08-02 21:10:04,288][__main__][INFO] - Xt traj: /home/hwjang/aipd/noahs_ark/piplines/1_diffusion/output/traj/result_16_Xt-1_traj.pdb
[2025-08-02 21:10:04,288][__main__][INFO] - X0 traj: /home/hwjang/aipd/noahs_ark/piplines/1_diffusion/output/traj/result_16_pX0_traj.pdb
[2025-08-02 21:10:04,289][__main__][INFO] - Making design output/result_17
[2025-08-02 21:10:04,289][__main__][INFO] - making design 17 of 16:24
[2025-08-02 21:10:04,289][inference.model_runners][INFO] - Using contig: ['100-130']
With this beta schedule (linear schedule, beta_0 = 0.06666666666666667, beta_T = 0.46666666666666673), alpha_bar_T = 6.0550024500116706e-05
Using cached chi_beta_T dictionary.
Done calculating chi_beta_T, chi_alphas_T, and chi_abars_T dictionaries.
[2025-08-02 21:10:05,144][inference.model_runners][INFO] - 21:10:05: Timestep 30, current sequence: ???????????????????????????????????????????????????????????????????????????????????????????????????????????????????????????aaaaaaaaaaaaaaaaaaa
[2025-08-02 21:10:05,850][inference.model_runners][INFO] - 21:10:05: Timestep 29, current sequence: ???????????????????????????????????????????????????????????????????????????????????????????????????????????????????????????aaaaaaaaaaaaaaaaaaa
[2025-08-02 21:10:06,567][inference.model_runners][INFO] - 21:10:06: Timestep 28, current sequence: ???????????????????????????????????????????????????????????????????????????????????????????????????????????????????????????aaaaaaaaaaaaaaaaaaa
[2025-08-02 21:10:07,273][inference.model_runners][INFO] - 21:10:07: Timestep 27, current sequence: ???????????????????????????????????????????????????????????????????????????????????????????????????????????????????????????aaaaaaaaaaaaaaaaaaa
[2025-08-02 21:10:07,977][inference.model_runners][INFO] - 21:10:07: Timestep 26, current sequence: ???????????????????????????????????????????????????????????????????????????????????????????????????????????????????????????aaaaaaaaaaaaaaaaaaa
[2025-08-02 21:10:08,694][inference.model_runners][INFO] - 21:10:08: Timestep 25, current sequence: ???????????????????????????????????????????????????????????????????????????????????????????????????????????????????????????aaaaaaaaaaaaaaaaaaa
[2025-08-02 21:10:09,399][inference.model_runners][INFO] - 21:10:09: Timestep 24, current sequence: ???????????????????????????????????????????????????????????????????????????????????????????????????????????????????????????aaaaaaaaaaaaaaaaaaa
[2025-08-02 21:10:10,106][inference.model_runners][INFO] - 21:10:10: Timestep 23, current sequence: ???????????????????????????????????????????????????????????????????????????????????????????????????????????????????????????aaaaaaaaaaaaaaaaaaa
[2025-08-02 21:10:10,826][inference.model_runners][INFO] - 21:10:10: Timestep 22, current sequence: ???????????????????????????????????????????????????????????????????????????????????????????????????????????????????????????aaaaaaaaaaaaaaaaaaa
[2025-08-02 21:10:11,533][inference.model_runners][INFO] - 21:10:11: Timestep 21, current sequence: ???????????????????????????????????????????????????????????????????????????????????????????????????????????????????????????aaaaaaaaaaaaaaaaaaa
[2025-08-02 21:10:12,236][inference.model_runners][INFO] - 21:10:12: Timestep 20, current sequence: ???????????????????????????G????????????????????????????????????????????????????????????????????????????????E??????????E???aaaaaaaaaaaaaaaaaaa
[2025-08-02 21:10:12,956][inference.model_runners][INFO] - 21:10:12: Timestep 19, current sequence: ???????????????????????????????????????????????????????????????????????????????????????????????S???????????????????????????aaaaaaaaaaaaaaaaaaa
[2025-08-02 21:10:13,660][inference.model_runners][INFO] - 21:10:13: Timestep 18, current sequence: ?????????????????????????????E???????????G??E??????????????????????????????????????????????????SAE?????????????????????????aaaaaaaaaaaaaaaaaaa
[2025-08-02 21:10:14,376][inference.model_runners][INFO] - 21:10:14: Timestep 17, current sequence: ??????G?????????????????GGG??????????????G?L???????????????????????????????????????????????????SAE??E???E??????????????????aaaaaaaaaaaaaaaaaaa
[2025-08-02 21:10:15,080][inference.model_runners][INFO] - 21:10:15: Timestep 16, current sequence: ???????G?????????????????G???E???????????G???????????????S??E??????????????????????????????????SAG??????E??AE???????A??E???aaaaaaaaaaaaaaaaaaa
[2025-08-02 21:10:15,802][inference.model_runners][INFO] - 21:10:15: Timestep 15, current sequence: ?GQ??GGS???????????LL??G????AE???????????GS???????L?QL???G??EA????????L?????????????????????????AE???A??E????L?????AA?LE???aaaaaaaaaaaaaaaaaaa
[2025-08-02 21:10:16,505][inference.model_runners][INFO] - 21:10:16: Timestep 14, current sequence: ?GE????????????????LL????????E???????????GS?????????Q?L??G??KA?AE??????E???S??S????????A???A????????????E????G???A?AA?LE???aaaaaaaaaaaaaaaaaaa
[2025-08-02 21:10:17,222][inference.model_runners][INFO] - 21:10:17: Timestep 13, current sequence: ?GS??G?????????????LL????????E???????????GQ?A??????A??L??S??GA??E??A??L????T??S?????AA?LA??A?????G??????E???AL?????A??LE???aaaaaaaaaaaaaaaaaaa
[2025-08-02 21:10:17,927][inference.model_runners][INFO] - 21:10:17: Timestep 12, current sequence: ?GE??G?????L????L???LA?G?????E???E??A???GGQAQ??????A?????S??GA??E??A?????????GS?????AA?AA??????TEE??AA??A???AL?????A??AK???aaaaaaaaaaaaaaaaaaa
[2025-08-02 21:10:18,635][inference.model_runners][INFO] - 21:10:18: Timestep 11, current sequence: ?GQ??G??????????L???LA????A??Q???Q??AQ??GGQAQ??????A??L??G??AA??E??????A????AGG??Q??A??AA??????TAA??AA??A???AA?????A??LQ???aaaaaaaaaaaaaaaaaaa
[2025-08-02 21:10:19,352][inference.model_runners][INFO] - 21:10:19: Timestep 10, current sequence: ?GQ?????????????L?A?A??G?????Q???A??A???GGQ?Q?L???AA?LL??G??EA??E??????A????AGG?A???A??AAA?????TAA???L??E???AA?A???A??A?Q?Saaaaaaaaaaaaaaaaaaa
[2025-08-02 21:10:20,056][inference.model_runners][INFO] - 21:10:20: Timestep 9, current sequence: ?GQ??????????????L???A?G?????Q???A??AK???GQAA???A?LA?LLA?G??EA??E??????A????AQS?A???A??AAA?A???TAA??AA??A????A?AA??A???K??Saaaaaaaaaaaaaaaaaaa
[2025-08-02 21:10:20,761][inference.model_runners][INFO] - 21:10:20: Timestep 8, current sequence: ?GE?????????????LLL?EA?G?????Q???A??A???GGQAA??AALLA?LLA?G??E???A???A???????AQG?AE??A???AA?A???SAA??AA??A???AAA?A??A?LAK??Saaaaaaaaaaaaaaaaaaa
[2025-08-02 21:10:21,478][inference.model_runners][INFO] - 21:10:21: Timestep 7, current sequence: ?GE?????L???????A?L?AA?G?A???EL?L???AA??KGQAA??A?L?A?LLA?G??A???A???????????AQ??AA?LA??AAA?????SAA??AA??A??ATAAAA??A???K??Saaaaaaaaaaaaaaaaaaa
[2025-08-02 21:10:22,182][inference.model_runners][INFO] - 21:10:22: Timestep 6, current sequence: ?SE???QLA?????????A?AL?G??A??AS?A???A???GGQAAA?A?L?A??LA?GS?A??AA??????A????AQG?AQALAA?AAA?A???SAA??AA??A???TLAAA??AA??K??Saaaaaaaaaaaaaaaaaaa
[2025-08-02 21:10:22,897][inference.model_runners][INFO] - 21:10:22: Timestep 5, current sequence: ?GE???QLA?AL????AAA?AA?K??G?AAS????L????AGQAAAA???LA??LA?GS?A??AA???A??A????AQS?AAA?AA?AAA?A???SAAA?AA??A???AA?AA??A???KS?Saaaaaaaaaaaaaaaaaaa
[2025-08-02 21:10:23,603][inference.model_runners][INFO] - 21:10:23: Timestep 4, current sequence: ?SQ???Q?AA????A?AAA?AA?K??S?AAA??A???????GSAAA?A??AAA?AA?G?AEA??A???A??SA?L?A?S?AAA?AA?AAA?AA??SEAA?AA??A???SA?AAA?AA??KS?Saaaaaaaaaaaaaaaaaaa
[2025-08-02 21:10:24,317][inference.model_runners][INFO] - 21:10:24: Timestep 3, current sequence: ?SQ??AQ??A????AAAAA?SA?G??SAAAAA????A????GSAAAAA???AA?AA?G?AAA?AS?A?A??SA?LSAAS?AAA?SA?AAAAAA??SESA?AA?AA???SAA?AA?A???SA?Saaaaaaaaaaaaaaaaaaa
[2025-08-02 21:10:25,021][inference.model_runners][INFO] - 21:10:25: Timestep 2, current sequence: ?GQ???S?AA???AAAAA?ASA?KSASAAAS?????A????GSAAA?A?S?AA?AA?ESAAS?AA??AS??S??ASAASAASA?S???AAA?A??SESAAAA?A????SALASA?A??ASA?Saaaaaaaaaaaaaaaaaaa
[2025-08-02 21:10:25,744][inference.model_runners][INFO] - 21:10:25: Timestep 1, current sequence: ?SQ???AS?S?A??AAA???A??KSASA??S?AAA??A???GS?SA?AS??A???A?E?SAS??S?A?A??A??AA?AS?AAAASA??AAAS???SEA??AA?A????SSL?A??????SA?Saaaaaaaaaaaaaaaaaaa
[2025-08-02 21:10:25,746][__main__][INFO] - Finished design in 0.36 minutes
[2025-08-02 21:10:26,700][__main__][INFO] - design : /home/hwjang/aipd/noahs_ark/piplines/1_diffusion/output/result_17.pdb
[2025-08-02 21:10:26,700][__main__][INFO] - Xt traj: /home/hwjang/aipd/noahs_ark/piplines/1_diffusion/output/traj/result_17_Xt-1_traj.pdb
[2025-08-02 21:10:26,701][__main__][INFO] - X0 traj: /home/hwjang/aipd/noahs_ark/piplines/1_diffusion/output/traj/result_17_pX0_traj.pdb
[2025-08-02 21:10:26,701][__main__][INFO] - Making design output/result_18
[2025-08-02 21:10:26,701][__main__][INFO] - making design 18 of 16:24
[2025-08-02 21:10:26,701][inference.model_runners][INFO] - Using contig: ['100-130']
With this beta schedule (linear schedule, beta_0 = 0.06666666666666667, beta_T = 0.46666666666666673), alpha_bar_T = 6.0550024500116706e-05
Using cached chi_beta_T dictionary.
Done calculating chi_beta_T, chi_alphas_T, and chi_abars_T dictionaries.
[2025-08-02 21:10:27,311][inference.model_runners][INFO] - 21:10:27: Timestep 30, current sequence: ?????????????????????????????????????????????????????????????????????????????????????????????????????????????aaaaaaaaaaaaaaaaaaa
[2025-08-02 21:10:28,001][inference.model_runners][INFO] - 21:10:28: Timestep 29, current sequence: ?????????????????????????????????????????????????????????????????????????????????????????????????????????????aaaaaaaaaaaaaaaaaaa
[2025-08-02 21:10:28,680][inference.model_runners][INFO] - 21:10:28: Timestep 28, current sequence: ?????????????????????????????????????????????????????????????????????????????????????????????????????????????aaaaaaaaaaaaaaaaaaa
[2025-08-02 21:10:29,359][inference.model_runners][INFO] - 21:10:29: Timestep 27, current sequence: ?????????????????????????????????????????????????????????????????????????????????????????????????????????????aaaaaaaaaaaaaaaaaaa
[2025-08-02 21:10:30,050][inference.model_runners][INFO] - 21:10:30: Timestep 26, current sequence: ?????????????????????????????????????????????????????????????????????????????????????????????????????????????aaaaaaaaaaaaaaaaaaa
[2025-08-02 21:10:30,727][inference.model_runners][INFO] - 21:10:30: Timestep 25, current sequence: ?????????????????????????????????????????????????????????????????????????????????????????????????????????????aaaaaaaaaaaaaaaaaaa
[2025-08-02 21:10:31,405][inference.model_runners][INFO] - 21:10:31: Timestep 24, current sequence: ?????????????????????????????????????????????????????????????????????????????????????????????????????????????aaaaaaaaaaaaaaaaaaa
[2025-08-02 21:10:32,086][inference.model_runners][INFO] - 21:10:32: Timestep 23, current sequence: ?????????????????????????????????????????????????????????????????????????????????????????????????????????????aaaaaaaaaaaaaaaaaaa
[2025-08-02 21:10:32,765][inference.model_runners][INFO] - 21:10:32: Timestep 22, current sequence: ?????????????????????????????????????????????????????????????????????????????????????????????????????????????aaaaaaaaaaaaaaaaaaa
[2025-08-02 21:10:33,445][inference.model_runners][INFO] - 21:10:33: Timestep 21, current sequence: ?????????????????????????????????????????????????????????????????????????????????????????????????????????????aaaaaaaaaaaaaaaaaaa
[2025-08-02 21:10:34,133][inference.model_runners][INFO] - 21:10:34: Timestep 20, current sequence: ?????????????????????????????????????????????????????????????????????????????????????????????????????????????aaaaaaaaaaaaaaaaaaa
[2025-08-02 21:10:34,811][inference.model_runners][INFO] - 21:10:34: Timestep 19, current sequence: ????????????Q?????????????????????????S??????ED??E???????????????????????????????????????????????????????????aaaaaaaaaaaaaaaaaaa
[2025-08-02 21:10:35,491][inference.model_runners][INFO] - 21:10:35: Timestep 18, current sequence: ????????????????????L?????????????????S??????EG??E??????????G??????????????????QG???????E????????????????????aaaaaaaaaaaaaaaaaaa
[2025-08-02 21:10:36,182][inference.model_runners][INFO] - 21:10:36: Timestep 17, current sequence: ????????????G??????????G?G??L?????????S?S?G??EE??EQ??E?????QS???????????????G??QS??S?SL??G???E????????LV??G??aaaaaaaaaaaaaaaaaaa
[2025-08-02 21:10:36,860][inference.model_runners][INFO] - 21:10:36: Timestep 16, current sequence: ??????????????????????LK?G??V????GG??GS??EE?L?E??E???E?????G???????????????????EE??S?G??E????E????????????G??aaaaaaaaaaaaaaaaaaa
[2025-08-02 21:10:37,549][inference.model_runners][INFO] - 21:10:37: Timestep 15, current sequence: ?????V?LSE???????????LLLLG??LT?L????VQS?TE??????L????Q??G?SG??L?QL????SGE?????LEE????SLQS??SLE????????????L?Eaaaaaaaaaaaaaaaaaaa
[2025-08-02 21:10:38,227][inference.model_runners][INFO] - 21:10:38: Timestep 14, current sequence: ?????V??SL?GK???????LLL??G?TLT??TT?QVQG??E??????LE???Q??G?SG??L?Q???G?SEE??A??LEE????SLTS??SL???G???G??L??E??aaaaaaaaaaaaaaaaaaa
[2025-08-02 21:10:38,907][inference.model_runners][INFO] - 21:10:38: Timestep 13, current sequence: ????????SE?GK??E?L??LLQALG?TLT?LSEGQ?GG??EG?LE??LQ???Q??G?SG?TL????Q??SEE??Q??LEQ??G?S??S?LSE???S?G????L??E??aaaaaaaaaaaaaaaaaaa
[2025-08-02 21:10:39,584][inference.model_runners][INFO] - 21:10:39: Timestep 12, current sequence: ?????V?LSG?A???A?LL?ALLQLG?T???L??G??GG?KEQ??E??LE??????G?SG??L???????EE???A?LLE??EG?T??S??Q????S?G???????G?Eaaaaaaaaaaaaaaaaaaa
[2025-08-02 21:10:40,264][inference.model_runners][INFO] - 21:10:40: Timestep 11, current sequence: ???V?V???L?Q?????LL?LLLQLG?T???V?EG?VGG?QEGQ?E??L????Q??GESG??L???????SAE??A?LLE???G?T??G??D??????G???????E??aaaaaaaaaaaaaaaaaaa
[2025-08-02 21:10:40,942][inference.model_runners][INFO] - 21:10:40: Timestep 10, current sequence: ???L?V???LTA???ALLL?LLLALG?S???V?EGQVGG?DAQQ?????A???Q????SG????????S?SAE??AELLE???G?SL?S???EE??GQG???????E??aaaaaaaaaaaaaaaaaaa
[2025-08-02 21:10:41,619][inference.model_runners][INFO] - 21:10:41: Timestep 9, current sequence: ?V?LLV???ATA???ALLL?LLL??G?T??????GQSGG?SAQ??E??LA???Q????SG???????QS?SAE???E?LE??EG?S??S???AE??GQG????L??E??aaaaaaaaaaaaaaaaaaa
[2025-08-02 21:10:42,299][inference.model_runners][INFO] - 21:10:42: Timestep 8, current sequence: ?E?VLVL??ATAA????L?ALL?A?G?T??S???G??GG?SAQQ?EE??AA??S????SG???????Q??SEEL?AE?AAS?EG?SL?S?L?EE??G?G?L?????A?Eaaaaaaaaaaaaaaaaaaa
[2025-08-02 21:10:42,993][inference.model_runners][INFO] - 21:10:42: Timestep 7, current sequence: ?A?LLVL??A?AE??ASLLAALAA?G?TLS???EG??GG?SAQA?A???A???S????SG????SA?Q??SEE??AEL?EA?ES?SL?S?L?AE??G????????ME?Eaaaaaaaaaaaaaaaaaaa
[2025-08-02 21:10:43,672][inference.model_runners][INFO] - 21:10:43: Timestep 6, current sequence: ?Q?L?VL??K?AE??A?L?ALLEA?G?T?????EGA?GG??AQQ?E?????A?S????SG????SA?QA??AEA?AE??A??AS?SA?S?M?AE??GEG?????TMA?Eaaaaaaaaaaaaaaaaaaa
[2025-08-02 21:10:44,349][inference.model_runners][INFO] - 21:10:44: Timestep 5, current sequence: ?GQLLVL??A?A???A???SLLAA?G???????EG??GS??AQQ???????A?S????SG????SL?AS?KEE??A???AA?AS?S??A???AE??G?G??????AK?Eaaaaaaaaaaaaaaaaaaa
[2025-08-02 21:10:45,039][inference.model_runners][INFO] - 21:10:45: Timestep 4, current sequence: ?A?V?VL??K?A???AA??ALLKA?K?S?Q??S?G??GS??AEQAAA??????S????SG??A?SAASA??AE??A???EA?AS?Q??????AA??G?G???????K?Eaaaaaaaaaaaaaaaaaaa
[2025-08-02 21:10:45,725][inference.model_runners][INFO] - 21:10:45: Timestep 3, current sequence: ?Q???VA??KSEA??AA??S?LAA?K?Q????S?G??KS?SASQ?AA??????S????SG??A?SAASA?KAE??AS??EA?AS?Q??????AA??G?G???????K?Eaaaaaaaaaaaaaaaaaaa
[2025-08-02 21:10:46,403][inference.model_runners][INFO] - 21:10:46: Timestep 2, current sequence: ?E???AAS?KSEA??SA??A??SA?K?Q?Q??S?G??KQ?SASQ?ASAAA???S??S?SG??ASSAASA???A??AA??S?A?S?Q?K????AA??G?G???????S?Kaaaaaaaaaaaaaaaaaaa
[2025-08-02 21:10:47,090][inference.model_runners][INFO] - 21:10:47: Timestep 1, current sequence: ?S?ASVSS?ASES??SSA?S??KA?K?S??????S??EA?SESA?AS??AA??S??A?SA??A?SAASA?K?A??AA??ASASA?S?K?????A??G?G???????S?Kaaaaaaaaaaaaaaaaaaa
[2025-08-02 21:10:47,092][__main__][INFO] - Finished design in 0.34 minutes
[2025-08-02 21:10:47,955][__main__][INFO] - design : /home/hwjang/aipd/noahs_ark/piplines/1_diffusion/output/result_18.pdb
[2025-08-02 21:10:47,955][__main__][INFO] - Xt traj: /home/hwjang/aipd/noahs_ark/piplines/1_diffusion/output/traj/result_18_Xt-1_traj.pdb
[2025-08-02 21:10:47,955][__main__][INFO] - X0 traj: /home/hwjang/aipd/noahs_ark/piplines/1_diffusion/output/traj/result_18_pX0_traj.pdb
[2025-08-02 21:10:47,955][__main__][INFO] - Making design output/result_19
[2025-08-02 21:10:47,956][__main__][INFO] - making design 19 of 16:24
[2025-08-02 21:10:47,956][inference.model_runners][INFO] - Using contig: ['100-130']
With this beta schedule (linear schedule, beta_0 = 0.06666666666666667, beta_T = 0.46666666666666673), alpha_bar_T = 6.0550024500116706e-05
Using cached chi_beta_T dictionary.
Done calculating chi_beta_T, chi_alphas_T, and chi_abars_T dictionaries.
[2025-08-02 21:10:48,559][inference.model_runners][INFO] - 21:10:48: Timestep 30, current sequence: ?????????????????????????????????????????????????????????????????????????????????????????????????????????????aaaaaaaaaaaaaaaaaaa
[2025-08-02 21:10:49,251][inference.model_runners][INFO] - 21:10:49: Timestep 29, current sequence: ?????????????????????????????????????????????????????????????????????????????????????????????????????????????aaaaaaaaaaaaaaaaaaa
[2025-08-02 21:10:49,930][inference.model_runners][INFO] - 21:10:49: Timestep 28, current sequence: ?????????????????????????????????????????????????????????????????????????????????????????????????????????????aaaaaaaaaaaaaaaaaaa
[2025-08-02 21:10:50,619][inference.model_runners][INFO] - 21:10:50: Timestep 27, current sequence: ?????????????????????????????????????????????????????????????????????????????????????????????????????????????aaaaaaaaaaaaaaaaaaa
[2025-08-02 21:10:51,298][inference.model_runners][INFO] - 21:10:51: Timestep 26, current sequence: ?????????????????????????????????????????????????????????????????????????????????????????????????????????????aaaaaaaaaaaaaaaaaaa
[2025-08-02 21:10:51,977][inference.model_runners][INFO] - 21:10:51: Timestep 25, current sequence: ?????????????????????????????????????????????????????????????????????????????????????????????????????????????aaaaaaaaaaaaaaaaaaa
[2025-08-02 21:10:52,654][inference.model_runners][INFO] - 21:10:52: Timestep 24, current sequence: ?????????????????????????????????????????????????????????????????????????????????????????????????????????????aaaaaaaaaaaaaaaaaaa
[2025-08-02 21:10:53,346][inference.model_runners][INFO] - 21:10:53: Timestep 23, current sequence: ?????????????????????????????????????????????????????????????????????????????????????????????????????????????aaaaaaaaaaaaaaaaaaa
[2025-08-02 21:10:54,025][inference.model_runners][INFO] - 21:10:54: Timestep 22, current sequence: ?????????????????????????????????????????????????????????????????????????????????????????????????????????????aaaaaaaaaaaaaaaaaaa
[2025-08-02 21:10:54,714][inference.model_runners][INFO] - 21:10:54: Timestep 21, current sequence: ?????????????????????????????????????????????????????????????????????????????????????????????????????????????aaaaaaaaaaaaaaaaaaa
[2025-08-02 21:10:55,392][inference.model_runners][INFO] - 21:10:55: Timestep 20, current sequence: ??????????????E?????????G????????????????????????????????????????????????????????????????????????????????????aaaaaaaaaaaaaaaaaaa
[2025-08-02 21:10:56,077][inference.model_runners][INFO] - 21:10:56: Timestep 19, current sequence: ??????????????????????????????????????????????????????????????????????????????????????????????Q??????????S???aaaaaaaaaaaaaaaaaaa
[2025-08-02 21:10:56,761][inference.model_runners][INFO] - 21:10:56: Timestep 18, current sequence: ???????????????????????LS????????????????????????????????????????????????A????????????????????E??E???????Q???aaaaaaaaaaaaaaaaaaa
[2025-08-02 21:10:57,441][inference.model_runners][INFO] - 21:10:57: Timestep 17, current sequence: ???????????????????????GG???S??E??????S?P???????????????????G????????????A???????????G???????SE??E??????AQ???aaaaaaaaaaaaaaaaaaa
[2025-08-02 21:10:58,135][inference.model_runners][INFO] - 21:10:58: Timestep 16, current sequence: ????L?????E???Q????S?E?GL?G?S???G??????????????????????????QG??E????????SG???????????G???????SQ??E??L????????aaaaaaaaaaaaaaaaaaa
[2025-08-02 21:10:58,814][inference.model_runners][INFO] - 21:10:58: Timestep 15, current sequence: ??????????Q???Q??Q?S?G?ASES??L?Q?????LG?G?????????Q?????S?LGG??E??S?????SA???????????S????????Q??????????????aaaaaaaaaaaaaaaaaaa
[2025-08-02 21:10:59,492][inference.model_runners][INFO] - 21:10:59: Timestep 14, current sequence: ??????????Q?????LL?G?ELLEEL???????????G?SLG?A?????????L?Q?VQG??E??SS?G???????????????S?GE?G?????????L???A????aaaaaaaaaaaaaaaaaaa
[2025-08-02 21:11:00,184][inference.model_runners][INFO] - 21:11:00: Timestep 13, current sequence: ????????L??L??EL?A?G?E?AQE??S???????????G?S?AAQ???????L?S??G???Q??QS????S?S???Q??KG?QS?GE?G?????????L?LLE????aaaaaaaaaaaaaaaaaaa
[2025-08-02 21:11:00,862][inference.model_runners][INFO] - 21:11:00: Timestep 12, current sequence: ???EL?A?LL?L???L???G?T?QSE????????????Q?G?S?A?Q???????L????GQ??E??QS??????????Q??QG?QS??Q?K???????????LLL?A??aaaaaaaaaaaaaaaaaaa
[2025-08-02 21:11:01,551][inference.model_runners][INFO] - 21:11:01: Timestep 11, current sequence: ???E?????LQL??EL???G?T?Q?E??S??????L??Q?G?G?A?Q????L??L????GQ??Q??QS?G??????LLQ??SG?AS??Q?E??A????L???LLA????aaaaaaaaaaaaaaaaaaa
[2025-08-02 21:11:02,231][inference.model_runners][INFO] - 21:11:02: Timestep 10, current sequence: ???E???????L?AEL?A?G?T?S?E???L????????QL??S?A?Q??????KL?L??G???Q??QS??Q???????Q???G?QS?LQ?E???????????LL?????aaaaaaaaaaaaaaaaaaa
[2025-08-02 21:11:02,911][inference.model_runners][INFO] - 21:11:02: Timestep 9, current sequence: ???EA?A??LAL?AALLA?G?T?S?E???L?????L??Q???S?A?Q???????L?A??GQ?AQ??QS??S???????QL??G?AS??Q?E???A??A????LL????Saaaaaaaaaaaaaaaaaaa
[2025-08-02 21:11:03,600][inference.model_runners][INFO] - 21:11:03: Timestep 8, current sequence: ??????A???A??AAL?ASG?T?S?E????????????E???G?AEQ????L?KL?A??A??AE??Q???S???????QLL?K?GS??Q?E??AA??AL???LL?AL?Eaaaaaaaaaaaaaaaaaaa
[2025-08-02 21:11:04,278][inference.model_runners][INFO] - 21:11:04: Timestep 7, current sequence: Q?????AAL?AA?AAL?AKG?E?S?E??QL???????AE?A?S?A?QL?A?L?KL?AQ?AQ?SE??E?????????LAQLL?K?GS?LQ?K??AA??AL???LAAAL?Eaaaaaaaaaaaaaaaaaaa
[2025-08-02 21:11:04,969][inference.model_runners][INFO] - 21:11:04: Timestep 6, current sequence: ??AAA?AAL??A?AAA?ASG?E?S?E??Q??????A??E???S?A?Q???????L?AQ?A??AE???S??S??????AQLL?KLGS?AQ?K??AA??A???AA?AALLEaaaaaaaaaaaaaaaaaaa
[2025-08-02 21:11:05,651][inference.model_runners][INFO] - 21:11:05: Timestep 5, current sequence: S?AEA?AA???A?AAALAQG?K?SAE?????????A????A?SSAAQ??SAL??L?AQ?GA?AE??????S??????A?LL?K?GE?AQ????AA??A???AA?AAALEaaaaaaaaaaaaaaaaaaa
[2025-08-02 21:11:06,329][inference.model_runners][INFO] - 21:11:06: Timestep 4, current sequence: Q?AEA?AA??AA?AAALA?K?K?SAE????A????A??K?A?GSAAS???A??A?LA??GA??Q???S?SQ??????A?A??SSAA?SQ????AA??????AAAAAALEaaaaaaaaaaaaaaaaaaa
[2025-08-02 21:11:07,022][inference.model_runners][INFO] - 21:11:07: Timestep 3, current sequence: SAAAAA?AAAAA?AAA?A?K?K?SAE??Q??A???A??K?A??SAA??A???A?AA???EA??A???S??S???A??AAA??ALAA?AQ????AA??SA??SAAAAALKaaaaaaaaaaaaaaaaaaa
[2025-08-02 21:11:07,700][inference.model_runners][INFO] - 21:11:07: Timestep 2, current sequence: E?AAAAAAAAAAAAAAAA?K?E?SAS??A?AA???A??A?A?G?AAS??S??AA??S??ASASE?V?SASS???S???A???SAAAA?K?AA?????AAA?AAAAA?AKaaaaaaaaaaaaaaaaaaa
[2025-08-02 21:11:08,390][inference.model_runners][INFO] - 21:11:08: Timestep 1, current sequence: E?SAA??S?ASAAAA??ASK?E?S?S??A?AS???A?SAAA?GSAAA?A?A?AA??S?AASASS??KSASS???A???SA??AASAASA?QA?S???SSA?????S?A?aaaaaaaaaaaaaaaaaaa
[2025-08-02 21:11:08,391][__main__][INFO] - Finished design in 0.34 minutes
[2025-08-02 21:11:09,242][__main__][INFO] - design : /home/hwjang/aipd/noahs_ark/piplines/1_diffusion/output/result_19.pdb
[2025-08-02 21:11:09,242][__main__][INFO] - Xt traj: /home/hwjang/aipd/noahs_ark/piplines/1_diffusion/output/traj/result_19_Xt-1_traj.pdb
[2025-08-02 21:11:09,242][__main__][INFO] - X0 traj: /home/hwjang/aipd/noahs_ark/piplines/1_diffusion/output/traj/result_19_pX0_traj.pdb
[2025-08-02 21:11:09,242][__main__][INFO] - Making design output/result_20
[2025-08-02 21:11:09,243][__main__][INFO] - making design 20 of 16:24
[2025-08-02 21:11:09,243][inference.model_runners][INFO] - Using contig: ['100-130']
With this beta schedule (linear schedule, beta_0 = 0.06666666666666667, beta_T = 0.46666666666666673), alpha_bar_T = 6.0550024500116706e-05
Using cached chi_beta_T dictionary.
Done calculating chi_beta_T, chi_alphas_T, and chi_abars_T dictionaries.
[2025-08-02 21:11:09,845][inference.model_runners][INFO] - 21:11:09: Timestep 30, current sequence: ??????????????????????????????????????????????????????????????????????????????????????????????????????????????aaaaaaaaaaaaaaaaaaa
[2025-08-02 21:11:10,538][inference.model_runners][INFO] - 21:11:10: Timestep 29, current sequence: ??????????????????????????????????????????????????????????????????????????????????????????????????????????????aaaaaaaaaaaaaaaaaaa
[2025-08-02 21:11:11,226][inference.model_runners][INFO] - 21:11:11: Timestep 28, current sequence: ??????????????????????????????????????????????????????????????????????????????????????????????????????????????aaaaaaaaaaaaaaaaaaa
[2025-08-02 21:11:11,909][inference.model_runners][INFO] - 21:11:11: Timestep 27, current sequence: ??????????????????????????????????????????????????????????????????????????????????????????????????????????????aaaaaaaaaaaaaaaaaaa
[2025-08-02 21:11:12,599][inference.model_runners][INFO] - 21:11:12: Timestep 26, current sequence: ??????????????????????????????????????????????????????????????????????????????????????????????????????????????aaaaaaaaaaaaaaaaaaa
[2025-08-02 21:11:13,279][inference.model_runners][INFO] - 21:11:13: Timestep 25, current sequence: ??????????????????????????????????????????????????????????????????????????????????????????????????????????????aaaaaaaaaaaaaaaaaaa
[2025-08-02 21:11:13,959][inference.model_runners][INFO] - 21:11:13: Timestep 24, current sequence: ??????????????????????????????????????????????????????????????????????????????????????????????????????????????aaaaaaaaaaaaaaaaaaa
[2025-08-02 21:11:14,652][inference.model_runners][INFO] - 21:11:14: Timestep 23, current sequence: ??????????????????????????????????????????????????????????????????????????????????????????????????????????????aaaaaaaaaaaaaaaaaaa
[2025-08-02 21:11:15,345][inference.model_runners][INFO] - 21:11:15: Timestep 22, current sequence: ??????????????????????????????????????????????????????????????????????????????????????????????????????????????aaaaaaaaaaaaaaaaaaa
[2025-08-02 21:11:16,026][inference.model_runners][INFO] - 21:11:16: Timestep 21, current sequence: ??????????????????????????????????????????????????????????????????????????????????????????????????????????????aaaaaaaaaaaaaaaaaaa
[2025-08-02 21:11:16,716][inference.model_runners][INFO] - 21:11:16: Timestep 20, current sequence: ??????????????????????G????E????????????????????E?????????????????????????????????????????????????????????????aaaaaaaaaaaaaaaaaaa
[2025-08-02 21:11:17,396][inference.model_runners][INFO] - 21:11:17: Timestep 19, current sequence: ????????????????????????????E???????????????????A?????????????????????????????????????????????????????????????aaaaaaaaaaaaaaaaaaa
[2025-08-02 21:11:18,086][inference.model_runners][INFO] - 21:11:18: Timestep 18, current sequence: ??E?????????????????????????????????????????????E???????E?????????????????????????????????????????????????????aaaaaaaaaaaaaaaaaaa
[2025-08-02 21:11:18,768][inference.model_runners][INFO] - 21:11:18: Timestep 17, current sequence: ??E???????????????????????????????????????L???G?E???????E?????????????????????????????????????????????????????aaaaaaaaaaaaaaaaaaa
[2025-08-02 21:11:19,448][inference.model_runners][INFO] - 21:11:19: Timestep 16, current sequence: ??????????LA????????????G??G??????????????????G???????????????????G??????????????????????E????????????????L???aaaaaaaaaaaaaaaaaaa
[2025-08-02 21:11:20,127][inference.model_runners][INFO] - 21:11:20: Timestep 15, current sequence: ?SAE?????????????????????Q??A?????????????L???G?A???????Q?????????G?T????????????Q????S?QG?????????????A?L????aaaaaaaaaaaaaaaaaaa
[2025-08-02 21:11:20,807][inference.model_runners][INFO] - 21:11:20: Timestep 14, current sequence: ?SAE???????E??????????Q?????A?????????????LL??G?A?????????????????G?T?????????????????G?G??????????????A?LL???aaaaaaaaaaaaaaaaaaa
[2025-08-02 21:11:21,488][inference.model_runners][INFO] - 21:11:21: Timestep 13, current sequence: ?SAE??????AE??A???A???Q??ES?A?????????????L???G?A??L????Q??????K??G?????LA???GQ?G?L??SG?SQG?????????E??A?LLE??aaaaaaaaaaaaaaaaaaa
[2025-08-02 21:11:22,171][inference.model_runners][INFO] - 21:11:22: Timestep 12, current sequence: ?SAE?A?A??AE??AQ??A???QL??T?????????????L?L???G?A??L????L?????L???G?TAA??????GQ?G?L??SG?SSE?????????A?LA??LE??aaaaaaaaaaaaaaaaaaa
[2025-08-02 21:11:22,852][inference.model_runners][INFO] - 21:11:22: Timestep 11, current sequence: ??AE?AEAG?AA??AA??A?????????A?????????????L???G?A????A??Q?????????G?T?????????S?G?L???G??TS?????????A?LA??LE??aaaaaaaaaaaaaaaaaaa
[2025-08-02 21:11:23,532][inference.model_runners][INFO] - 21:11:23: Timestep 10, current sequence: ??AA?AAAAAAE??A???A???Q?????A?????????????L???G?A???????A???A?????G?SAQ??A????????L???G??QS?A???AA??A??A??L???aaaaaaaaaaaaaaaaaaa
[2025-08-02 21:11:24,224][inference.model_runners][INFO] - 21:11:24: Timestep 9, current sequence: ??EA?AAQLAAA??A???A???Q?????L???L???????A?L?????A???A???A??AA??A??G??AA??A????????????GL?????A??A?A?A??A??????aaaaaaaaaaaaaaaaaaa
[2025-08-02 21:11:24,904][inference.model_runners][INFO] - 21:11:24: Timestep 8, current sequence: ??EA?AAQLAA???AA??ALAAA?????A????????????AL?????AA?A????A??AAA?AA?G??AA??????AS?S????????E??AQA?AAA?A?L?A?L???aaaaaaaaaaaaaaaaaaa
[2025-08-02 21:11:25,583][inference.model_runners][INFO] - 21:11:25: Timestep 7, current sequence: ??EA??AQALAA??AAA?A?AAAL?K??A????????????A?A??G?AA?A?A??A??AAA?AA?G??AA??????AS???L???G?LASAAAA?A???A?AA?ALE??aaaaaaaaaaaaaaaaaaa
[2025-08-02 21:11:26,276][inference.model_runners][INFO] - 21:11:26: Timestep 6, current sequence: ??EAGAAAG?AA??AA??A??AAL?K??A?L??????????A????G?AA??AA??AA??EA?AA?G??AA??????AS???????GL?ASAAAA?AA??AALA?A?E??aaaaaaaaaaaaaaaaaaa
[2025-08-02 21:11:26,958][inference.model_runners][INFO] - 21:11:26: Timestep 5, current sequence: ?KEAGAAASAA????Q??A?AAAL????A????????????AL???G?AA??AA?AAA?AAA?AA?G?QAA??????AS???????GSLASAASA?AS??AA???AAA??aaaaaaaaaaaaaaaaaaa
[2025-08-02 21:11:27,652][inference.model_runners][INFO] - 21:11:27: Timestep 4, current sequence: ?QEAAAAAS?A?A?AAAAA??AA?????A?????????????LA??G??A?AAA??AA?AAL?AA?G??AA??????ASA??????G?LAS?AAA?AQ??AA???AAA??aaaaaaaaaaaaaaaaaaa
[2025-08-02 21:11:28,332][inference.model_runners][INFO] - 21:11:28: Timestep 3, current sequence: ?QAAAAAASAA?A?AAAAA??AAA???SA??????????AA?LA??G?????A???AA?AAA?SA?G???A???????SA??????Q??ASLAAA?AS?AA?A???A???aaaaaaaaaaaaaaaaaaa
[2025-08-02 21:11:29,013][inference.model_runners][INFO] - 21:11:29: Timestep 2, current sequence: ?KEAAAAASAAA?AAAAAA??A???S??A???AA??????AAL???K?A???AA??S?A?AAAS??G???A??A????SA????A?Q??SQASAA??SA?A??A?AA?A?aaaaaaaaaaaaaaaaaaa
[2025-08-02 21:11:29,706][inference.model_runners][INFO] - 21:11:29: Timestep 1, current sequence: ?EAAAAAASASAA?AAAAA??AA??A?SA?AAAAA?????ASAA??K?A?S?S???AAAAA?AAA?K?K?A??AS??SSASAAS??Q??ASS?A??SA?AA???SAA?A?aaaaaaaaaaaaaaaaaaa
[2025-08-02 21:11:29,707][__main__][INFO] - Finished design in 0.34 minutes
[2025-08-02 21:11:30,560][__main__][INFO] - design : /home/hwjang/aipd/noahs_ark/piplines/1_diffusion/output/result_20.pdb
[2025-08-02 21:11:30,560][__main__][INFO] - Xt traj: /home/hwjang/aipd/noahs_ark/piplines/1_diffusion/output/traj/result_20_Xt-1_traj.pdb
[2025-08-02 21:11:30,560][__main__][INFO] - X0 traj: /home/hwjang/aipd/noahs_ark/piplines/1_diffusion/output/traj/result_20_pX0_traj.pdb
[2025-08-02 21:11:30,560][__main__][INFO] - Making design output/result_21
[2025-08-02 21:11:30,560][__main__][INFO] - making design 21 of 16:24
[2025-08-02 21:11:30,560][inference.model_runners][INFO] - Using contig: ['100-130']
With this beta schedule (linear schedule, beta_0 = 0.06666666666666667, beta_T = 0.46666666666666673), alpha_bar_T = 6.0550024500116706e-05
Using cached chi_beta_T dictionary.
Done calculating chi_beta_T, chi_alphas_T, and chi_abars_T dictionaries.
[2025-08-02 21:11:31,180][inference.model_runners][INFO] - 21:11:31: Timestep 30, current sequence: ?????????????????????????????????????????????????????????????????????????????????????????????????????????????????????????aaaaaaaaaaaaaaaaaaa
[2025-08-02 21:11:31,881][inference.model_runners][INFO] - 21:11:31: Timestep 29, current sequence: ?????????????????????????????????????????????????????????????????????????????????????????????????????????????????????????aaaaaaaaaaaaaaaaaaa
[2025-08-02 21:11:32,597][inference.model_runners][INFO] - 21:11:32: Timestep 28, current sequence: ?????????????????????????????????????????????????????????????????????????????????????????????????????????????????????????aaaaaaaaaaaaaaaaaaa
[2025-08-02 21:11:33,301][inference.model_runners][INFO] - 21:11:33: Timestep 27, current sequence: ?????????????????????????????????????????????????????????????????????????????????????????????????????????????????????????aaaaaaaaaaaaaaaaaaa
[2025-08-02 21:11:34,003][inference.model_runners][INFO] - 21:11:34: Timestep 26, current sequence: ?????????????????????????????????????????????????????????????????????????????????????????????????????????????????????????aaaaaaaaaaaaaaaaaaa
[2025-08-02 21:11:34,715][inference.model_runners][INFO] - 21:11:34: Timestep 25, current sequence: ?????????????????????????????????????????????????????????????????????????????????????????????????????????????????????????aaaaaaaaaaaaaaaaaaa
[2025-08-02 21:11:35,417][inference.model_runners][INFO] - 21:11:35: Timestep 24, current sequence: ?????????????????????????????????????????????????????????????????????????????????????????????????????????????????????????aaaaaaaaaaaaaaaaaaa
[2025-08-02 21:11:36,120][inference.model_runners][INFO] - 21:11:36: Timestep 23, current sequence: ?????????????????????????????????????????????????????????????????????????????????????????????????????????????????????????aaaaaaaaaaaaaaaaaaa
[2025-08-02 21:11:36,821][inference.model_runners][INFO] - 21:11:36: Timestep 22, current sequence: ?????????????????????????????????????????????????????????????????????????????????????????????????????????????????????????aaaaaaaaaaaaaaaaaaa
[2025-08-02 21:11:37,521][inference.model_runners][INFO] - 21:11:37: Timestep 21, current sequence: ?????????????????????????????????????????????????????????????????????????????????????????????????????????????????????????aaaaaaaaaaaaaaaaaaa
[2025-08-02 21:11:38,223][inference.model_runners][INFO] - 21:11:38: Timestep 20, current sequence: ?????????????????????????????????????????????????????????????????????????????????????????????????????????????????????????aaaaaaaaaaaaaaaaaaa
[2025-08-02 21:11:38,937][inference.model_runners][INFO] - 21:11:38: Timestep 19, current sequence: ?????????????????E???E????????????????????????????????????????????????????????????G??????????????????E???????????????????aaaaaaaaaaaaaaaaaaa
[2025-08-02 21:11:39,638][inference.model_runners][INFO] - 21:11:39: Timestep 18, current sequence: ????????????????????????????????????S?G????????????????????G???????????????????????G????????????????GES??S???????????????aaaaaaaaaaaaaaaaaaa
[2025-08-02 21:11:40,351][inference.model_runners][INFO] - 21:11:40: Timestep 17, current sequence: ????????Q??QG??S?E??????????????????SSG??????????G??G??G???Q???E??????????????????????S??????????E??LES?SSSS?L???L???E???aaaaaaaaaaaaaaaaaaa
[2025-08-02 21:11:41,053][inference.model_runners][INFO] - 21:11:41: Timestep 16, current sequence: ????????Q??EE??S?E???E??????????A???SGG??G??????S???QG????AQ?????????????????????????????T??????LEA?LEL?KSQS?LE??E???E???aaaaaaaaaaaaaaaaaaa
[2025-08-02 21:11:41,765][inference.model_runners][INFO] - 21:11:41: Timestep 15, current sequence: ????????Q??EE??GSG??EE??A??????EA??SSG???G?????SS????G?????????K?G????GG???V??????L???G??E??????LEA?LE??E?????E??E???K???aaaaaaaaaaaaaaaaaaa
[2025-08-02 21:11:42,465][inference.model_runners][INFO] - 21:11:42: Timestep 14, current sequence: ?GTA???????E???G?EG?AE??A???Q??L????SG???G???G?SGG?????G??AQ??SQ?????QGL??TV?????????????T???Q??LEALAE?LESGQ??E??????KL??aaaaaaaaaaaaaaaaaaa
[2025-08-02 21:11:43,165][inference.model_runners][INFO] - 21:11:43: Timestep 13, current sequence: GGTA???????E??LS?E??AE??A??LQ?LLQ???SGE??QL?GG?S?G?????AA?AQ?LSQSS???QG???TV??????LQ??S??????AE?LESLAA??ESGS??E??????K???aaaaaaaaaaaaaaaaaaa
[2025-08-02 21:11:43,867][inference.model_runners][INFO] - 21:11:43: Timestep 12, current sequence: GG?A????Q????LLSSG???A??AL?LQ?LAA????GG??R???S?S??????????AQ??SGSS?SSQGS??TAE??????Q??S??????A???ESLEA??KQG??AA??EL??KL??aaaaaaaaaaaaaaaaaaa
[2025-08-02 21:11:44,576][inference.model_runners][INFO] - 21:11:44: Timestep 11, current sequence: ????????TLL?E??S?E??AA??A???Q?LAQ????GE?????????TG?????A??AA??SG?S??SQSLQ?SLE???LLLE??S?SA???A??LESLEA????GQ?AA???A??KL??aaaaaaaaaaaaaaaaaaa
[2025-08-02 21:11:45,279][inference.model_runners][INFO] - 21:11:45: Timestep 10, current sequence: ???L????A?LQE?ASSEA?AA??AL??ALLLQ????E????L??S??SG??????L?AA??SG?V??SASLV?SLA???L?LE??S?SAA??AA?LEA??E??K?GQ??A??????K???aaaaaaaaaaaaaaaaaaa
[2025-08-02 21:11:45,980][inference.model_runners][INFO] - 21:11:45: Timestep 9, current sequence: ??SL??????LE?LASSQQ?AA??AL??ALLLQ????E???SE??S??TG?G?Q????AA?LLGTV?TTAQLV??L?????L????S?SAA??????ES??EL?E?GQ??A???A??G???aaaaaaaaaaaaaaaaaaa
[2025-08-02 21:11:46,681][inference.model_runners][INFO] - 21:11:46: Timestep 8, current sequence: S?SLA??AA?LA?L?QSQQ?AA??????QLLAQA??SE???QE??Q??S??G?Q???LAA???G?V?S?GG????LA?????L???S?SEA??EA?A?S?AE??EQ?Q??A??AA??G???aaaaaaaaaaaaaaaaaaa
[2025-08-02 21:11:47,393][inference.model_runners][INFO] - 21:11:47: Timestep 7, current sequence: S?SLAS?A??LA???QSQA?AA???A??QL?AA????EAA?EE?GQ?SVG?G?E??A?AA???G?S?Q?G?S???A????????????SAA??E??L?A?AA??KQGQ??????A?LA???aaaaaaaaaaaaaaaaaaa
[2025-08-02 21:11:48,093][inference.model_runners][INFO] - 21:11:48: Timestep 6, current sequence: S?SAA??AA?AA?L?KSQQ?AA???AL?ALLAA???SEE??EE?GQ?S?G??????S?A????G?S?Q?KASE??A??????????S?SAA??E??AEA?AA??ESAQL?A?????LA???aaaaaaaaaaaaaaaaaaa
[2025-08-02 21:11:48,795][inference.model_runners][INFO] - 21:11:48: Timestep 5, current sequence: S?SAAS?AA?AA?SLKSQQ?AA??AA??AL?AAA???EA??EA??Q?S?G???Q?AS?AA???GSQ?Q??A?G??AA??A??????S?QAA??AAL??A?AAA??SGQL?A???A??A???aaaaaaaaaaaaaaaaaaa
[2025-08-02 21:11:49,507][inference.model_runners][INFO] - 21:11:49: Timestep 4, current sequence: A?SAAS?AA?AA?LAKSQAAAA??AA?????ASA??SQE?AEAL?S?S?G???G?AL?AA???GSQ?Q????E??AA???A??A??S?QKA??AA?A?S?AA????GQA?A???A??A???aaaaaaaaaaaaaaaaaaa
[2025-08-02 21:11:50,207][inference.model_runners][INFO] - 21:11:50: Timestep 3, current sequence: E?SAA??AAAAAAAA?SQQAAA??AA?AA??AA???SQA?ASA??Q???G?????AA??????G?Q?Q?K??Q?QA????AL?A??S?SAA??AAL??S?AA??KSGQ??A??????AA??aaaaaaaaaaaaaaaaaaa
[2025-08-02 21:11:50,908][inference.model_runners][INFO] - 21:11:50: Timestep 2, current sequence: A?SAAS?A???AAAAA?QQ?AA??SA???A?AA?A?SAS??A???S???G??????S??????G?Q?Q???SE?QGA???A??A??S??AE?ASA???S?AAA??SAQA?A??A???AA??aaaaaaaaaaaaaaaaaaa
[2025-08-02 21:11:51,620][inference.model_runners][INFO] - 21:11:51: Timestep 1, current sequence: E?SAAA??S?AASAAASQSAAAA?S??A???AA??KSQSAAAA?SS???GG??ASSA??????G?Q?Q????A?SGA?SSA??S??S?AAAA?AS??KS?SAS?ASGSA?SA?A???AA??aaaaaaaaaaaaaaaaaaa
[2025-08-02 21:11:51,622][__main__][INFO] - Finished design in 0.35 minutes
[2025-08-02 21:11:52,564][__main__][INFO] - design : /home/hwjang/aipd/noahs_ark/piplines/1_diffusion/output/result_21.pdb
[2025-08-02 21:11:52,564][__main__][INFO] - Xt traj: /home/hwjang/aipd/noahs_ark/piplines/1_diffusion/output/traj/result_21_Xt-1_traj.pdb
[2025-08-02 21:11:52,564][__main__][INFO] - X0 traj: /home/hwjang/aipd/noahs_ark/piplines/1_diffusion/output/traj/result_21_pX0_traj.pdb
[2025-08-02 21:11:52,564][__main__][INFO] - Making design output/result_22
[2025-08-02 21:11:52,564][__main__][INFO] - making design 22 of 16:24
[2025-08-02 21:11:52,564][inference.model_runners][INFO] - Using contig: ['100-130']
With this beta schedule (linear schedule, beta_0 = 0.06666666666666667, beta_T = 0.46666666666666673), alpha_bar_T = 6.0550024500116706e-05
Using cached chi_beta_T dictionary.
Done calculating chi_beta_T, chi_alphas_T, and chi_abars_T dictionaries.
[2025-08-02 21:11:53,180][inference.model_runners][INFO] - 21:11:53: Timestep 30, current sequence: ????????????????????????????????????????????????????????????????????????????????????????????????????????????aaaaaaaaaaaaaaaaaaa
[2025-08-02 21:11:53,860][inference.model_runners][INFO] - 21:11:53: Timestep 29, current sequence: ????????????????????????????????????????????????????????????????????????????????????????????????????????????aaaaaaaaaaaaaaaaaaa
[2025-08-02 21:11:54,553][inference.model_runners][INFO] - 21:11:54: Timestep 28, current sequence: ????????????????????????????????????????????????????????????????????????????????????????????????????????????aaaaaaaaaaaaaaaaaaa
[2025-08-02 21:11:55,232][inference.model_runners][INFO] - 21:11:55: Timestep 27, current sequence: ????????????????????????????????????????????????????????????????????????????????????????????????????????????aaaaaaaaaaaaaaaaaaa
[2025-08-02 21:11:55,910][inference.model_runners][INFO] - 21:11:55: Timestep 26, current sequence: ????????????????????????????????????????????????????????????????????????????????????????????????????????????aaaaaaaaaaaaaaaaaaa
[2025-08-02 21:11:56,589][inference.model_runners][INFO] - 21:11:56: Timestep 25, current sequence: ????????????????????????????????????????????????????????????????????????????????????????????????????????????aaaaaaaaaaaaaaaaaaa
[2025-08-02 21:11:57,278][inference.model_runners][INFO] - 21:11:57: Timestep 24, current sequence: ????????????????????????????????????????????????????????????????????????????????????????????????????????????aaaaaaaaaaaaaaaaaaa
[2025-08-02 21:11:57,960][inference.model_runners][INFO] - 21:11:57: Timestep 23, current sequence: ????????????????????????????????????????????????????????????????????????????????????????????????????????????aaaaaaaaaaaaaaaaaaa
[2025-08-02 21:11:58,637][inference.model_runners][INFO] - 21:11:58: Timestep 22, current sequence: ????????????????????????????????????????????????????????????????????????????????????????????????????????????aaaaaaaaaaaaaaaaaaa
[2025-08-02 21:11:59,325][inference.model_runners][INFO] - 21:11:59: Timestep 21, current sequence: ???????????????????????????D????????????????????????????????????????????????????????????????????????????????aaaaaaaaaaaaaaaaaaa
[2025-08-02 21:12:00,005][inference.model_runners][INFO] - 21:12:00: Timestep 20, current sequence: ??G????????????????????GG?GG???????????????????????????????????????????????????????E????????????????????????aaaaaaaaaaaaaaaaaaa
[2025-08-02 21:12:00,693][inference.model_runners][INFO] - 21:12:00: Timestep 19, current sequence: ??G????????????????????G??SGG?????????????????G??S?????????????G???????????????????E??GG??G?????????????????aaaaaaaaaaaaaaaaaaa
[2025-08-02 21:12:01,370][inference.model_runners][INFO] - 21:12:01: Timestep 18, current sequence: ?TA???????Q????????????GG?SGG?????S????????GGGGE???G???????????E??????????????????????GG??G?????????L??LL???aaaaaaaaaaaaaaaaaaa
[2025-08-02 21:12:02,060][inference.model_runners][INFO] - 21:12:02: Timestep 17, current sequence: ??A????????????????????EG?SGG?????S????????G??GE???G???????????????GS?G????G???G??????GGG?E????????????L????aaaaaaaaaaaaaaaaaaa
[2025-08-02 21:12:02,737][inference.model_runners][INFO] - 21:12:02: Timestep 16, current sequence: ??A??????L?????????????Q???SG?????S?????????G?GEGG?????????????????SS?G????G??????????EG???????????L???LE???aaaaaaaaaaaaaaaaaaa
[2025-08-02 21:12:03,427][inference.model_runners][INFO] - 21:12:03: Timestep 15, current sequence: ??A??????LQ????????????QG??GG??L??????S??TL?G??GGQ??????????????????S??????G???G?????GEK????????L??LL??LA???aaaaaaaaaaaaaaaaaaa
[2025-08-02 21:12:04,105][inference.model_runners][INFO] - 21:12:04: Timestep 14, current sequence: ?SA??????????????????E?GG??GG??L??????????L?GS?QGG???G?????????E????S?GG??TE???E??Q???GE??E?????L??LL??LA???aaaaaaaaaaaaaaaaaaa
[2025-08-02 21:12:04,783][inference.model_runners][INFO] - 21:12:04: Timestep 13, current sequence: ??A??????????????????Q?GG??GG??L??T??QS???L??S?E?S?????????????A???SS?AQS?TE??AE???????K??E?????LA?LL??LQ???aaaaaaaaaaaaaaaaaaa
[2025-08-02 21:12:05,478][inference.model_runners][INFO] - 21:12:05: Timestep 12, current sequence: ?SA??????????????????Q?GG??GQ??L??Q?G?G???VQ?Q?EG??D?G?????????E???SS?GQS?SE???E?????GG?????????L?QLL??LL???aaaaaaaaaaaaaaaaaaa
[2025-08-02 21:12:06,156][inference.model_runners][INFO] - 21:12:06: Timestep 11, current sequence: ?KA??????LQ??????????K?G??SLQ?????V?GS?????Q?Q?E?G?T?G???S?????A???SSAGSS??E??AA?LL??GGQ??EL?AEA?ALLL??LL??Vaaaaaaaaaaaaaaaaaaa
[2025-08-02 21:12:06,846][inference.model_runners][INFO] - 21:12:06: Timestep 10, current sequence: ?KE??????AQ????????????G??SSQ???V?VL???????Q?T?E?G??LG???TL?Q??Q???SS?GGS??E??AQ?LL??GAQ??KLLA?????L???LA???aaaaaaaaaaaaaaaaaaa
[2025-08-02 21:12:07,523][inference.model_runners][INFO] - 21:12:07: Timestep 9, current sequence: ??E????A?AA??A?????????G??SQQ?????V???G????Q?T???G???G???TA????Q???Q???Q???E??AAL?L??EGQ??E??A?????LA??L????aaaaaaaaaaaaaaaaaaa
[2025-08-02 21:12:08,201][inference.model_runners][INFO] - 21:12:08: Timestep 8, current sequence: ??EE??????A??A?????????G??SLQ??????A???????Q?Q?E?G???G???TL????Q???QS??????E???ALLL??EGQ??E??A?????LA??LE???aaaaaaaaaaaaaaaaaaa
[2025-08-02 21:12:08,890][inference.model_runners][INFO] - 21:12:08: Timestep 7, current sequence: ?DEA????????????????A??G??SSS??L????G?G????Q???E?G???G????L????????QS??????EE?AALLL??EGQA?E??AA??A?LA??LA???aaaaaaaaaaaaaaaaaaa
[2025-08-02 21:12:09,570][inference.model_runners][INFO] - 21:12:09: Timestep 6, current sequence: ?EEA?????????A??????A??GS?SGQ???????GSG????Q???E?G???G?????????????QS??????EE?AALL???EGQAQE??AA?AA??A??LA???aaaaaaaaaaaaaaaaaaa
[2025-08-02 21:12:10,260][inference.model_runners][INFO] - 21:12:10: Timestep 5, current sequence: ?EEA?????????A??????A??G??SES???????SSG????Q???Q?G???G????L????AA??SS?AAS??EA?AAA?????GQAQA?AAA???L?AA??KAL?aaaaaaaaaaaaaaaaaaa
[2025-08-02 21:12:10,939][inference.model_runners][INFO] - 21:12:10: Timestep 4, current sequence: ??EA?????????A??A???A??G??SEQ?????????G????Q???Q?G???G???Q?AS??AA???S??AS??EA??A??????GQAAAA?AA??A??AA?AEA??aaaaaaaaaaaaaaaaaaa
[2025-08-02 21:12:11,618][inference.model_runners][INFO] - 21:12:11: Timestep 3, current sequence: ??EA?????????A??A???A??G??SES???????SSG???V??????G???G????L?S???A???SA?????EA??A??A??EGSAAAS?A??AA??AA?AEA??aaaaaaaaaaaaaaaaaaa
[2025-08-02 21:12:12,310][inference.model_runners][INFO] - 21:12:12: Timestep 2, current sequence: ??ES?AAA??A??A???A??SA?G??SES?????A?SSG????????S?G???G??????S???A???SA??S???A????AS??KGSASA??AS?AA??AA??AA??aaaaaaaaaaaaaaaaaaa
[2025-08-02 21:12:12,991][inference.model_runners][INFO] - 21:12:12: Timestep 1, current sequence: ?KES?ASS??SAAAA?AA??SA?GS?SEA?S???A?SSR?????S??K?G?K?G??????S???A??SS?SAS??ES??A?A????GSASAA?AA?AA??A???AA?Saaaaaaaaaaaaaaaaaaa
[2025-08-02 21:12:12,992][__main__][INFO] - Finished design in 0.34 minutes
[2025-08-02 21:12:13,848][__main__][INFO] - design : /home/hwjang/aipd/noahs_ark/piplines/1_diffusion/output/result_22.pdb
[2025-08-02 21:12:13,849][__main__][INFO] - Xt traj: /home/hwjang/aipd/noahs_ark/piplines/1_diffusion/output/traj/result_22_Xt-1_traj.pdb
[2025-08-02 21:12:13,849][__main__][INFO] - X0 traj: /home/hwjang/aipd/noahs_ark/piplines/1_diffusion/output/traj/result_22_pX0_traj.pdb
[2025-08-02 21:12:13,849][__main__][INFO] - Making design output/result_23
[2025-08-02 21:12:13,849][__main__][INFO] - making design 23 of 16:24
[2025-08-02 21:12:13,849][inference.model_runners][INFO] - Using contig: ['100-130']
With this beta schedule (linear schedule, beta_0 = 0.06666666666666667, beta_T = 0.46666666666666673), alpha_bar_T = 6.0550024500116706e-05
Using cached chi_beta_T dictionary.
Done calculating chi_beta_T, chi_alphas_T, and chi_abars_T dictionaries.
[2025-08-02 21:12:14,467][inference.model_runners][INFO] - 21:12:14: Timestep 30, current sequence: ???????????????????????????????????????????????????????????????????????????????????????????????????????????????????????????aaaaaaaaaaaaaaaaaaa
[2025-08-02 21:12:15,189][inference.model_runners][INFO] - 21:12:15: Timestep 29, current sequence: ???????????????????????????????????????????????????????????????????????????????????????????????????????????????????????????aaaaaaaaaaaaaaaaaaa
[2025-08-02 21:12:15,896][inference.model_runners][INFO] - 21:12:15: Timestep 28, current sequence: ???????????????????????????????????????????????????????????????????????????????????????????????????????????????????????????aaaaaaaaaaaaaaaaaaa
[2025-08-02 21:12:16,602][inference.model_runners][INFO] - 21:12:16: Timestep 27, current sequence: ???????????????????????????????????????????????????????????????????????????????????????????????????????????????????????????aaaaaaaaaaaaaaaaaaa
[2025-08-02 21:12:17,308][inference.model_runners][INFO] - 21:12:17: Timestep 26, current sequence: ???????????????????????????????????????????????????????????????????????????????????????????????????????????????????????????aaaaaaaaaaaaaaaaaaa
[2025-08-02 21:12:18,014][inference.model_runners][INFO] - 21:12:18: Timestep 25, current sequence: ???????????????????????????????????????????????????????????????????????????????????????????????????????????????????????????aaaaaaaaaaaaaaaaaaa
[2025-08-02 21:12:18,721][inference.model_runners][INFO] - 21:12:18: Timestep 24, current sequence: ???????????????????????????????????????????????????????????????????????????????????????????????????????????????????????????aaaaaaaaaaaaaaaaaaa
[2025-08-02 21:12:19,438][inference.model_runners][INFO] - 21:12:19: Timestep 23, current sequence: ???????????????????????????????????????????????????????????????????????????????????????????????????????????????????????????aaaaaaaaaaaaaaaaaaa
[2025-08-02 21:12:20,146][inference.model_runners][INFO] - 21:12:20: Timestep 22, current sequence: ???????????????????????????????????????????????????????????????????????????????????????????????????????????????????????????aaaaaaaaaaaaaaaaaaa
[2025-08-02 21:12:20,854][inference.model_runners][INFO] - 21:12:20: Timestep 21, current sequence: ???????????????????????????????????????????????????????????????????????????????????????????????????????????????????????????aaaaaaaaaaaaaaaaaaa
[2025-08-02 21:12:21,561][inference.model_runners][INFO] - 21:12:21: Timestep 20, current sequence: ???????????????????????????????????????????????????????????????????????????????????????????????????????????????????????????aaaaaaaaaaaaaaaaaaa
[2025-08-02 21:12:22,266][inference.model_runners][INFO] - 21:12:22: Timestep 19, current sequence: ????????????????????????????????????????????????????????????????????????????????????????????????????????????????????????E??aaaaaaaaaaaaaaaaaaa
[2025-08-02 21:12:22,972][inference.model_runners][INFO] - 21:12:22: Timestep 18, current sequence: ??????E????????L?S?????EE?????????????????G??????????????????????S?????????????????????????????????????????????????????????aaaaaaaaaaaaaaaaaaa
[2025-08-02 21:12:23,688][inference.model_runners][INFO] - 21:12:23: Timestep 17, current sequence: ????GGE???????LL?S?????LE?????????????????G???S????????????L????????A???????????????????????????????????????????????????E??aaaaaaaaaaaaaaaaaaa
[2025-08-02 21:12:24,393][inference.model_runners][INFO] - 21:12:24: Timestep 16, current sequence: ?G?AEGELEGQ?E?L?E?????????????????GE???E??E?A?GS??S???S?A?LLL??????GA?????????????G???S????????L???GG??S????????????????L??aaaaaaaaaaaaaaaaaaa
[2025-08-02 21:12:25,108][inference.model_runners][INFO] - 21:12:25: Timestep 15, current sequence: ?QGEEAEVEA????L?????????AL??????S?TEG?AE??E???ES??SL???????LA????G?GA??????????S?????????A??L??LS??GS??????T???????????????aaaaaaaaaaaaaaaaaaa
[2025-08-02 21:12:25,813][inference.model_runners][INFO] - 21:12:25: Timestep 14, current sequence: ????EAELEA??E????????????L??????S?TGG?AE??????E???S??E???????????D??????A??A??AE????????????L????LLGS??G?G????????A???L?L??aaaaaaaaaaaaaaaaaaa
[2025-08-02 21:12:26,527][inference.model_runners][INFO] - 21:12:26: Timestep 13, current sequence: ????AAALLAA?E???????????A???????S?TGG?A?A?A???K???S??S???E???LLL?G??????A?????AE??E???Q?????L????QLSS??G?T???????????LLLL??aaaaaaaaaaaaaaaaaaa
[2025-08-02 21:12:27,232][inference.model_runners][INFO] - 21:12:27: Timestep 12, current sequence: ?EATAAALAAA?E???????????A??A????S?QGG?AEA?A???K??????S???????Q?LQG????????????AA??E???Q?????L???LQ?Q??G????TLA??????L?LLL??aaaaaaaaaaaaaaaaaaa
[2025-08-02 21:12:27,959][inference.model_runners][INFO] - 21:12:27: Timestep 11, current sequence: ?AAGAAAAAAA?????A???Q???AA?A??????TAG?AEA?AL??QA??K??Q???L??AQLL?G??????A??A??????E???Q?????L???LQ???SG????T??????????LL???aaaaaaaaaaaaaaaaaaa
[2025-08-02 21:12:28,664][inference.model_runners][INFO] - 21:12:28: Timestep 10, current sequence: ?AATAAAAAAALE???A??A????A??A????SLSAE?AEL?ALL?E??????Q?L?L??AA?L?G???A??A?????????E???Q?????L??LLQ???G?????QL???????LAL?L??aaaaaaaaaaaaaaaaaaa
[2025-08-02 21:12:29,382][inference.model_runners][INFO] - 21:12:29: Timestep 9, current sequence: ?A?AAAQAAAALE???AQ?AQ???A??AA???SLSEE?QAALA???A??????Q?L????A??L?G???A??A?????????A???E????????LLQ???G?????SL????????AL?L??aaaaaaaaaaaaaaaaaaa
[2025-08-02 21:12:30,088][inference.model_runners][INFO] - 21:12:30: Timestep 8, current sequence: ?E?AAAQAAAQL???AAQ??QL?????AA?G???DEE?AQLLALLAA?????AQ??????L??L?G???A????????A???A???E???A?????LQ???G?????S?????A??LA??L?Saaaaaaaaaaaaaaaaaaa
[2025-08-02 21:12:30,792][inference.model_runners][INFO] - 21:12:30: Timestep 7, current sequence: ?EAAAAAAAAQAE?LAA?AAAAAAA??A??L?K?EEE?AQLAAL?AA??????QL??L?????L?GQ??A??AA????????A???????A????LSQ???K???G?SAA???AA??A??L?Vaaaaaaaaaaaaaaaaaaa
[2025-08-02 21:12:31,510][inference.model_runners][INFO] - 21:12:31: Timestep 6, current sequence: ?E?AAAAAAAAL?ALAASAAA??????AA?L?K??EE?AA?AAA?AA??????QL??????A???GQ?AAA?A?????????AA??A??A???AA?LA?SSGG??G?QLA??AAA??A??L?Vaaaaaaaaaaaaaaaaaaa
[2025-08-02 21:12:32,216][inference.model_runners][INFO] - 21:12:32: Timestep 5, current sequence: AE?AAAAAAEAA?ALAASAAA??????AA?A?Q??ES??A??AA?AA??????Q???L??AA???GQ?AAA?A???A?????AA??A??A???A??LA?GSK???G???????A?ALA??LL?aaaaaaaaaaaaaaaaaaa
[2025-08-02 21:12:32,931][inference.model_runners][INFO] - 21:12:32: Timestep 4, current sequence: AE?AEASAAAAA?AAAASAAAA??A??AA?A???KEAAAAA??L??A??????Q???A??AA???GA?AA??A??A??????QA?AA??AA???A?SA?K?????Q????????ALAAA??E?aaaaaaaaaaaaaaaaaaa
[2025-08-02 21:12:33,636][inference.model_runners][INFO] - 21:12:33: Timestep 3, current sequence: AEAAAASAASAA?ALA?SAAAAAAA??AA?A?E?KEA?SA?AAA??AA?????S???L?A?A???GA?AA??A??AAAAA??AA?AA??AA?AAA?SS?K??G??Q??????AASA?AS?AA?aaaaaaaaaaaaaaaaaaa
[2025-08-02 21:12:34,351][inference.model_runners][INFO] - 21:12:34: Timestep 2, current sequence: SEASAASAAAAA?AAAASAAAA?AA??AA?A?P?KEAASA?AAA??AS????GSA????AAA???EQ?AAAAAA?SA?A???QA??A???A?AAA?S??K??G??Q??A???AAAA?AS????aaaaaaaaaaaaaaaaaaa
[2025-08-02 21:12:35,058][inference.model_runners][INFO] - 21:12:35: Timestep 1, current sequence: SAASAASSASAAAA?AASASAS?SA??SA?A?P?KEQASA?AS???AA?????S???A???A?S?GA?AS?AAA?A?AA??AAA??A???A???A??S?EQKG??K??AAS?A?AASAA??S?aaaaaaaaaaaaaaaaaaa
[2025-08-02 21:12:35,059][__main__][INFO] - Finished design in 0.35 minutes
[2025-08-02 21:12:36,023][__main__][INFO] - design : /home/hwjang/aipd/noahs_ark/piplines/1_diffusion/output/result_23.pdb
[2025-08-02 21:12:36,023][__main__][INFO] - Xt traj: /home/hwjang/aipd/noahs_ark/piplines/1_diffusion/output/traj/result_23_Xt-1_traj.pdb
[2025-08-02 21:12:36,023][__main__][INFO] - X0 traj: /home/hwjang/aipd/noahs_ark/piplines/1_diffusion/output/traj/result_23_pX0_traj.pdb

=============================================
Sat Aug 2 09:12:36 PM KST 2025
[INFO] Job finished in 185 seconds
