Sat Aug 2 09:09:31 PM KST 2025
[INFO] Job Information
=============================================
[INFO] Job Name       : rfdaa
[INFO] Job ID         : 146511
[INFO] Submit Dir     : /home/hwjang/aipd/noahs_ark/piplines/1_diffusion
[INFO] Partition      : gpu-farm
[INFO] Node List      : node27
[INFO] Nodes          : 1
[INFO] CPUs per Task  : 4
[INFO] Memory (MB)    : 
[INFO] User           : hwjang
[INFO] Work Dir       : /home/hwjang/aipd/noahs_ark/piplines/1_diffusion
[INFO] Tasks per Node : 1
[INFO] Dependency     : 
[INFO] Allocated GPUs : 1
---------------------------------------------
[INFO] Job allocated on node(s): node27
[INFO] Job running on: node27
=============================================

[2025-08-02 21:09:36,947][inference.model_runners][INFO] - Reading checkpoint from /home/hwjang/aipd/rf_diffusion_all_atom/RFDiffusionAA_paper_weights.pt
loading /home/hwjang/aipd/rf_diffusion_all_atom/RFDiffusionAA_paper_weights.pt
loaded /home/hwjang/aipd/rf_diffusion_all_atom/RFDiffusionAA_paper_weights.pt
OVERRIDING: You are changing diffuser.T from the value this model was trained with.
[2025-08-02 21:09:43,529][inference.model_runners][INFO] - Loading checkpoint.
[2025-08-02 21:09:43,666][diffusion][INFO] - Using cached IGSO3.
[2025-08-02 21:09:43,677][__main__][INFO] - Making design output/result_40
[2025-08-02 21:09:43,678][__main__][INFO] - making design 40 of 40:48
[2025-08-02 21:09:43,678][inference.model_runners][INFO] - Using contig: ['100-130']
With this beta schedule (linear schedule, beta_0 = 0.06666666666666667, beta_T = 0.46666666666666673), alpha_bar_T = 6.0550024500116706e-05
Using cached chi_beta_T dictionary.
Done calculating chi_beta_T, chi_alphas_T, and chi_abars_T dictionaries.
[2025-08-02 21:09:45,918][inference.model_runners][INFO] - 21:09:45: Timestep 30, current sequence: ????????????????????????????????????????????????????????????????????????????????????????????????????aaaaaaaaaaaaaaaaaaa
[2025-08-02 21:09:46,713][inference.model_runners][INFO] - 21:09:46: Timestep 29, current sequence: ????????????????????????????????????????????????????????????????????????????????????????????????????aaaaaaaaaaaaaaaaaaa
[2025-08-02 21:09:47,495][inference.model_runners][INFO] - 21:09:47: Timestep 28, current sequence: ????????????????????????????????????????????????????????????????????????????????????????????????????aaaaaaaaaaaaaaaaaaa
[2025-08-02 21:09:48,274][inference.model_runners][INFO] - 21:09:48: Timestep 27, current sequence: ????????????????????????????????????????????????????????????????????????????????????????????????????aaaaaaaaaaaaaaaaaaa
[2025-08-02 21:09:49,057][inference.model_runners][INFO] - 21:09:49: Timestep 26, current sequence: ????????????????????????????????????????????????????????????????????????????????????????????????????aaaaaaaaaaaaaaaaaaa
[2025-08-02 21:09:49,840][inference.model_runners][INFO] - 21:09:49: Timestep 25, current sequence: ????????????????????????????????????????????????????????????????????????????????????????????????????aaaaaaaaaaaaaaaaaaa
[2025-08-02 21:09:50,642][inference.model_runners][INFO] - 21:09:50: Timestep 24, current sequence: ????????????????????????????????????????????????????????????????????????????????????????????????????aaaaaaaaaaaaaaaaaaa
[2025-08-02 21:09:51,434][inference.model_runners][INFO] - 21:09:51: Timestep 23, current sequence: ????????????????????????????????????????????????????????????????????????????????????????????????????aaaaaaaaaaaaaaaaaaa
[2025-08-02 21:09:52,226][inference.model_runners][INFO] - 21:09:52: Timestep 22, current sequence: ????????????????????????????????????????????????????????????????????????????????????????????????????aaaaaaaaaaaaaaaaaaa
[2025-08-02 21:09:53,006][inference.model_runners][INFO] - 21:09:53: Timestep 21, current sequence: ????????????????????????????????????????????????????????????????????????????????????????????????????aaaaaaaaaaaaaaaaaaa
[2025-08-02 21:09:53,798][inference.model_runners][INFO] - 21:09:53: Timestep 20, current sequence: ????????????????????????????????????????????????????????????????????????????????????????????????????aaaaaaaaaaaaaaaaaaa
[2025-08-02 21:09:54,596][inference.model_runners][INFO] - 21:09:54: Timestep 19, current sequence: ????????????????????????????????????????????????????????????????????????????????????????????????????aaaaaaaaaaaaaaaaaaa
[2025-08-02 21:09:55,374][inference.model_runners][INFO] - 21:09:55: Timestep 18, current sequence: ?????????E??????????????????G????????????????G????????????G??????????????????E???G??????E???????????aaaaaaaaaaaaaaaaaaa
[2025-08-02 21:09:56,150][inference.model_runners][INFO] - 21:09:56: Timestep 17, current sequence: ??????????????Q???Q???E???K?G?S?????E????G??EG????L????E????S?????S?????????GG??SS???S??????S?????S?aaaaaaaaaaaaaaaaaaa
[2025-08-02 21:09:56,944][inference.model_runners][INFO] - 21:09:56: Timestep 16, current sequence: ??????????????????Q???E?L???G?T?????G?A??EG?E??????????E???????????G?????S??GEG?SSG??Q??E??????QG???aaaaaaaaaaaaaaaaaaa
[2025-08-02 21:09:57,726][inference.model_runners][INFO] - 21:09:57: Timestep 15, current sequence: ??V????GG?????E???E???E?L???G?T?????ESLEEE???E????L??L?E??????????SG?????G??GEG?SSG?GS????LV??LE?Q??aaaaaaaaaaaaaaaaaaa
[2025-08-02 21:09:58,509][inference.model_runners][INFO] - 21:09:58: Timestep 14, current sequence: ???L??????????Q???Q??EE?LAA?G?TL????ESLEEE??EE????L????E??G????????G?????S??GGS?SSG?QS??E??V??LE?S??aaaaaaaaaaaaaaaaaaa
[2025-08-02 21:09:59,284][inference.model_runners][INFO] - 21:09:59: Timestep 13, current sequence: ????????G?S?S?E???Q??EALLE?SG?TL???GESATEE??EE????LV???E??G???????SG?????S??GGS?GS?SEE??E??LA?LESS??aaaaaaaaaaaaaaaaaaa
[2025-08-02 21:10:00,075][inference.model_runners][INFO] - 21:10:00: Timestep 12, current sequence: ?????????ES?Q?Q???Q?????L???G?TL??LGGSADEE??EE????LV?L?AK?G??LV????G????????GGS?TT??AG??E??LA?LL?S??aaaaaaaaaaaaaaaaaaa
[2025-08-02 21:10:00,862][inference.model_runners][INFO] - 21:10:00: Timestep 11, current sequence: ??????L??GS?Q?Q???Q??A??L???G?QLL?LGLSG?AEL?EE????LLE??AE?G?????L?GG?L??AGS??GS?TT??AQ??E??LA?L?????aaaaaaaaaaaaaaaaaaa
[2025-08-02 21:10:01,648][inference.model_runners][INFO] - 21:10:01: Timestep 10, current sequence: ??L???L???S?Q?QE?LAA?AELLE??G?QLL?LSESG?AEL?EE???A?LEL?AE?G?L?L?L??G????AG???SS??T??AE??E??LALLE?P??aaaaaaaaaaaaaaaaaaa
[2025-08-02 21:10:02,440][inference.model_runners][INFO] - 21:10:02: Timestep 9, current sequence: ??V???GG?ES?Q?QE?LEA?AE??E??G?Q?L?LSESG?AEL?QA??A??AEL?A?SGTL?L????G?L??AAS?GSS?TT??AE??E??LALLLQA??aaaaaaaaaaaaaaaaaaa
[2025-08-02 21:10:03,226][inference.model_runners][INFO] - 21:10:03: Timestep 8, current sequence: ??V???GG?ES?Q?QE??E??AE?????G?T???LGASG?AEL?AA??A??LA??A?SG??VL????G????AAS??Q??TT??EE??EQ??A?LL?A??aaaaaaaaaaaaaaaaaaa
[2025-08-02 21:10:04,001][inference.model_runners][INFO] - 21:10:04: Timestep 7, current sequence: ??V???GG?ES?Q?QE??EA?AE???K?G?T????G?SG?AEE?AA??A??AA??A?SG???L???SG??L?AAS?GQAQSE??EA??A??LA?LL?A??aaaaaaaaaaaaaaaaaaa
[2025-08-02 21:10:04,784][inference.model_runners][INFO] - 21:10:04: Timestep 6, current sequence: ??V???GG?GSVQ?QA??AALAA???K?G?TL????Q?G?AE??AE?VA??AEL?A?SG???LV???G?LL??AS?GQ?Q?T?KEE??A??LA?LL?G??aaaaaaaaaaaaaaaaaaa
[2025-08-02 21:10:05,578][inference.model_runners][INFO] - 21:10:05: Timestep 5, current sequence: ??????GS?SSVQ?QA??AA??????K?G?T?V??G??A?AEA?AA??AA??AL?AASG???L????G?LL?AAS?GQSAS??KAE?AAS??A?L??G??aaaaaaaaaaaaaaaaaaa
[2025-08-02 21:10:06,366][inference.model_runners][INFO] - 21:10:06: Timestep 4, current sequence: ???????S?SSVQ?KA?AA??A????K?G?TL?S?G??A?AES??A??A???A??A?SG???L?A??G?L??A?S?GQSAS??QEE?AASA?A????G??aaaaaaaaaaaaaaaaaaa
[2025-08-02 21:10:07,156][inference.model_runners][INFO] - 21:10:07: Timestep 3, current sequence: ???????S?GSVSAQA?AAA?A????S?G?S??S?G?SA?AEQ??A??A??AA??A?SG???????SA?L???SS?G?S?S??QGA??AS??A???QG??aaaaaaaaaaaaaaaaaaa
[2025-08-02 21:10:07,944][inference.model_runners][INFO] - 21:10:07: Timestep 2, current sequence: ???????A?SSVS?EAA??A??A??S??G?S??A?G?SANASQA??A?AA?AA??A?AG???????SG??V??SS?G?SAS??QAAS?AQ??SA?A?G??aaaaaaaaaaaaaaaaaaa
[2025-08-02 21:10:08,738][inference.model_runners][INFO] - 21:10:08: Timestep 1, current sequence: ???????S?SSVSAEA??AS?A????S?G???SA?SASESAAAASSA?AS?S?A?S?SK???????SG??A??SS?GSSSS???AA??AAA?AS???G??aaaaaaaaaaaaaaaaaaa
[2025-08-02 21:10:08,739][__main__][INFO] - Finished design in 0.42 minutes
[2025-08-02 21:10:09,564][__main__][INFO] - design : /home/hwjang/aipd/noahs_ark/piplines/1_diffusion/output/result_40.pdb
[2025-08-02 21:10:09,565][__main__][INFO] - Xt traj: /home/hwjang/aipd/noahs_ark/piplines/1_diffusion/output/traj/result_40_Xt-1_traj.pdb
[2025-08-02 21:10:09,565][__main__][INFO] - X0 traj: /home/hwjang/aipd/noahs_ark/piplines/1_diffusion/output/traj/result_40_pX0_traj.pdb
[2025-08-02 21:10:09,565][__main__][INFO] - Making design output/result_41
[2025-08-02 21:10:09,565][__main__][INFO] - making design 41 of 40:48
[2025-08-02 21:10:09,565][inference.model_runners][INFO] - Using contig: ['100-130']
With this beta schedule (linear schedule, beta_0 = 0.06666666666666667, beta_T = 0.46666666666666673), alpha_bar_T = 6.0550024500116706e-05
Using cached chi_beta_T dictionary.
Done calculating chi_beta_T, chi_alphas_T, and chi_abars_T dictionaries.
[2025-08-02 21:10:10,572][inference.model_runners][INFO] - 21:10:10: Timestep 30, current sequence: ????????????????????????????????????????????????????????????????????????????????????????????????????????????????????????????????aaaaaaaaaaaaaaaaaaa
[2025-08-02 21:10:11,425][inference.model_runners][INFO] - 21:10:11: Timestep 29, current sequence: ????????????????????????????????????????????????????????????????????????????????????????????????????????????????????????????????aaaaaaaaaaaaaaaaaaa
[2025-08-02 21:10:12,243][inference.model_runners][INFO] - 21:10:12: Timestep 28, current sequence: ????????????????????????????????????????????????????????????????????????????????????????????????????????????????????????????????aaaaaaaaaaaaaaaaaaa
[2025-08-02 21:10:13,062][inference.model_runners][INFO] - 21:10:13: Timestep 27, current sequence: ????????????????????????????????????????????????????????????????????????????????????????????????????????????????????????????????aaaaaaaaaaaaaaaaaaa
[2025-08-02 21:10:13,886][inference.model_runners][INFO] - 21:10:13: Timestep 26, current sequence: ????????????????????????????????????????????????????????????????????????????????????????????????????????????????????????????????aaaaaaaaaaaaaaaaaaa
[2025-08-02 21:10:14,704][inference.model_runners][INFO] - 21:10:14: Timestep 25, current sequence: ????????????????????????????????????????????????????????????????????????????????????????????????????????????????????????????????aaaaaaaaaaaaaaaaaaa
[2025-08-02 21:10:15,540][inference.model_runners][INFO] - 21:10:15: Timestep 24, current sequence: ????????????????????????????????????????????????????????????????????????????????????????????????????????????????????????????????aaaaaaaaaaaaaaaaaaa
[2025-08-02 21:10:16,378][inference.model_runners][INFO] - 21:10:16: Timestep 23, current sequence: ????????????????????????????????????????????????????????????????????????????????????????????????????????????????????????????????aaaaaaaaaaaaaaaaaaa
[2025-08-02 21:10:17,207][inference.model_runners][INFO] - 21:10:17: Timestep 22, current sequence: ????????????????????????????????????????????????????????????????????????????????????????????????????????????????????????????????aaaaaaaaaaaaaaaaaaa
[2025-08-02 21:10:18,033][inference.model_runners][INFO] - 21:10:18: Timestep 21, current sequence: ????????????????????????G???????????????????????????????????E???????????????????????????????????????????????????????????????????aaaaaaaaaaaaaaaaaaa
[2025-08-02 21:10:18,854][inference.model_runners][INFO] - 21:10:18: Timestep 20, current sequence: ????????????????????????????????????????????????????????????E???????????????????????????????????????????????????????????????????aaaaaaaaaaaaaaaaaaa
[2025-08-02 21:10:19,676][inference.model_runners][INFO] - 21:10:19: Timestep 19, current sequence: ????????S???????????????????S???????Q??S???????????????????EE?????????????GT?E??????????????????????????????????????????????????aaaaaaaaaaaaaaaaaaa
[2025-08-02 21:10:20,511][inference.model_runners][INFO] - 21:10:20: Timestep 18, current sequence: ????????L?LE????????????LT??DG??G???G??Q??S??S??????????????E??E???E??????G?DEG?????????????????G???????????????????????????Q???aaaaaaaaaaaaaaaaaaa
[2025-08-02 21:10:21,335][inference.model_runners][INFO] - 21:10:21: Timestep 17, current sequence: ?????V????????E???G?????????SL?TGA?L???Q????SS?????????????????????E??????GSDEG??E???????????????????????????????????????E??????aaaaaaaaaaaaaaaaaaa
[2025-08-02 21:10:22,154][inference.model_runners][INFO] - 21:10:22: Timestep 16, current sequence: ?????????SLE??????K??????S??T??TT?????L????G???Q???????LE??????E???Q??????SSGTE?SG?????G???S????G?????????ELGQE??????????E??????aaaaaaaaaaaaaaaaaaa
[2025-08-02 21:10:22,988][inference.model_runners][INFO] - 21:10:22: Timestep 15, current sequence: ?????V??L?LE??????G?LE???GG??T?ST??L???????G?S?T????????E?????????????????SSGS?VQG????GG?S?L??????V??????LAELQQ??????????E??E???aaaaaaaaaaaaaaaaaaa
[2025-08-02 21:10:23,810][inference.model_runners][INFO] - 21:10:23: Timestep 14, current sequence: ?????V??L?LE??AL??GQLE???SS?TT?STE????L????GSG?T??????SLE??V???????A?LA?LLSGEQTLQTSL??GG???L??????L???????AQLQQ?????????????E???aaaaaaaaaaaaaaaaaaa
[2025-08-02 21:10:24,638][inference.model_runners][INFO] - 21:10:24: Timestep 13, current sequence: ?????L??LSEE??A???GQLE???TT??T??TE????LV???GSG????????TAE???????E????L?A?LSEE?TLQT????EG?T?L??????????????LQ?LQSAG??????A???Q???aaaaaaaaaaaaaaaaaaa
[2025-08-02 21:10:25,458][inference.model_runners][INFO] - 21:10:25: Timestep 12, current sequence: ?????L??QSEE??AL??GLLL?S?TSL?T??QE?LA?LL???GSG???S????SLE???E????????L?A?LSGG??LQS????EGLT?L???GST?L?V?E?????QQ?LG??????E???????aaaaaaaaaaaaaaaaaaa
[2025-08-02 21:10:26,282][inference.model_runners][INFO] - 21:10:26: Timestep 11, current sequence: ???LLL??QSEE???L??GLLL?S?ET??T??KQ?LQ?LL???GSG???S????SAE??AE???A????LV?SLLGGLQLQSL???EG???L?????T?L?L?E??A?SLGLQG??A???A???G???aaaaaaaaaaaaaaaaaaa
[2025-08-02 21:10:27,106][inference.model_runners][INFO] - 21:10:27: Timestep 10, current sequence: ??VL?L??KSEE??AL??KLLL?S?KS??TL?K???E??L???GGG????????SAE?LAE?L?A?LAALV??LQGGSQVQG????EG?T?L?????T?V?L?Q?????LQLLG??A?LLAL?LE???aaaaaaaaaaaaaaaaaaa
[2025-08-02 21:10:27,939][inference.model_runners][INFO] - 21:10:27: Timestep 9, current sequence: ???L?L??KSAE??AL??KLLLQS?KSL?TL?AE?LE?LEE??G?G????????SAE?LAQL?AQLLAALV?LLQEGT?LQSG???EGL??L?????GLL?L?E??A???QLLG??A?L?AL?AE???aaaaaaaaaaaaaaaaaaa
[2025-08-02 21:10:28,775][inference.model_runners][INFO] - 21:10:28: Timestep 8, current sequence: ?SLL?L??KSAE??QL??ALLLQS?KTLVTLKAQ?LE?LEE??G?G????????QAE??AQ?L??L?AALAA??QEGTSLQSVL??EGLTMV?????GLV???E??A??LGSAA??A?L?ALLAK???aaaaaaaaaaaaaaaaaaa
[2025-08-02 21:10:29,600][inference.model_runners][INFO] - 21:10:29: Timestep 7, current sequence: ??TL?L??KSAE??QLLAKLLAQSLTTVLQLKKQ??K?LEE??G?E?S??????QAEA?AA?LASL?AALAA??Q?GTSLQSQL??EGLQ?V?????GLT???E????SLGSAA??A???ALL?A???aaaaaaaaaaaaaaaaaaa
[2025-08-02 21:10:30,420][inference.model_runners][INFO] - 21:10:30: Timestep 6, current sequence: ?LTL?L??KSAEA?AAL??LL??SLTSV?QLKKA??A?L?E??G???S?????LQAE??A??LA??AA?LAA??QAGQ?GQSV???EGLV????G??G?????E??????GSAEA?A???A?LLA???aaaaaaaaaaaaaaaaaaa
[2025-08-02 21:10:31,247][inference.model_runners][INFO] - 21:10:31: Timestep 5, current sequence: ??TV?L??QSASA?AAL?K?L??S?K?L?Q??KQ??QS??A??G???????S??QAE??A??LAAL?A??AA?ASASS?GESAL??EGLS????G?GQ?????GA???SLSSAE??????AALAA???aaaaaaaaaaaaaaaaaaa
[2025-08-02 21:10:32,081][inference.model_runners][INFO] - 21:10:32: Timestep 4, current sequence: ?L?L?L?LKSAEA?A?L??SLAAS??GVL??KAQ??QA??A??G??????????QAE???S?LAAAAAALA?S?AAGS?GE??L??ESLS?V??E??G?????GA?AAA?ASRE???AA?AA?AA???aaaaaaaaaaaaaaaaaaa
[2025-08-02 21:10:32,911][inference.model_runners][INFO] - 21:10:32: Timestep 3, current sequence: ?SS?????ASAAAAA???SSLS?S?S???Q?AEAA?A???E??G???S??????QAE????????A?AA?AA??AAS??GKSAA??ES?S?V??G?SG?????AA??AA?ASAAA?AAA?AA??A???aaaaaaaaaaaaaaaaaaa
[2025-08-02 21:10:33,743][inference.model_runners][INFO] - 21:10:33: Timestep 2, current sequence: ?SS?????ASASA?S???ASASAS?KG????KAA??AA??K??K??????????EAS?A?A??AA??A??AAS?SSQ??GS?????ESVS?V?SS??Q?????SAA?AS?ASAA???S???A??A???aaaaaaaaaaaaaaaaaaa
[2025-08-02 21:10:34,586][inference.model_runners][INFO] - 21:10:34: Timestep 1, current sequence: ?SA??????SAS??AA?AAAA?AS??K????KES??AA??S??K?????S?SS?K?AQASA???A?????????ASA??SSS?A??ES?Q?S?VS?SP??A??SAA?AA?ASAS???S?SAS?SA?A?aaaaaaaaaaaaaaaaaaa
[2025-08-02 21:10:34,588][__main__][INFO] - Finished design in 0.42 minutes
[2025-08-02 21:10:35,637][__main__][INFO] - design : /home/hwjang/aipd/noahs_ark/piplines/1_diffusion/output/result_41.pdb
[2025-08-02 21:10:35,637][__main__][INFO] - Xt traj: /home/hwjang/aipd/noahs_ark/piplines/1_diffusion/output/traj/result_41_Xt-1_traj.pdb
[2025-08-02 21:10:35,637][__main__][INFO] - X0 traj: /home/hwjang/aipd/noahs_ark/piplines/1_diffusion/output/traj/result_41_pX0_traj.pdb
[2025-08-02 21:10:35,637][__main__][INFO] - Making design output/result_42
[2025-08-02 21:10:35,638][__main__][INFO] - making design 42 of 40:48
[2025-08-02 21:10:35,638][inference.model_runners][INFO] - Using contig: ['100-130']
With this beta schedule (linear schedule, beta_0 = 0.06666666666666667, beta_T = 0.46666666666666673), alpha_bar_T = 6.0550024500116706e-05
Using cached chi_beta_T dictionary.
Done calculating chi_beta_T, chi_alphas_T, and chi_abars_T dictionaries.
[2025-08-02 21:10:36,376][inference.model_runners][INFO] - 21:10:36: Timestep 30, current sequence: ??????????????????????????????????????????????????????????????????????????????????????????????????????????????????aaaaaaaaaaaaaaaaaaa
[2025-08-02 21:10:37,195][inference.model_runners][INFO] - 21:10:37: Timestep 29, current sequence: ??????????????????????????????????????????????????????????????????????????????????????????????????????????????????aaaaaaaaaaaaaaaaaaa
[2025-08-02 21:10:38,002][inference.model_runners][INFO] - 21:10:38: Timestep 28, current sequence: ??????????????????????????????????????????????????????????????????????????????????????????????????????????????????aaaaaaaaaaaaaaaaaaa
[2025-08-02 21:10:38,815][inference.model_runners][INFO] - 21:10:38: Timestep 27, current sequence: ??????????????????????????????????????????????????????????????????????????????????????????????????????????????????aaaaaaaaaaaaaaaaaaa
[2025-08-02 21:10:39,613][inference.model_runners][INFO] - 21:10:39: Timestep 26, current sequence: ??????????????????????????????????????????????????????????????????????????????????????????????????????????????????aaaaaaaaaaaaaaaaaaa
[2025-08-02 21:10:40,407][inference.model_runners][INFO] - 21:10:40: Timestep 25, current sequence: ??????????????????????????????????????????????????????????????????????????????????????????????????????????????????aaaaaaaaaaaaaaaaaaa
[2025-08-02 21:10:41,218][inference.model_runners][INFO] - 21:10:41: Timestep 24, current sequence: ??????????????????????????????????????????????????????????????????????????????????????????????????????????????????aaaaaaaaaaaaaaaaaaa
[2025-08-02 21:10:42,020][inference.model_runners][INFO] - 21:10:42: Timestep 23, current sequence: ??????????????????????????????????????????????????????????????????????????????????????????????????????????????????aaaaaaaaaaaaaaaaaaa
[2025-08-02 21:10:42,815][inference.model_runners][INFO] - 21:10:42: Timestep 22, current sequence: ??????????????????????????????????????????????????????????????????????????????????????????????????????????????????aaaaaaaaaaaaaaaaaaa
[2025-08-02 21:10:43,621][inference.model_runners][INFO] - 21:10:43: Timestep 21, current sequence: ??????????????????????????????????????????????????????????????????????????????????????????????????????????????????aaaaaaaaaaaaaaaaaaa
[2025-08-02 21:10:44,425][inference.model_runners][INFO] - 21:10:44: Timestep 20, current sequence: ???????????????????????????????????????????????????????????????E???E??????????????????????????????????????????????aaaaaaaaaaaaaaaaaaa
[2025-08-02 21:10:45,221][inference.model_runners][INFO] - 21:10:45: Timestep 19, current sequence: ????????????????????????????????????????L????S?????L????????Q??????Q?????????????????E????????????????????????????aaaaaaaaaaaaaaaaaaa
[2025-08-02 21:10:46,032][inference.model_runners][INFO] - 21:10:46: Timestep 18, current sequence: ?????G???????E?????????????E????????????????????????????????G???????????????????????????????????????????????????G?aaaaaaaaaaaaaaaaaaa
[2025-08-02 21:10:46,839][inference.model_runners][INFO] - 21:10:46: Timestep 17, current sequence: ?????EE??????E?????????G????????????????L????G?T????????????G?????????????????????????????????????????????????????aaaaaaaaaaaaaaaaaaa
[2025-08-02 21:10:47,629][inference.model_runners][INFO] - 21:10:47: Timestep 16, current sequence: ??Q??EE??E???E??L?????????S?????????????L????G?T????????????G????????????????L????GG??SG??E???????????????????????aaaaaaaaaaaaaaaaaaa
[2025-08-02 21:10:48,429][inference.model_runners][INFO] - 21:10:48: Timestep 15, current sequence: ?SQ??AE??A???E???GS??Q??????????????????L??L?G?T???LL???????G??A?????????????????????EES??E??E?LLE????????????L???aaaaaaaaaaaaaaaaaaa
[2025-08-02 21:10:49,237][inference.model_runners][INFO] - 21:10:49: Timestep 14, current sequence: ??Q??EE??A???E????S??Q?Q???????????????????L?G?T???L????????G??A???????????????LL?GQ?TEGAQE?????LE??????A?????L???aaaaaaaaaaaaaaaaaaa
[2025-08-02 21:10:50,047][inference.model_runners][INFO] - 21:10:50: Timestep 13, current sequence: ????QAE?????????L?Q??Q??????????????????L????G?TA???L???????G?TLE????????????L????G??TEG?QEL????V???????A?????L???aaaaaaaaaaaaaaaaaaa
[2025-08-02 21:10:50,853][inference.model_runners][INFO] - 21:10:50: Timestep 12, current sequence: ?????AA??????E???GL?E?????T???????????L????ALG?TA????A??????G?TLE????????????LE???G???GGAQEL????A???????A?L??LL???aaaaaaaaaaaaaaaaaaa
[2025-08-02 21:10:51,654][inference.model_runners][INFO] - 21:10:51: Timestep 11, current sequence: ?????A???A????????L?E??Q??S?????Q?????LA???LLG??A??L????????G?TLE??????E?????LE???G??TEG?QE?????AE??????A?L??LL???aaaaaaaaaaaaaaaaaaa
[2025-08-02 21:10:52,457][inference.model_runners][INFO] - 21:10:52: Timestep 10, current sequence: ?????A???A???E???A??AQ?Q?G?A??????????LE???QLQ?TA???????????G?SAE????????????LA???G??TGAAAE??E??????????AALA?LL???aaaaaaaaaaaaaaaaaaa
[2025-08-02 21:10:53,260][inference.model_runners][INFO] - 21:10:53: Timestep 9, current sequence: ?????A???A??????????AQ?Q?G?A??????????LA???Q?G?T????????????G?SAE??????E?????LA???G?SAEAAQEL?E???????A?AALLAA?L???aaaaaaaaaaaaaaaaaaa
[2025-08-02 21:10:54,066][inference.model_runners][INFO] - 21:10:54: Timestep 8, current sequence: ?????AA?AA??????????AQ?Q?G?A??????????LA?L?A?G???A???Q???A??G?SAE??QA??A?????AE???GKQAEAAAE?A?A?A??????AALLAA?L???aaaaaaaaaaaaaaaaaaa
[2025-08-02 21:10:54,873][inference.model_runners][INFO] - 21:10:54: Timestep 7, current sequence: S???QAG??????A??????AQ???G?A????Q???LLLE??SA?G???A??????????G?QAE??AQ??E?????AE???GKSAEA??E?????AAL?AA?AALLA??L???aaaaaaaaaaaaaaaaaaa
[2025-08-02 21:10:55,676][inference.model_runners][INFO] - 21:10:55: Timestep 6, current sequence: S????AA?A?A?AA???????Q?Q?G?A??A??????L?E??SA?G??A???????????G?QAE??AQ??A???A?AE??SG?SQEG??E?AE??AE??A??AA??AA?L???aaaaaaaaaaaaaaaaaaa
[2025-08-02 21:10:56,487][inference.model_runners][INFO] - 21:10:56: Timestep 5, current sequence: ?????AE?AAA??A??????AQ???G?A??AA???A?LAA??SA?G??AA??A??L????G?S?A??AA??A???A?AAAASGQSAEG?AA?AEAAAAA?A??AA??AA?L???aaaaaaaaaaaaaaaaaaa
[2025-08-02 21:10:57,296][inference.model_runners][INFO] - 21:10:57: Timestep 4, current sequence: ?????AA?AA???A???AAAAS???G??A?A????A?LA???AL?G???A??AA??????G???A??A???A?????AAA??GQSAEAAAA??EA?ASA??AAAAA?AA?L??Kaaaaaaaaaaaaaaaaaaa
[2025-08-02 21:10:58,103][inference.model_runners][INFO] - 21:10:58: Timestep 3, current sequence: ?????AA??A???A???A??AS???G?????????A???A??AS?G??????A???????G??AA??A???A???S?A?A??GQAASA?AS??AAA?SA?AAAAAA?AA?L??Kaaaaaaaaaaaaaaaaaaa
[2025-08-02 21:10:58,906][inference.model_runners][INFO] - 21:10:58: Timestep 2, current sequence: ?????AS??A???A???A??SS???G?A???AA??A???A??AS?K??????A?S?????G??AA??AS??AA?AS??A???GSAASSAASAAAAA?AA?AA??AA?AAAL??Gaaaaaaaaaaaaaaaaaaa
[2025-08-02 21:10:59,707][inference.model_runners][INFO] - 21:10:59: Timestep 1, current sequence: ????QEA??AA???SAAA??AS???G?????AA?AA??????SA?K?????AA?S?????G???AA?AA??A??AA?AAA?AA?SASS?ASAAASA?SA?AS??AA?ASAA??Gaaaaaaaaaaaaaaaaaaa
[2025-08-02 21:10:59,708][__main__][INFO] - Finished design in 0.40 minutes
[2025-08-02 21:11:00,619][__main__][INFO] - design : /home/hwjang/aipd/noahs_ark/piplines/1_diffusion/output/result_42.pdb
[2025-08-02 21:11:00,620][__main__][INFO] - Xt traj: /home/hwjang/aipd/noahs_ark/piplines/1_diffusion/output/traj/result_42_Xt-1_traj.pdb
[2025-08-02 21:11:00,620][__main__][INFO] - X0 traj: /home/hwjang/aipd/noahs_ark/piplines/1_diffusion/output/traj/result_42_pX0_traj.pdb
[2025-08-02 21:11:00,620][__main__][INFO] - Making design output/result_43
[2025-08-02 21:11:00,620][__main__][INFO] - making design 43 of 40:48
[2025-08-02 21:11:00,620][inference.model_runners][INFO] - Using contig: ['100-130']
With this beta schedule (linear schedule, beta_0 = 0.06666666666666667, beta_T = 0.46666666666666673), alpha_bar_T = 6.0550024500116706e-05
Using cached chi_beta_T dictionary.
Done calculating chi_beta_T, chi_alphas_T, and chi_abars_T dictionaries.
[2025-08-02 21:11:01,351][inference.model_runners][INFO] - 21:11:01: Timestep 30, current sequence: ?????????????????????????????????????????????????????????????????????????????????????????????????????????????????????aaaaaaaaaaaaaaaaaaa
[2025-08-02 21:11:02,184][inference.model_runners][INFO] - 21:11:02: Timestep 29, current sequence: ?????????????????????????????????????????????????????????????????????????????????????????????????????????????????????aaaaaaaaaaaaaaaaaaa
[2025-08-02 21:11:02,987][inference.model_runners][INFO] - 21:11:02: Timestep 28, current sequence: ?????????????????????????????????????????????????????????????????????????????????????????????????????????????????????aaaaaaaaaaaaaaaaaaa
[2025-08-02 21:11:03,794][inference.model_runners][INFO] - 21:11:03: Timestep 27, current sequence: ?????????????????????????????????????????????????????????????????????????????????????????????????????????????????????aaaaaaaaaaaaaaaaaaa
[2025-08-02 21:11:04,598][inference.model_runners][INFO] - 21:11:04: Timestep 26, current sequence: ?????????????????????????????????????????????????????????????????????????????????????????????????????????????????????aaaaaaaaaaaaaaaaaaa
[2025-08-02 21:11:05,414][inference.model_runners][INFO] - 21:11:05: Timestep 25, current sequence: ?????????????????????????????????????????????????????????????????????????????????????????????????????????????????????aaaaaaaaaaaaaaaaaaa
[2025-08-02 21:11:06,230][inference.model_runners][INFO] - 21:11:06: Timestep 24, current sequence: ?????????????????????????????????????????????????????????????????????????????????????????????????????????????????????aaaaaaaaaaaaaaaaaaa
[2025-08-02 21:11:07,042][inference.model_runners][INFO] - 21:11:07: Timestep 23, current sequence: ?????????????????????????????????????????????????????????????????????????????????????????????????????????????????????aaaaaaaaaaaaaaaaaaa
[2025-08-02 21:11:07,847][inference.model_runners][INFO] - 21:11:07: Timestep 22, current sequence: ?????????????????????????????????????????????????????????????????????????????????????????????????????????????????????aaaaaaaaaaaaaaaaaaa
[2025-08-02 21:11:08,663][inference.model_runners][INFO] - 21:11:08: Timestep 21, current sequence: ?????????????????????????????????????????????????????????????????????????????????????????????????????????????????????aaaaaaaaaaaaaaaaaaa
[2025-08-02 21:11:09,477][inference.model_runners][INFO] - 21:11:09: Timestep 20, current sequence: ??????????????????????????????????????????????????????????????????????????G??????????????????????????????????????????aaaaaaaaaaaaaaaaaaa
[2025-08-02 21:11:10,295][inference.model_runners][INFO] - 21:11:10: Timestep 19, current sequence: ????????????????????????????S?????????????????????????????????????????????G???????????????????E??????????????????????aaaaaaaaaaaaaaaaaaa
[2025-08-02 21:11:11,106][inference.model_runners][INFO] - 21:11:11: Timestep 18, current sequence: ????????????????????????????S??????????????????????????????????????L??L??GG??????????????E????GG??G??????????????????aaaaaaaaaaaaaaaaaaa
[2025-08-02 21:11:11,916][inference.model_runners][INFO] - 21:11:11: Timestep 17, current sequence: ????????????????G???????????S???????????????S?????????????????????????L??GG??????????A??LE?G??GG??G??????????????????aaaaaaaaaaaaaaaaaaa
[2025-08-02 21:11:12,713][inference.model_runners][INFO] - 21:11:12: Timestep 16, current sequence: ?T?????????????G????????????G?A???????L???S?S?????????????????????????????G????????????????????G??E?????????????K????aaaaaaaaaaaaaaaaaaa
[2025-08-02 21:11:13,529][inference.model_runners][INFO] - 21:11:13: Timestep 15, current sequence: ????????????????????????????T?A???????????S?GQLE????Q???A????Q??????E?????G?TA??????????LE????GG??Q?????????????K??G?aaaaaaaaaaaaaaaaaaa
[2025-08-02 21:11:14,353][inference.model_runners][INFO] - 21:11:14: Timestep 14, current sequence: ????????????????????????????G?A????????E??D?E??Q??G?????????????L???E????GG??A???????????G????GG??E?????????????K??G?aaaaaaaaaaaaaaaaaaa
[2025-08-02 21:11:15,159][inference.model_runners][INFO] - 21:11:15: Timestep 13, current sequence: ????????????????????????????G?A???????????S?E???Q?G?QQ??AA??????A??LE?????G??A????????????????GQ??E???E??????E?????G?aaaaaaaaaaaaaaaaaaa
[2025-08-02 21:11:15,965][inference.model_runners][INFO] - 21:11:15: Timestep 12, current sequence: ??????????A?????????????????GSA?Q??E??????S?E??QQ?G?QQ?QA???????????E?????G??A???A??L?Q???????GQ??E???E????LLE?????G?aaaaaaaaaaaaaaaaaaa
[2025-08-02 21:11:16,780][inference.model_runners][INFO] - 21:11:16: Timestep 11, current sequence: ?S????????LQ??????????????S?G?A????????K????E?LQ??GLQ??QAA??????????Q????????AA???QLL?E??Q????GQ??Q???E????L?Q?????G?aaaaaaaaaaaaaaaaaaa
[2025-08-02 21:11:17,581][inference.model_runners][INFO] - 21:11:17: Timestep 10, current sequence: ?S????????AQ??????????????S?G?A?Q??????K???AQ??Q??GLQ??QAA???Q??A??LE????GK??AA???QLL????QS???GA?AQ?L?E??A?LLE??Q????aaaaaaaaaaaaaaaaaaa
[2025-08-02 21:11:18,390][inference.model_runners][INFO] - 21:11:18: Timestep 9, current sequence: ?SA???????AQ???G????A?????S??TAAQ??????E??DAQ??K??GLQE?QLA???E?????LA???SGK??AAQ??QLL???LES?G?GQ?A????E??A?LL??AGK?G?aaaaaaaaaaaaaaaaaaa
[2025-08-02 21:11:19,193][inference.model_runners][INFO] - 21:11:19: Timestep 8, current sequence: ????????L?AK???G????A????L???SAAQ?AAL?L???DAQLLQ??GLAE?QA????E????L?A????GK??AA???ALL?A?LQ??G?GA?A????K??A?LLA??G??G?aaaaaaaaaaaaaaaaaaa
[2025-08-02 21:11:20,004][inference.model_runners][INFO] - 21:11:20: Timestep 7, current sequence: ??A?A??AL??K???GA????????L???SAAQ??AL?L???DAQ?????GLAE??A?Q??????A??A????GK??AAQ?AAL????LG??G?GGAAA??????A?L???????G?aaaaaaaaaaaaaaaaaaa
[2025-08-02 21:11:20,823][inference.model_runners][INFO] - 21:11:20: Timestep 6, current sequence: ????A??AS?AA??S?A??AAL?A????SSAAQ??AA?AA??EAQL????G?AE??A?A??????AL?A???SGK??AA??AAL?A??LQ??GSGG?AA??A???A??A??AA??K?aaaaaaaaaaaaaaaaaaa
[2025-08-02 21:11:21,649][inference.model_runners][INFO] - 21:11:21: Timestep 5, current sequence: ????A??AS?AA??SAA??AALAA??????AAQ??AA?LA??DAQL????G?AS??A????A????L?A??ASGQ??AA??AA?LAA??S??G?GSAA???AAL?A??A??????Q?aaaaaaaaaaaaaaaaaaa
[2025-08-02 21:11:22,456][inference.model_runners][INFO] - 21:11:22: Timestep 4, current sequence: ??A?A?AAA?AA??SGA??A??A??????EAAQA??AAA???SAAA?S??G?AS?QA?AL?AA?????AA?ASGS????SAAAAAAA??G?VSSQS?AA??AA??A??A????????aaaaaaaaaaaaaaaaaaa
[2025-08-02 21:11:23,259][inference.model_runners][INFO] - 21:11:23: Timestep 3, current sequence: ??A?A?A?S?AA??KGS??AA?AA?????EAAQ??AAAA???K?AA?S??G?AS??????????????A????GS???AS?AA??AA??G??GSES?AA??AA??AA?AAA?A??K?aaaaaaaaaaaaaaaaaaa
[2025-08-02 21:11:24,079][inference.model_runners][INFO] - 21:11:24: Timestep 2, current sequence: ??A?AAAA??A???KEA??AA??????SSSASA??AAAAA??A?AA?A??G?SS???A????A??A??A???SGS???A??AA??AA??SAASSEA??S???A?????AA?????K?aaaaaaaaaaaaaaaaaaa
[2025-08-02 21:11:24,888][inference.model_runners][INFO] - 21:11:24: Timestep 1, current sequence: ??A?A?ASA?????SEA??AA??S???KSA?AS?AAS??A??KAAA?S??G?AS???AA??A???S???A???G????S??SAA?SA?ASAASSQA?AA??AS??A??AS?????K?aaaaaaaaaaaaaaaaaaa
[2025-08-02 21:11:24,890][__main__][INFO] - Finished design in 0.40 minutes
[2025-08-02 21:11:25,831][__main__][INFO] - design : /home/hwjang/aipd/noahs_ark/piplines/1_diffusion/output/result_43.pdb
[2025-08-02 21:11:25,831][__main__][INFO] - Xt traj: /home/hwjang/aipd/noahs_ark/piplines/1_diffusion/output/traj/result_43_Xt-1_traj.pdb
[2025-08-02 21:11:25,831][__main__][INFO] - X0 traj: /home/hwjang/aipd/noahs_ark/piplines/1_diffusion/output/traj/result_43_pX0_traj.pdb
[2025-08-02 21:11:25,831][__main__][INFO] - Making design output/result_44
[2025-08-02 21:11:25,832][__main__][INFO] - making design 44 of 40:48
[2025-08-02 21:11:25,832][inference.model_runners][INFO] - Using contig: ['100-130']
With this beta schedule (linear schedule, beta_0 = 0.06666666666666667, beta_T = 0.46666666666666673), alpha_bar_T = 6.0550024500116706e-05
Using cached chi_beta_T dictionary.
Done calculating chi_beta_T, chi_alphas_T, and chi_abars_T dictionaries.
[2025-08-02 21:11:26,566][inference.model_runners][INFO] - 21:11:26: Timestep 30, current sequence: ???????????????????????????????????????????????????????????????????????????????????????????????????????aaaaaaaaaaaaaaaaaaa
[2025-08-02 21:11:27,365][inference.model_runners][INFO] - 21:11:27: Timestep 29, current sequence: ???????????????????????????????????????????????????????????????????????????????????????????????????????aaaaaaaaaaaaaaaaaaa
[2025-08-02 21:11:28,166][inference.model_runners][INFO] - 21:11:28: Timestep 28, current sequence: ???????????????????????????????????????????????????????????????????????????????????????????????????????aaaaaaaaaaaaaaaaaaa
[2025-08-02 21:11:28,967][inference.model_runners][INFO] - 21:11:28: Timestep 27, current sequence: ???????????????????????????????????????????????????????????????????????????????????????????????????????aaaaaaaaaaaaaaaaaaa
[2025-08-02 21:11:29,767][inference.model_runners][INFO] - 21:11:29: Timestep 26, current sequence: ???????????????????????????????????????????????????????????????????????????????????????????????????????aaaaaaaaaaaaaaaaaaa
[2025-08-02 21:11:30,572][inference.model_runners][INFO] - 21:11:30: Timestep 25, current sequence: ???????????????????????????????????????????????????????????????????????????????????????????????????????aaaaaaaaaaaaaaaaaaa
[2025-08-02 21:11:31,375][inference.model_runners][INFO] - 21:11:31: Timestep 24, current sequence: ???????????????????????????????????????????????????????????????????????????????????????????????????????aaaaaaaaaaaaaaaaaaa
[2025-08-02 21:11:32,177][inference.model_runners][INFO] - 21:11:32: Timestep 23, current sequence: ???????????????????????????????????????????????????????????????????????????????????????????????????????aaaaaaaaaaaaaaaaaaa
[2025-08-02 21:11:32,981][inference.model_runners][INFO] - 21:11:32: Timestep 22, current sequence: ???????????????????????????????????????????????????????????????????????????????????????????????????????aaaaaaaaaaaaaaaaaaa
[2025-08-02 21:11:33,779][inference.model_runners][INFO] - 21:11:33: Timestep 21, current sequence: ???????????????????????????????????????????????????????????????????????????????????????????????????????aaaaaaaaaaaaaaaaaaa
[2025-08-02 21:11:34,574][inference.model_runners][INFO] - 21:11:34: Timestep 20, current sequence: ???????????????????????????????????????????????????????????????????????????????????????????????????????aaaaaaaaaaaaaaaaaaa
[2025-08-02 21:11:35,360][inference.model_runners][INFO] - 21:11:35: Timestep 19, current sequence: ?????????????????????????????????????S????????????G??G????????????????????????????????????????G????????aaaaaaaaaaaaaaaaaaa
[2025-08-02 21:11:36,164][inference.model_runners][INFO] - 21:11:36: Timestep 18, current sequence: ??????E?????????????????????????????S?????????????Q??G????????????QE??????????????????G????????????????aaaaaaaaaaaaaaaaaaa
[2025-08-02 21:11:36,961][inference.model_runners][INFO] - 21:11:36: Timestep 17, current sequence: ???????????????????G????????????????S??????????E??G??G??????????G?E???E????????????????????????????LS??aaaaaaaaaaaaaaaaaaa
[2025-08-02 21:11:37,768][inference.model_runners][INFO] - 21:11:37: Timestep 16, current sequence: ??????E????????????G?SGS?G??????????SS?A???????E??K???E?????????G?E??????????????????LA?????????L??LS??aaaaaaaaaaaaaaaaaaa
[2025-08-02 21:11:38,576][inference.model_runners][INFO] - 21:11:38: Timestep 15, current sequence: ???????????????????G??G??G??????????S????????????????GE?????????G?E???A?????????????SA???A?????LL??LS??aaaaaaaaaaaaaaaaaaa
[2025-08-02 21:11:39,372][inference.model_runners][INFO] - 21:11:39: Timestep 14, current sequence: ?????????????????G?G??E?????????????G??A??????????E???G????????GLTE???A?????L???????TLA?????????L??????aaaaaaaaaaaaaaaaaaa
[2025-08-02 21:11:40,164][inference.model_runners][INFO] - 21:11:40: Timestep 13, current sequence: ????????L????????S?E??G??G???????????S?A??????????E?S?E?????????L?E???E????????????GSL????????????????Eaaaaaaaaaaaaaaaaaaa
[2025-08-02 21:11:40,960][inference.model_runners][INFO] - 21:11:40: Timestep 12, current sequence: ?????????????????S?E??G??Q????????????????????????K???Q?????????L?E???A????????????GSAA???Q???????????Eaaaaaaaaaaaaaaaaaaa
[2025-08-02 21:11:41,749][inference.model_runners][INFO] - 21:11:41: Timestep 11, current sequence: ??????A??????????G?G??G??Q????????????A????A???A??K???Q?????????L?E???A?????????????S??????????????????aaaaaaaaaaaaaaaaaaa
[2025-08-02 21:11:42,562][inference.model_runners][INFO] - 21:11:42: Timestep 10, current sequence: ???A??Q?L????????G?G??G??EL??????????SA?Q??Q??????A???QA????????Q?A???A?????????????S?A???Q??????A??S??aaaaaaaaaaaaaaaaaaa
[2025-08-02 21:11:43,359][inference.model_runners][INFO] - 21:11:43: Timestep 9, current sequence: ???A??Q??????????Q?Q??GQ?GE?????????TS??Q??E????AAA???Q?????????S?AA????????????????S?A???Q??A???A??S?Kaaaaaaaaaaaaaaaaaaa
[2025-08-02 21:11:44,147][inference.model_runners][INFO] - 21:11:44: Timestep 8, current sequence: ??EA??QA?A???A?????Q??GQ?GL?????AQ??TSA?QA?A???A??A???Q?????????GSEA???????????????GSAA???QA?A?ALA??S?Kaaaaaaaaaaaaaaaaaaa
[2025-08-02 21:11:44,929][inference.model_runners][INFO] - 21:11:44: Timestep 7, current sequence: ??EA??GA?A??????AS?Q??GQ?EL?A???AE???SA?Q??AA??A??A???Q??????SA?GSAA??????L?L??????G?AA???AA?A??LAL?V?Kaaaaaaaaaaaaaaaaaaa
[2025-08-02 21:11:45,722][inference.model_runners][INFO] - 21:11:45: Timestep 6, current sequence: ??EA?ASA?A?L?A???S?Q??GQ?E??AE?AAQ???SAAQ??AA??A??A???Q???QL?SA?SSA???????L?LAA????GSAA????A?A???AA???Kaaaaaaaaaaaaaaaaaaa
[2025-08-02 21:11:46,525][inference.model_runners][INFO] - 21:11:46: Timestep 5, current sequence: ???AAAAAAAAL?A???S?KQ?GS?EA?AE??A????S??A???A??A??E???Q???AL?AA?SSA????A??A?L??????GSAA??????AA?LEA???Kaaaaaaaaaaaaaaaaaaa
[2025-08-02 21:11:47,326][inference.model_runners][INFO] - 21:11:47: Timestep 4, current sequence: SA?AAAAAA???LAA??S?QQ?GS?EL?A???A???AS?AA??A???AS?A??AQA??AL?AA?SSAA??????A????????GSAAA??A??AAALAA?S?Kaaaaaaaaaaaaaaaaaaa
[2025-08-02 21:11:48,117][inference.model_runners][INFO] - 21:11:48: Timestep 3, current sequence: ???AAAAA?A????A??S?KQ?GSASS?AA???S???S?AA??A???ASAA??SQA??A??A??SSEA???A?AA??A??S??GS?A??????ASAAAA?S?Kaaaaaaaaaaaaaaaaaaa
[2025-08-02 21:11:48,923][inference.model_runners][INFO] - 21:11:48: Timestep 2, current sequence: S?AA?AAA?A???AA??S?KS?GSASA?AAA?KS???S??SA??A???A?AA?SQQ?AA???S?SSAA??SA?????????S?G??A??????AA?AA??K?Kaaaaaaaaaaaaaaaaaaa
[2025-08-02 21:11:49,735][inference.model_runners][INFO] - 21:11:49: Timestep 1, current sequence: SASS??AS?S???SA??S?ES?GSA?S?S???AS???S?ASA??A??AS?AA?SSA??A??AS?SSES??AA??????AS?KA?S?A???A???S?SAA?K?Kaaaaaaaaaaaaaaaaaaa
[2025-08-02 21:11:49,737][__main__][INFO] - Finished design in 0.40 minutes
[2025-08-02 21:11:50,577][__main__][INFO] - design : /home/hwjang/aipd/noahs_ark/piplines/1_diffusion/output/result_44.pdb
[2025-08-02 21:11:50,577][__main__][INFO] - Xt traj: /home/hwjang/aipd/noahs_ark/piplines/1_diffusion/output/traj/result_44_Xt-1_traj.pdb
[2025-08-02 21:11:50,577][__main__][INFO] - X0 traj: /home/hwjang/aipd/noahs_ark/piplines/1_diffusion/output/traj/result_44_pX0_traj.pdb
[2025-08-02 21:11:50,577][__main__][INFO] - Making design output/result_45
[2025-08-02 21:11:50,578][__main__][INFO] - making design 45 of 40:48
[2025-08-02 21:11:50,578][inference.model_runners][INFO] - Using contig: ['100-130']
With this beta schedule (linear schedule, beta_0 = 0.06666666666666667, beta_T = 0.46666666666666673), alpha_bar_T = 6.0550024500116706e-05
Using cached chi_beta_T dictionary.
Done calculating chi_beta_T, chi_alphas_T, and chi_abars_T dictionaries.
[2025-08-02 21:11:51,319][inference.model_runners][INFO] - 21:11:51: Timestep 30, current sequence: ??????????????????????????????????????????????????????????????????????????????????????????????????????????????????????????????aaaaaaaaaaaaaaaaaaa
[2025-08-02 21:11:52,143][inference.model_runners][INFO] - 21:11:52: Timestep 29, current sequence: ??????????????????????????????????????????????????????????????????????????????????????????????????????????????????????????????aaaaaaaaaaaaaaaaaaa
[2025-08-02 21:11:52,979][inference.model_runners][INFO] - 21:11:52: Timestep 28, current sequence: ??????????????????????????????????????????????????????????????????????????????????????????????????????????????????????????????aaaaaaaaaaaaaaaaaaa
[2025-08-02 21:11:53,806][inference.model_runners][INFO] - 21:11:53: Timestep 27, current sequence: ??????????????????????????????????????????????????????????????????????????????????????????????????????????????????????????????aaaaaaaaaaaaaaaaaaa
[2025-08-02 21:11:54,630][inference.model_runners][INFO] - 21:11:54: Timestep 26, current sequence: ??????????????????????????????????????????????????????????????????????????????????????????????????????????????????????????????aaaaaaaaaaaaaaaaaaa
[2025-08-02 21:11:55,452][inference.model_runners][INFO] - 21:11:55: Timestep 25, current sequence: ??????????????????????????????????????????????????????????????????????????????????????????????????????????????????????????????aaaaaaaaaaaaaaaaaaa
[2025-08-02 21:11:56,289][inference.model_runners][INFO] - 21:11:56: Timestep 24, current sequence: ??????????????????????????????????????????????????????????????????????????????????????????????????????????????????????????????aaaaaaaaaaaaaaaaaaa
[2025-08-02 21:11:57,109][inference.model_runners][INFO] - 21:11:57: Timestep 23, current sequence: ??????????????????????????????????????????????????????????????????????????????????????????????????????????????????????????????aaaaaaaaaaaaaaaaaaa
[2025-08-02 21:11:57,922][inference.model_runners][INFO] - 21:11:57: Timestep 22, current sequence: ??????????????????????????????????????????????????????????????????????????????????????????????????????????????????????????????aaaaaaaaaaaaaaaaaaa
[2025-08-02 21:11:58,737][inference.model_runners][INFO] - 21:11:58: Timestep 21, current sequence: ??????????????????????????????????????????????????????????????????????????????????????????????????????????????????????????????aaaaaaaaaaaaaaaaaaa
[2025-08-02 21:11:59,556][inference.model_runners][INFO] - 21:11:59: Timestep 20, current sequence: ??????????????????????????????????????????????????????????????????????????????????????????????????????????????????????????????aaaaaaaaaaaaaaaaaaa
[2025-08-02 21:12:00,405][inference.model_runners][INFO] - 21:12:00: Timestep 19, current sequence: ???????????G????????????????????????????????????????????????????????????????????????????????E?????????????????????????????????aaaaaaaaaaaaaaaaaaa
[2025-08-02 21:12:01,234][inference.model_runners][INFO] - 21:12:01: Timestep 18, current sequence: ????G??G???G?????????????????G???G???????????????????????????????????????E??????????G???????G?????E???????E????G??????????????aaaaaaaaaaaaaaaaaaa
[2025-08-02 21:12:02,063][inference.model_runners][INFO] - 21:12:02: Timestep 17, current sequence: ?G?????G??????G????G?????????EQ??????????S?GSS?G???E?????????????????E??Q???????????????????G?????????????E???????????????????aaaaaaaaaaaaaaaaaaa
[2025-08-02 21:12:02,892][inference.model_runners][INFO] - 21:12:02: Timestep 16, current sequence: ????????L????L?????G??E??????EL??????E???S??GS??S??E???L????????????SELLQE?????????????????GG??E??E???????????GG??G?????GG????aaaaaaaaaaaaaaaaaaa
[2025-08-02 21:12:03,722][inference.model_runners][INFO] - 21:12:03: Timestep 15, current sequence: ???????????????????G?LE??????L??????LE???S?S????S??E???Q????????????SSG?Q???????????????????S?????E??????????????????G??Q?????aaaaaaaaaaaaaaaaaaa
[2025-08-02 21:12:04,548][inference.model_runners][INFO] - 21:12:04: Timestep 14, current sequence: ??????????????????GG?????????A???????????SG????QS??E??????????????S?STE??????????????????????S????E???????E???Q?L???????GAE??Eaaaaaaaaaaaaaaaaaaa
[2025-08-02 21:12:05,374][inference.model_runners][INFO] - 21:12:05: Timestep 13, current sequence: ?????????????L?????G??E????L?AQ??Q???????QGS?SLQG??E?????????A??????SSE??Q?????????L??????????EG??E??L????E??????K??G????E???Eaaaaaaaaaaaaaaaaaaa
[2025-08-02 21:12:06,200][inference.model_runners][INFO] - 21:12:06: Timestep 12, current sequence: ?G???????????LL???EG??E??L???LQ??Q???????QGL???TG??Q????????LA??????TTE??E?????????V?????SG???????A???E?????????????G????E????aaaaaaaaaaaaaaaaaaa
[2025-08-02 21:12:07,031][inference.model_runners][INFO] - 21:12:07: Timestep 11, current sequence: ?G?????????A?LA???AQ??E?????LAE??Q???A???QG????QG??Q?????????A??????TSE??Q?????????A??????G???EA??A???E???????Q????SS????AG???aaaaaaaaaaaaaaaaaaa
[2025-08-02 21:12:07,856][inference.model_runners][INFO] - 21:12:07: Timestep 10, current sequence: ?G?????????A??????AQ??E?????LQE??Q???A???QGT????G??Q??A??????A??????T?E??Q??A??????A?L???GG??TAA??A??A????A???Q??KQ???????S???aaaaaaaaaaaaaaaaaaa
[2025-08-02 21:12:08,692][inference.model_runners][INFO] - 21:12:08: Timestep 9, current sequence: ?A??????L??A??????A???A??????QE?LQ???A???QGSQ???G?QQ??A??????A??LA??K?A??Q????L?AL?A??????GS?TEA??A??AEA??A??AA??KQ???Q??A???Qaaaaaaaaaaaaaaaaaaa
[2025-08-02 21:12:09,523][inference.model_runners][INFO] - 21:12:09: Timestep 8, current sequence: ?AL??L??L?AAL?????AA??R??????QAL?Q???A???QGSQ???EA??????????LA??L???K?A??QL????AALLA??????GQ?SEE??A??AAA??A???Q??K????????S??Saaaaaaaaaaaaaaaaaaa
[2025-08-02 21:12:10,358][inference.model_runners][INFO] - 21:12:10: Timestep 7, current sequence: ??L?????L??A??????AA??A??L??AG??L????A??AQGSQ???SAQQ?AA??AA??A??L???K?A??EL?A?LAA?LA???????Q?TEE??A??AAA??A???A??K??????A?L???aaaaaaaaaaaaaaaaaaa
[2025-08-02 21:12:11,187][inference.model_runners][INFO] - 21:12:11: Timestep 6, current sequence: ??L????????A?L?A??AA??A??A??AQ???A???A?LEQGLQ???SSQQ?AA?????L???L???KSA??A??A?LA??LA?????????SEE??A???A??A????A???????A???L??Saaaaaaaaaaaaaaaaaaa
[2025-08-02 21:12:12,023][inference.model_runners][INFO] - 21:12:12: Timestep 5, current sequence: ?AA?A?????AA???A??AA??A??A??LS?A?A???A?SE?G?????G?AA??A???A?LAA?AA??QSA?SEA?A?LA???AA????????EEAA?A???A??AQ??AA??A????A??????Saaaaaaaaaaaaaaaaaaa
[2025-08-02 21:12:12,850][inference.model_runners][INFO] - 21:12:12: Timestep 4, current sequence: ?R?AA??AA?AAA??A??AA??A?L???AA?A?AS??A?SE?G?????GAA???A??????AA?AA?AKSA?SS?????A?A?AAA???K?S?SEA??A???A?AAQ??AS???????A???SA??aaaaaaaaaaaaaaaaaaa
[2025-08-02 21:12:13,685][inference.model_runners][INFO] - 21:12:13: Timestep 3, current sequence: ?R?A???AA??AA??A??AA??A???A?AAAA?AS??S?AE?G?K???GSAS??A??????AA?AA?LKSQ?ASA?A?AA?AAAAA???K???EEAA?AAA?AAAAAAAAS??K????A??????Saaaaaaaaaaaaaaaaaaa
[2025-08-02 21:12:14,524][inference.model_runners][INFO] - 21:12:14: Timestep 2, current sequence: ?A?A???AA?AAA?GA?KAA??A???A?AAAA?ASA?A????G?K???SAASA?AA?????A??AA?AKSA?AAA??S????AAA?A??????KEA??AAA?S??AA?AAA??A?K??A?????ASaaaaaaaaaaaaaaaaaaa
[2025-08-02 21:12:15,348][inference.model_runners][INFO] - 21:12:15: Timestep 1, current sequence: ?AAA???AA???A??S??EA??A??AA?AAA?SAA??S??KSQ?????E?AAA?A??AS??AA??S?AKSA?AS???S?A?S?SAA???KA??KAS??ASA?AS?????AS??K?Q?SA????SLSaaaaaaaaaaaaaaaaaaa
[2025-08-02 21:12:15,350][__main__][INFO] - Finished design in 0.41 minutes
[2025-08-02 21:12:16,387][__main__][INFO] - design : /home/hwjang/aipd/noahs_ark/piplines/1_diffusion/output/result_45.pdb
[2025-08-02 21:12:16,387][__main__][INFO] - Xt traj: /home/hwjang/aipd/noahs_ark/piplines/1_diffusion/output/traj/result_45_Xt-1_traj.pdb
[2025-08-02 21:12:16,387][__main__][INFO] - X0 traj: /home/hwjang/aipd/noahs_ark/piplines/1_diffusion/output/traj/result_45_pX0_traj.pdb
[2025-08-02 21:12:16,388][__main__][INFO] - Making design output/result_46
[2025-08-02 21:12:16,388][__main__][INFO] - making design 46 of 40:48
[2025-08-02 21:12:16,388][inference.model_runners][INFO] - Using contig: ['100-130']
With this beta schedule (linear schedule, beta_0 = 0.06666666666666667, beta_T = 0.46666666666666673), alpha_bar_T = 6.0550024500116706e-05
Using cached chi_beta_T dictionary.
Done calculating chi_beta_T, chi_alphas_T, and chi_abars_T dictionaries.
[2025-08-02 21:12:17,115][inference.model_runners][INFO] - 21:12:17: Timestep 30, current sequence: ????????????????????????????????????????????????????????????????????????????????????????????????????????????????????????????????aaaaaaaaaaaaaaaaaaa
[2025-08-02 21:12:17,933][inference.model_runners][INFO] - 21:12:17: Timestep 29, current sequence: ????????????????????????????????????????????????????????????????????????????????????????????????????????????????????????????????aaaaaaaaaaaaaaaaaaa
[2025-08-02 21:12:18,771][inference.model_runners][INFO] - 21:12:18: Timestep 28, current sequence: ????????????????????????????????????????????????????????????????????????????????????????????????????????????????????????????????aaaaaaaaaaaaaaaaaaa
[2025-08-02 21:12:19,608][inference.model_runners][INFO] - 21:12:19: Timestep 27, current sequence: ????????????????????????????????????????????????????????????????????????????????????????????????????????????????????????????????aaaaaaaaaaaaaaaaaaa
[2025-08-02 21:12:20,448][inference.model_runners][INFO] - 21:12:20: Timestep 26, current sequence: ????????????????????????????????????????????????????????????????????????????????????????????????????????????????????????????????aaaaaaaaaaaaaaaaaaa
[2025-08-02 21:12:21,285][inference.model_runners][INFO] - 21:12:21: Timestep 25, current sequence: ????????????????????????????????????????????????????????????????????????????????????????????????????????????????????????????????aaaaaaaaaaaaaaaaaaa
[2025-08-02 21:12:22,112][inference.model_runners][INFO] - 21:12:22: Timestep 24, current sequence: ????????????????????????????????????????????????????????????????????????????????????????????????????????????????????????????????aaaaaaaaaaaaaaaaaaa
[2025-08-02 21:12:22,939][inference.model_runners][INFO] - 21:12:22: Timestep 23, current sequence: ????????????????????????????????????????????????????????????????????????????????????????????????????????????????????????????????aaaaaaaaaaaaaaaaaaa
[2025-08-02 21:12:23,766][inference.model_runners][INFO] - 21:12:23: Timestep 22, current sequence: ????????????????????????????????????????????????????????????????????????????????????????????????????????????????????????????????aaaaaaaaaaaaaaaaaaa
[2025-08-02 21:12:24,605][inference.model_runners][INFO] - 21:12:24: Timestep 21, current sequence: ?????????????????????????????????????????????????????S??????????????????????????????????????????????????????????????????????????aaaaaaaaaaaaaaaaaaa
[2025-08-02 21:12:25,439][inference.model_runners][INFO] - 21:12:25: Timestep 20, current sequence: ??????????????????????????????????GG??G?????????????GG???????????????????????????????G??????????????????????????????????????????aaaaaaaaaaaaaaaaaaa
[2025-08-02 21:12:26,270][inference.model_runners][INFO] - 21:12:26: Timestep 19, current sequence: ???????????????????E??????????????SG??SLQ??S????????G????????????????????????????????G????????????G?????G???????????????????????aaaaaaaaaaaaaaaaaaa
[2025-08-02 21:12:27,091][inference.model_runners][INFO] - 21:12:27: Timestep 18, current sequence: ???????????????????E??EG??????????GGEESLE??T????????SGG??????????????????????????????G???????G???????G??G??????????????S????????aaaaaaaaaaaaaaaaaaa
[2025-08-02 21:12:27,925][inference.model_runners][INFO] - 21:12:27: Timestep 17, current sequence: ???????????????????E???G????????E??LEEDL?E?Q????????Q?G?????LV???E????????A??????????G??????????????EE??G????????GS???????S?S???aaaaaaaaaaaaaaaaaaa
[2025-08-02 21:12:28,767][inference.model_runners][INFO] - 21:12:28: Timestep 16, current sequence: ???S??G????????????E?LGSAG?QL???E??LE?DEE??T?????????EG??G???????S?S??????TE?????L?K?G??????????????EG?QG??????S?SG?E?????SV????aaaaaaaaaaaaaaaaaaa
[2025-08-02 21:12:29,601][inference.model_runners][INFO] - 21:12:29: Timestep 15, current sequence: ??ES?GG????????????E?LG?SG?VL???ES?LE?SLQ??Q????????TG??PG???????G?G????Q?GE???????K?G??????????????GG??G???Q????E??E??????V??GEaaaaaaaaaaaaaaaaaaa
[2025-08-02 21:12:30,437][inference.model_runners][INFO] - 21:12:30: Timestep 14, current sequence: ???S?G?S?A?????????QA?G?SG?TL???EG?GS?DAE??T????L???TGG??G??V???TE????T?EL?E???K?LEK?G???E???????E?LQE??G?T?Q????S??Q?T?????????aaaaaaaaaaaaaaaaaaa
[2025-08-02 21:12:31,273][inference.model_runners][INFO] - 21:12:31: Timestep 13, current sequence: ?V?G?G?SGG?????L??LEA?G?SG?T????ESLEE?SAE??T??V?L???QEG?GG??????LSS???TGQLVAL?AK?LK??G????G??????Q?LQS??G?T????V?E?SE?Q?????????aaaaaaaaaaaaaaaaaaa
[2025-08-02 21:12:32,096][inference.model_runners][INFO] - 21:12:32: Timestep 12, current sequence: ?V?G?G?SEG??A?LL?LLEA?G?SG?TV??LEG?QQ?TAE??QA?VVV???TEGG?QS?V????GS????GQ?LAL?LQ?LK??G???TE??????Q?LQE??G?T?L??E?G?SE??L?L??????aaaaaaaaaaaaaaaaaaa
[2025-08-02 21:12:32,932][inference.model_runners][INFO] - 21:12:32: Timestep 11, current sequence: ???Q?G?SEA???LLAALLEA?G????TV??LEG?QS?TAE??Q??LLL???TG?G?QS?L???LQS??V??EL?EL??Q?L???G???SEG?????Q?LQGLSG???L??E?G?SG??S?L??????aaaaaaaaaaaaaaaaaaa
[2025-08-02 21:12:33,760][inference.model_runners][INFO] - 21:12:33: Timestep 10, current sequence: ???S?G??AE??A?LAAL?EL?G?SG?TV??LELLEQ?SAELLQS???L?S??E?G?QSLVL?LLLS?????E????????LL??G???SE???Q??Q?LQE?SG???L??S?G?EE?QS????????aaaaaaaaaaaaaaaaaaa
[2025-08-02 21:12:34,588][inference.model_runners][INFO] - 21:12:34: Timestep 9, current sequence: ?????G??EA?LA?LAAL?E??G?SG?TV??VGSLQS?QAG?VQ??L?LSS??E?G?QSLLL?L?G???VQAE??Q???Q?????G???SEL??QL???LQE?SGLL?L??S?G?SQ???????????aaaaaaaaaaaaaaaaaaa
[2025-08-02 21:12:35,418][inference.model_runners][INFO] - 21:12:35: Timestep 8, current sequence: ?????G??EA??A?LAAL?K??G?QG?TV??VQLLQS?TAG???S?L?LASTSE?G?QSLLL?L?Q?Q?VQ?E?????AQ?????G???AE?L?QL??QLQE?SGLV????S?G?TE?????L???G?aaaaaaaaaaaaaaaaaaa
[2025-08-02 21:12:36,254][inference.model_runners][INFO] - 21:12:36: Timestep 7, current sequence: ?????G??EA??ALLAAL?A??G?QG?TV?T?AL?ES?QAG???S?A?LS?T?E?G?QL?VLV??A?Q?VQ?E???A?AA??A??G??GAE???QL?QQ?QE?QG?L?L????G??E?????????L?aaaaaaaaaaaaaaaaaaa
[2025-08-02 21:12:37,080][inference.model_runners][INFO] - 21:12:37: Timestep 6, current sequence: ?G???G??E?L?AA?AA??A??G?QG?TV???ELL?Q?QAE????????S?T?E?G?QS?L?L?LQ????QAE??????AA????G???AE???Q??Q?LQQLQG?L?L??Q?G??Q???????????aaaaaaaaaaaaaaaaaaa
[2025-08-02 21:12:37,909][inference.model_runners][INFO] - 21:12:37: Timestep 5, current sequence: ?GQ??G??E???AA?AAL?EA?G?GQ?TV???E???S?SAE???A????S?T?K?K?QL?LL???S?Q??QAE??AALA?A??A?G?Q??SA?AQ??SA?QQLQG?V?V??K?K??E?????????L?aaaaaaaaaaaaaaaaaaa
[2025-08-02 21:12:38,739][inference.model_runners][INFO] - 21:12:38: Timestep 4, current sequence: ?????G??EA??AA?AA??AA?G?GQ?SA???A???S?S?E??QA????S???E?K?K?????V?S?S???AA??A??AAALAA?G?QA?SA??QA?SA?Q?LQG?S????K?G??E????????S??aaaaaaaaaaaaaaaaaaa
[2025-08-02 21:12:39,575][inference.model_runners][INFO] - 21:12:39: Timestep 3, current sequence: ?GAE?G??EA??AA?SAL?AA?E?GQ?S????K?L?A?SAE???G????S?Q?E?K?K???????G????QSAA?AA?AAA????E?QA?G???QA?A?VQQL?G?S?V??K?G??E????????SA?aaaaaaaaaaaaaaaaaaa
[2025-08-02 21:12:40,412][inference.model_runners][INFO] - 21:12:40: Timestep 2, current sequence: ?GA??G??EA??A??SA??SA?E?SQ????Q?K?A?A?S?AS??A????S?Q?E?K??S?SV?V??S????A???AA?AAA?S??E?QA?GSAAS??S?VQAA?G?S??????K?KQ????????AL?aaaaaaaaaaaaaaaaaaa
[2025-08-02 21:12:41,246][inference.model_runners][INFO] - 21:12:41: Timestep 1, current sequence: ?GSA?S??E???S??SA??SA?E?SS?S????S?A?S?S?A?????S??SS??K?K??S???????S???KA???A??SAA?SA?E?QA?SS?SA??SSAQAS?S?S?A????K?KA??????S??L?aaaaaaaaaaaaaaaaaaa
[2025-08-02 21:12:41,248][__main__][INFO] - Finished design in 0.41 minutes
[2025-08-02 21:12:42,302][__main__][INFO] - design : /home/hwjang/aipd/noahs_ark/piplines/1_diffusion/output/result_46.pdb
[2025-08-02 21:12:42,302][__main__][INFO] - Xt traj: /home/hwjang/aipd/noahs_ark/piplines/1_diffusion/output/traj/result_46_Xt-1_traj.pdb
[2025-08-02 21:12:42,302][__main__][INFO] - X0 traj: /home/hwjang/aipd/noahs_ark/piplines/1_diffusion/output/traj/result_46_pX0_traj.pdb
[2025-08-02 21:12:42,302][__main__][INFO] - Making design output/result_47
[2025-08-02 21:12:42,303][__main__][INFO] - making design 47 of 40:48
[2025-08-02 21:12:42,303][inference.model_runners][INFO] - Using contig: ['100-130']
With this beta schedule (linear schedule, beta_0 = 0.06666666666666667, beta_T = 0.46666666666666673), alpha_bar_T = 6.0550024500116706e-05
Using cached chi_beta_T dictionary.
Done calculating chi_beta_T, chi_alphas_T, and chi_abars_T dictionaries.
[2025-08-02 21:12:43,024][inference.model_runners][INFO] - 21:12:43: Timestep 30, current sequence: ????????????????????????????????????????????????????????????????????????????????????????????????????????????????aaaaaaaaaaaaaaaaaaa
[2025-08-02 21:12:43,815][inference.model_runners][INFO] - 21:12:43: Timestep 29, current sequence: ????????????????????????????????????????????????????????????????????????????????????????????????????????????????aaaaaaaaaaaaaaaaaaa
[2025-08-02 21:12:44,617][inference.model_runners][INFO] - 21:12:44: Timestep 28, current sequence: ????????????????????????????????????????????????????????????????????????????????????????????????????????????????aaaaaaaaaaaaaaaaaaa
[2025-08-02 21:12:45,437][inference.model_runners][INFO] - 21:12:45: Timestep 27, current sequence: ????????????????????????????????????????????????????????????????????????????????????????????????????????????????aaaaaaaaaaaaaaaaaaa
[2025-08-02 21:12:46,248][inference.model_runners][INFO] - 21:12:46: Timestep 26, current sequence: ????????????????????????????????????????????????????????????????????????????????????????????????????????????????aaaaaaaaaaaaaaaaaaa
[2025-08-02 21:12:47,048][inference.model_runners][INFO] - 21:12:47: Timestep 25, current sequence: ????????????????????????????????????????????????????????????????????????????????????????????????????????????????aaaaaaaaaaaaaaaaaaa
[2025-08-02 21:12:47,848][inference.model_runners][INFO] - 21:12:47: Timestep 24, current sequence: ????????????????????????????????????????????????????????????????????????????????????????????????????????????????aaaaaaaaaaaaaaaaaaa
[2025-08-02 21:12:48,657][inference.model_runners][INFO] - 21:12:48: Timestep 23, current sequence: ????????????????????????????????????????????????????????????????????????????????????????????????????????????????aaaaaaaaaaaaaaaaaaa
[2025-08-02 21:12:49,463][inference.model_runners][INFO] - 21:12:49: Timestep 22, current sequence: ????????????????????????????????????????????????????????????????????????????????????????????????????????????????aaaaaaaaaaaaaaaaaaa
[2025-08-02 21:12:50,261][inference.model_runners][INFO] - 21:12:50: Timestep 21, current sequence: ????????????????????????????????????????????????????????????????????????????????????????????????????????????????aaaaaaaaaaaaaaaaaaa
[2025-08-02 21:12:51,090][inference.model_runners][INFO] - 21:12:51: Timestep 20, current sequence: ????????????????????????????????????????????????????????????????????????????????????????????????????????????????aaaaaaaaaaaaaaaaaaa
[2025-08-02 21:12:51,906][inference.model_runners][INFO] - 21:12:51: Timestep 19, current sequence: ???????????????????????Q???????????????????G????????????????????????????????????????????????????????????????????aaaaaaaaaaaaaaaaaaa
[2025-08-02 21:12:52,690][inference.model_runners][INFO] - 21:12:52: Timestep 18, current sequence: ???????????????????????Q??E?????????????????D???????????????????????????????????????????????????????????????????aaaaaaaaaaaaaaaaaaa
[2025-08-02 21:12:53,491][inference.model_runners][INFO] - 21:12:53: Timestep 17, current sequence: ???????????????????????G??EE??E???E????????????Q??????????????????EE?????????????????????????????G??????????????aaaaaaaaaaaaaaaaaaa
[2025-08-02 21:12:54,293][inference.model_runners][INFO] - 21:12:54: Timestep 16, current sequence: ???????????????????????SGSEE??E???E?????LE??Q??Q??????????????????AE??????????????????????????G?????????????????aaaaaaaaaaaaaaaaaaa
[2025-08-02 21:12:55,097][inference.model_runners][INFO] - 21:12:55: Timestep 15, current sequence: ?L???????????A?????????S??TE??????E???E??E??G??Q??????????????????AG??????????????????????????G???????????????G?aaaaaaaaaaaaaaaaaaa
[2025-08-02 21:12:55,901][inference.model_runners][INFO] - 21:12:55: Timestep 14, current sequence: ??????A??A???A???????G?G??EA??Q???A???????????AQ??????????????????GE????????????????????????????????L??LS??E??G?aaaaaaaaaaaaaaaaaaa
[2025-08-02 21:12:56,711][inference.model_runners][INFO] - 21:12:56: Timestep 13, current sequence: ??????A??????A??????ES?G?TEE??Q???E???Q???????????????A???A?????S?AE??????Q???Q?????????????????????L???S?????G?aaaaaaaaaaaaaaaaaaa
[2025-08-02 21:12:57,524][inference.model_runners][INFO] - 21:12:57: Timestep 12, current sequence: ??????A??????AA?????EE?S??AE??E???A???A?????Q?A??????LA???A?????S?EE???A??A???Q?????????????????????L???SQ?K??G?aaaaaaaaaaaaaaaaaaa
[2025-08-02 21:12:58,327][inference.model_runners][INFO] - 21:12:58: Timestep 11, current sequence: ??????A??A???AA?????ES?S??AA??AA??A???Q?????Q?????????A???A???????AE???A??A?????????EG?????????????LL???SQ?Q??A?aaaaaaaaaaaaaaaaaaa
[2025-08-02 21:12:59,135][inference.model_runners][INFO] - 21:12:59: Timestep 10, current sequence: ????L?AA?????AA??A???G?Q?SAE??AE????????????S?????????A???A???????AE?A?AL?A??AE???Q?E?????A?????????LA??S?GQTTA?aaaaaaaaaaaaaaaaaaa
[2025-08-02 21:12:59,937][inference.model_runners][INFO] - 21:12:59: Timestep 9, current sequence: ???AAAAA?A???AE??A??AE?S?S?E?AAE??A??A??????S?????????????A???????A??A????AA??????Q?Q?????A????????LL???S??Q?TA?aaaaaaaaaaaaaaaaaaa
[2025-08-02 21:13:00,736][inference.model_runners][INFO] - 21:13:00: Timestep 8, current sequence: ???AAAAA?AA??AE??A???A?S?T?EQAAE??A??AA?????G???????LA???LA?????SGAE?AAA??AA?AEALAS?Q?????R??????AA?A???S??K??A?aaaaaaaaaaaaaaaaaaa
[2025-08-02 21:13:01,549][inference.model_runners][INFO] - 21:13:01: Timestep 7, current sequence: ???AAAAA?AEA?AAA?AQ??A?Q??EEQAAE??A?AAAA????G?????A?L?A??LA??LA?S?AELAAA??AA?A?A?AQ?Q?????Q??????ALLA???S?GG?TA?aaaaaaaaaaaaaaaaaaa
[2025-08-02 21:13:02,359][inference.model_runners][INFO] - 21:13:02: Timestep 6, current sequence: ??GAAAAA?AEA?AA??AQA?Q?Q??EGQ?GQAAA??AA?????G???????LAA??LA??SA?S?AELAEA?AAALAE??AQ?Q????SR???AA?A?LAA??S??G?TA?aaaaaaaaaaaaaaaaaaa
[2025-08-02 21:13:03,161][inference.model_runners][INFO] - 21:13:03: Timestep 5, current sequence: ?A?AAAAA?AAAAAAA?AAA?A?S??EAQ?A?AAA??AA?????G?AA??A???A??AA??SA?S?AEAAE??AAALAEA??S?Q?????R???A???L?AA??S??K????aaaaaaaaaaaaaaaaaaa
[2025-08-02 21:13:03,966][inference.model_runners][INFO] - 21:13:03: Timestep 4, current sequence: ?A?AAAAAAAAAAASA?SQASS?S??EAQAA?AAAS?AA??A??S?AA??A???A??AA??SA???ASAA???AAA?AEA?AS?Q???S?A???AA?A??AA??S??K????aaaaaaaaaaaaaaaaaaa
[2025-08-02 21:13:04,780][inference.model_runners][INFO] - 21:13:04: Timestep 3, current sequence: ?A?AAAASAAAA?AAA?SA?AS????EGQAAAAAAA?AA??A??S?A???AA?AA??AA??A????ASAAASAAAAAAAA?AS?Q???G?A?AAAA?A???S??S??KSPQ?aaaaaaaaaaaaaaaaaaa
[2025-08-02 21:13:05,610][inference.model_runners][INFO] - 21:13:05: Timestep 2, current sequence: ?A?AAAASA?AA?AS???SASS???K?SS?SAA?A??AA??A??S??S?AA???A?A?AAAA??S?AAAAAS?AA??SAA?AS?S???SSA?S?A??S???S??S?KKS?A?aaaaaaaaaaaaaaaaaaa
[2025-08-02 21:13:06,455][inference.model_runners][INFO] - 21:13:06: Timestep 1, current sequence: ?AASAAAA?AAA??S??SSASSA??KASQ?AS?AA??AA??SA?A??S?AAA??A??AS?ASA?SKASSAASAAA?ASAS??S?K?A?SSA?S?A?S?S??S??S?KGS?A?aaaaaaaaaaaaaaaaaaa
[2025-08-02 21:13:06,457][__main__][INFO] - Finished design in 0.40 minutes
[2025-08-02 21:13:07,410][__main__][INFO] - design : /home/hwjang/aipd/noahs_ark/piplines/1_diffusion/output/result_47.pdb
[2025-08-02 21:13:07,410][__main__][INFO] - Xt traj: /home/hwjang/aipd/noahs_ark/piplines/1_diffusion/output/traj/result_47_Xt-1_traj.pdb
[2025-08-02 21:13:07,410][__main__][INFO] - X0 traj: /home/hwjang/aipd/noahs_ark/piplines/1_diffusion/output/traj/result_47_pX0_traj.pdb

=============================================
Sat Aug 2 09:13:08 PM KST 2025
[INFO] Job finished in 217 seconds
