Sat Aug 2 09:09:31 PM KST 2025
[INFO] Job Information
=============================================
[INFO] Job Name       : rfdaa
[INFO] Job ID         : 146510
[INFO] Submit Dir     : /home/hwjang/aipd/noahs_ark/piplines/1_diffusion
[INFO] Partition      : gpu-farm
[INFO] Node List      : node27
[INFO] Nodes          : 1
[INFO] CPUs per Task  : 4
[INFO] Memory (MB)    : 
[INFO] User           : hwjang
[INFO] Work Dir       : /home/hwjang/aipd/noahs_ark/piplines/1_diffusion
[INFO] Tasks per Node : 1
[INFO] Dependency     : 
[INFO] Allocated GPUs : 0
---------------------------------------------
[INFO] Job allocated on node(s): node27
[INFO] Job running on: node27
=============================================

[2025-08-02 21:09:36,545][inference.model_runners][INFO] - Reading checkpoint from /home/hwjang/aipd/rf_diffusion_all_atom/RFDiffusionAA_paper_weights.pt
loading /home/hwjang/aipd/rf_diffusion_all_atom/RFDiffusionAA_paper_weights.pt
loaded /home/hwjang/aipd/rf_diffusion_all_atom/RFDiffusionAA_paper_weights.pt
OVERRIDING: You are changing diffuser.T from the value this model was trained with.
[2025-08-02 21:09:43,535][inference.model_runners][INFO] - Loading checkpoint.
[2025-08-02 21:09:43,674][diffusion][INFO] - Using cached IGSO3.
[2025-08-02 21:09:43,685][__main__][INFO] - Making design output/result_32
[2025-08-02 21:09:43,686][__main__][INFO] - making design 32 of 32:40
[2025-08-02 21:09:43,686][inference.model_runners][INFO] - Using contig: ['100-130']
With this beta schedule (linear schedule, beta_0 = 0.06666666666666667, beta_T = 0.46666666666666673), alpha_bar_T = 6.0550024500116706e-05
Using cached chi_beta_T dictionary.
Done calculating chi_beta_T, chi_alphas_T, and chi_abars_T dictionaries.
[2025-08-02 21:09:45,912][inference.model_runners][INFO] - 21:09:45: Timestep 30, current sequence: ??????????????????????????????????????????????????????????????????????????????????????????????????????????????????????????????aaaaaaaaaaaaaaaaaaa
[2025-08-02 21:09:46,756][inference.model_runners][INFO] - 21:09:46: Timestep 29, current sequence: ??????????????????????????????????????????????????????????????????????????????????????????????????????????????????????????????aaaaaaaaaaaaaaaaaaa
[2025-08-02 21:09:47,579][inference.model_runners][INFO] - 21:09:47: Timestep 28, current sequence: ??????????????????????????????????????????????????????????????????????????????????????????????????????????????????????????????aaaaaaaaaaaaaaaaaaa
[2025-08-02 21:09:48,402][inference.model_runners][INFO] - 21:09:48: Timestep 27, current sequence: ??????????????????????????????????????????????????????????????????????????????????????????????????????????????????????????????aaaaaaaaaaaaaaaaaaa
[2025-08-02 21:09:49,223][inference.model_runners][INFO] - 21:09:49: Timestep 26, current sequence: ??????????????????????????????????????????????????????????????????????????????????????????????????????????????????????????????aaaaaaaaaaaaaaaaaaa
[2025-08-02 21:09:50,058][inference.model_runners][INFO] - 21:09:50: Timestep 25, current sequence: ??????????????????????????????????????????????????????????????????????????????????????????????????????????????????????????????aaaaaaaaaaaaaaaaaaa
[2025-08-02 21:09:50,900][inference.model_runners][INFO] - 21:09:50: Timestep 24, current sequence: ??????????????????????????????????????????????????????????????????????????????????????????????????????????????????????????????aaaaaaaaaaaaaaaaaaa
[2025-08-02 21:09:51,736][inference.model_runners][INFO] - 21:09:51: Timestep 23, current sequence: ??????????????????????????????????????????????????????????????????????????????????????????????????????????????????????????????aaaaaaaaaaaaaaaaaaa
[2025-08-02 21:09:52,565][inference.model_runners][INFO] - 21:09:52: Timestep 22, current sequence: ??????????????????????????????????????????????????????????????????????????????????????????????????????????????????????????????aaaaaaaaaaaaaaaaaaa
[2025-08-02 21:09:53,398][inference.model_runners][INFO] - 21:09:53: Timestep 21, current sequence: ??????????????????????????????????????????????????????????????????????????????????????????????????????????????????????????????aaaaaaaaaaaaaaaaaaa
[2025-08-02 21:09:54,236][inference.model_runners][INFO] - 21:09:54: Timestep 20, current sequence: ???????????????????????????????????????????????????????????????????????????????????????????G??????????????????????????????????aaaaaaaaaaaaaaaaaaa
[2025-08-02 21:09:55,069][inference.model_runners][INFO] - 21:09:55: Timestep 19, current sequence: ?????????????????????????????????????????????????????????????????????????????????????????????????????????????????????????G????aaaaaaaaaaaaaaaaaaa
[2025-08-02 21:09:55,882][inference.model_runners][INFO] - 21:09:55: Timestep 18, current sequence: ???????G???E????????????????????????????????????????????????????G??????????????????????????GQ?????????L?E????????????????G??L?aaaaaaaaaaaaaaaaaaa
[2025-08-02 21:09:56,717][inference.model_runners][INFO] - 21:09:56: Timestep 17, current sequence: ??????GG???EE????????????????????????????????????L???????????GGS??????????E?????????LSL?G??G?G????????G?Q?????????????E??G????aaaaaaaaaaaaaaaaaaa
[2025-08-02 21:09:57,545][inference.model_runners][INFO] - 21:09:57: Timestep 16, current sequence: ??GSG?SEQ?SEE???????????????????????????????????????????L????G?????K?????????????????AL?G???SG????????LGSS????????????E??G????aaaaaaaaaaaaaaaaaaa
[2025-08-02 21:09:58,382][inference.model_runners][INFO] - 21:09:58: Timestep 15, current sequence: ??GSG?G????Q????Q??Q?L?????????????????Q???E???E?????????????G?S???S?????????????L???AL?G?S?TG???????GLGQD????????????E??G?Q??aaaaaaaaaaaaaaaaaaa
[2025-08-02 21:09:59,200][inference.model_runners][INFO] - 21:09:59: Timestep 14, current sequence: ??GTG?G?G??EE???Q????L??L?????????A??LG??T?????E??E?????L????G?SS??Q?????????????L???AL?G???GG???????????SA??L?E??????E??G?Q??aaaaaaaaaaaaaaaaaaa
[2025-08-02 21:10:00,034][inference.model_runners][INFO] - 21:10:00: Timestep 13, current sequence: ??GEL?GGQ??E????Q???????LL????A???????E??SA????E?LE??????????G?TLS??A????????????L???LL?G?Q?SG???Q???????S?????E??L???E??G?Q??aaaaaaaaaaaaaaaaaaa
[2025-08-02 21:10:00,858][inference.model_runners][INFO] - 21:10:00: Timestep 12, current sequence: ?AAAL?AE??KQ???QQ??K?????LK???A???????K??S?E??????A??????????G??LS??????????????LL????L?G?A?SG???Q??Q??G?SA?Q?LE??L??LE??G????aaaaaaaaaaaaaaaaaaa
[2025-08-02 21:10:01,691][inference.model_runners][INFO] - 21:10:01: Timestep 11, current sequence: ?A?AL?????DEE??E???K?????LQ???AE??E??LQ??SEG??????A???A??????G??LG??????????????L????LL?G?Q?SG???Q?????G????QLLE??L??LE??G????aaaaaaaaaaaaaaaaaaa
[2025-08-02 21:10:02,525][inference.model_runners][INFO] - 21:10:02: Timestep 10, current sequence: ?AAAL??K??DQE??A???A?L??LLE???AE?LE??LG??SAG???A??A???AA?????G?SLQ??????????????L??L??L?G?S?SG???QL?Q??G?S?AQ?LA??L???A??G?Q??aaaaaaaaaaaaaaaaaaa
[2025-08-02 21:10:03,348][inference.model_runners][INFO] - 21:10:03: Timestep 9, current sequence: ?AAAL??K??DAA??A??AA?L??LLQ???AE??A???G????A??????AA??AL?????G??LQ?SA???????????L??L?AL?G?S?SG???QL?E??G?SAAQ??A??L??L?????Q??aaaaaaaaaaaaaaaaaaa
[2025-08-02 21:10:04,163][inference.model_runners][INFO] - 21:10:04: Timestep 8, current sequence: A?LAALAE??DAE??Q??LQA??ALLQ???AE??A???G??S?A??????AA??AA?A???G??EG?SA??L???????????A??L?G?A?SG??AQL????S?S?A?L?A??AE?L?????G??aaaaaaaaaaaaaaaaaaa
[2025-08-02 21:10:04,989][inference.model_runners][INFO] - 21:10:04: Timestep 7, current sequence: ?ALAALAE??SAA??QA??A???ALLE???AA??A??LE??SAG??????A??AAA?A???G?SAQ?QA?????????AA???AL?A?G?Q?SGA?AQL????A?D?AQL?A???E?L???G?G??aaaaaaaaaaaaaaaaaaa
[2025-08-02 21:10:05,824][inference.model_runners][INFO] - 21:10:05: Timestep 6, current sequence: E?LALLE????AE??QA??AA??A?AS???AE??AA?LE??S?G?????AAA??AA?A???G?SES?AA???L??????A???AL?A?G?Q?SG??SQ??S??A???A???A???E???????G??aaaaaaaaaaaaaaaaaaa
[2025-08-02 21:10:06,655][inference.model_runners][INFO] - 21:10:06: Timestep 5, current sequence: E?AASAA???SAE??QA??A??EAAAE???AE??AA?LE??SAA??A?L?AA??AA?A???G?SEA?QA???L??????A????????K???EG??SQ??S??A???A?A?????A???????G??aaaaaaaaaaaaaaaaaaa
[2025-08-02 21:10:07,487][inference.model_runners][INFO] - 21:10:07: Timestep 4, current sequence: E?AAAA????SEA??AA?AAA??A?AE??SAE??AA??A??S?A??AAL?AA??AL???L?G??EE?AA?????A????????A?A??E?Q?EG??AQ??S??A?E?A???A???E???????Q??aaaaaaaaaaaaaaaaaaa
[2025-08-02 21:10:08,322][inference.model_runners][INFO] - 21:10:08: Timestep 3, current sequence: E?AAAAA???SEA??A????A?AAA?A???AA??A??AA??S?A??A???AA?AAA?S???K??AQSAA?A???A???AA?A?A?A??K????E??SQ??S??A???AS??A???S?????G?Q?Kaaaaaaaaaaaaaaaaaaa
[2025-08-02 21:10:09,175][inference.model_runners][INFO] - 21:10:09: Timestep 2, current sequence: E?AS??SAS?SAA??A??????AA??A???AA??AA?AA??S?A??A?A?S????SAS???K?EAAASA??S???AAAAAAA?A??A?K????G??SS?SS??S???????S???A??SA?G?Q??aaaaaaaaaaaaaaaaaaa
[2025-08-02 21:10:10,017][inference.model_runners][INFO] - 21:10:10: Timestep 1, current sequence: A?AA??SAA??EA??A???AA?AS??S??SSA?AAS?SSA?S?S??A???AA?????????G?KAQ?SAAAS??AA?????S?A?SA?K???SGS?AS?AA??S???AA???A?????A??G?S?Kaaaaaaaaaaaaaaaaaaa
[2025-08-02 21:10:10,019][__main__][INFO] - Finished design in 0.44 minutes
[2025-08-02 21:10:11,027][__main__][INFO] - design : /home/hwjang/aipd/noahs_ark/piplines/1_diffusion/output/result_32.pdb
[2025-08-02 21:10:11,028][__main__][INFO] - Xt traj: /home/hwjang/aipd/noahs_ark/piplines/1_diffusion/output/traj/result_32_Xt-1_traj.pdb
[2025-08-02 21:10:11,028][__main__][INFO] - X0 traj: /home/hwjang/aipd/noahs_ark/piplines/1_diffusion/output/traj/result_32_pX0_traj.pdb
[2025-08-02 21:10:11,028][__main__][INFO] - Making design output/result_33
[2025-08-02 21:10:11,028][__main__][INFO] - making design 33 of 32:40
[2025-08-02 21:10:11,028][inference.model_runners][INFO] - Using contig: ['100-130']
With this beta schedule (linear schedule, beta_0 = 0.06666666666666667, beta_T = 0.46666666666666673), alpha_bar_T = 6.0550024500116706e-05
Using cached chi_beta_T dictionary.
Done calculating chi_beta_T, chi_alphas_T, and chi_abars_T dictionaries.
[2025-08-02 21:10:11,989][inference.model_runners][INFO] - 21:10:11: Timestep 30, current sequence: ???????????????????????????????????????????????????????????????????????????????????????????????????????????????????????aaaaaaaaaaaaaaaaaaa
[2025-08-02 21:10:12,804][inference.model_runners][INFO] - 21:10:12: Timestep 29, current sequence: ???????????????????????????????????????????????????????????????????????????????????????????????????????????????????????aaaaaaaaaaaaaaaaaaa
[2025-08-02 21:10:13,623][inference.model_runners][INFO] - 21:10:13: Timestep 28, current sequence: ???????????????????????????????????????????????????????????????????????????????????????????????????????????????????????aaaaaaaaaaaaaaaaaaa
[2025-08-02 21:10:14,439][inference.model_runners][INFO] - 21:10:14: Timestep 27, current sequence: ???????????????????????????????????????????????????????????????????????????????????????????????????????????????????????aaaaaaaaaaaaaaaaaaa
[2025-08-02 21:10:15,264][inference.model_runners][INFO] - 21:10:15: Timestep 26, current sequence: ???????????????????????????????????????????????????????????????????????????????????????????????????????????????????????aaaaaaaaaaaaaaaaaaa
[2025-08-02 21:10:16,099][inference.model_runners][INFO] - 21:10:16: Timestep 25, current sequence: ???????????????????????????????????????????????????????????????????????????????????????????????????????????????????????aaaaaaaaaaaaaaaaaaa
[2025-08-02 21:10:16,928][inference.model_runners][INFO] - 21:10:16: Timestep 24, current sequence: ???????????????????????????????????????????????????????????????????????????????????????????????????????????????????????aaaaaaaaaaaaaaaaaaa
[2025-08-02 21:10:17,744][inference.model_runners][INFO] - 21:10:17: Timestep 23, current sequence: ???????????????????????????????????????????????????????????????????????????????????????????????????????????????????????aaaaaaaaaaaaaaaaaaa
[2025-08-02 21:10:18,564][inference.model_runners][INFO] - 21:10:18: Timestep 22, current sequence: ???????????????????????????????????????????????????????????????????????????????????????????????????????????????????????aaaaaaaaaaaaaaaaaaa
[2025-08-02 21:10:19,379][inference.model_runners][INFO] - 21:10:19: Timestep 21, current sequence: ???????????????????????????????????????????????????????????????????????????????????????????????????????????????????????aaaaaaaaaaaaaaaaaaa
[2025-08-02 21:10:20,203][inference.model_runners][INFO] - 21:10:20: Timestep 20, current sequence: ?????????????????????????????????G?????????????????????????????????????????????????????????????????????????????????????aaaaaaaaaaaaaaaaaaa
[2025-08-02 21:10:21,024][inference.model_runners][INFO] - 21:10:21: Timestep 19, current sequence: ???????????????????G?EE????????????????????????????????????????????????????????????????????????????????????????????E???aaaaaaaaaaaaaaaaaaa
[2025-08-02 21:10:21,845][inference.model_runners][INFO] - 21:10:21: Timestep 18, current sequence: ???G??????????????GE?SE??????????G???????????S?????S?????E??L??G????????????????????S??????????????????????????????E???aaaaaaaaaaaaaaaaaaa
[2025-08-02 21:10:22,665][inference.model_runners][INFO] - 21:10:22: Timestep 17, current sequence: ???E?L???????????QG???E???Q??G???G?????Q?L???GQS???T?????E?LLQ?G??GA????????????????Q??TA?S????TL????GSAE?????????LEQ??aaaaaaaaaaaaaaaaaaa
[2025-08-02 21:10:23,487][inference.model_runners][INFO] - 21:10:23: Timestep 16, current sequence: ?????????????????Q???GGQ?AQ??????G????G?LL??GS?S?G?T???????L?Q?G??GA????????????????S?TTL?G?????VE???GS?Q?????L???LK???aaaaaaaaaaaaaaaaaaa
[2025-08-02 21:10:24,310][inference.model_runners][INFO] - 21:10:24: Timestep 15, current sequence: ???A?????????????Q????G???Q??????G??SL?E?L???S???G?T???????L?K?G?TL?????????????????S?TT??GS????AE???GG?Q?????LKE?LK???aaaaaaaaaaaaaaaaaaa
[2025-08-02 21:10:25,130][inference.model_runners][INFO] - 21:10:25: Timestep 14, current sequence: ?????????????????Q???GGS?AQ??????G??DLA??L???S?GGQ?T?A?????LLQ?G????????????????????G?TTAGSSQ??QAE???GL?Q?????LEE?LE??Saaaaaaaaaaaaaaaaaaa
[2025-08-02 21:10:25,951][inference.model_runners][INFO] - 21:10:25: Timestep 13, current sequence: ??E????Q?????????Q???S????Q?????????SLE??E???S?GGQ?T???????LLE?G?T??????????????????G??T??GQQ??TA?????G?Q??????E??LE??Saaaaaaaaaaaaaaaaaaa
[2025-08-02 21:10:26,772][inference.model_runners][INFO] - 21:10:26: Timestep 12, current sequence: ???E?????????????A????G???Q???K??G??TAGQLQ???S?DGS?T?A??L??L?E?G?TG???L?????????????G??TGGEGQ??TA?????G?K?????????LE??Saaaaaaaaaaaaaaaaaaa
[2025-08-02 21:10:27,592][inference.model_runners][INFO] - 21:10:27: Timestep 11, current sequence: ??A??????????A???A????G?????????????S???LA???K?DGS??A???????LQ?G?TA?????????????????G?TTLEEGQ??SAG????G?K?????LEL?LE??Saaaaaaaaaaaaaaaaaaa
[2025-08-02 21:10:28,418][inference.model_runners][INFO] - 21:10:28: Timestep 10, current sequence: ?DA???????E??A???A????GQ??????E?????SEG??Q???K?G?S?Q?AQ????????G?TA??????L????????L?G?TLLSGGQ??TAE??LQ??K?LA??LEA??E???aaaaaaaaaaaaaaaaaaa
[2025-08-02 21:10:29,240][inference.model_runners][INFO] - 21:10:29: Timestep 9, current sequence: ??A???????E??A???A????GQ?A????E?????SEG?LA???G?G?G?Q??Q????????G?TAA?????L????????L?G?TLS?GGQ??TAG??AQ??K??A??LE???A??Saaaaaaaaaaaaaaaaaaa
[2025-08-02 21:10:30,056][inference.model_runners][INFO] - 21:10:30: Timestep 8, current sequence: ?DAEAA?A??E??A???A????GQ?A????????G??AGALAQ??K?S?S?????????????G?TA??????L???????AL?G?T?A?GGQ????????A??K??A??LAA??E??Saaaaaaaaaaaaaaaaaaa
[2025-08-02 21:10:30,868][inference.model_runners][INFO] - 21:10:30: Timestep 7, current sequence: ?EAE?A?A??E??AL????L??GQ????????????KAE??A???S?SG????A??????S??G?TLA???????????L????G?QLA?EGS??S?K???Q?????A??LAA?????Saaaaaaaaaaaaaaaaaaa
[2025-08-02 21:10:31,693][inference.model_runners][INFO] - 21:10:31: Timestep 6, current sequence: ?DEE??AAA?E??A???AA??QGQ?A??L?A?????KAA??A??LG???S???A?????????G?QLA?A???????????A??G???A?EGS??Q?A???Q??K??A??LA??????Saaaaaaaaaaaaaaaaaaa
[2025-08-02 21:10:32,519][inference.model_runners][INFO] - 21:10:32: Timestep 5, current sequence: ?EEG?AAAA?A??A???AA???GS?A??A?A???G??AA??A?LLG???S??????A???A??G?QAA?A??????????????G?QAS?EGS??Q?G??QA??K??AQ?AAA?????Saaaaaaaaaaaaaaaaaaa
[2025-08-02 21:10:33,346][inference.model_runners][INFO] - 21:10:33: Timestep 4, current sequence: ?DAA??AA??A??A???AA?A?GSAA??A?A???G?SAA??AA??K???S??????????AA?G?QGA?AA?????????????G?QAS?KGS??Q?ESL?A?????AS?AA??????Saaaaaaaaaaaaaaaaaaa
[2025-08-02 21:10:34,176][inference.model_runners][INFO] - 21:10:34: Timestep 3, current sequence: ?DEEA?ASA?A??A??AAA???GSAAS?A?A???G??AA??AA??A???S???AA????ASA?K?QGA?A???????A??????G?QAG?KQQ????A??AA??KA?AS?AAA?????Saaaaaaaaaaaaaaaaaaa
[2025-08-02 21:10:35,009][inference.model_runners][INFO] - 21:10:35: Timestep 2, current sequence: ?KAAA?AS??S??A??AAS??SGSAAA???A?????KAA??SA??S???S???A???AS?SA?K?QGA??????A?????????G?Q?K?KGQ??A?AA??A??KS?AS??AA?????Saaaaaaaaaaaaaaaaaaa
[2025-08-02 21:10:35,860][inference.model_runners][INFO] - 21:10:35: Timestep 1, current sequence: ?KASAAAS??AA?A?A?AA??SGSAAS?A?A?A?G?SAS??SA??A?K?S???AS?????S??K?SAA?A???????????S??G???K?K?Q????AA??AA??S?AA??A??SA??Saaaaaaaaaaaaaaaaaaa
[2025-08-02 21:10:35,862][__main__][INFO] - Finished design in 0.41 minutes
[2025-08-02 21:10:36,819][__main__][INFO] - design : /home/hwjang/aipd/noahs_ark/piplines/1_diffusion/output/result_33.pdb
[2025-08-02 21:10:36,819][__main__][INFO] - Xt traj: /home/hwjang/aipd/noahs_ark/piplines/1_diffusion/output/traj/result_33_Xt-1_traj.pdb
[2025-08-02 21:10:36,819][__main__][INFO] - X0 traj: /home/hwjang/aipd/noahs_ark/piplines/1_diffusion/output/traj/result_33_pX0_traj.pdb
[2025-08-02 21:10:36,819][__main__][INFO] - Making design output/result_34
[2025-08-02 21:10:36,819][__main__][INFO] - making design 34 of 32:40
[2025-08-02 21:10:36,820][inference.model_runners][INFO] - Using contig: ['100-130']
With this beta schedule (linear schedule, beta_0 = 0.06666666666666667, beta_T = 0.46666666666666673), alpha_bar_T = 6.0550024500116706e-05
Using cached chi_beta_T dictionary.
Done calculating chi_beta_T, chi_alphas_T, and chi_abars_T dictionaries.
[2025-08-02 21:10:37,560][inference.model_runners][INFO] - 21:10:37: Timestep 30, current sequence: ????????????????????????????????????????????????????????????????????????????????????????????????????????????????????aaaaaaaaaaaaaaaaaaa
[2025-08-02 21:10:38,376][inference.model_runners][INFO] - 21:10:38: Timestep 29, current sequence: ????????????????????????????????????????????????????????????????????????????????????????????????????????????????????aaaaaaaaaaaaaaaaaaa
[2025-08-02 21:10:39,196][inference.model_runners][INFO] - 21:10:39: Timestep 28, current sequence: ????????????????????????????????????????????????????????????????????????????????????????????????????????????????????aaaaaaaaaaaaaaaaaaa
[2025-08-02 21:10:40,005][inference.model_runners][INFO] - 21:10:40: Timestep 27, current sequence: ????????????????????????????????????????????????????????????????????????????????????????????????????????????????????aaaaaaaaaaaaaaaaaaa
[2025-08-02 21:10:40,828][inference.model_runners][INFO] - 21:10:40: Timestep 26, current sequence: ????????????????????????????????????????????????????????????????????????????????????????????????????????????????????aaaaaaaaaaaaaaaaaaa
[2025-08-02 21:10:41,645][inference.model_runners][INFO] - 21:10:41: Timestep 25, current sequence: ????????????????????????????????????????????????????????????????????????????????????????????????????????????????????aaaaaaaaaaaaaaaaaaa
[2025-08-02 21:10:42,454][inference.model_runners][INFO] - 21:10:42: Timestep 24, current sequence: ????????????????????????????????????????????????????????????????????????????????????????????????????????????????????aaaaaaaaaaaaaaaaaaa
[2025-08-02 21:10:43,274][inference.model_runners][INFO] - 21:10:43: Timestep 23, current sequence: ????????????????????????????????????????????????????????????????????????????????????????????????????????????????????aaaaaaaaaaaaaaaaaaa
[2025-08-02 21:10:44,100][inference.model_runners][INFO] - 21:10:44: Timestep 22, current sequence: ????????????????????????????????????????????????????????????????????????????????????????????????????????????????????aaaaaaaaaaaaaaaaaaa
[2025-08-02 21:10:44,911][inference.model_runners][INFO] - 21:10:44: Timestep 21, current sequence: ????????????????????????????????????????????????????????????????????????????????????????????????????????????????????aaaaaaaaaaaaaaaaaaa
[2025-08-02 21:10:45,734][inference.model_runners][INFO] - 21:10:45: Timestep 20, current sequence: ???????????????????????????????????????????????????????????????????????????????????????????????????????????E????????aaaaaaaaaaaaaaaaaaa
[2025-08-02 21:10:46,562][inference.model_runners][INFO] - 21:10:46: Timestep 19, current sequence: ?????????????????????????????????????????????????????????????????????????????????E??????????????????????????????????aaaaaaaaaaaaaaaaaaa
[2025-08-02 21:10:47,369][inference.model_runners][INFO] - 21:10:47: Timestep 18, current sequence: ???????GG???????????G?????GG????????S???????SG???????????????????????????G??E??????????????????G???E?????LE?????????aaaaaaaaaaaaaaaaaaa
[2025-08-02 21:10:48,178][inference.model_runners][INFO] - 21:10:48: Timestep 17, current sequence: ??G????G??????????????????SG?????G??E??LS???GG??????????????E?????????L??GG?E??L???????????????G???E??????????E?????aaaaaaaaaaaaaaaaaaa
[2025-08-02 21:10:48,992][inference.model_runners][INFO] - 21:10:48: Timestep 16, current sequence: ??G????EG???????????G??G????????GGG?E?????A??????????????G??E??SS?????L??GG?QG?L????????E??????G???E??G??????????S??aaaaaaaaaaaaaaaaaaa
[2025-08-02 21:10:49,823][inference.model_runners][INFO] - 21:10:49: Timestep 15, current sequence: ??G????EG?????????G?E??G??GG?G??SG????????G??G???????????G?K?G??G??A?LLQ?GGLQ?TLA???????E??????G???EL??GS????VQG?S??aaaaaaaaaaaaaaaaaaa
[2025-08-02 21:10:50,641][inference.model_runners][INFO] - 21:10:50: Timestep 14, current sequence: ??G???EE?GGG????A?L?E??GSLTG?GG?SAL????????AGK???????????S??KS??G?L?LLLS?EG???TLA???Q???E??????G???EL?Q?SLA?LLEGLQE?aaaaaaaaaaaaaaaaaaa
[2025-08-02 21:10:51,450][inference.model_runners][INFO] - 21:10:51: Timestep 13, current sequence: ??LV???EGGGG????AAL?E?LGSLEG?E??STL?AA?LQ?G??GQ??????????S??S?????L?LLLS?EG?Q?SLA???Q???E???S??????EL???SAA??LEGL???aaaaaaaaaaaaaaaaaaa
[2025-08-02 21:10:52,270][inference.model_runners][INFO] - 21:10:52: Timestep 12, current sequence: ??LV???E?G?G????AA?LLELGTLA?LL???TL??????QG??Q???QL??????????????LL???LG?GGLQ?SLA???????L??????GS?TA????SA??LLEGL?GEaaaaaaaaaaaaaaaaaaa
[2025-08-02 21:10:53,084][inference.model_runners][INFO] - 21:10:53: Timestep 11, current sequence: Q?G????E?QSS????A??LE?LGQ?ELL????A??ALL?AQG??E???AL?????ES???SL???L???LG?GGLQ?SLA???????E?????GGS?TA??Q?SA???L?GL?K?aaaaaaaaaaaaaaaaaaa
[2025-08-02 21:10:53,902][inference.model_runners][INFO] - 21:10:53: Timestep 10, current sequence: ??A???TEGQQGQ???A???E?LGQ?ELL????SL?AE??AQG??E???AL?????EGLS?S????L???LG?GGLQ?SLA???????E?????KGS?SA?G??TAAQ?L?GL?K?aaaaaaaaaaaaaaaaaaa
[2025-08-02 21:10:54,727][inference.model_runners][INFO] - 21:10:54: Timestep 9, current sequence: S?????VESQQSQ???A??LLASGQ?EL?????AAL?A??A?G??A???????Q??E?LS??????L???LG?GG?Q??LA???????A??????GS??A?GQ?TLAQL?E???K?aaaaaaaaaaaaaaaaaaa
[2025-08-02 21:10:55,541][inference.model_runners][INFO] - 21:10:55: Timestep 8, current sequence: ??Q????K?QKSQ???AALLL?SG?L?L?????GALAL?LA?G??A??L????SL???L???????L???LQ?EG?Q?QAAS???A??A??????G???A?GQ?TLAA?AE?????aaaaaaaaaaaaaaaaaaa
[2025-08-02 21:10:56,369][inference.model_runners][INFO] - 21:10:56: Timestep 7, current sequence: S??????K?AQ?Q?A??A??LA?GSLALL????GA??L?LA?G?AA???A???S?AA??K?S????L???LA?SSLQ?QAAS??AA??AA?AG??G???S??Q?SLAQLLEA??E?aaaaaaaaaaaaaaaaaaa
[2025-08-02 21:10:57,190][inference.model_runners][INFO] - 21:10:57: Timestep 6, current sequence: E?E????KSQ??Q?A?????A?SG?A???????G??AA????G?AQ???A???S?AA??S?G??S?L???LE?SSLQ?Q?AA??AA?AAA?????GS??EA?Q?SASELA?S??E?aaaaaaaaaaaaaaaaaaa
[2025-08-02 21:10:58,013][inference.model_runners][INFO] - 21:10:58: Timestep 5, current sequence: E?EV???KSE??Q???AA??A?AGSAA?LQ???G???A???QGQASA??A???S?AA??S???A????Q?LA?GSVQ?Q?AA??AA?AAA?KS??G???E??Q?QASALAA???E?aaaaaaaaaaaaaaaaaaa
[2025-08-02 21:10:58,829][inference.model_runners][INFO] - 21:10:58: Timestep 4, current sequence: ??Q????KSE??Q????A?????GSA?A?????G???A???QGQAAA??????S?AA??A?S??SA?A???A?GSVQ?QGAA??AA??SL??SLSGQ??E??Q?SASALAAS??E?aaaaaaaaaaaaaaaaaaa
[2025-08-02 21:10:59,640][inference.model_runners][INFO] - 21:10:59: Timestep 3, current sequence: ?SQ?Q??KSE??Q?A?AA??A??GSAS??S???GA?SA???SGQASA??AA??A?AA??S?S?ASA?A???S?SSVS?QLAA??A??AS??AS?KGQ??EA?A?QLSA?AA?L?E?aaaaaaaaaaaaaaaaaaa
[2025-08-02 21:11:00,491][inference.model_runners][INFO] - 21:11:00: Timestep 2, current sequence: EAQ?Q??KSEA?Q???AA?????G?A???S????A?SA????GS?AAASAA?AA?AAS?S???ASA?A???A?EA?A???AA??AA?AAA??S??????KA?S?AASAAAS?A???aaaaaaaaaaaaaaaaaaa
[2025-08-02 21:11:01,316][inference.model_runners][INFO] - 21:11:01: Timestep 1, current sequence: ESQS???KSE??Q???AA????SASASA?S???GA?SA??S?ESAAA?AAA?AS??AS?K???SS??AA?SA?ES?S???A???S???S?A?S??G???KA?S?A?SS?AS?A???aaaaaaaaaaaaaaaaaaa
[2025-08-02 21:11:01,317][__main__][INFO] - Finished design in 0.41 minutes
[2025-08-02 21:11:02,274][__main__][INFO] - design : /home/hwjang/aipd/noahs_ark/piplines/1_diffusion/output/result_34.pdb
[2025-08-02 21:11:02,274][__main__][INFO] - Xt traj: /home/hwjang/aipd/noahs_ark/piplines/1_diffusion/output/traj/result_34_Xt-1_traj.pdb
[2025-08-02 21:11:02,275][__main__][INFO] - X0 traj: /home/hwjang/aipd/noahs_ark/piplines/1_diffusion/output/traj/result_34_pX0_traj.pdb
[2025-08-02 21:11:02,275][__main__][INFO] - Making design output/result_35
[2025-08-02 21:11:02,275][__main__][INFO] - making design 35 of 32:40
[2025-08-02 21:11:02,275][inference.model_runners][INFO] - Using contig: ['100-130']
With this beta schedule (linear schedule, beta_0 = 0.06666666666666667, beta_T = 0.46666666666666673), alpha_bar_T = 6.0550024500116706e-05
Using cached chi_beta_T dictionary.
Done calculating chi_beta_T, chi_alphas_T, and chi_abars_T dictionaries.
[2025-08-02 21:11:03,007][inference.model_runners][INFO] - 21:11:03: Timestep 30, current sequence: ???????????????????????????????????????????????????????????????????????????????????????????????????????????????????????????????aaaaaaaaaaaaaaaaaaa
[2025-08-02 21:11:03,831][inference.model_runners][INFO] - 21:11:03: Timestep 29, current sequence: ???????????????????????????????????????????????????????????????????????????????????????????????????????????????????????????????aaaaaaaaaaaaaaaaaaa
[2025-08-02 21:11:04,666][inference.model_runners][INFO] - 21:11:04: Timestep 28, current sequence: ???????????????????????????????????????????????????????????????????????????????????????????????????????????????????????????????aaaaaaaaaaaaaaaaaaa
[2025-08-02 21:11:05,501][inference.model_runners][INFO] - 21:11:05: Timestep 27, current sequence: ???????????????????????????????????????????????????????????????????????????????????????????????????????????????????????????????aaaaaaaaaaaaaaaaaaa
[2025-08-02 21:11:06,336][inference.model_runners][INFO] - 21:11:06: Timestep 26, current sequence: ???????????????????????????????????????????????????????????????????????????????????????????????????????????????????????????????aaaaaaaaaaaaaaaaaaa
[2025-08-02 21:11:07,173][inference.model_runners][INFO] - 21:11:07: Timestep 25, current sequence: ???????????????????????????????????????????????????????????????????????????????????????????????????????????????????????????????aaaaaaaaaaaaaaaaaaa
[2025-08-02 21:11:08,006][inference.model_runners][INFO] - 21:11:08: Timestep 24, current sequence: ???????????????????????????????????????????????????????????????????????????????????????????????????????????????????????????????aaaaaaaaaaaaaaaaaaa
[2025-08-02 21:11:08,842][inference.model_runners][INFO] - 21:11:08: Timestep 23, current sequence: ???????????????????????????????????????????????????????????????????????????????????????????????????????????????????????????????aaaaaaaaaaaaaaaaaaa
[2025-08-02 21:11:09,678][inference.model_runners][INFO] - 21:11:09: Timestep 22, current sequence: ???????????????????????????????????????????????????????????????????????????????????????????????????????????????????????????????aaaaaaaaaaaaaaaaaaa
[2025-08-02 21:11:10,519][inference.model_runners][INFO] - 21:11:10: Timestep 21, current sequence: ???????????????????????????????????????????????????????????????????????????????????????????????????????????????????????????????aaaaaaaaaaaaaaaaaaa
[2025-08-02 21:11:11,362][inference.model_runners][INFO] - 21:11:11: Timestep 20, current sequence: ???????????????????????????????????????????????????????????????????????????????????????????????????????????????????????????????aaaaaaaaaaaaaaaaaaa
[2025-08-02 21:11:12,202][inference.model_runners][INFO] - 21:11:12: Timestep 19, current sequence: ???????????????????????????????????G?????????????????????????????????E??????????????????????????????????????????E??????????????aaaaaaaaaaaaaaaaaaa
[2025-08-02 21:11:13,032][inference.model_runners][INFO] - 21:11:13: Timestep 18, current sequence: ??????????????????????????????????TE???E???????????????E????????G????E?????????????????G????????????????G???????E??????????????aaaaaaaaaaaaaaaaaaa
[2025-08-02 21:11:13,886][inference.model_runners][INFO] - 21:11:13: Timestep 17, current sequence: ????????????????????????????????G????????????????GEG???E???????GG?Q??E??????????G????S??????????????????G???????E??????????????aaaaaaaaaaaaaaaaaaa
[2025-08-02 21:11:14,724][inference.model_runners][INFO] - 21:11:14: Timestep 16, current sequence: ???????GE????????????E???????G??G??????E??L??G???LTG??????E????GQLQ?E?E??E??????K????S???????????GG?????G???????E???????????Q??aaaaaaaaaaaaaaaaaaa
[2025-08-02 21:11:15,556][inference.model_runners][INFO] - 21:11:15: Timestep 15, current sequence: ???TSL?Q???A??E??????K??GE??????E?LLL??QA?LQSGG??L????????QL??SGGLQ?SEE??T???E???R???GGG??G?????GGG????????????GE??????Q????S??aaaaaaaaaaaaaaaaaaa
[2025-08-02 21:11:16,393][inference.model_runners][INFO] - 21:11:16: Timestep 14, current sequence: S??TEG?????A?LQ??Q???K??AE??????QLL?E?AE?LLQ?G???A????????QLLQSGQLQ?EE??L????E??????G?GG??G???LSGGGG??S????????AE??????A????S??aaaaaaaaaaaaaaaaaaa
[2025-08-02 21:11:17,224][inference.model_runners][INFO] - 21:11:17: Timestep 13, current sequence: ???TEG????E???Q??????A??QG?????G??LLL?AQA?L??G????????????QLLQ?GGLQ?TA???????L???????G???????QL?G?G???Q?????????E??AE?LA???GQ??aaaaaaaaaaaaaaaaaaa
[2025-08-02 21:11:18,057][inference.model_runners][INFO] - 21:11:18: Timestep 12, current sequence: ??MT?Q????E??????????A??QG?????????L???Q?LL??G?????????L??A?LL?GGLQ?TAE?L???LL???????GG????L?TL?K?S??GG?????E???E??AE?LA?LLGT??aaaaaaaaaaaaaaaaaaa
[2025-08-02 21:11:18,896][inference.model_runners][INFO] - 21:11:18: Timestep 11, current sequence: ???Q?Q????????Q?????LA??QE???SGGQ??A??AQ??G????????????L??A?LL?EGLQ?TAE?LE???????????G????T??QL?K?G??GG???L?E???A??A??LAQSLTT??aaaaaaaaaaaaaaaaaaa
[2025-08-02 21:11:19,734][inference.model_runners][INFO] - 21:11:19: Timestep 10, current sequence: ???Q?Q????E???Q??????A?AQE????G?E??A???Q??L??K?????????L??A??L?EG?Q?TAE??A???????????S????TLASL?K?G??GG?T???E??AE??AQ?LL????T??aaaaaaaaaaaaaaaaaaa
[2025-08-02 21:11:20,570][inference.model_runners][INFO] - 21:11:20: Timestep 9, current sequence: E??QGQ?Q?LE???Q??????A?AQE????G?E??A???QL?L?????S??????LL?A?LA?EE?Q?TAE?LA???????????S?????LASA?G?G?AEG?S???EA??E???QLLAAS?SQ??aaaaaaaaaaaaaaaaaaa
[2025-08-02 21:11:21,417][inference.model_runners][INFO] - 21:11:21: Timestep 8, current sequence: ???TPQ?Q??E???QL?A??LA??QE?????G????L??AL?L??E?????????AL?A??L?EG?Q?TAQ?LA???S??????GG?A???LA???K?G?LEG?????EA?AE????LL?ASL?Q??aaaaaaaaaaaaaaaaaaa
[2025-08-02 21:11:22,252][inference.model_runners][INFO] - 21:11:22: Timestep 7, current sequence: ???TPQ?Q?LA???Q???A??AA?QE??????Q??A???AL?L??G???????????LA??L?EG?Q??A??LA???S??A????GT?AL?LA???K?GSLEG?????EA?AAA?A?LL??SL????aaaaaaaaaaaaaaaaaaa
[2025-08-02 21:11:23,079][inference.model_runners][INFO] - 21:11:23: Timestep 6, current sequence: E??TPQ?Q?LEA??Q??AA?LAA?QE?????GQ??A??AAA?L??E??S????AA??LA??A?EA?Q?SA???A???S???????G?AAAL?A???G?GQAEG?????EA??AA?A??L??SSS???aaaaaaaaaaaaaaaaaaa
[2025-08-02 21:11:23,914][inference.model_runners][INFO] - 21:11:23: Timestep 5, current sequence: E?LTPQ?Q??EG??Q???A?LAA?QS?????LSAAA?L?AA????G??S??????A?AAA?LSEE???QA???A???S???????G?AAAA?A???K?GQAEG?S???EA?AAALAK???A?S????aaaaaaaaaaaaaaaaaaa
[2025-08-02 21:11:24,757][inference.model_runners][INFO] - 21:11:24: Timestep 4, current sequence: E??TPQQ???AA??A???A???SAQSS????L?AAA??A??????G??S???AAA??LAA?SSAE???KEA??AA??A???????G?A?ALLA???K?GSQES?S???EA??SALAKA?A?LS????aaaaaaaaaaaaaaaaaaa
[2025-08-02 21:11:25,609][inference.model_runners][INFO] - 21:11:25: Timestep 3, current sequence: E?LTPSA?VSAA??SA?AA?A?SAASS????ASA?A??AAA?K??K??S??AAAA?AAAA?A?EA?Q??EA??AA?AA???????GTAAAA?A???KSEQAEG?S???ESAASAAAA?AAS?SS???aaaaaaaaaaaaaaaaaaa
[2025-08-02 21:11:26,459][inference.model_runners][INFO] - 21:11:26: Timestep 2, current sequence: E??QESA??AQ???AA??AA?ASAASS????ASAAAAAAAS?A??K??SA?S??????AS?A?EG?Q?KEA??A??ASA?S????GTAAAA?A???KSQSASQVS???ESAASA?????AA?SSK??aaaaaaaaaaaaaaaaaaa
[2025-08-02 21:11:27,295][inference.model_runners][INFO] - 21:11:27: Timestep 1, current sequence: ???QESA??AAAA?S???S?ASAA?AS??SASSA?AA?ASA????K??AA?S?????A?A?ASAS?Q?KEA??A??????SA???STASAA?AAA?KSESASSVS????G?AS??ASA?SAASSK??aaaaaaaaaaaaaaaaaaa
[2025-08-02 21:11:27,297][__main__][INFO] - Finished design in 0.42 minutes
[2025-08-02 21:11:28,339][__main__][INFO] - design : /home/hwjang/aipd/noahs_ark/piplines/1_diffusion/output/result_35.pdb
[2025-08-02 21:11:28,339][__main__][INFO] - Xt traj: /home/hwjang/aipd/noahs_ark/piplines/1_diffusion/output/traj/result_35_Xt-1_traj.pdb
[2025-08-02 21:11:28,339][__main__][INFO] - X0 traj: /home/hwjang/aipd/noahs_ark/piplines/1_diffusion/output/traj/result_35_pX0_traj.pdb
[2025-08-02 21:11:28,340][__main__][INFO] - Making design output/result_36
[2025-08-02 21:11:28,340][__main__][INFO] - making design 36 of 32:40
[2025-08-02 21:11:28,340][inference.model_runners][INFO] - Using contig: ['100-130']
With this beta schedule (linear schedule, beta_0 = 0.06666666666666667, beta_T = 0.46666666666666673), alpha_bar_T = 6.0550024500116706e-05
Using cached chi_beta_T dictionary.
Done calculating chi_beta_T, chi_alphas_T, and chi_abars_T dictionaries.
[2025-08-02 21:11:29,074][inference.model_runners][INFO] - 21:11:29: Timestep 30, current sequence: ??????????????????????????????????????????????????????????????????????????????????????????????????????????????aaaaaaaaaaaaaaaaaaa
[2025-08-02 21:11:29,884][inference.model_runners][INFO] - 21:11:29: Timestep 29, current sequence: ??????????????????????????????????????????????????????????????????????????????????????????????????????????????aaaaaaaaaaaaaaaaaaa
[2025-08-02 21:11:30,703][inference.model_runners][INFO] - 21:11:30: Timestep 28, current sequence: ??????????????????????????????????????????????????????????????????????????????????????????????????????????????aaaaaaaaaaaaaaaaaaa
[2025-08-02 21:11:31,518][inference.model_runners][INFO] - 21:11:31: Timestep 27, current sequence: ??????????????????????????????????????????????????????????????????????????????????????????????????????????????aaaaaaaaaaaaaaaaaaa
[2025-08-02 21:11:32,333][inference.model_runners][INFO] - 21:11:32: Timestep 26, current sequence: ??????????????????????????????????????????????????????????????????????????????????????????????????????????????aaaaaaaaaaaaaaaaaaa
[2025-08-02 21:11:33,151][inference.model_runners][INFO] - 21:11:33: Timestep 25, current sequence: ??????????????????????????????????????????????????????????????????????????????????????????????????????????????aaaaaaaaaaaaaaaaaaa
[2025-08-02 21:11:33,965][inference.model_runners][INFO] - 21:11:33: Timestep 24, current sequence: ??????????????????????????????????????????????????????????????????????????????????????????????????????????????aaaaaaaaaaaaaaaaaaa
[2025-08-02 21:11:34,765][inference.model_runners][INFO] - 21:11:34: Timestep 23, current sequence: ??????????????????????????????????????????????????????????????????????????????????????????????????????????????aaaaaaaaaaaaaaaaaaa
[2025-08-02 21:11:35,571][inference.model_runners][INFO] - 21:11:35: Timestep 22, current sequence: ??????????????????????????????????????????????????????????????????????????????????????????????????????????????aaaaaaaaaaaaaaaaaaa
[2025-08-02 21:11:36,385][inference.model_runners][INFO] - 21:11:36: Timestep 21, current sequence: ??????????????????????????????????????????????????????????????????????????????????????????????????????????????aaaaaaaaaaaaaaaaaaa
[2025-08-02 21:11:37,198][inference.model_runners][INFO] - 21:11:37: Timestep 20, current sequence: ?????????????????G????????????????????????????????????G???????????????????????????????????????????????????????aaaaaaaaaaaaaaaaaaa
[2025-08-02 21:11:38,020][inference.model_runners][INFO] - 21:11:38: Timestep 19, current sequence: ?????????GG???????????????????????G?S?????S?S???????????L??E?????????????????????????????????E??????????GG????aaaaaaaaaaaaaaaaaaa
[2025-08-02 21:11:38,844][inference.model_runners][INFO] - 21:11:38: Timestep 18, current sequence: ??????????????E?????????????????????S???????SGQ????????????E????????????G?????????S?T???????????????????????E?aaaaaaaaaaaaaaaaaaa
[2025-08-02 21:11:39,658][inference.model_runners][INFO] - 21:11:39: Timestep 17, current sequence: ?????????????EE?????????????????????????????TEE?????????????????????????G?????????S??????????????????E?L????E?aaaaaaaaaaaaaaaaaaa
[2025-08-02 21:11:40,461][inference.model_runners][INFO] - 21:11:40: Timestep 16, current sequence: ?????????SLS?EQ????????????????G?GG???????V???T?????TLV????E???E????????G???????????T???A????????????E?L??L?EEaaaaaaaaaaaaaaaaaaa
[2025-08-02 21:11:41,272][inference.model_runners][INFO] - 21:11:41: Timestep 15, current sequence: ?????V?V?SLQSE???G??????QL?????G??G?Q???V?T?T?GSP??TT?V????E????????L????????????????????????Q???????E?L????K?aaaaaaaaaaaaaaaaaaa
[2025-08-02 21:11:42,082][inference.model_runners][INFO] - 21:11:42: Timestep 14, current sequence: ?????V?Q?VLQSGA??E????LLQL???L?G?GG?????Q?T?T?GS???LT?L???TE???Q????L???G???S???????????A????Q???????Q?LA???K?aaaaaaaaaaaaaaaaaaa
[2025-08-02 21:11:42,904][inference.model_runners][INFO] - 21:11:42: Timestep 13, current sequence: ???V?V?V?SLQSGA??E?????LELLLE??G????????Q?T?T?QSGT?LVLV?V?TE???Q???EL???G???G????????????G??QQ?Q????AQ?LQQ??Q?aaaaaaaaaaaaaaaaaaa
[2025-08-02 21:11:43,710][inference.model_runners][INFO] - 21:11:43: Timestep 12, current sequence: ?????V???TLQSGE??E???ALLE?LLA??SEG??????Q?S?SEE??T?LTLVL??TE???E???EL??QG???S??????????TAQ??QG?Q?????Q?LAQ?LK?aaaaaaaaaaaaaaaaaaa
[2025-08-02 21:11:44,510][inference.model_runners][INFO] - 21:11:44: Timestep 11, current sequence: ?????V???QLQSEA??E??ALL?E?LA?L?S?G??????V?S?TEESA??LVLV???TEE??Q???EL???G???S?S?G??????SAQ??QG?Q?????Q?LAQ??K?aaaaaaaaaaaaaaaaaaa
[2025-08-02 21:11:45,328][inference.model_runners][INFO] - 21:11:45: Timestep 10, current sequence: ???V?V???QLQDEE??E??A??L?????L?S????????V?S?TEE?A??L??L???TE???A?L?EL??QGQ??S?S????????SAQ??QG?Q?E???Q?LAQ??K?aaaaaaaaaaaaaaaaaaa
[2025-08-02 21:11:46,142][inference.model_runners][INFO] - 21:11:46: Timestep 9, current sequence: S??V?V???QLQDQE?????A???A?L????S?GK?????T?S?TPE?G??L??V?V?TE???Q??LEL???G???Q?S??G?????SAE??QQ?Q?E??????AQ??K?aaaaaaaaaaaaaaaaaaa
[2025-08-02 21:11:46,967][inference.model_runners][INFO] - 21:11:46: Timestep 8, current sequence: S??V?V??LQ?QSEA??E??A??LA?L??L?SEGQ?????Q?Q?SAE????ST?V?Q?TE???Q???ELL?QGQ??Q?S??G?????SAE??QQ??AE?????LAQ??K?aaaaaaaaaaaaaaaaaaa
[2025-08-02 21:11:47,774][inference.model_runners][INFO] - 21:11:47: Timestep 7, current sequence: ?V?V?????TLQSQQ??Q??AQLLE?L?AA?SEG?L??T?V?Q?SA????????L?Q?SE???Q?L?ALL??G???Q?Q??S?????SAE??QQ??AE??AQ?L?Q??K?aaaaaaaaaaaaaaaaaaa
[2025-08-02 21:11:48,585][inference.model_runners][INFO] - 21:11:48: Timestep 6, current sequence: SV?V?????Q?QSQQ?AA??A?LLA?L??A?STG????T?T?Q??AE??A?LT?V???SEE??AL??AL??QGQ??Q?Q???S?????AG??QQ??AE??AR??AQ??K?aaaaaaaaaaaaaaaaaaa
[2025-08-02 21:11:49,417][inference.model_runners][INFO] - 21:11:49: Timestep 5, current sequence: SVQV?????Q?QSQA?AAL?AA?LAAL??L?S?G?LS?S?Q?S??AE????L??V???SEE??SLL?AL?K?GQ??Q?Q??????Q?QAQ?AAQ??AE??AS?LAQ??K?aaaaaaaaaaaaaaaaaaa
[2025-08-02 21:11:50,249][inference.model_runners][INFO] - 21:11:50: Timestep 4, current sequence: ??LQ?????S??SEA?AA??A???AA?A?A?S?G??S?S?S?S?EEE?E?????????SEE??K???S??KQG???Q?S?G????Q??AEAAAQ??AAA?AS?AAQ??K?aaaaaaaaaaaaaaaaaaa
[2025-08-02 21:11:51,069][inference.model_runners][INFO] - 21:11:51: Timestep 3, current sequence: S?SQ???Q?Q??SEAAAA??AA?AAA?A?S?S?G??S???S?S?SEE???????????SAA??A???S???QG???Q???G????????Q?AAQ??AA??AS??AA??G?aaaaaaaaaaaaaaaaaaa
[2025-08-02 21:11:51,892][inference.model_runners][INFO] - 21:11:51: Timestep 2, current sequence: S?TV?????Q???AA?AA??A??????ASA?K?G??S?S?S?S?SES???????????SE???AA?AA??A?G???G?Q?G??????KASA?AQ??AES?AS??AA??K?aaaaaaaaaaaaaaaaaaa
[2025-08-02 21:11:52,706][inference.model_runners][INFO] - 21:11:52: Timestep 1, current sequence: ??SAS????A??SQA?SAS?S???????SA?K?G??S?S?S?S?S?S??A??S???S?SES?AAA??A???SG???S?Q?G???????ASA?AA???ES??S??A???G?aaaaaaaaaaaaaaaaaaa
[2025-08-02 21:11:52,707][__main__][INFO] - Finished design in 0.41 minutes
[2025-08-02 21:11:53,601][__main__][INFO] - design : /home/hwjang/aipd/noahs_ark/piplines/1_diffusion/output/result_36.pdb
[2025-08-02 21:11:53,601][__main__][INFO] - Xt traj: /home/hwjang/aipd/noahs_ark/piplines/1_diffusion/output/traj/result_36_Xt-1_traj.pdb
[2025-08-02 21:11:53,601][__main__][INFO] - X0 traj: /home/hwjang/aipd/noahs_ark/piplines/1_diffusion/output/traj/result_36_pX0_traj.pdb
[2025-08-02 21:11:53,602][__main__][INFO] - Making design output/result_37
[2025-08-02 21:11:53,602][__main__][INFO] - making design 37 of 32:40
[2025-08-02 21:11:53,602][inference.model_runners][INFO] - Using contig: ['100-130']
With this beta schedule (linear schedule, beta_0 = 0.06666666666666667, beta_T = 0.46666666666666673), alpha_bar_T = 6.0550024500116706e-05
Using cached chi_beta_T dictionary.
Done calculating chi_beta_T, chi_alphas_T, and chi_abars_T dictionaries.
[2025-08-02 21:11:54,347][inference.model_runners][INFO] - 21:11:54: Timestep 30, current sequence: ??????????????????????????????????????????????????????????????????????????????????????????????????????????????????????????????????aaaaaaaaaaaaaaaaaaa
[2025-08-02 21:11:55,184][inference.model_runners][INFO] - 21:11:55: Timestep 29, current sequence: ??????????????????????????????????????????????????????????????????????????????????????????????????????????????????????????????????aaaaaaaaaaaaaaaaaaa
[2025-08-02 21:11:56,037][inference.model_runners][INFO] - 21:11:56: Timestep 28, current sequence: ??????????????????????????????????????????????????????????????????????????????????????????????????????????????????????????????????aaaaaaaaaaaaaaaaaaa
[2025-08-02 21:11:56,881][inference.model_runners][INFO] - 21:11:56: Timestep 27, current sequence: ??????????????????????????????????????????????????????????????????????????????????????????????????????????????????????????????????aaaaaaaaaaaaaaaaaaa
[2025-08-02 21:11:57,711][inference.model_runners][INFO] - 21:11:57: Timestep 26, current sequence: ??????????????????????????????????????????????????????????????????????????????????????????????????????????????????????????????????aaaaaaaaaaaaaaaaaaa
[2025-08-02 21:11:58,545][inference.model_runners][INFO] - 21:11:58: Timestep 25, current sequence: ??????????????????????????????????????????????????????????????????????????????????????????????????????????????????????????????????aaaaaaaaaaaaaaaaaaa
[2025-08-02 21:11:59,379][inference.model_runners][INFO] - 21:11:59: Timestep 24, current sequence: ??????????????????????????????????????????????????????????????????????????????????????????????????????????????????????????????????aaaaaaaaaaaaaaaaaaa
[2025-08-02 21:12:00,230][inference.model_runners][INFO] - 21:12:00: Timestep 23, current sequence: ??????????????????????????????????????????????????????????????????????????????????????????????????????????????????????????????????aaaaaaaaaaaaaaaaaaa
[2025-08-02 21:12:01,074][inference.model_runners][INFO] - 21:12:01: Timestep 22, current sequence: ??????????????????????????????????????????????????????????????????????????????????????????????????????????????????????????????????aaaaaaaaaaaaaaaaaaa
[2025-08-02 21:12:01,908][inference.model_runners][INFO] - 21:12:01: Timestep 21, current sequence: ??????????????????????????????????????????????????????????????????????????????????????????????????????????????????????????????????aaaaaaaaaaaaaaaaaaa
[2025-08-02 21:12:02,753][inference.model_runners][INFO] - 21:12:02: Timestep 20, current sequence: ??????????????????????GG??????????????????????????????????????????????????????????????????????????????????????????????????????????aaaaaaaaaaaaaaaaaaa
[2025-08-02 21:12:03,600][inference.model_runners][INFO] - 21:12:03: Timestep 19, current sequence: ????????????????????????????????S??????????????????????????????????????????????????G?????????????GEG?????????????E????????????????aaaaaaaaaaaaaaaaaaa
[2025-08-02 21:12:04,440][inference.model_runners][INFO] - 21:12:04: Timestep 18, current sequence: ??????E???????????????????????????G?????????????E??????????????????????????????????G??????G??????GG???????????????????????????????aaaaaaaaaaaaaaaaaaa
[2025-08-02 21:12:05,281][inference.model_runners][INFO] - 21:12:05: Timestep 17, current sequence: ?????????????????????GEG??????G?E?S??G??????E???E?????????????????????????????E???????????G??????GG?DL???L???L????????????L????SQ?aaaaaaaaaaaaaaaaaaa
[2025-08-02 21:12:06,121][inference.model_runners][INFO] - 21:12:06: Timestep 16, current sequence: ?QE???A??E???????????G?G?GQ?????E?SL?G??????E??AE??K?????????????D?????????????????S??????G???SS?GG?DAA??????????L???????????SLSA?aaaaaaaaaaaaaaaaaaa
[2025-08-02 21:12:06,963][inference.model_runners][INFO] - 21:12:06: Timestep 15, current sequence: ?TE???????????L??????????GQ???GA??SL?G?GS??????????Q?????????????S?E???????????????G??????G???S?L?G?DAE??????A??????????????E??SA?aaaaaaaaaaaaaaaaaaa
[2025-08-02 21:12:07,799][inference.model_runners][INFO] - 21:12:07: Timestep 14, current sequence: ?TE???A???L???L??????GQ???E???SA??GG???GQ??A????E????????????????G????????E????????G????G?G???G???G?DEE??L?L?L???L???????QLL?K?GA?aaaaaaaaaaaaaaaaaaa
[2025-08-02 21:12:08,644][inference.model_runners][INFO] - 21:12:08: Timestep 13, current sequence: ?TE???????L???L?A????GQG?GQ?A?SEE?SLQ??GG?SA????E?????????????S??G????????E????????G??????G???G???G?SEE??E?L?A???L???????AL?ELLLQ?aaaaaaaaaaaaaaaaaaa
[2025-08-02 21:12:09,486][inference.model_runners][INFO] - 21:12:09: Timestep 12, current sequence: ?TE???A??QL???L?A????GKG?GQ?G?SA???G?G?SQ?SE???????Q??????E????????????????????????G???SG?G???G???G?DEE??A?L?A???Q???????????LLLQ?aaaaaaaaaaaaaaaaaaa
[2025-08-02 21:12:10,335][inference.model_runners][INFO] - 21:12:10: Timestep 11, current sequence: ?TE???A??QL??QL?A?L??GK??G?LAGSLE??G???SG?SEE??????Q??L????????????????????????????G????G?G???????G?SEE??E?L?A???Q????????A??SQLG?aaaaaaaaaaaaaaaaaaa
[2025-08-02 21:12:11,179][inference.model_runners][INFO] - 21:12:11: Timestep 10, current sequence: ?TE???QL?QL???LLA????GKLL???AQSAQ?LE???GG?SE???????Q??A???????????????????A????L???G???QG?G???????G?DAA??A?L?A???Q????L???A??SQ?G?aaaaaaaaaaaaaaaaaaa
[2025-08-02 21:12:12,026][inference.model_runners][INFO] - 21:12:12: Timestep 9, current sequence: ?TA???QL?QL???L?A?L???KLLE??A?SLQLLE???GQ?QEA??????Q??A??A????????????????Q????L???G????GSG?????L?G?SAE??A???A???A?LA????AAAAS??G?aaaaaaaaaaaaaaaaaaa
[2025-08-02 21:12:12,868][inference.model_runners][INFO] - 21:12:12: Timestep 8, current sequence: ?SSE??E??QL????LA?LL?GK?L???A?SLQALA???GG??AE?????AA??A????????G??????????A????LL??G???QG?G?????LG???AE??A???A???E??A????A???S??G?aaaaaaaaaaaaaaaaaaa
[2025-08-02 21:12:13,717][inference.model_runners][INFO] - 21:12:13: Timestep 7, current sequence: ?SSE??K??QL?A???A?L??GK?AE??AASAQALE???GQ?DAA??????A???A???????GQ?A???????Q???ALL??G????G?G??????GQ??AEA?A??L????E??A?L??AAA?SQ?KEaaaaaaaaaaaaaaaaaaa
[2025-08-02 21:12:14,569][inference.model_runners][INFO] - 21:12:14: Timestep 6, current sequence: ?SEA?QA??QL?????A?L??GQL????A?S?TAA?????Q?DAA??????A???A???????G??????????A???ALL??G????G?G????T?GQ?SAA??A???AA?AAA??A??A??A?SL?KEaaaaaaaaaaaaaaaaaaa
[2025-08-02 21:12:15,404][inference.model_runners][INFO] - 21:12:15: Timestep 5, current sequence: ??EA?AA??AL?A??AA????GS?AA??A?SATAA?????G?SAA?????AAA??????????G??AA?????AA???A?A??G????S?G????A?G???AAA?A???AAA?A???A??ASA?AAL?KEaaaaaaaaaaaaaaaaaaa
[2025-08-02 21:12:16,266][inference.model_runners][INFO] - 21:12:16: Timestep 4, current sequence: ??EAA?AA?AL?A?L?A????G?LAA???ASATA??????G?SEA?????AA??????A?????S?AA??S???S??AALAA?G??????G??????GQ??AAS?A???A???A??AAA?AA???SL?KKaaaaaaaaaaaaaaaaaaa
[2025-08-02 21:12:17,106][inference.model_runners][INFO] - 21:12:17: Timestep 3, current sequence: ?KEA??A??A???????S?A?GS?AA?A?ASASA??A???G?SEA??A??AA??SA??A?????S?AA??AA??A??AA?AA?G????S?S??????GA?S?ASA????AA??A???AA?AK??ASL?KKaaaaaaaaaaaaaaaaaaa
[2025-08-02 21:12:17,935][inference.model_runners][INFO] - 21:12:17: Timestep 2, current sequence: ?KEA?AA??AA?AA??A??AQGSA??????SASA?AS???S?SAAA?ASAAA??SA???????GS?AA??A??AA?LAS?AA?K????S?S???S?ASA?SAASAAASAAA?????SAAAA???ASL?K?aaaaaaaaaaaaaaaaaaa
[2025-08-02 21:12:18,779][inference.model_runners][INFO] - 21:12:18: Timestep 1, current sequence: ?KEQASA???S?????AA?ASA?SAA???SQASA?SA???S?KAA??AA?SAAAAA??S??A?GS?A???SA?SSA?AS?SA?K????G?S???S?AEK???AA?ASAAA???A???A?AAA???SL?E?aaaaaaaaaaaaaaaaaaa
[2025-08-02 21:12:18,781][__main__][INFO] - Finished design in 0.42 minutes
[2025-08-02 21:12:19,839][__main__][INFO] - design : /home/hwjang/aipd/noahs_ark/piplines/1_diffusion/output/result_37.pdb
[2025-08-02 21:12:19,839][__main__][INFO] - Xt traj: /home/hwjang/aipd/noahs_ark/piplines/1_diffusion/output/traj/result_37_Xt-1_traj.pdb
[2025-08-02 21:12:19,839][__main__][INFO] - X0 traj: /home/hwjang/aipd/noahs_ark/piplines/1_diffusion/output/traj/result_37_pX0_traj.pdb
[2025-08-02 21:12:19,839][__main__][INFO] - Making design output/result_38
[2025-08-02 21:12:19,839][__main__][INFO] - making design 38 of 32:40
[2025-08-02 21:12:19,839][inference.model_runners][INFO] - Using contig: ['100-130']
With this beta schedule (linear schedule, beta_0 = 0.06666666666666667, beta_T = 0.46666666666666673), alpha_bar_T = 6.0550024500116706e-05
Using cached chi_beta_T dictionary.
Done calculating chi_beta_T, chi_alphas_T, and chi_abars_T dictionaries.
[2025-08-02 21:12:20,584][inference.model_runners][INFO] - 21:12:20: Timestep 30, current sequence: ????????????????????????????????????????????????????????????????????????????????????????????????????????????????aaaaaaaaaaaaaaaaaaa
[2025-08-02 21:12:21,400][inference.model_runners][INFO] - 21:12:21: Timestep 29, current sequence: ????????????????????????????????????????????????????????????????????????????????????????????????????????????????aaaaaaaaaaaaaaaaaaa
[2025-08-02 21:12:22,215][inference.model_runners][INFO] - 21:12:22: Timestep 28, current sequence: ????????????????????????????????????????????????????????????????????????????????????????????????????????????????aaaaaaaaaaaaaaaaaaa
[2025-08-02 21:12:23,030][inference.model_runners][INFO] - 21:12:23: Timestep 27, current sequence: ????????????????????????????????????????????????????????????????????????????????????????????????????????????????aaaaaaaaaaaaaaaaaaa
[2025-08-02 21:12:23,842][inference.model_runners][INFO] - 21:12:23: Timestep 26, current sequence: ????????????????????????????????????????????????????????????????????????????????????????????????????????????????aaaaaaaaaaaaaaaaaaa
[2025-08-02 21:12:24,670][inference.model_runners][INFO] - 21:12:24: Timestep 25, current sequence: ????????????????????????????????????????????????????????????????????????????????????????????????????????????????aaaaaaaaaaaaaaaaaaa
[2025-08-02 21:12:25,490][inference.model_runners][INFO] - 21:12:25: Timestep 24, current sequence: ????????????????????????????????????????????????????????????????????????????????????????????????????????????????aaaaaaaaaaaaaaaaaaa
[2025-08-02 21:12:26,307][inference.model_runners][INFO] - 21:12:26: Timestep 23, current sequence: ????????????????????????????????????????????????????????????????????????????????????????????????????????????????aaaaaaaaaaaaaaaaaaa
[2025-08-02 21:12:27,117][inference.model_runners][INFO] - 21:12:27: Timestep 22, current sequence: ????????????????????????????????????????????????????????????????????????????????????????????????????????????????aaaaaaaaaaaaaaaaaaa
[2025-08-02 21:12:27,942][inference.model_runners][INFO] - 21:12:27: Timestep 21, current sequence: ????????????????????????????????????????????????????????????????????????????????????????????????????????????????aaaaaaaaaaaaaaaaaaa
[2025-08-02 21:12:28,771][inference.model_runners][INFO] - 21:12:28: Timestep 20, current sequence: ????????????????????GG???D??????????????????????????????????????????????????????????????????????????????????????aaaaaaaaaaaaaaaaaaa
[2025-08-02 21:12:29,594][inference.model_runners][INFO] - 21:12:29: Timestep 19, current sequence: ?????E??????????????GQ??GS?????????????????????????????????????????G????????????????????????????????????????????aaaaaaaaaaaaaaaaaaa
[2025-08-02 21:12:30,415][inference.model_runners][INFO] - 21:12:30: Timestep 18, current sequence: ????????????????????GS?GGS???Q?????????????????????????????????????????????????????GQ???????????????????????????aaaaaaaaaaaaaaaaaaa
[2025-08-02 21:12:31,236][inference.model_runners][INFO] - 21:12:31: Timestep 17, current sequence: ?????E??????????Q?S?GG?G?SATGS???????????GG????????????????GTTE????????????????????GG???SA?Q????????????A???G???aaaaaaaaaaaaaaaaaaa
[2025-08-02 21:12:32,045][inference.model_runners][INFO] - 21:12:32: Timestep 16, current sequence: ?G???E??????????????GSLS?SL??Q????????????G????????????????GTSE??????????????????S?SG?G?SEG??????????L??L???G???aaaaaaaaaaaaaaaaaaa
[2025-08-02 21:12:32,867][inference.model_runners][INFO] - 21:12:32: Timestep 15, current sequence: ?EG??E???E??????Q???GSLS?SL?GQ????????????G??G??????????L??GTTA??????????????E???S?SG?G?SEG??????????L??L?L?????aaaaaaaaaaaaaaaaaaa
[2025-08-02 21:12:33,682][inference.model_runners][INFO] - 21:12:33: Timestep 14, current sequence: ?E??????????????????GQ?Q?SLAGS?????????A??S?????????????S??GTTAG?????????????A???S?EG???SE????????????????L?????aaaaaaaaaaaaaaaaaaa
[2025-08-02 21:12:34,493][inference.model_runners][INFO] - 21:12:34: Timestep 13, current sequence: ?E???A??????????????QS?S?SL?GG???????LL?Q?S??G??????????Q??GTTAG??A????LL????A???Q??G???SEE??E???A????????LL????aaaaaaaaaaaaaaaaaaa
[2025-08-02 21:12:35,312][inference.model_runners][INFO] - 21:12:35: Timestep 12, current sequence: ?A???A??????????????GS?Q?SL??????????LL?S?S?SG??????????Q??GTTAG???????L?????A???S??G???SEE?????????????????????aaaaaaaaaaaaaaaaaaa
[2025-08-02 21:12:36,133][inference.model_runners][INFO] - 21:12:36: Timestep 11, current sequence: ?AA??A??A??L????A?A?GG?Q??L???AAQ????L??S?Q?SG??????????Q??S?TAG??A???????A?LAA??Q?AG???SEELLE??????????A??A????aaaaaaaaaaaaaaaaaaa
[2025-08-02 21:12:36,948][inference.model_runners][INFO] - 21:12:36: Timestep 10, current sequence: ?AA??A???????A?LA???GSLQ?SL???AAQ????LL??LS?QG??????A???A??S?SAE??A??L??????LAA?LQ??G???SEGL?E???????E??A?AAK???aaaaaaaaaaaaaaaaaaa
[2025-08-02 21:12:37,761][inference.model_runners][INFO] - 21:12:37: Timestep 9, current sequence: ?AA??AA?AAAL?E?LA???GGLQ?SL???AAA????L??Q?G?QG??????A???A??S?SAG??AA??????A?LAA?LA?SG?S??EGA?EQ??E???A??A?AAK???aaaaaaaaaaaaaaaaaaa
[2025-08-02 21:12:38,577][inference.model_runners][INFO] - 21:12:38: Timestep 8, current sequence: ?AA??AA??????A?L????GSL??SL???AAAL?????Q??E?QGL?????A???A??S?SAE??AA??A???A?LAALLA?GG?S??EGA?EQ?????LE??ALLAK???aaaaaaaaaaaaaaaaaaa
[2025-08-02 21:12:39,394][inference.model_runners][INFO] - 21:12:39: Timestep 7, current sequence: ?AA??A??????????A???GG?Q?SAS???A???????AS?Q??G??????A???A??S?EAR??AEA?AAA?AL?AALLA?EG?S??EG??EA??AA?LA?AAALAK???aaaaaaaaaaaaaaaaaaa
[2025-08-02 21:12:40,222][inference.model_runners][INFO] - 21:12:40: Timestep 6, current sequence: ?AA??A??????AA??A??AGS?Q?T?S???A???????QS????GL??A??A?L?A??A?SAE??AAAAAA??AA?AAL?A?EG?S??EG??EA??A???A?LAAL?A??Kaaaaaaaaaaaaaaaaaaa
[2025-08-02 21:12:41,036][inference.model_runners][INFO] - 21:12:41: Timestep 5, current sequence: ?AA?AAA?????AA?LA??AGS?Q?S?S??AA????????S?E?GGL??A??A???A??S?SAA??AAA?AAAAA??AAAAASEE?Q??EG?AES??AALAA??AALAAALKaaaaaaaaaaaaaaaaaaa
[2025-08-02 21:12:41,885][inference.model_runners][INFO] - 21:12:41: Timestep 4, current sequence: ?A???AA?A???AAA?A??SGS?Q???S??A???????????Q??GA?????A???AA????AE??AAAAAA?AAA?AA?AA?EE?S???G??AAA?A???A??AA?AA??Kaaaaaaaaaaaaaaaaaaa
[2025-08-02 21:12:42,713][inference.model_runners][INFO] - 21:12:42: Timestep 3, current sequence: ?A???A??????AAAAAAAAQS?Q??AS??A?????????A?Q??A??A???A???A?????AAA?AAA?AA?AA?AAA?AASEE?Q???G??AAA?A???S??AAA?A??Kaaaaaaaaaaaaaaaaaaa
[2025-08-02 21:12:43,509][inference.model_runners][INFO] - 21:12:43: Timestep 2, current sequence: ?A?A?A???A??AAA?A??AQS?Q?SAS??A?S????SA?A?Q??G??????A???A??S???AA?AA??AS?A???A???ASE??Q???G??ASA?S???S??AA?AS??Saaaaaaaaaaaaaaaaaaa
[2025-08-02 21:12:44,323][inference.model_runners][INFO] - 21:12:44: Timestep 1, current sequence: ?AAA??S??A???SA????SSS?Q?S?S???SA??S????A?K??G???S??????A???S??EA?AA??SQAASA?????ASES?Q???G??AA??S??????AAA?S?SSaaaaaaaaaaaaaaaaaaa
[2025-08-02 21:12:44,324][__main__][INFO] - Finished design in 0.41 minutes
[2025-08-02 21:12:45,232][__main__][INFO] - design : /home/hwjang/aipd/noahs_ark/piplines/1_diffusion/output/result_38.pdb
[2025-08-02 21:12:45,233][__main__][INFO] - Xt traj: /home/hwjang/aipd/noahs_ark/piplines/1_diffusion/output/traj/result_38_Xt-1_traj.pdb
[2025-08-02 21:12:45,233][__main__][INFO] - X0 traj: /home/hwjang/aipd/noahs_ark/piplines/1_diffusion/output/traj/result_38_pX0_traj.pdb
[2025-08-02 21:12:45,233][__main__][INFO] - Making design output/result_39
[2025-08-02 21:12:45,233][__main__][INFO] - making design 39 of 32:40
[2025-08-02 21:12:45,233][inference.model_runners][INFO] - Using contig: ['100-130']
With this beta schedule (linear schedule, beta_0 = 0.06666666666666667, beta_T = 0.46666666666666673), alpha_bar_T = 6.0550024500116706e-05
Using cached chi_beta_T dictionary.
Done calculating chi_beta_T, chi_alphas_T, and chi_abars_T dictionaries.
[2025-08-02 21:12:45,964][inference.model_runners][INFO] - 21:12:45: Timestep 30, current sequence: ????????????????????????????????????????????????????????????????????????????????????????????????????????aaaaaaaaaaaaaaaaaaa
[2025-08-02 21:12:46,773][inference.model_runners][INFO] - 21:12:46: Timestep 29, current sequence: ????????????????????????????????????????????????????????????????????????????????????????????????????????aaaaaaaaaaaaaaaaaaa
[2025-08-02 21:12:47,571][inference.model_runners][INFO] - 21:12:47: Timestep 28, current sequence: ????????????????????????????????????????????????????????????????????????????????????????????????????????aaaaaaaaaaaaaaaaaaa
[2025-08-02 21:12:48,382][inference.model_runners][INFO] - 21:12:48: Timestep 27, current sequence: ????????????????????????????????????????????????????????????????????????????????????????????????????????aaaaaaaaaaaaaaaaaaa
[2025-08-02 21:12:49,195][inference.model_runners][INFO] - 21:12:49: Timestep 26, current sequence: ????????????????????????????????????????????????????????????????????????????????????????????????????????aaaaaaaaaaaaaaaaaaa
[2025-08-02 21:12:50,000][inference.model_runners][INFO] - 21:12:50: Timestep 25, current sequence: ????????????????????????????????????????????????????????????????????????????????????????????????????????aaaaaaaaaaaaaaaaaaa
[2025-08-02 21:12:50,810][inference.model_runners][INFO] - 21:12:50: Timestep 24, current sequence: ????????????????????????????????????????????????????????????????????????????????????????????????????????aaaaaaaaaaaaaaaaaaa
[2025-08-02 21:12:51,629][inference.model_runners][INFO] - 21:12:51: Timestep 23, current sequence: ????????????????????????????????????????????????????????????????????????????????????????????????????????aaaaaaaaaaaaaaaaaaa
[2025-08-02 21:12:52,423][inference.model_runners][INFO] - 21:12:52: Timestep 22, current sequence: ????????????????????????????????????????????????????????????????????????????????????????????????????????aaaaaaaaaaaaaaaaaaa
[2025-08-02 21:12:53,222][inference.model_runners][INFO] - 21:12:53: Timestep 21, current sequence: ????????????????????????????????????????????????????????????????????????????????????????????????????????aaaaaaaaaaaaaaaaaaa
[2025-08-02 21:12:54,027][inference.model_runners][INFO] - 21:12:54: Timestep 20, current sequence: ??????????????????????????????????????????????????????????????E??????????????E??????????????????????????aaaaaaaaaaaaaaaaaaa
[2025-08-02 21:12:54,822][inference.model_runners][INFO] - 21:12:54: Timestep 19, current sequence: ???G???????????????????????????????????????????????????????E??E??????????????Q????GG????????????????????aaaaaaaaaaaaaaaaaaa
[2025-08-02 21:12:55,629][inference.model_runners][INFO] - 21:12:55: Timestep 18, current sequence: ??????????????????G?????G???????????????S?????????????????EE??GQ?S?G?????????E?????S????????????????????aaaaaaaaaaaaaaaaaaa
[2025-08-02 21:12:56,436][inference.model_runners][INFO] - 21:12:56: Timestep 17, current sequence: ??G???????????Q??EG?????E??????????????????????????????????GL??????Q?????????E???Q?S????????????????????aaaaaaaaaaaaaaaaaaa
[2025-08-02 21:12:57,256][inference.model_runners][INFO] - 21:12:57: Timestep 16, current sequence: ????????????????????????EE??????????????STV??????????L?????GL?GQ?S?G?????????????SGS?E??????????????????aaaaaaaaaaaaaaaaaaa
[2025-08-02 21:12:58,063][inference.model_runners][INFO] - 21:12:58: Timestep 15, current sequence: ?G??A???L???????????????K???????????????STL????????????G???GS?GQ?G???A???E??LE???QGS?E??????????????????aaaaaaaaaaaaaaaaaaa
[2025-08-02 21:12:58,871][inference.model_runners][INFO] - 21:12:58: Timestep 14, current sequence: ?G?QAA??L???????????GG??K???????????????STL????????????S???GS?GG?Q?G?Q???E???E?L??G??E??????????????????aaaaaaaaaaaaaaaaaaa
[2025-08-02 21:12:59,679][inference.model_runners][INFO] - 21:12:59: Timestep 13, current sequence: ?G?QAL???L??????????QG??A???????????L???G?L?????????L????A?GS?GG?Q?G???????????L??G??E??????A???????E???aaaaaaaaaaaaaaaaaaa
[2025-08-02 21:13:00,478][inference.model_runners][INFO] - 21:13:00: Timestep 12, current sequence: ?Q?QA?A??LA??A??????????A??????L???A????G?A??????????????L??S?GG???G??E????????LL?G?AE??????????????E???aaaaaaaaaaaaaaaaaaa
[2025-08-02 21:13:01,295][inference.model_runners][INFO] - 21:13:01: Timestep 11, current sequence: ?E??AAAA?LA??AA?????EG??K??????A??LA???SG?A??????????????L???AGG??SG??Q????????L??G?AE???????????L??Q???aaaaaaaaaaaaaaaaaaa
[2025-08-02 21:13:02,105][inference.model_runners][INFO] - 21:13:02: Timestep 10, current sequence: ?G??AAA???A??A????G?EG??K??????V???A??A?G?A??????????????LA???GG??DG??E????????L??GSAE??A????????L??A???aaaaaaaaaaaaaaaaaaa
[2025-08-02 21:13:02,902][inference.model_runners][INFO] - 21:13:02: Timestep 9, current sequence: ?G??AAAA??A???A??K??KG??K??????A???A??ASGSA??????????????L???GEG??GG??A????????L??GSAE??A????????L??A??Saaaaaaaaaaaaaaaaaaa
[2025-08-02 21:13:03,712][inference.model_runners][INFO] - 21:13:03: Timestep 8, current sequence: ?G??AAAA?LA??AAL?A??KG??A?????LA???A????GTAAAL?A??????A??LA??GAG??GG??A??AA????L??GQAE??AA??AA??????A??Saaaaaaaaaaaaaaaaaaa
[2025-08-02 21:13:04,524][inference.model_runners][INFO] - 21:13:04: Timestep 7, current sequence: ?G??AAA???A??AAL????KS??E??????L???L????GSAA??????L???A??LA??GAS??SG??AA?AA????L?QGQAE??AA???A??????????aaaaaaaaaaaaaaaaaaa
[2025-08-02 21:13:05,343][inference.model_runners][INFO] - 21:13:05: Timestep 6, current sequence: ?G?QAAA??AAA???A?A??KS??QQ?????A????A???GSAEA??A???A??????A??GAS??SG??A??AAL???L??GSAE???A??AA??????K??Saaaaaaaaaaaaaaaaaaa
[2025-08-02 21:13:06,188][inference.model_runners][INFO] - 21:13:06: Timestep 5, current sequence: ?E?QGAA??AAA???AAAS?QG?QQQ??????????????GSAAA???????????ALAA?KEG???G??A??AA??A?L?SGSA?AAAA???A??????AA?Saaaaaaaaaaaaaaaaaaa
[2025-08-02 21:13:07,029][inference.model_runners][INFO] - 21:13:07: Timestep 4, current sequence: ?K?QSAA??AAA???A?AS?Q???QA????????????A?GSAAA??AA???????ALAA?K?G??GAL?A??AA????LASGSAAA?AA???A?????????Saaaaaaaaaaaaaaaaaaa
[2025-08-02 21:13:07,856][inference.model_runners][INFO] - 21:13:07: Timestep 3, current sequence: ?Q??AAA?A?AA??AS?AS?Q??KQA??A?????????A?GSA????AA???????AL?A?S?S??G?ASAA?AA??A?L?SGSAA??A????????A??A???aaaaaaaaaaaaaaaaaaa
[2025-08-02 21:13:08,656][inference.model_runners][INFO] - 21:13:08: Timestep 2, current sequence: ?Q?????S?A?A??SA?AS?QA?SQA??????????A?AAGQAAS???A??A????SL?A?K?S??G?ASA??AA??S???SGSAAS?A????A???S?AA??Saaaaaaaaaaaaaaaaaaa
[2025-08-02 21:13:09,453][inference.model_runners][INFO] - 21:13:09: Timestep 1, current sequence: ?Q?A???S?A?SA?ASAAS?ES?KQA???A?SA???S?ASKS?AS???S?SAA?S?SASA?SAS??GAAQA??AS??S???SGTASA?ASAAA???S??A?A?Saaaaaaaaaaaaaaaaaaa
[2025-08-02 21:13:09,455][__main__][INFO] - Finished design in 0.40 minutes
[2025-08-02 21:13:10,290][__main__][INFO] - design : /home/hwjang/aipd/noahs_ark/piplines/1_diffusion/output/result_39.pdb
[2025-08-02 21:13:10,290][__main__][INFO] - Xt traj: /home/hwjang/aipd/noahs_ark/piplines/1_diffusion/output/traj/result_39_Xt-1_traj.pdb
[2025-08-02 21:13:10,290][__main__][INFO] - X0 traj: /home/hwjang/aipd/noahs_ark/piplines/1_diffusion/output/traj/result_39_pX0_traj.pdb

=============================================
Sat Aug 2 09:13:11 PM KST 2025
[INFO] Job finished in 220 seconds
