Sat Aug 2 09:09:31 PM KST 2025
[INFO] Job Information
=============================================
[INFO] Job Name       : rfdaa
[INFO] Job ID         : 146506
[INFO] Submit Dir     : /home/hwjang/aipd/noahs_ark/piplines/1_diffusion
[INFO] Partition      : gpu-farm
[INFO] Node List      : node26
[INFO] Nodes          : 1
[INFO] CPUs per Task  : 4
[INFO] Memory (MB)    : 
[INFO] User           : hwjang
[INFO] Work Dir       : /home/hwjang/aipd/noahs_ark/piplines/1_diffusion
[INFO] Tasks per Node : 1
[INFO] Dependency     : 
[INFO] Allocated GPUs : 1
---------------------------------------------
[INFO] Job allocated on node(s): node26
[INFO] Job running on: node26
=============================================

[2025-08-02 21:09:36,449][inference.model_runners][INFO] - Reading checkpoint from /home/hwjang/aipd/rf_diffusion_all_atom/RFDiffusionAA_paper_weights.pt
loading /home/hwjang/aipd/rf_diffusion_all_atom/RFDiffusionAA_paper_weights.pt
loaded /home/hwjang/aipd/rf_diffusion_all_atom/RFDiffusionAA_paper_weights.pt
OVERRIDING: You are changing diffuser.T from the value this model was trained with.
[2025-08-02 21:09:41,975][inference.model_runners][INFO] - Loading checkpoint.
[2025-08-02 21:09:42,103][diffusion][INFO] - Using cached IGSO3.
[2025-08-02 21:09:42,111][__main__][INFO] - Making design output/result_0
[2025-08-02 21:09:42,111][__main__][INFO] - making design 0 of 0:8
[2025-08-02 21:09:42,111][inference.model_runners][INFO] - Using contig: ['100-130']
With this beta schedule (linear schedule, beta_0 = 0.06666666666666667, beta_T = 0.46666666666666673), alpha_bar_T = 6.0550024500116706e-05
Using cached chi_beta_T dictionary.
Done calculating chi_beta_T, chi_alphas_T, and chi_abars_T dictionaries.
[2025-08-02 21:09:43,698][inference.model_runners][INFO] - 21:09:43: Timestep 30, current sequence: ???????????????????????????????????????????????????????????????????????????????????????????????????????aaaaaaaaaaaaaaaaaaa
[2025-08-02 21:09:44,411][inference.model_runners][INFO] - 21:09:44: Timestep 29, current sequence: ???????????????????????????????????????????????????????????????????????????????????????????????????????aaaaaaaaaaaaaaaaaaa
[2025-08-02 21:09:45,092][inference.model_runners][INFO] - 21:09:45: Timestep 28, current sequence: ???????????????????????????????????????????????????????????????????????????????????????????????????????aaaaaaaaaaaaaaaaaaa
[2025-08-02 21:09:45,788][inference.model_runners][INFO] - 21:09:45: Timestep 27, current sequence: ???????????????????????????????????????????????????????????????????????????????????????????????????????aaaaaaaaaaaaaaaaaaa
[2025-08-02 21:09:46,468][inference.model_runners][INFO] - 21:09:46: Timestep 26, current sequence: ???????????????????????????????????????????????????????????????????????????????????????????????????????aaaaaaaaaaaaaaaaaaa
[2025-08-02 21:09:47,150][inference.model_runners][INFO] - 21:09:47: Timestep 25, current sequence: ???????????????????????????????????????????????????????????????????????????????????????????????????????aaaaaaaaaaaaaaaaaaa
[2025-08-02 21:09:47,842][inference.model_runners][INFO] - 21:09:47: Timestep 24, current sequence: ???????????????????????????????????????????????????????????????????????????????????????????????????????aaaaaaaaaaaaaaaaaaa
[2025-08-02 21:09:48,531][inference.model_runners][INFO] - 21:09:48: Timestep 23, current sequence: ???????????????????????????????????????????????????????????????????????????????????????????????????????aaaaaaaaaaaaaaaaaaa
[2025-08-02 21:09:49,229][inference.model_runners][INFO] - 21:09:49: Timestep 22, current sequence: ???????????????????????????????????????????????????????????????????????????????????????????????????????aaaaaaaaaaaaaaaaaaa
[2025-08-02 21:09:49,911][inference.model_runners][INFO] - 21:09:49: Timestep 21, current sequence: ???????????????????G???????????????????????????????????????????????????????????????????????????????????aaaaaaaaaaaaaaaaaaa
[2025-08-02 21:09:50,603][inference.model_runners][INFO] - 21:09:50: Timestep 20, current sequence: ???????????????????G?????????????????????E??????????????????????D??????????????????????????????????????aaaaaaaaaaaaaaaaaaa
[2025-08-02 21:09:51,289][inference.model_runners][INFO] - 21:09:51: Timestep 19, current sequence: ??????????????????QG?E???????????????S???E??????GGG?????????????D??????????????????????????????????????aaaaaaaaaaaaaaaaaaa
[2025-08-02 21:09:51,982][inference.model_runners][INFO] - 21:09:51: Timestep 18, current sequence: ???????????G????E??D?S?S????????????GG??LD??????SEG?????????Q???D??V??????????????S??????GS????????????aaaaaaaaaaaaaaaaaaa
[2025-08-02 21:09:52,665][inference.model_runners][INFO] - 21:09:52: Timestep 17, current sequence: ???????????S????S??D???S??????V??????S??EGG???Q?????????Q???T???S???????????????V???????S?G???Q????????aaaaaaaaaaaaaaaaaaa
[2025-08-02 21:09:53,357][inference.model_runners][INFO] - 21:09:53: Timestep 16, current sequence: ??T???Q??S?G???S???G?S?SS?????V????G?Q??T?????Q?L????S??S???QS??GSE??V?V?Q?S?S??V?V???V?S?G???V?T??????aaaaaaaaaaaaaaaaaaa
[2025-08-02 21:09:54,038][inference.model_runners][INFO] - 21:09:54: Timestep 15, current sequence: ?????GS??S?G???TS??GMS????????Q????G?Q?Q?G??SLQ?L???Q???????GELEGLEV?V?V?Q?SQSQ?Q???????S?G???Q????????aaaaaaaaaaaaaaaaaaa
[2025-08-02 21:09:54,720][inference.model_runners][INFO] - 21:09:54: Timestep 14, current sequence: ??T??GQ?GS?G???TL?GGLS?T?TT?V?V????G?S?TEG??Q?Q?????Q??LG???GELEGLQ??L?L?Q?TGTT?Q?????V?S?G???Q?????Q??aaaaaaaaaaaaaaaaaaa
[2025-08-02 21:09:55,412][inference.model_runners][INFO] - 21:09:55: Timestep 13, current sequence: ??TL?GM?Q??G???TLL?GL??SMTT?V?V???QG?S?QEG??Q?Q?S?G?Q??LG??TGEL?GLQ??L?L?V?TGST?Q?V???S?S?G???T?????Q??aaaaaaaaaaaaaaaaaaa
[2025-08-02 21:09:56,093][inference.model_runners][INFO] - 21:09:56: Timestep 12, current sequence: ??TV?GM?V?????ATLL?GL??SATT?L?V?V?QG?Q?TEG??TMQ??SG?Q?SAG???G?LEG?Q??L?L?V?TGQT?T?????Q?S?G???T?V??????aaaaaaaaaaaaaaaaaaa
[2025-08-02 21:09:56,786][inference.model_runners][INFO] - 21:09:56: Timestep 11, current sequence: Q?TM?LL???Q?G?GT?L?GL??SASV???V?V?TG?Q?TEG??TMQ??EG?Q?SAQ???TSL?G?Q?QV?V???EGSQ?S?????Q?S?G???Q?L??VL??aaaaaaaaaaaaaaaaaaa
[2025-08-02 21:09:57,474][inference.model_runners][INFO] - 21:09:57: Timestep 10, current sequence: ?????LMLM?QGG?GQ?L?G?S?SGQV?V???V?QG?S?TEG??TMQ???G???TVQG??SSLEG?K?MV?V???EASQ?V?????Q?TEG???Q?L??????aaaaaaaaaaaaaaaaaaa
[2025-08-02 21:09:58,157][inference.model_runners][INFO] - 21:09:58: Timestep 9, current sequence: ??TM?LMLML?G??G??L?G???S?SV?L?V?V?QG?Q?TEG???MQ?Q?E??MTVQG???E?EG?G??V?????SASV?S????LQ?SEG?????L?TL??Eaaaaaaaaaaaaaaaaaaa
[2025-08-02 21:09:58,847][inference.model_runners][INFO] - 21:09:58: Timestep 8, current sequence: ??TLELLLML?G??GS?M?G?Q?Q?S??V?T?Q?QG?Q?TEGQ??MQ?G?E??MSVQS?K?ELES??????????SASV?S????LQ?TAE?????V?T?L??aaaaaaaaaaaaaaaaaaa
[2025-08-02 21:09:59,530][inference.model_runners][INFO] - 21:09:59: Timestep 7, current sequence: ??TLLLQLML?G??G??S?G???Q?S??L?T?Q?QG?Q?EEG???VQ?Q????MSVQS?E?EAAQ???L?????LSASV??????LQ?SES?????V?T????aaaaaaaaaaaaaaaaaaa
[2025-08-02 21:10:00,211][inference.model_runners][INFO] - 21:10:00: Timestep 6, current sequence: ??QLLLQLML?G??GS?M?G???Q?S????Q?V?EG?Q?EEG????QVS????LSVSS???EAGQ???????L??EASV??????LQ?SES??L??VLV????aaaaaaaaaaaaaaaaaaa
[2025-08-02 21:10:00,903][inference.model_runners][INFO] - 21:10:00: Timestep 5, current sequence: ??QAQGQ?QL?GS?G??M?G???Q?S??L?Q????G?Q?SES????QVS????LSASQ?K??AAQQ??????L??EASVAS??L?LQ?SES?????V??????aaaaaaaaaaaaaaaaaaa
[2025-08-02 21:10:01,588][inference.model_runners][INFO] - 21:10:01: Timestep 4, current sequence: ?QQ?ELQLSSEGS?G??S?G???SASS?V?Q?S??E?S??EG???MQ?K?????SASS????A?S?????S?L??EGSS???A?SLQ?S?K?????V??????aaaaaaaaaaaaaaaaaaa
[2025-08-02 21:10:02,282][inference.model_runners][INFO] - 21:10:02: Timestep 3, current sequence: ?SQLQLQ?SM?GS?G??S?G???S??SLSV??S?SG?Q??ES????Q?S????VSASS??????S????????Q?EGQV???S?SLQ?SGSSQ????V????Saaaaaaaaaaaaaaaaaaa
[2025-08-02 21:10:02,970][inference.model_runners][INFO] - 21:10:02: Timestep 2, current sequence: ?QQ??L?SSS?GS?G??S?G???E?GS?SV??S?SG?Q??EG??S?S?S?????SASQ?K??A?S??G?AS????GS???S?S???S?SSQSS???S???S?Saaaaaaaaaaaaaaaaaaa
[2025-08-02 21:10:03,657][inference.model_runners][INFO] - 21:10:03: Timestep 1, current sequence: ?SQ??G?SSS?GS?GS?S?G?S?Q?G??????S?SE?S?EES??S?S?S?????SASS??S?A?S??GSSS?SQ?GS???????S?S?SGSSS???S???A?Saaaaaaaaaaaaaaaaaaa
[2025-08-02 21:10:03,658][__main__][INFO] - Finished design in 0.36 minutes
[2025-08-02 21:10:04,486][__main__][INFO] - design : /home/hwjang/aipd/noahs_ark/piplines/1_diffusion/output/result_0.pdb
[2025-08-02 21:10:04,486][__main__][INFO] - Xt traj: /home/hwjang/aipd/noahs_ark/piplines/1_diffusion/output/traj/result_0_Xt-1_traj.pdb
[2025-08-02 21:10:04,486][__main__][INFO] - X0 traj: /home/hwjang/aipd/noahs_ark/piplines/1_diffusion/output/traj/result_0_pX0_traj.pdb
[2025-08-02 21:10:04,486][__main__][INFO] - Making design output/result_1
[2025-08-02 21:10:04,486][__main__][INFO] - making design 1 of 0:8
[2025-08-02 21:10:04,487][inference.model_runners][INFO] - Using contig: ['100-130']
With this beta schedule (linear schedule, beta_0 = 0.06666666666666667, beta_T = 0.46666666666666673), alpha_bar_T = 6.0550024500116706e-05
Using cached chi_beta_T dictionary.
Done calculating chi_beta_T, chi_alphas_T, and chi_abars_T dictionaries.
[2025-08-02 21:10:05,330][inference.model_runners][INFO] - 21:10:05: Timestep 30, current sequence: ????????????????????????????????????????????????????????????????????????????????????????????????????????????????aaaaaaaaaaaaaaaaaaa
[2025-08-02 21:10:06,031][inference.model_runners][INFO] - 21:10:06: Timestep 29, current sequence: ????????????????????????????????????????????????????????????????????????????????????????????????????????????????aaaaaaaaaaaaaaaaaaa
[2025-08-02 21:10:06,742][inference.model_runners][INFO] - 21:10:06: Timestep 28, current sequence: ????????????????????????????????????????????????????????????????????????????????????????????????????????????????aaaaaaaaaaaaaaaaaaa
[2025-08-02 21:10:07,442][inference.model_runners][INFO] - 21:10:07: Timestep 27, current sequence: ????????????????????????????????????????????????????????????????????????????????????????????????????????????????aaaaaaaaaaaaaaaaaaa
[2025-08-02 21:10:08,141][inference.model_runners][INFO] - 21:10:08: Timestep 26, current sequence: ????????????????????????????????????????????????????????????????????????????????????????????????????????????????aaaaaaaaaaaaaaaaaaa
[2025-08-02 21:10:08,852][inference.model_runners][INFO] - 21:10:08: Timestep 25, current sequence: ????????????????????????????????????????????????????????????????????????????????????????????????????????????????aaaaaaaaaaaaaaaaaaa
[2025-08-02 21:10:09,558][inference.model_runners][INFO] - 21:10:09: Timestep 24, current sequence: ????????????????????????????????????????????????????????????????????????????????????????????????????????????????aaaaaaaaaaaaaaaaaaa
[2025-08-02 21:10:10,260][inference.model_runners][INFO] - 21:10:10: Timestep 23, current sequence: ????????????????????????????????????????????????????????????????????????????????????????????????????????????????aaaaaaaaaaaaaaaaaaa
[2025-08-02 21:10:10,969][inference.model_runners][INFO] - 21:10:10: Timestep 22, current sequence: ????????????????????????????????????????????????????????????????????????????????????????????????????????????????aaaaaaaaaaaaaaaaaaa
[2025-08-02 21:10:11,668][inference.model_runners][INFO] - 21:10:11: Timestep 21, current sequence: ????????????????????????????????????????????????????????????????????????????????????????????????????????????????aaaaaaaaaaaaaaaaaaa
[2025-08-02 21:10:12,378][inference.model_runners][INFO] - 21:10:12: Timestep 20, current sequence: ????????????????????????????????????????????????????????????????????????????????????????????????????????????????aaaaaaaaaaaaaaaaaaa
[2025-08-02 21:10:13,078][inference.model_runners][INFO] - 21:10:13: Timestep 19, current sequence: ????????????????????????????????????????????????????G?????????????G?????????????????G???????????????????G???????aaaaaaaaaaaaaaaaaaa
[2025-08-02 21:10:13,776][inference.model_runners][INFO] - 21:10:13: Timestep 18, current sequence: ?????????S??????????????????????????????????????G???G????????G???GG??GE????????????????????GG???????????G???????aaaaaaaaaaaaaaaaaaa
[2025-08-02 21:10:14,490][inference.model_runners][INFO] - 21:10:14: Timestep 17, current sequence: ???T????????????????E??S??T????????????????????KGGL?G???????GG?E??GQ?GE?????????????G???????S???????????????????aaaaaaaaaaaaaaaaaaa
[2025-08-02 21:10:15,189][inference.model_runners][INFO] - 21:10:15: Timestep 16, current sequence: ???TG?S?????????????E??S?SS?????L??????????????????QG?????S?G???LSGQ?GE?????????????G???????????????????????????aaaaaaaaaaaaaaaaaaa
[2025-08-02 21:10:15,902][inference.model_runners][INFO] - 21:10:15: Timestep 15, current sequence: ???TG?L????????????????SSTT?GG??A?????????LLQ??KGGLSQ?????SLGLESEGQQ?G??????????????G????????????????G?????LL???aaaaaaaaaaaaaaaaaaa
[2025-08-02 21:10:16,601][inference.model_runners][INFO] - 21:10:16: Timestep 14, current sequence: ???T????????????GE??E??GGTTLGG??LA???E?????LQ??KGGLS???V??S?SLSSGG?S?????L?LL??????LG???????S?????GG??S?S???L???aaaaaaaaaaaaaaaaaaa
[2025-08-02 21:10:17,313][inference.model_runners][INFO] - 21:10:17: Timestep 13, current sequence: ???T??L?L????????E?LE??GG?T??Q??AE???E?L???LQ??GGQLLQL????S?SLEGSG?SGS?????L????????G???????S?????GG??S?TL??????aaaaaaaaaaaaaaaaaaa
[2025-08-02 21:10:18,011][inference.model_runners][INFO] - 21:10:18: Timestep 12, current sequence: ???T??L?L????E???EL?E??GG?T??S??A????E?LL??LE??GGG?EVL????T?G?GGSS?SGQ??L??LL????Q??G???????S?????GS??S?T???????aaaaaaaaaaaaaaaaaaa
[2025-08-02 21:10:18,711][inference.model_runners][INFO] - 21:10:18: Timestep 11, current sequence: ???QS?L?L?S??Q??EELLE??GG????S??A????Q?LLQ?LL??SGGLS?LL???T?GSGG?S?DEE??L??L?L??LQ??G???????S?????????S?T???????aaaaaaaaaaaaaaaaaaa
[2025-08-02 21:10:19,424][inference.model_runners][INFO] - 21:10:19: Timestep 10, current sequence: ???TT???L?S??E??E??LE??GGT???S??AA???Q?LLA?LL??SGGLSQLL???TLQSGSE??SEQ??L?EL?A??LQ??G???L???S?????????S???Q????Eaaaaaaaaaaaaaaaaaaa
[2025-08-02 21:10:20,123][inference.model_runners][INFO] - 21:10:20: Timestep 9, current sequence: ??LTS?S?A?S??Q??E??AE??GG????S???????QLLLA?LE??SGQLS?LL?L?Q?Q?GSQS?SEELQLAEL?A???Q??G?S????ES?????????????Q????Eaaaaaaaaaaaaaaaaaaa
[2025-08-02 21:10:20,832][inference.model_runners][INFO] - 21:10:20: Timestep 8, current sequence: ?TLTS?Q?A?S?AQ??EE?LE??KG?QLAQ???A??AQ?L?A?L???SGSLSQ?LLT?QLQSEQQS?SEELV?AEL?Q???K??G?T?????S????????E???????AGEaaaaaaaaaaaaaaaaaaa
[2025-08-02 21:10:21,531][inference.model_runners][INFO] - 21:10:21: Timestep 7, current sequence: ???QS?Q?A?S??Q?LE??LE??KG?QL?Q???A???A?LLALLE??SES?ST?LL??QLQ?EQ?G??EQ???AEL?Q???K??G?SV????S???T????E???????AGEaaaaaaaaaaaaaaaaaaa
[2025-08-02 21:10:22,232][inference.model_runners][INFO] - 21:10:22: Timestep 6, current sequence: ?SVQS?V?AES?????AA?AE??KG?QL?Q?QAA?L?A?L??LL???SES?SS?VLT?QLQSES?G??EQ???A??LA???A??G?SLT???S???T????EQ?L?????G?aaaaaaaaaaaaaaaaaaa
[2025-08-02 21:10:22,943][inference.model_runners][INFO] - 21:10:22: Timestep 5, current sequence: ?QVQS?A?AESA?Q??AAAAS??KG?QA?S?Q?AS??AA??A?????SES????T?L?QV?SEQQQ?SEQ?QL????E??????G?SVQ???S???T????E??SV????G?aaaaaaaaaaaaaaaaaaa
[2025-08-02 21:10:23,641][inference.model_runners][INFO] - 21:10:23: Timestep 4, current sequence: ?S??S???ASS?????AA?AS??KG?Q??S?Q?AQ??AA??AA????SES????S?Q?Q??SEQAQ?KEE?Q????LA???A??G?S?Q???S???T?????Q?S?????GQaaaaaaaaaaaaaaaaaaa
[2025-08-02 21:10:24,349][inference.model_runners][INFO] - 21:10:24: Timestep 3, current sequence: ?S??S???ASSAA???AA?AE??KG?QAAS?QAA???AA??AA?AA?A?S????SVS?QA?SES?Q?QEG?SLAA?LAA?????G?S?????S???T?????S?S?S???G?aaaaaaaaaaaaaaaaaaa
[2025-08-02 21:10:25,057][inference.model_runners][INFO] - 21:10:25: Timestep 2, current sequence: ?Q??S?S?AAA?AA??AA?AE??KG?A??S?S?A???AA??A????SA?S?S??S?S?QA?SES?Q?QESAS?AA??AA??K??G?S?Q??ES???S?G??S??S?S???G?aaaaaaaaaaaaaaaaaaa
[2025-08-02 21:10:25,771][inference.model_runners][INFO] - 21:10:25: Timestep 1, current sequence: ?S??S???ASS??S?AAS?AA??KGS?A?S?S?AS??S??A????ASA?G?S??S?S?QA?SES?S?QEAA??SA??A???S??E?S?Q???S???S??S?K??SA????GPaaaaaaaaaaaaaaaaaaa
[2025-08-02 21:10:25,773][__main__][INFO] - Finished design in 0.35 minutes
[2025-08-02 21:10:26,669][__main__][INFO] - design : /home/hwjang/aipd/noahs_ark/piplines/1_diffusion/output/result_1.pdb
[2025-08-02 21:10:26,669][__main__][INFO] - Xt traj: /home/hwjang/aipd/noahs_ark/piplines/1_diffusion/output/traj/result_1_Xt-1_traj.pdb
[2025-08-02 21:10:26,669][__main__][INFO] - X0 traj: /home/hwjang/aipd/noahs_ark/piplines/1_diffusion/output/traj/result_1_pX0_traj.pdb
[2025-08-02 21:10:26,669][__main__][INFO] - Making design output/result_2
[2025-08-02 21:10:26,669][__main__][INFO] - making design 2 of 0:8
[2025-08-02 21:10:26,669][inference.model_runners][INFO] - Using contig: ['100-130']
With this beta schedule (linear schedule, beta_0 = 0.06666666666666667, beta_T = 0.46666666666666673), alpha_bar_T = 6.0550024500116706e-05
Using cached chi_beta_T dictionary.
Done calculating chi_beta_T, chi_alphas_T, and chi_abars_T dictionaries.
[2025-08-02 21:10:27,283][inference.model_runners][INFO] - 21:10:27: Timestep 30, current sequence: ???????????????????????????????????????????????????????????????????????????????????????????????????????????aaaaaaaaaaaaaaaaaaa
[2025-08-02 21:10:27,981][inference.model_runners][INFO] - 21:10:27: Timestep 29, current sequence: ???????????????????????????????????????????????????????????????????????????????????????????????????????????aaaaaaaaaaaaaaaaaaa
[2025-08-02 21:10:28,667][inference.model_runners][INFO] - 21:10:28: Timestep 28, current sequence: ???????????????????????????????????????????????????????????????????????????????????????????????????????????aaaaaaaaaaaaaaaaaaa
[2025-08-02 21:10:29,355][inference.model_runners][INFO] - 21:10:29: Timestep 27, current sequence: ???????????????????????????????????????????????????????????????????????????????????????????????????????????aaaaaaaaaaaaaaaaaaa
[2025-08-02 21:10:30,054][inference.model_runners][INFO] - 21:10:30: Timestep 26, current sequence: ???????????????????????????????????????????????????????????????????????????????????????????????????????????aaaaaaaaaaaaaaaaaaa
[2025-08-02 21:10:30,743][inference.model_runners][INFO] - 21:10:30: Timestep 25, current sequence: ???????????????????????????????????????????????????????????????????????????????????????????????????????????aaaaaaaaaaaaaaaaaaa
[2025-08-02 21:10:31,431][inference.model_runners][INFO] - 21:10:31: Timestep 24, current sequence: ???????????????????????????????????????????????????????????????????????????????????????????????????????????aaaaaaaaaaaaaaaaaaa
[2025-08-02 21:10:32,117][inference.model_runners][INFO] - 21:10:32: Timestep 23, current sequence: ???????????????????????????????????????????????????????????????????????????????????????????????????????????aaaaaaaaaaaaaaaaaaa
[2025-08-02 21:10:32,804][inference.model_runners][INFO] - 21:10:32: Timestep 22, current sequence: ???????????????????????????????????????????????????????????????????????????????????????????????????????????aaaaaaaaaaaaaaaaaaa
[2025-08-02 21:10:33,492][inference.model_runners][INFO] - 21:10:33: Timestep 21, current sequence: ???????????????????????????????????????????????????????????????????????????????????????????????????????????aaaaaaaaaaaaaaaaaaa
[2025-08-02 21:10:34,193][inference.model_runners][INFO] - 21:10:34: Timestep 20, current sequence: ?????????????????????????????????????????????????????????G??????????????????????????????????????????G??????aaaaaaaaaaaaaaaaaaa
[2025-08-02 21:10:34,881][inference.model_runners][INFO] - 21:10:34: Timestep 19, current sequence: ???????????????????????????????????????????????????S?????????????????????Q??????????????????????????G??????aaaaaaaaaaaaaaaaaaa
[2025-08-02 21:10:35,567][inference.model_runners][INFO] - 21:10:35: Timestep 18, current sequence: ????????????????S????????????G?????????QQ???S??????GE???EE???????????S??EE????????????????????A???E????????aaaaaaaaaaaaaaaaaaa
[2025-08-02 21:10:36,265][inference.model_runners][INFO] - 21:10:36: Timestep 17, current sequence: ???????????????????????????????????????QS?LAQ????G?SE????????????????G?S?E???Q???????LE??GS??AEQ??Q????????aaaaaaaaaaaaaaaaaaa
[2025-08-02 21:10:36,952][inference.model_runners][INFO] - 21:10:36: Timestep 16, current sequence: ??G???????????????G?????????????G??????E??AE????LGTDA?L????L??????L??G?S?E??SS???????????G?D???????L????L??aaaaaaaaaaaaaaaaaaa
[2025-08-02 21:10:37,653][inference.model_runners][INFO] - 21:10:37: Timestep 15, current sequence: ??S?????????????S?SS?????E??????G??????Q??LEL????LTDA?ALV??????A???????S?S??SS????????EA?GS?????????????L??aaaaaaaaaaaaaaaaaaa
[2025-08-02 21:10:38,340][inference.model_runners][INFO] - 21:10:38: Timestep 14, current sequence: ?????G???????L??S?Q????????????AG??????????E?L???L?EA?A????????AE??A???S?Q??QS?????E??EA?STSA??????????????aaaaaaaaaaaaaaaaaaa
[2025-08-02 21:10:39,026][inference.model_runners][INFO] - 21:10:39: Timestep 13, current sequence: ???GG????????L????S????????L??????????????????A????DA?A?A??????L???L?????E???G?????E??SE?GTSA??????L?????G?aaaaaaaaaaaaaaaaaaa
[2025-08-02 21:10:39,713][inference.model_runners][INFO] - 21:10:39: Timestep 12, current sequence: ???GG????????LL???Q??????Q??????A?L???AA??????A??L?EAEQ?LE???K?L?LLL???DAG??QS??A?VE??EELSTSA?????Q?????LQ?aaaaaaaaaaaaaaaaaaa
[2025-08-02 21:10:40,401][inference.model_runners][INFO] - 21:10:40: Timestep 11, current sequence: ?G??G????????LL???Q??????????Q??A?L?G??A??????A??L??A?A?E???AQ?L?LLV???SAG??SG????LE??EELS?S????????????LQ?aaaaaaaaaaaaaaaaaaa
[2025-08-02 21:10:41,090][inference.model_runners][INFO] - 21:10:41: Timestep 10, current sequence: ???GG????????L??L????????Q???E??A?LAG??A???AL?A??L?DAE??AELLAQ?L?LLV????AG??QS??A??E??EELGTS??A??EEL?E?SLQ?aaaaaaaaaaaaaaaaaaa
[2025-08-02 21:10:41,778][inference.model_runners][INFO] - 21:10:41: Timestep 9, current sequence: ???G?A???????L??S???A???AQ???Q?AA??AG??E??AAL?A????DAEA?AEL?AQ?AELLV???SAG??Q??A???ELLEELGQS??Q??A?L?E?SLQ?aaaaaaaaaaaaaaaaaaa
[2025-08-02 21:10:42,463][inference.model_runners][INFO] - 21:10:42: Timestep 8, current sequence: ???GGA???????L??S?A?A????A???A??A??AG?A???????A??S?DAE??A??AAA?A?A?A????AQ??GQ??A?AALLESLQQ??????????E?SLQ?aaaaaaaaaaaaaaaaaaa
[2025-08-02 21:10:43,164][inference.model_runners][INFO] - 21:10:43: Timestep 7, current sequence: ???G?A???????L??S????A???Q???ALAK?????AE??A???A??L?DAEGAAE?AAA?AA?LA????AQ??SS?AA??ASLES?Q?Q??A??A?????SLQ?aaaaaaaaaaaaaaaaaaa
[2025-08-02 21:10:43,852][inference.model_runners][INFO] - 21:10:43: Timestep 6, current sequence: ???G?A?????L?L??S?A?AAA?AS???ALAK?????AA??????A?LE?QAEQAAEL?AA?AA?LA???GAQ??SS??A??ASLEG?Q?Q?AA??A???E?SLQ?aaaaaaaaaaaaaaaaaaa
[2025-08-02 21:10:44,558][inference.model_runners][INFO] - 21:10:44: Timestep 5, current sequence: ???GQA??A????L??S?A??AA??S???AAAK?L?G??????AL?A?SE??AESAAEAAAA?AA?LAA??GAQ??SS??A?AA?L?G?Q?Q???A?A??LE?SLQEaaaaaaaaaaaaaaaaaaa
[2025-08-02 21:10:45,248][inference.model_runners][INFO] - 21:10:45: Timestep 4, current sequence: ?K?GSA??A??A?L??S????AA?AA??AAAAA?L?G?A????A?AAASL?E?EQAAA??AA?AA??AA??SAQ??SQ?AA?AA?L?S?QSQ?AAA?AGL???LL?Eaaaaaaaaaaaaaaaaaaa
[2025-08-02 21:10:45,935][inference.model_runners][INFO] - 21:10:45: Timestep 3, current sequence: ???GAA????AA????S?KSAAA??AA??A?AE?AAA?A???AA??A?SS?EAEAAAA??AA?AA??AA??KASA?SA??A?AA?A?S?QSQAAAS?AA??SA?L?Kaaaaaaaaaaaaaaaaaaa
[2025-08-02 21:10:46,622][inference.model_runners][INFO] - 21:10:46: Timestep 2, current sequence: ???QSA??????A???S?KS?AA??AA?SAAS??SAA?A?A?S???A??A?EAESA?SA?AA??SLAAA??KAS?ASA??A?AA?A?S?QSQ??AS??A??AS?L?Saaaaaaaaaaaaaaaaaaa
[2025-08-02 21:10:47,319][inference.model_runners][INFO] - 21:10:47: Timestep 1, current sequence: ???AA??????AA???S???AAA??SA??SAS???SS?????SA??AA?A?SAASAAS?AAS?ASA?SA??KSQS?A???S??A?S?S?Q?Q?AAA??A??AS?A?Kaaaaaaaaaaaaaaaaaaa
[2025-08-02 21:10:47,321][__main__][INFO] - Finished design in 0.34 minutes
[2025-08-02 21:10:48,153][__main__][INFO] - design : /home/hwjang/aipd/noahs_ark/piplines/1_diffusion/output/result_2.pdb
[2025-08-02 21:10:48,153][__main__][INFO] - Xt traj: /home/hwjang/aipd/noahs_ark/piplines/1_diffusion/output/traj/result_2_Xt-1_traj.pdb
[2025-08-02 21:10:48,153][__main__][INFO] - X0 traj: /home/hwjang/aipd/noahs_ark/piplines/1_diffusion/output/traj/result_2_pX0_traj.pdb
[2025-08-02 21:10:48,153][__main__][INFO] - Making design output/result_3
[2025-08-02 21:10:48,153][__main__][INFO] - making design 3 of 0:8
[2025-08-02 21:10:48,153][inference.model_runners][INFO] - Using contig: ['100-130']
With this beta schedule (linear schedule, beta_0 = 0.06666666666666667, beta_T = 0.46666666666666673), alpha_bar_T = 6.0550024500116706e-05
Using cached chi_beta_T dictionary.
Done calculating chi_beta_T, chi_alphas_T, and chi_abars_T dictionaries.
[2025-08-02 21:10:48,801][inference.model_runners][INFO] - 21:10:48: Timestep 30, current sequence: ??????????????????????????????????????????????????????????????????????????????????????????????????????????????????????????????aaaaaaaaaaaaaaaaaaa
[2025-08-02 21:10:49,521][inference.model_runners][INFO] - 21:10:49: Timestep 29, current sequence: ??????????????????????????????????????????????????????????????????????????????????????????????????????????????????????????????aaaaaaaaaaaaaaaaaaa
[2025-08-02 21:10:50,240][inference.model_runners][INFO] - 21:10:50: Timestep 28, current sequence: ??????????????????????????????????????????????????????????????????????????????????????????????????????????????????????????????aaaaaaaaaaaaaaaaaaa
[2025-08-02 21:10:50,971][inference.model_runners][INFO] - 21:10:50: Timestep 27, current sequence: ??????????????????????????????????????????????????????????????????????????????????????????????????????????????????????????????aaaaaaaaaaaaaaaaaaa
[2025-08-02 21:10:51,693][inference.model_runners][INFO] - 21:10:51: Timestep 26, current sequence: ??????????????????????????????????????????????????????????????????????????????????????????????????????????????????????????????aaaaaaaaaaaaaaaaaaa
[2025-08-02 21:10:52,415][inference.model_runners][INFO] - 21:10:52: Timestep 25, current sequence: ??????????????????????????????????????????????????????????????????????????????????????????????????????????????????????????????aaaaaaaaaaaaaaaaaaa
[2025-08-02 21:10:53,136][inference.model_runners][INFO] - 21:10:53: Timestep 24, current sequence: ??????????????????????????????????????????????????????????????????????????????????????????????????????????????????????????????aaaaaaaaaaaaaaaaaaa
[2025-08-02 21:10:53,866][inference.model_runners][INFO] - 21:10:53: Timestep 23, current sequence: ??????????????????????????????????????????????????????????????????????????????????????????????????????????????????????????????aaaaaaaaaaaaaaaaaaa
[2025-08-02 21:10:54,597][inference.model_runners][INFO] - 21:10:54: Timestep 22, current sequence: ??????????????????????????????????????????????????????????????????????????????????????????????????????????????????????????????aaaaaaaaaaaaaaaaaaa
[2025-08-02 21:10:55,316][inference.model_runners][INFO] - 21:10:55: Timestep 21, current sequence: ??????????????????????????????????????????????????????????????????????????????????????????????????????????????????????????????aaaaaaaaaaaaaaaaaaa
[2025-08-02 21:10:56,036][inference.model_runners][INFO] - 21:10:56: Timestep 20, current sequence: ??????????????????????????????????????????????????????????????????????????????????????????????????????????????????????????????aaaaaaaaaaaaaaaaaaa
[2025-08-02 21:10:56,771][inference.model_runners][INFO] - 21:10:56: Timestep 19, current sequence: ??E????????????????Q????????????????????????G???????????????????????????????????GG?????????????????????????D??????????????????aaaaaaaaaaaaaaaaaaa
[2025-08-02 21:10:57,494][inference.model_runners][INFO] - 21:10:57: Timestep 18, current sequence: ??E?????????????????????????????????????????G????????????????????G???????????G??SE????????????????????????????G???????????????aaaaaaaaaaaaaaaaaaa
[2025-08-02 21:10:58,224][inference.model_runners][INFO] - 21:10:58: Timestep 17, current sequence: ?EEL???????????????S?????G??????????????????G?G??????????????????S?????S?????Q??S???????T?????????????A??????E???E??????AEL???aaaaaaaaaaaaaaaaaaa
[2025-08-02 21:10:58,943][inference.model_runners][INFO] - 21:10:58: Timestep 16, current sequence: ?EGL?????????????SSG?????S????E????????L???????????????????????????S?LG??????GG?TE????????????L???????AL?????S??????????ELL???aaaaaaaaaaaaaaaaaaa
[2025-08-02 21:10:59,676][inference.model_runners][INFO] - 21:10:59: Timestep 15, current sequence: ?AEL??????????S?S?EE?????S??G?ES???????L??????????????????LL????G??S?LGS?????GG?SA???????L???LL???S??AEL?AQS?S?A????????ELL???aaaaaaaaaaaaaaaaaaa
[2025-08-02 21:11:00,396][inference.model_runners][INFO] - 21:11:00: Timestep 14, current sequence: ?AE?????????????G??G??A???GG??E??L?????L????SDE???????L???L?????G???SA???????GS?SA???Q???????L???GAA?AQL?GQSLT??????????E?L???aaaaaaaaaaaaaaaaaaa
[2025-08-02 21:11:01,119][inference.model_runners][INFO] - 21:11:01: Timestep 13, current sequence: ?EG????L?A?????GLSAG??A???G???A??????L??????SDG???????L???LA????G?????GS???Q?GG?SG????????LL?L??S?AALEE??A?S?TT?????L?????LLG?aaaaaaaaaaaaaaaaaaa
[2025-08-02 21:11:01,850][inference.model_runners][INFO] - 21:11:01: Timestep 12, current sequence: ?????????A??LS??Q?AQ??A???E???SS?????L??????S?E????????????AQ???G?????????AQLGQ?QA?????????L?L?????A?EALLA?G?TTA?A??L???A?L?G?aaaaaaaaaaaaaaaaaaa
[2025-08-02 21:11:02,573][inference.model_runners][INFO] - 21:11:02: Timestep 11, current sequence: ??????E??A??LS????AE??AQ??E???GA?????L??????S?E????????????A???QG????L????AQLQQ?TA????????LL????SAA??AALLA?G?TS????????LA?LLQ?aaaaaaaaaaaaaaaaaaa
[2025-08-02 21:11:03,291][inference.model_runners][INFO] - 21:11:03: Timestep 10, current sequence: ??????E??????S??K?AE??AQ??K???GA?????L??????K?A??????????L?A??L?G?A??LA???AQLQQ?QA????????L????L?AA?LEALLA?G??S?????????A?LLE?aaaaaaaaaaaaaaaaaaa
[2025-08-02 21:11:04,022][inference.model_runners][INFO] - 21:11:04: Timestep 9, current sequence: ?EA??AA??????S??ASAA??????EQLQGA????LA????S?K?A?????A????L?A????G?A???A?????LQQ??A?????LL?LL???L?AA?LAALAE?G?Q???A??????A?LL??aaaaaaaaaaaaaaaaaaa
[2025-08-02 21:11:04,744][inference.model_runners][INFO] - 21:11:04: Timestep 8, current sequence: ?AAA?AAL?????S??L?AA??????AQLAGA??A?LA????S?K?A?????A??AAL?AA???G?A???A??A??LQQ??E????????LL???LVAA?LAEL?A?G?Q???A??A???A?L?G?aaaaaaaaaaaaaaaaaaa
[2025-08-02 21:11:05,479][inference.model_runners][INFO] - 21:11:05: Timestep 7, current sequence: ?AAAAAALA????S??A?A???????AQLAGA??A??A????S?S?L?????A??AAL?AAAL?GV??S?A??AA??QQ??EA??AA?A?LL???LSAG?LAEL???G?Q?L??A?A?A?ALLL?Saaaaaaaaaaaaaaaaaaa
[2025-08-02 21:11:06,201][inference.model_runners][INFO] - 21:11:06: Timestep 6, current sequence: ?AAA?AALA??L?Q??ASAA???A??AQLAGA??A??AA???S?K?A?????A??AALLAA??QGQ??Q?A??AS??QQ??EA??AA?A?LL????AAAQAA???A?G?Q?L?AAA?LAAALAA?Saaaaaaaaaaaaaaaaaaa
[2025-08-02 21:11:06,933][inference.model_runners][INFO] - 21:11:06: Timestep 5, current sequence: ?AAA?AA?A??L?Q????AA??????AAL?GQ??A??????ASLS?A?A???AA?AAL?AAALQGQV???A??AS??QQ?SEA?AAA?A?LL???ASAASAAE??A?G???LA?AA?A????AA?Saaaaaaaaaaaaaaaaaaa
[2025-08-02 21:11:07,655][inference.model_runners][INFO] - 21:11:07: Timestep 4, current sequence: ?AAAAAA?AA?AAQ??KSAA??????AAL?GA?AA??A??AA??KSA?AA??AA?A??AAAAAQGS????A??AA??QQ??AA?AA?A??LLA??ASAASA?A????G???AA??A?SA??AAA?Saaaaaaaaaaaaaaaaaaa
[2025-08-02 21:11:08,387][inference.model_runners][INFO] - 21:11:08: Timestep 3, current sequence: ?AAGASA?AA???Q??ASAE???S???SL?GQ?AA??AA?????KSA?S???AA??A?AAA??KGQQ???A???A??EA??AA?AA??A??LA???SASAA?S??A?G???AASAA?????AAAK?aaaaaaaaaaaaaaaaaaa
[2025-08-02 21:11:09,108][inference.model_runners][INFO] - 21:11:09: Timestep 2, current sequence: ?AAA?A??AAA?SAA?KSAE???SA?ASL?GS?AAAAAAA?S?AKSGAAS??AA?AASAAAAAKKSQ???A??AA??ES??AA??AS?AA?AAAA?S?ASAASA?K?G???AAAAA??AAAAAAA?aaaaaaaaaaaaaaaaaaa
[2025-08-02 21:11:09,831][inference.model_runners][INFO] - 21:11:09: Timestep 1, current sequence: ?AAA?AS??A??ASA?KSAS???SAAAAA?GS??S??SAA?S?AKSA??A??A??AAA??S??KEAA???A???K?SSQ?KEA??A??AA?ASA?AS?AAAAS??SAR?Q?AAAAA?SA?AAAAK?aaaaaaaaaaaaaaaaaaa
[2025-08-02 21:11:09,833][__main__][INFO] - Finished design in 0.36 minutes
[2025-08-02 21:11:10,832][__main__][INFO] - design : /home/hwjang/aipd/noahs_ark/piplines/1_diffusion/output/result_3.pdb
[2025-08-02 21:11:10,832][__main__][INFO] - Xt traj: /home/hwjang/aipd/noahs_ark/piplines/1_diffusion/output/traj/result_3_Xt-1_traj.pdb
[2025-08-02 21:11:10,832][__main__][INFO] - X0 traj: /home/hwjang/aipd/noahs_ark/piplines/1_diffusion/output/traj/result_3_pX0_traj.pdb
[2025-08-02 21:11:10,832][__main__][INFO] - Making design output/result_4
[2025-08-02 21:11:10,832][__main__][INFO] - making design 4 of 0:8
[2025-08-02 21:11:10,833][inference.model_runners][INFO] - Using contig: ['100-130']
With this beta schedule (linear schedule, beta_0 = 0.06666666666666667, beta_T = 0.46666666666666673), alpha_bar_T = 6.0550024500116706e-05
Using cached chi_beta_T dictionary.
Done calculating chi_beta_T, chi_alphas_T, and chi_abars_T dictionaries.
[2025-08-02 21:11:11,451][inference.model_runners][INFO] - 21:11:11: Timestep 30, current sequence: ?????????????????????????????????????????????????????????????????????????????????????????????????????????aaaaaaaaaaaaaaaaaaa
[2025-08-02 21:11:12,146][inference.model_runners][INFO] - 21:11:12: Timestep 29, current sequence: ?????????????????????????????????????????????????????????????????????????????????????????????????????????aaaaaaaaaaaaaaaaaaa
[2025-08-02 21:11:12,830][inference.model_runners][INFO] - 21:11:12: Timestep 28, current sequence: ?????????????????????????????????????????????????????????????????????????????????????????????????????????aaaaaaaaaaaaaaaaaaa
[2025-08-02 21:11:13,514][inference.model_runners][INFO] - 21:11:13: Timestep 27, current sequence: ?????????????????????????????????????????????????????????????????????????????????????????????????????????aaaaaaaaaaaaaaaaaaa
[2025-08-02 21:11:14,211][inference.model_runners][INFO] - 21:11:14: Timestep 26, current sequence: ?????????????????????????????????????????????????????????????????????????????????????????????????????????aaaaaaaaaaaaaaaaaaa
[2025-08-02 21:11:14,899][inference.model_runners][INFO] - 21:11:14: Timestep 25, current sequence: ?????????????????????????????????????????????????????????????????????????????????????????????????????????aaaaaaaaaaaaaaaaaaa
[2025-08-02 21:11:15,596][inference.model_runners][INFO] - 21:11:15: Timestep 24, current sequence: ?????????????????????????????????????????????????????????????????????????????????????????????????????????aaaaaaaaaaaaaaaaaaa
[2025-08-02 21:11:16,282][inference.model_runners][INFO] - 21:11:16: Timestep 23, current sequence: ?????????????????????????????????????????????????????????????????????????????????????????????????????????aaaaaaaaaaaaaaaaaaa
[2025-08-02 21:11:16,976][inference.model_runners][INFO] - 21:11:16: Timestep 22, current sequence: ?????????????????????????????????????????????????????????????????????????????????????????????????????????aaaaaaaaaaaaaaaaaaa
[2025-08-02 21:11:17,661][inference.model_runners][INFO] - 21:11:17: Timestep 21, current sequence: ?????????????????????????????????????????????????????????????????????????????????????????????????????????aaaaaaaaaaaaaaaaaaa
[2025-08-02 21:11:18,359][inference.model_runners][INFO] - 21:11:18: Timestep 20, current sequence: ?????????????????????????????????????????????????????????????????????????????????????????????????????????aaaaaaaaaaaaaaaaaaa
[2025-08-02 21:11:19,044][inference.model_runners][INFO] - 21:11:19: Timestep 19, current sequence: ????????????????????????????????????????G????????????????G??G????????????????????????????E???????????????aaaaaaaaaaaaaaaaaaa
[2025-08-02 21:11:19,729][inference.model_runners][INFO] - 21:11:19: Timestep 18, current sequence: ???????????????GG???E???????????????????G?L??????????????G??G???E???E???G????????????????????????????????aaaaaaaaaaaaaaaaaaa
[2025-08-02 21:11:20,416][inference.model_runners][INFO] - 21:11:20: Timestep 17, current sequence: ??????S???G?GGG?G???E????GG?????????G?????L????????????S??G?E?L??????????LLE?????ES??????Q??E????????????aaaaaaaaaaaaaaaaaaa
[2025-08-02 21:11:21,101][inference.model_runners][INFO] - 21:11:21: Timestep 16, current sequence: ??QLLEG?????G???SSALEE????????????L?E?????LE??AG??????????Q?S?????????????L??????E?????????G?????????????aaaaaaaaaaaaaaaaaaa
[2025-08-02 21:11:21,785][inference.model_runners][INFO] - 21:11:21: Timestep 15, current sequence: ??Q???G?????G???S??AE?????????????L?G?L???LE???S??E???????Q?Q????????????L?EA??E?EG??E???????????????????aaaaaaaaaaaaaaaaaaa
[2025-08-02 21:11:22,472][inference.model_runners][INFO] - 21:11:22: Timestep 14, current sequence: ??Q???G??GGLGS??G?SAE??????G???GT?L???L???LE???A??AQ???L??G?Q????????????L?EG?SESAA??E???Q????????????LK?aaaaaaaaaaaaaaaaaaa
[2025-08-02 21:11:23,157][inference.model_runners][INFO] - 21:11:23: Timestep 13, current sequence: ??Q?L?G???GLG???S??????????G????T?????L???LA?S?E??A????L??G?Q?A????????????QS??S?AA??E?????????LE??AE??K?aaaaaaaaaaaaaaaaaaa
[2025-08-02 21:11:23,852][inference.model_runners][INFO] - 21:11:23: Timestep 12, current sequence: ??QAL????G?LG???S??????????G????G??????A??LA?LAE??AE??EL??Q?Q?L?A????????L?ES?SEG?A?AA??AQ??GQ?LE??A?????aaaaaaaaaaaaaaaaaaa
[2025-08-02 21:11:24,535][inference.model_runners][INFO] - 21:11:24: Timestep 11, current sequence: ??G?????LE?LAQ??S??????????G????TTL???LA???A?LQE??A????L??S?E?A?????????GLLE??SEQ?A?AA??KEA?G?LLE?LA???QKaaaaaaaaaaaaaaaaaaa
[2025-08-02 21:11:25,219][inference.model_runners][INFO] - 21:11:25: Timestep 10, current sequence: ??Q???Q?LE??AG??GT?????????G?Q????L?A?LE???ALLQE??A????L??S?E?L?A??A?????LL???DEQ?A??A???QA?A?LLA?LA??KQKaaaaaaaaaaaaaaaaaaa
[2025-08-02 21:11:25,916][inference.model_runners][INFO] - 21:11:25: Timestep 9, current sequence: ??Q???A?LE??GS??GT??????E??G?K?QT?L?A??AA?LA?LAE??E????L??S???L????A????A?A???DEE?A???????A?A??LA?LAA?LQEaaaaaaaaaaaaaaaaaaa
[2025-08-02 21:11:26,603][inference.model_runners][INFO] - 21:11:26: Timestep 8, current sequence: ?GG?????AE??AS??S??????LE??G?E?QT?L???LEA??A?LAE??AA?AEL??S?E?GAA??L????A?A?S?SEG?A??????QA?A??LA?LAA?LK?aaaaaaaaaaaaaaaaaaa
[2025-08-02 21:11:27,287][inference.model_runners][INFO] - 21:11:27: Timestep 7, current sequence: ?QG?????AE??AS??S??????ASA?G?E?QS?L???LAA?LA??AE??A??AEA??S???A?A???A???A???S?SES?A???????A?A??LA?LAA?LK?aaaaaaaaaaaaaaaaaaa
[2025-08-02 21:11:27,983][inference.model_runners][INFO] - 21:11:27: Timestep 6, current sequence: ?QG??A??LEA?AS??E???????EA?Q?SLQS?L???LSAA?Q??AEA?AA?AEA??G???G?AA?AA?L?A?A?S?SEQ?A???????A?A??AA?LAA?AE?aaaaaaaaaaaaaaaaaaa
[2025-08-02 21:11:28,667][inference.model_runners][INFO] - 21:11:28: Timestep 5, current sequence: ?QG??AA?AAS?AS??S?QAAA?AA??A?S?QS?????L?AA?A??AAAAAAAASA??S?QSA?????A?L?A?AAS?AES?A???????A?AA?AA?LAAA?E?aaaaaaaaaaaaaaaaaaa
[2025-08-02 21:11:29,363][inference.model_runners][INFO] - 21:11:29: Timestep 4, current sequence: ?QG?A?A??AS?ASA?S?QAAA?AA??K?S?K????A?LAAA?A?LAE??AAAASA??S?E?A??A??????A??AS?SES?A???????A?AA?AA?LAA??E?aaaaaaaaaaaaaaaaaaa
[2025-08-02 21:11:30,050][inference.model_runners][INFO] - 21:11:30: Timestep 3, current sequence: ?KQ?A????AS?ASA?S???AA?AA??K?S??????A???A??A?AAEA?AAAASAA?K?KQAAAS??A?L?A?A?S?SEE?A???????A?AA?AAS?ASAAESaaaaaaaaaaaaaaaaaaa
[2025-08-02 21:11:30,736][inference.model_runners][INFO] - 21:11:30: Timestep 2, current sequence: ?KQS??A??AA?SSA?S?S??A?AA??K?Q??????S??AA??A?ASAA?SS??S??ASASQ?A?A?AA???A???S??ES?A??S????A?AA?AAS?ASAA?Saaaaaaaaaaaaaaaaaaa
[2025-08-02 21:11:31,422][inference.model_runners][INFO] - 21:11:31: Timestep 1, current sequence: ?KQS?????SA?ASA?A???AAASAS?K?QA?G???S?A?SA???AAEA?S?AAS???SASSAA?A?AA???A??SS?KEA?A?AA????A?A???KSAAAA?KSaaaaaaaaaaaaaaaaaaa
[2025-08-02 21:11:31,424][__main__][INFO] - Finished design in 0.34 minutes
[2025-08-02 21:11:32,253][__main__][INFO] - design : /home/hwjang/aipd/noahs_ark/piplines/1_diffusion/output/result_4.pdb
[2025-08-02 21:11:32,253][__main__][INFO] - Xt traj: /home/hwjang/aipd/noahs_ark/piplines/1_diffusion/output/traj/result_4_Xt-1_traj.pdb
[2025-08-02 21:11:32,253][__main__][INFO] - X0 traj: /home/hwjang/aipd/noahs_ark/piplines/1_diffusion/output/traj/result_4_pX0_traj.pdb
[2025-08-02 21:11:32,254][__main__][INFO] - Making design output/result_5
[2025-08-02 21:11:32,254][__main__][INFO] - making design 5 of 0:8
[2025-08-02 21:11:32,254][inference.model_runners][INFO] - Using contig: ['100-130']
With this beta schedule (linear schedule, beta_0 = 0.06666666666666667, beta_T = 0.46666666666666673), alpha_bar_T = 6.0550024500116706e-05
Using cached chi_beta_T dictionary.
Done calculating chi_beta_T, chi_alphas_T, and chi_abars_T dictionaries.
[2025-08-02 21:11:32,905][inference.model_runners][INFO] - 21:11:32: Timestep 30, current sequence: ???????????????????????????????????????????????????????????????????????????????????????????????????????????????????????????????aaaaaaaaaaaaaaaaaaa
[2025-08-02 21:11:33,627][inference.model_runners][INFO] - 21:11:33: Timestep 29, current sequence: ???????????????????????????????????????????????????????????????????????????????????????????????????????????????????????????????aaaaaaaaaaaaaaaaaaa
[2025-08-02 21:11:34,349][inference.model_runners][INFO] - 21:11:34: Timestep 28, current sequence: ???????????????????????????????????????????????????????????????????????????????????????????????????????????????????????????????aaaaaaaaaaaaaaaaaaa
[2025-08-02 21:11:35,081][inference.model_runners][INFO] - 21:11:35: Timestep 27, current sequence: ???????????????????????????????????????????????????????????????????????????????????????????????????????????????????????????????aaaaaaaaaaaaaaaaaaa
[2025-08-02 21:11:35,806][inference.model_runners][INFO] - 21:11:35: Timestep 26, current sequence: ???????????????????????????????????????????????????????????????????????????????????????????????????????????????????????????????aaaaaaaaaaaaaaaaaaa
[2025-08-02 21:11:36,528][inference.model_runners][INFO] - 21:11:36: Timestep 25, current sequence: ???????????????????????????????????????????????????????????????????????????????????????????????????????????????????????????????aaaaaaaaaaaaaaaaaaa
[2025-08-02 21:11:37,251][inference.model_runners][INFO] - 21:11:37: Timestep 24, current sequence: ???????????????????????????????????????????????????????????????????????????????????????????????????????????????????????????????aaaaaaaaaaaaaaaaaaa
[2025-08-02 21:11:37,974][inference.model_runners][INFO] - 21:11:37: Timestep 23, current sequence: ???????????????????????????????????????????????????????????????????????????????????????????????????????????????????????????????aaaaaaaaaaaaaaaaaaa
[2025-08-02 21:11:38,707][inference.model_runners][INFO] - 21:11:38: Timestep 22, current sequence: ???????????????????????????????????????????????????????????????????????????????????????????????????????????????????????????????aaaaaaaaaaaaaaaaaaa
[2025-08-02 21:11:39,428][inference.model_runners][INFO] - 21:11:39: Timestep 21, current sequence: ???????????????????????????????????????????????????????????????????????????????????????????????????????????????????????????????aaaaaaaaaaaaaaaaaaa
[2025-08-02 21:11:40,151][inference.model_runners][INFO] - 21:11:40: Timestep 20, current sequence: ?????????????????G?Q?????????????????????????????????S???????????????G???????E???????????????????????????????????G?????????????aaaaaaaaaaaaaaaaaaa
[2025-08-02 21:11:40,887][inference.model_runners][INFO] - 21:11:40: Timestep 19, current sequence: S??????????E????GQ?Q?????????????S????S?????????????Q????????E??L????????????E??????????Q??????????????????????????????????????aaaaaaaaaaaaaaaaaaa
[2025-08-02 21:11:41,610][inference.model_runners][INFO] - 21:11:41: Timestep 18, current sequence: S??????????E?SQ?GG?Q?????????GG??S????S?????????V???QS???????EG?LA?????????????????????????????????????????????????????????????aaaaaaaaaaaaaaaaaaa
[2025-08-02 21:11:42,343][inference.model_runners][INFO] - 21:11:42: Timestep 17, current sequence: ?????L?????E??Q??E?QG????????G???SG???T???????L?T?L??S?V?EG?VEG?L????Q??????TE??????????????????????L???????????Q????Q??????S??aaaaaaaaaaaaaaaaaaa
[2025-08-02 21:11:43,068][inference.model_runners][INFO] - 21:11:43: Timestep 16, current sequence: ?V???L???Q?S??Q??GGQG??G???Q??G??SG?S?S????S???LL?V?QQ?SLE??EEG???T?????????EEE????????????L?????????L??????????SG?????????????aaaaaaaaaaaaaaaaaaa
[2025-08-02 21:11:43,798][inference.model_runners][INFO] - 21:11:43: Timestep 15, current sequence: ?V?V?L?Q?S?T?EQ?LGGQG??GE??K?????SG?S?T?S??GT???VLQ??S?SLE??LES??AQ??A???????E??????????????????????L???????????SGG??E??S??????aaaaaaaaaaaaaaaaaaa
[2025-08-02 21:11:44,521][inference.model_runners][INFO] - 21:11:44: Timestep 14, current sequence: ?VLV?L?V?Q??SAQ?LQGQGGGGE??EL?G??SS?S?SAG??GG??LVLQ??SLTLE??LE?SAAQ??ALLQK??TVE?????????????QA???LA?LL??????L?Q?SGG??E??S???S??aaaaaaaaaaaaaaaaaaa
[2025-08-02 21:11:45,245][inference.model_runners][INFO] - 21:11:45: Timestep 13, current sequence: ?VLV?L?V?Q??G?Q??Q?GGSAG???ELL???SS???TLGS??GG?LV?V??GLTLE??LE?SA????A???K??TVE?????????V??LQL??SLA?LL??????L???SGG??E??T???T??aaaaaaaaaaaaaaaaaaa
[2025-08-02 21:11:45,968][inference.model_runners][INFO] - 21:11:45: Timestep 12, current sequence: ?TLV?L??LE?Q?GQL?QGQ?TAG??A?L????SS???TLG?E?QG?LL?QL?G?QLE??LE?S?????A??AK??EAE????????????LQA??SAA?LL????ELL?G?SGG??E????L?T??aaaaaaaaaaaaaaaaaaa
[2025-08-02 21:11:46,692][inference.model_runners][INFO] - 21:11:46: Timestep 11, current sequence: ?V?V?L???E?TSQQ??QST?TAG???Q?????KS?T?T?G?E?G???V??L?G?QL?Q?LG?S?A???A??AA??SLE????????L???LQ???TAA?LL???LE?L????GS?LKS???L?T??aaaaaaaaaaaaaaaaaaa
[2025-08-02 21:11:47,425][inference.model_runners][INFO] - 21:11:47: Timestep 10, current sequence: ?V?V?L??LS?QDQQ??QGTTTAQ???Q??K??KS?T?T?G?E?G???L??L?G?QL???LE?S??Q??E??AA??SEE????????LE??LQ???SAA?LLQLLLELL????GS?LKS???L????aaaaaaaaaaaaaaaaaaa
[2025-08-02 21:11:48,145][inference.model_runners][INFO] - 21:11:48: Timestep 9, current sequence: ?V?V?VL??S?TGQQ??QSQ?TAQ???EL?K??KS?T?T?G?E?G???L?TLTG?QA??LQE?Q??Q??A???K???GE????????L???LQL??SLT?A??LLLE?L?S??GS??KS???S?TT?aaaaaaaaaaaaaaaaaaa
[2025-08-02 21:11:48,869][inference.model_runners][INFO] - 21:11:48: Timestep 8, current sequence: ?V?VLL???K?EGQQ??QL??TAQ?LA?L????KS?T?T?G?E???????QLTGLQA??LEG?Q?AQ??A??AKL?SQE??A?????????LQ???SATGA??QLLE?L?S??GST?KS???V?TE?aaaaaaaaaaaaaaaaaaa
[2025-08-02 21:11:49,603][inference.model_runners][INFO] - 21:11:49: Timestep 7, current sequence: ???VLT???K?E?GQ??QL?LTAQ?LAAL?E??KS?T?S?G???????T?QLTGL?L?SLQG?S?AQA?AA?AKL?SSE???????LL?L?LS???SLTGA?AQLLEA??S??G?TMKS?Q?V?TS?aaaaaaaaaaaaaaaaaaa
[2025-08-02 21:11:50,324][inference.model_runners][INFO] - 21:11:50: Timestep 6, current sequence: ???V?L???Q?E?GQ??QQ??SAQ??AQL?E??TS?Q?S?G??????L??QLTG??A???EG?S?AQL?AA?AA??SGE??AA?A??L????SL??SAA???AAL?AA?QS??G?T?QS?Q?S????aaaaaaaaaaaaaaaaaaa
[2025-08-02 21:11:51,055][inference.model_runners][INFO] - 21:11:51: Timestep 5, current sequence: ?S?VLV???Q?E?GQ??Q???SAQL?AQ?????TG?S?S?G?E??S?LQ?QLTG??AE?L?S?K?AAA?A???AS?SGQ?AAA?A??????SQ???SL????AA?AAAL?S??G?TMQA?Q?S?T??aaaaaaaaaaaaaaaaaaa
[2025-08-02 21:11:51,778][inference.model_runners][INFO] - 21:11:51: Timestep 4, current sequence: ?SLVLS???K?K?GQ?LQ???SAA?AAA??E??T??S?Q?G?E??G?LQ?Q??GL?AAS?SQ?K?A?A?A??AA??KGA?AA??AA??AA??S?A?SLA?A?SA?AA??QA??G?S?K??Q?S?S??aaaaaaaaaaaaaaaaaaa
[2025-08-02 21:11:52,501][inference.model_runners][INFO] - 21:11:52: Timestep 3, current sequence: ?S?SLQL??Q?KSAS??Q???KAS?AAAA?KS?SG?S?S?G?E??G??S?Q??SL?AAS?AQ?K?AS??A???A??KS???AA?AA??AA?AS?A?S?????AALAA?L?A??G??????Q?S?S??aaaaaaaaaaaaaaaaaaa
[2025-08-02 21:11:53,236][inference.model_runners][INFO] - 21:11:53: Timestep 2, current sequence: SS?SL?L??S??SGQA?S???KAS???S??KS??A?SAS?G????SS?SSQ??S?S?AS?AQ?Q??AA?S??AA??KE?ASAA?AA??AA?AS?A?SA?SAAAA??S?L?S??K?Q?KA?S?S????aaaaaaaaaaaaaaaaaaa
[2025-08-02 21:11:53,972][inference.model_runners][INFO] - 21:11:53: Timestep 1, current sequence: ?S?S?S???K?KSGQA?S???KAS??AA?S?S??A?S?S?G?K?????S?Q??S?S?AS?SQ?K?SA??S??SAS?SQ?A?AS?AS???S?AQ??SSA?SAAAA?ASA??S??K?S?SA?S?S?S??aaaaaaaaaaaaaaaaaaa
[2025-08-02 21:11:53,973][__main__][INFO] - Finished design in 0.36 minutes
[2025-08-02 21:11:54,986][__main__][INFO] - design : /home/hwjang/aipd/noahs_ark/piplines/1_diffusion/output/result_5.pdb
[2025-08-02 21:11:54,986][__main__][INFO] - Xt traj: /home/hwjang/aipd/noahs_ark/piplines/1_diffusion/output/traj/result_5_Xt-1_traj.pdb
[2025-08-02 21:11:54,986][__main__][INFO] - X0 traj: /home/hwjang/aipd/noahs_ark/piplines/1_diffusion/output/traj/result_5_pX0_traj.pdb
[2025-08-02 21:11:54,986][__main__][INFO] - Making design output/result_6
[2025-08-02 21:11:54,986][__main__][INFO] - making design 6 of 0:8
[2025-08-02 21:11:54,986][inference.model_runners][INFO] - Using contig: ['100-130']
With this beta schedule (linear schedule, beta_0 = 0.06666666666666667, beta_T = 0.46666666666666673), alpha_bar_T = 6.0550024500116706e-05
Using cached chi_beta_T dictionary.
Done calculating chi_beta_T, chi_alphas_T, and chi_abars_T dictionaries.
[2025-08-02 21:11:55,601][inference.model_runners][INFO] - 21:11:55: Timestep 30, current sequence: ?????????????????????????????????????????????????????????????????????????????????????????????????????????????aaaaaaaaaaaaaaaaaaa
[2025-08-02 21:11:56,293][inference.model_runners][INFO] - 21:11:56: Timestep 29, current sequence: ?????????????????????????????????????????????????????????????????????????????????????????????????????????????aaaaaaaaaaaaaaaaaaa
[2025-08-02 21:11:56,984][inference.model_runners][INFO] - 21:11:56: Timestep 28, current sequence: ?????????????????????????????????????????????????????????????????????????????????????????????????????????????aaaaaaaaaaaaaaaaaaa
[2025-08-02 21:11:57,685][inference.model_runners][INFO] - 21:11:57: Timestep 27, current sequence: ?????????????????????????????????????????????????????????????????????????????????????????????????????????????aaaaaaaaaaaaaaaaaaa
[2025-08-02 21:11:58,374][inference.model_runners][INFO] - 21:11:58: Timestep 26, current sequence: ?????????????????????????????????????????????????????????????????????????????????????????????????????????????aaaaaaaaaaaaaaaaaaa
[2025-08-02 21:11:59,075][inference.model_runners][INFO] - 21:11:59: Timestep 25, current sequence: ?????????????????????????????????????????????????????????????????????????????????????????????????????????????aaaaaaaaaaaaaaaaaaa
[2025-08-02 21:11:59,765][inference.model_runners][INFO] - 21:11:59: Timestep 24, current sequence: ?????????????????????????????????????????????????????????????????????????????????????????????????????????????aaaaaaaaaaaaaaaaaaa
[2025-08-02 21:12:00,471][inference.model_runners][INFO] - 21:12:00: Timestep 23, current sequence: ?????????????????????????????????????????????????????????????????????????????????????????????????????????????aaaaaaaaaaaaaaaaaaa
[2025-08-02 21:12:01,161][inference.model_runners][INFO] - 21:12:01: Timestep 22, current sequence: ?????????????????????????????????????????????????????????????????????????????????????????????????????????????aaaaaaaaaaaaaaaaaaa
[2025-08-02 21:12:01,861][inference.model_runners][INFO] - 21:12:01: Timestep 21, current sequence: ????????????????????????????????????????????????????????????????????????????????????????????E????????????????aaaaaaaaaaaaaaaaaaa
[2025-08-02 21:12:02,550][inference.model_runners][INFO] - 21:12:02: Timestep 20, current sequence: ???????????????????????????????????????????????????????????????G??E??????????????????????????????????????????aaaaaaaaaaaaaaaaaaa
[2025-08-02 21:12:03,252][inference.model_runners][INFO] - 21:12:03: Timestep 19, current sequence: ?????G???????????????????????????G????????????????????????????E???E??????????????G???????????????????????????aaaaaaaaaaaaaaaaaaa
[2025-08-02 21:12:03,945][inference.model_runners][INFO] - 21:12:03: Timestep 18, current sequence: ???????E????G????????????????G???????????????????????????????QE??????????????????GG???S?????E????????????????aaaaaaaaaaaaaaaaaaa
[2025-08-02 21:12:04,636][inference.model_runners][INFO] - 21:12:04: Timestep 17, current sequence: ???AQ??S???GG?????E?????L????G?Q????????????????????????????????S???????????G?????GGS?S??????????????????????aaaaaaaaaaaaaaaaaaa
[2025-08-02 21:12:05,336][inference.model_runners][INFO] - 21:12:05: Timestep 16, current sequence: ???AE??S???SG??????????LL?S?QG?Q????????????????????????????????S?E?????????GGG??S?SS?S?T?????????????LE?????aaaaaaaaaaaaaaaaaaa
[2025-08-02 21:12:06,025][inference.model_runners][INFO] - 21:12:06: Timestep 15, current sequence: ???AE?LS???GGL??????????????EG?Q?TA???L???????SG????????????????SAE?????L???G????SL???G?????????????L?LA???G?aaaaaaaaaaaaaaaaaaa
[2025-08-02 21:12:06,727][inference.model_runners][INFO] - 21:12:06: Timestep 14, current sequence: ???AE??Q???AE???????????L????GLQ?SAE??L???????SQ?????????????KQ?SAQ?????L??LGS?G?SL???G?Q?TA??????L?Q?L??????aaaaaaaaaaaaaaaaaaa
[2025-08-02 21:12:07,417][inference.model_runners][INFO] - 21:12:07: Timestep 13, current sequence: ???AQ??S???GQ??????????LLQ??EGLQ??A????????????G?????????L???QQ?SAQ?????????LS?G??????G?Q?TAE??L??????L??????aaaaaaaaaaaaaaaaaaa
[2025-08-02 21:12:08,105][inference.model_runners][INFO] - 21:12:08: Timestep 12, current sequence: ???AA??S???EQ???TA???A??LQL?EGLQ??AA??QQ?????LQGQ?????A???EL?LQ?SAQ?????????LS?G??????G?Q?SAE??A???LQ?L??????aaaaaaaaaaaaaaaaaaa
[2025-08-02 21:12:08,806][inference.model_runners][INFO] - 21:12:08: Timestep 11, current sequence: ???AQ??EQ??E????TA???A???A???G?Q??AA??AQ???A?LQGQ?????????ELLKQ?SAQ??E??????L??G??????G???S?E??A???AQ?LA?????aaaaaaaaaaaaaaaaaaa
[2025-08-02 21:12:09,499][inference.model_runners][INFO] - 21:12:09: Timestep 10, current sequence: ???AQ??EQ??EG???T????????A???G?Q??AE??AQ?????L?GQ????????L?L?LQ?SAQ???E?????L?????????G???S?E??A???AQ???????Saaaaaaaaaaaaaaaaaaa
[2025-08-02 21:12:10,200][inference.model_runners][INFO] - 21:12:10: Timestep 9, current sequence: ???GQ??E???KQ???TA???????A???GLQ??AA??AQ???????GQ????????????SQ?SAE??VE?????L????G???GG???QAQ??????A????????Saaaaaaaaaaaaaaaaaaa
[2025-08-02 21:12:10,889][inference.model_runners][INFO] - 21:12:10: Timestep 8, current sequence: ???EQ??E???KS???TAA??????E??SGLQ??AA??AA??A??L?GQ?????A????L?SA?SAE???E?LE??LT?G??????G???QAQ??????L???A??L?Saaaaaaaaaaaaaaaaaaa
[2025-08-02 21:12:11,582][inference.model_runners][INFO] - 21:12:11: Timestep 7, current sequence: ???EQ??QS??EQ???TAA???ALL???SGLQ??EA??AQALA??L?G??????A??L???GQ?SAA??AEL?E??L??G?G???KS???QAE??????AQ??A??L?Eaaaaaaaaaaaaaaaaaaa
[2025-08-02 21:12:12,286][inference.model_runners][INFO] - 21:12:12: Timestep 6, current sequence: ???EQA?AS??KQ???SAA?L?A?????SG?Q??EA??AS??A??LSGQ?????A??????SQ?SAE??AE?????L?GG?S???KS???DAE??????A???AA?L?Eaaaaaaaaaaaaaaaaaaa
[2025-08-02 21:12:12,976][inference.model_runners][INFO] - 21:12:12: Timestep 5, current sequence: ???EQ??AS??KQ????AEAL?A??E??GSLQ?SEA?AAQ??AA??SGQ?????A??L???SE?SAE???QL?A?????S?Q???KS?Q?QAE??????A???AL?S?Saaaaaaaaaaaaaaaaaaa
[2025-08-02 21:12:13,667][inference.model_runners][INFO] - 21:12:13: Timestep 4, current sequence: ???QQ??AQ??KQ????AAAL?Q??E??KG?Q?KEA?AAA??AA??QGQA???????A???SQ?SAE????????????S?S???KS???QAA??????????A??A?Saaaaaaaaaaaaaaaaaaa
[2025-08-02 21:12:14,370][inference.model_runners][INFO] - 21:12:14: Timestep 3, current sequence: ??SEQAAAS??K?????AA??AA??????G?Q?K?A??AAA?A???SGS??Q??????A??SA?S?A???A??A??L??S?P????G?Q?QAAA?SA??????A??A?Saaaaaaaaaaaaaaaaaaa
[2025-08-02 21:12:15,061][inference.model_runners][INFO] - 21:12:15: Timestep 2, current sequence: ??KQASAA???K????SA???AS??????G?Q???A??????AS??SGQASAA?????A???S?S?AS??S??AS?AS?S?A????G?Q???S??S???AA??AS?A?Saaaaaaaaaaaaaaaaaaa
[2025-08-02 21:12:15,767][inference.model_runners][INFO] - 21:12:15: Timestep 1, current sequence: ??KAA?SEA??K?????SAA?AA??A???G?S?SAA??AA?SA???SGQ??S???S?A??L?S?Q?E???S???S?SSAS?A??G?G?Q?SAS??S???A???SA?A?Saaaaaaaaaaaaaaaaaaa
[2025-08-02 21:12:15,769][__main__][INFO] - Finished design in 0.35 minutes
[2025-08-02 21:12:16,623][__main__][INFO] - design : /home/hwjang/aipd/noahs_ark/piplines/1_diffusion/output/result_6.pdb
[2025-08-02 21:12:16,623][__main__][INFO] - Xt traj: /home/hwjang/aipd/noahs_ark/piplines/1_diffusion/output/traj/result_6_Xt-1_traj.pdb
[2025-08-02 21:12:16,623][__main__][INFO] - X0 traj: /home/hwjang/aipd/noahs_ark/piplines/1_diffusion/output/traj/result_6_pX0_traj.pdb
[2025-08-02 21:12:16,623][__main__][INFO] - Making design output/result_7
[2025-08-02 21:12:16,623][__main__][INFO] - making design 7 of 0:8
[2025-08-02 21:12:16,623][inference.model_runners][INFO] - Using contig: ['100-130']
With this beta schedule (linear schedule, beta_0 = 0.06666666666666667, beta_T = 0.46666666666666673), alpha_bar_T = 6.0550024500116706e-05
Using cached chi_beta_T dictionary.
Done calculating chi_beta_T, chi_alphas_T, and chi_abars_T dictionaries.
[2025-08-02 21:12:17,257][inference.model_runners][INFO] - 21:12:17: Timestep 30, current sequence: ?????????????????????????????????????????????????????????????????????????????????????????????????????????????????????????????aaaaaaaaaaaaaaaaaaa
[2025-08-02 21:12:17,977][inference.model_runners][INFO] - 21:12:17: Timestep 29, current sequence: ?????????????????????????????????????????????????????????????????????????????????????????????????????????????????????????????aaaaaaaaaaaaaaaaaaa
[2025-08-02 21:12:18,699][inference.model_runners][INFO] - 21:12:18: Timestep 28, current sequence: ?????????????????????????????????????????????????????????????????????????????????????????????????????????????????????????????aaaaaaaaaaaaaaaaaaa
[2025-08-02 21:12:19,429][inference.model_runners][INFO] - 21:12:19: Timestep 27, current sequence: ?????????????????????????????????????????????????????????????????????????????????????????????????????????????????????????????aaaaaaaaaaaaaaaaaaa
[2025-08-02 21:12:20,149][inference.model_runners][INFO] - 21:12:20: Timestep 26, current sequence: ?????????????????????????????????????????????????????????????????????????????????????????????????????????????????????????????aaaaaaaaaaaaaaaaaaa
[2025-08-02 21:12:20,869][inference.model_runners][INFO] - 21:12:20: Timestep 25, current sequence: ?????????????????????????????????????????????????????????????????????????????????????????????????????????????????????????????aaaaaaaaaaaaaaaaaaa
[2025-08-02 21:12:21,589][inference.model_runners][INFO] - 21:12:21: Timestep 24, current sequence: ?????????????????????????????????????????????????????????????????????????????????????????????????????????????????????????????aaaaaaaaaaaaaaaaaaa
[2025-08-02 21:12:22,308][inference.model_runners][INFO] - 21:12:22: Timestep 23, current sequence: ?????????????????????????????????????????????????????????????????????????????????????????????????????????????????????????????aaaaaaaaaaaaaaaaaaa
[2025-08-02 21:12:23,026][inference.model_runners][INFO] - 21:12:23: Timestep 22, current sequence: ?????????????????????????????????????????????????????????????????????????????????????????????????????????????????????????????aaaaaaaaaaaaaaaaaaa
[2025-08-02 21:12:23,757][inference.model_runners][INFO] - 21:12:23: Timestep 21, current sequence: ?????????????????????????????????????????????????????????????????????????????????????????????????????????????????????????????aaaaaaaaaaaaaaaaaaa
[2025-08-02 21:12:24,476][inference.model_runners][INFO] - 21:12:24: Timestep 20, current sequence: ????????????????????????????????????E????????????????????????????????????????????????????????????????????????????????????????aaaaaaaaaaaaaaaaaaa
[2025-08-02 21:12:25,206][inference.model_runners][INFO] - 21:12:25: Timestep 19, current sequence: ???E???????????SGD????????????G?SL??E??????????????????????????????????S????????E????????????????????????G???????????G???????aaaaaaaaaaaaaaaaaaa
[2025-08-02 21:12:25,925][inference.model_runners][INFO] - 21:12:25: Timestep 18, current sequence: ???????????????S?S????????????G?T???E??????????????????E???????E???????G?????E???????????????????????????GE??????????G???????aaaaaaaaaaaaaaaaaaa
[2025-08-02 21:12:26,663][inference.model_runners][INFO] - 21:12:26: Timestep 17, current sequence: ???????????????QGS????????????G?T???A??????????????GG??LE??????????G??EG?????E???????????????????????????EE???????????L??????aaaaaaaaaaaaaaaaaaa
[2025-08-02 21:12:27,384][inference.model_runners][INFO] - 21:12:27: Timestep 16, current sequence: ???E??????????GS??????????????G?TS??A??????E???????S???LE?????????????EE?????E???????????S???????????E??SEE??????E???????????aaaaaaaaaaaaaaaaaaa
[2025-08-02 21:12:28,116][inference.model_runners][INFO] - 21:12:28: Timestep 15, current sequence: ???E???????????S?TL??????L????G?K???A?????????????????TA???????????E??EE???S?E???????????????????????EQ?SEE?????L?????????L??aaaaaaaaaaaaaaaaaaa
[2025-08-02 21:12:28,834][inference.model_runners][INFO] - 21:12:28: Timestep 14, current sequence: ???????????????GLT????????????G?K??????????????????G??TLE??????????E??QG???S?E??????A??K??????Q?L?Q?LQQ?SEE?????L????????LL??aaaaaaaaaaaaaaaaaaa
[2025-08-02 21:12:29,564][inference.model_runners][INFO] - 21:12:29: Timestep 13, current sequence: ??????????Q????GLQ??????A???????K??T???????????????G??T????????A??L???QSA????E??????Q??Q??????Q???Q?LQG?SEE??E??LL???????L???aaaaaaaaaaaaaaaaaaa
[2025-08-02 21:12:30,283][inference.model_runners][INFO] - 21:12:30: Timestep 12, current sequence: ??????????Q????G?S???????L??????Q???A??????A??L???GGG?TAG?????L?L?AL???GA?ES?E??????Q??Q??????Q???Q?LEQ?SEE??E??AQ??????KL???aaaaaaaaaaaaaaaaaaa
[2025-08-02 21:12:31,015][inference.model_runners][INFO] - 21:12:31: Timestep 11, current sequence: ??????AE?LK????S?S??Q???L?????G?K???A??????L???K??GSG??A???A???L??LL?L?G???S?E??????Q??Q?A??????????LSQ?SAE?AE??L????????L???aaaaaaaaaaaaaaaaaaa
[2025-08-02 21:12:31,738][inference.model_runners][INFO] - 21:12:31: Timestep 10, current sequence: ????A?AA??K?S??S?QL??????LLK??G?T???AA????????????G?G??A????????L?LL???GA?ES?E??????Q??K?????????????K??SEE?AQ??A??????A?L???aaaaaaaaaaaaaaaaaaa
[2025-08-02 21:12:32,457][inference.model_runners][INFO] - 21:12:32: Timestep 9, current sequence: ?A?E??E??LG?S??S?S????????L???G?T???AQ??E??A???Q??G?G??AA???????L?LL???GA?ES?E??A???E??Q????????L?Q??K??SEE??E??A????????L???aaaaaaaaaaaaaaaaaaa
[2025-08-02 21:12:33,185][inference.model_runners][INFO] - 21:12:33: Timestep 8, current sequence: ?A??A?A??LG?S??S?Q??K?????A???G?TT??AA??E?????LK??G?G??AA???????L?AA???SQ?E??K??????E?????A??L???????K??SEQ??A??A???A???AL???aaaaaaaaaaaaaaaaaaa
[2025-08-02 21:12:33,904][inference.model_runners][INFO] - 21:12:33: Timestep 7, current sequence: ?A?AA?AE?LQ?S??S?Q??A???A?A???G?T???AQ??KL?A???E??G?G??AA?????????AA???GA????Q??A???E??S??A?LAT??????K??SAQ??Q??AE?L???A?????aaaaaaaaaaaaaaaaaaa
[2025-08-02 21:12:34,633][inference.model_runners][INFO] - 21:12:34: Timestep 6, current sequence: ?A?AA?AE??G?S??S????AL?A?AA???G?T???AA??A??AQ?LE??G?G??AA??AA?????AA???SA?E??Q??A???E???S?A??AS??????K??SEQ??Q??A???A?L??????aaaaaaaaaaaaaaaaaaa
[2025-08-02 21:12:35,354][inference.model_runners][INFO] - 21:12:35: Timestep 5, current sequence: ?A?A??AE??G?Q??A?Q??A??A?AAA??G?K???AA??AA?AQLL???G?G??AA??A???L??AA???SA????Q??AA??E???S?A?L?S??AQA????SEQ?AQA?A??L??LAA????aaaaaaaaaaaaaaaaaaa
[2025-08-02 21:12:36,083][inference.model_runners][INFO] - 21:12:36: Timestep 4, current sequence: ?A?SA?GA??A?S??S?Q???A?A?A?K??G????TAA??A??AAAA???G?K??AA??A??????AA???AAAE??Q??AA??E??KS?A?LASA?ASAAA??SEQ?AQ??A???A?LAA????aaaaaaaaaaaaaaaaaaa
[2025-08-02 21:12:36,808][inference.model_runners][INFO] - 21:12:36: Timestep 3, current sequence: ?A?SA?AAA?A?S?GS?Q??AA?AAA?K??K?????AA??AA?AA??K??A?K???A??A???????????SAAE??QA????????AS?A??AS??AAAAA??KE???A??AA??A?L?A????aaaaaaaaaaaaaaaaaaa
[2025-08-02 21:12:37,527][inference.model_runners][INFO] - 21:12:37: Timestep 2, current sequence: ?A?SAAAAS?S?S?SS?Q??A??ASA?K??K?K??KAA?SAA?AAA?S??Q?K???A??AA????????A?SAAE??Q??AA??A??SS?A???S??ASAA?S?SE???S??A???????A????aaaaaaaaaaaaaaaaaaa
[2025-08-02 21:12:38,245][inference.model_runners][INFO] - 21:12:38: Timestep 1, current sequence: ???S??SA??S?A??S?Q??A???A?A???K?K???EAA??A?AAA?S??A?K?KSA???A??A???????SA?A??E???A?SAA?SS?A?S?S???SA?SS?KE???S??SS??AS??A????aaaaaaaaaaaaaaaaaaa
[2025-08-02 21:12:38,247][__main__][INFO] - Finished design in 0.36 minutes
[2025-08-02 21:12:39,233][__main__][INFO] - design : /home/hwjang/aipd/noahs_ark/piplines/1_diffusion/output/result_7.pdb
[2025-08-02 21:12:39,233][__main__][INFO] - Xt traj: /home/hwjang/aipd/noahs_ark/piplines/1_diffusion/output/traj/result_7_Xt-1_traj.pdb
[2025-08-02 21:12:39,233][__main__][INFO] - X0 traj: /home/hwjang/aipd/noahs_ark/piplines/1_diffusion/output/traj/result_7_pX0_traj.pdb

=============================================
Sat Aug 2 09:12:40 PM KST 2025
[INFO] Job finished in 189 seconds
