Sat Aug 2 09:09:31 PM KST 2025
[INFO] Job Information
=============================================
[INFO] Job Name       : rfdaa
[INFO] Job ID         : 146512
[INFO] Submit Dir     : /home/hwjang/aipd/noahs_ark/piplines/1_diffusion
[INFO] Partition      : gpu-farm
[INFO] Node List      : node27
[INFO] Nodes          : 1
[INFO] CPUs per Task  : 4
[INFO] Memory (MB)    : 
[INFO] User           : hwjang
[INFO] Work Dir       : /home/hwjang/aipd/noahs_ark/piplines/1_diffusion
[INFO] Tasks per Node : 1
[INFO] Dependency     : 
[INFO] Allocated GPUs : 2
---------------------------------------------
[INFO] Job allocated on node(s): node27
[INFO] Job running on: node27
=============================================

[2025-08-02 21:09:37,530][inference.model_runners][INFO] - Reading checkpoint from /home/hwjang/aipd/rf_diffusion_all_atom/RFDiffusionAA_paper_weights.pt
loading /home/hwjang/aipd/rf_diffusion_all_atom/RFDiffusionAA_paper_weights.pt
loaded /home/hwjang/aipd/rf_diffusion_all_atom/RFDiffusionAA_paper_weights.pt
OVERRIDING: You are changing diffuser.T from the value this model was trained with.
[2025-08-02 21:09:43,483][inference.model_runners][INFO] - Loading checkpoint.
[2025-08-02 21:09:43,622][diffusion][INFO] - Using cached IGSO3.
[2025-08-02 21:09:43,634][__main__][INFO] - Making design output/result_48
[2025-08-02 21:09:43,634][__main__][INFO] - making design 48 of 48:56
[2025-08-02 21:09:43,634][inference.model_runners][INFO] - Using contig: ['100-130']
With this beta schedule (linear schedule, beta_0 = 0.06666666666666667, beta_T = 0.46666666666666673), alpha_bar_T = 6.0550024500116706e-05
Using cached chi_beta_T dictionary.
Done calculating chi_beta_T, chi_alphas_T, and chi_abars_T dictionaries.
[2025-08-02 21:09:45,919][inference.model_runners][INFO] - 21:09:45: Timestep 30, current sequence: ??????????????????????????????????????????????????????????????????????????????????????????????????????????????aaaaaaaaaaaaaaaaaaa
[2025-08-02 21:09:46,715][inference.model_runners][INFO] - 21:09:46: Timestep 29, current sequence: ??????????????????????????????????????????????????????????????????????????????????????????????????????????????aaaaaaaaaaaaaaaaaaa
[2025-08-02 21:09:47,505][inference.model_runners][INFO] - 21:09:47: Timestep 28, current sequence: ??????????????????????????????????????????????????????????????????????????????????????????????????????????????aaaaaaaaaaaaaaaaaaa
[2025-08-02 21:09:48,295][inference.model_runners][INFO] - 21:09:48: Timestep 27, current sequence: ??????????????????????????????????????????????????????????????????????????????????????????????????????????????aaaaaaaaaaaaaaaaaaa
[2025-08-02 21:09:49,085][inference.model_runners][INFO] - 21:09:49: Timestep 26, current sequence: ??????????????????????????????????????????????????????????????????????????????????????????????????????????????aaaaaaaaaaaaaaaaaaa
[2025-08-02 21:09:49,882][inference.model_runners][INFO] - 21:09:49: Timestep 25, current sequence: ??????????????????????????????????????????????????????????????????????????????????????????????????????????????aaaaaaaaaaaaaaaaaaa
[2025-08-02 21:09:50,684][inference.model_runners][INFO] - 21:09:50: Timestep 24, current sequence: ??????????????????????????????????????????????????????????????????????????????????????????????????????????????aaaaaaaaaaaaaaaaaaa
[2025-08-02 21:09:51,489][inference.model_runners][INFO] - 21:09:51: Timestep 23, current sequence: ??????????????????????????????????????????????????????????????????????????????????????????????????????????????aaaaaaaaaaaaaaaaaaa
[2025-08-02 21:09:52,285][inference.model_runners][INFO] - 21:09:52: Timestep 22, current sequence: ??????????????????????????????????????????????????????????????????????????????????????????????????????????????aaaaaaaaaaaaaaaaaaa
[2025-08-02 21:09:53,076][inference.model_runners][INFO] - 21:09:53: Timestep 21, current sequence: ??????????????????????????????????????????????????????????????????????????????????????????????????????????????aaaaaaaaaaaaaaaaaaa
[2025-08-02 21:09:53,883][inference.model_runners][INFO] - 21:09:53: Timestep 20, current sequence: ??????????????????????????????????????????????????????????????????????????????????????????????????????????????aaaaaaaaaaaaaaaaaaa
[2025-08-02 21:09:54,687][inference.model_runners][INFO] - 21:09:54: Timestep 19, current sequence: ????????????????????????G?????????????????????????????????????????????????????????????????????S?G?????????????aaaaaaaaaaaaaaaaaaa
[2025-08-02 21:09:55,470][inference.model_runners][INFO] - 21:09:55: Timestep 18, current sequence: ??????????????????????????TLE????????????????????EE?S?????????????????????????????????????????????????????????aaaaaaaaaaaaaaaaaaa
[2025-08-02 21:09:56,259][inference.model_runners][INFO] - 21:09:56: Timestep 17, current sequence: ?????????LE???E???????????TLE???????????????????GEE?EG??????????E??G??????????????????????????????????????????aaaaaaaaaaaaaaaaaaa
[2025-08-02 21:09:57,053][inference.model_runners][INFO] - 21:09:57: Timestep 16, current sequence: ?????????LE???E??????????SGLE????????????????A???GS?GGQ????????LE??G??????????????SS?A??????????????G??????G??aaaaaaaaaaaaaaaaaaa
[2025-08-02 21:09:57,844][inference.model_runners][INFO] - 21:09:57: Timestep 15, current sequence: ?????????LE???????????????TAE??????????????????S?GS?GGQ??Q?????????G??S???????????G??A????????????SAG????G????aaaaaaaaaaaaaaaaaaa
[2025-08-02 21:09:58,628][inference.model_runners][INFO] - 21:09:58: Timestep 14, current sequence: ??????????E??????????A????TAE?????????????A??L?SAGELG?SGGS?????????G??????????????G??A????????????SAES?EGG?G??aaaaaaaaaaaaaaaaaaa
[2025-08-02 21:09:59,414][inference.model_runners][INFO] - 21:09:59: Timestep 13, current sequence: ???A??AA??E???E??????K??G?AAQ????????????????????G??G???????????Q??L??D??????????G????????????????SAE??EG??G??aaaaaaaaaaaaaaaaaaa
[2025-08-02 21:10:00,218][inference.model_runners][INFO] - 21:10:00: Timestep 12, current sequence: ???A??AA??E??EE??????LL?G?TAQ?AE???????????A?L???SS?G?G???????????L???D??????????S?????????????????AEG??G??G?Eaaaaaaaaaaaaaaaaaaa
[2025-08-02 21:10:01,014][inference.model_runners][INFO] - 21:10:01: Timestep 11, current sequence: ???A??AQ??A???E??????LL?G?TAE??E?????????????A?AASS?SG??????????Q?LLQ?D?A????????G???A???????A????GAE??EG??S??aaaaaaaaaaaaaaaaaaa
[2025-08-02 21:10:01,811][inference.model_runners][INFO] - 21:10:01: Timestep 10, current sequence: ??A?A?AA??E?????????AA??G?TEE?AQ???????????????A?SS?S???????????QLLLE?D?A????????SG??????????L?????GEG?EG??S??aaaaaaaaaaaaaaaaaaa
[2025-08-02 21:10:02,602][inference.model_runners][INFO] - 21:10:02: Timestep 9, current sequence: ??????AA??E??A??????AA??G?EEE?AA??????????A????S?SS?Q?????????????LLE?S?A???A????GG??A?????????????AESAEA??S?Qaaaaaaaaaaaaaaaaaaa
[2025-08-02 21:10:03,388][inference.model_runners][INFO] - 21:10:03: Timestep 8, current sequence: ??????AA??A??AALVA?AAAA?G?SAE?AA??A???????A????A?EE?Q????????Q???ALL??DAA???A????GG??SL??LL???????DGE??AA??S?Kaaaaaaaaaaaaaaaaaaa
[2025-08-02 21:10:04,177][inference.model_runners][INFO] - 21:10:04: Timestep 7, current sequence: ?GA???AA??A??AALVAAAAAA?G?TAEQAAA?AA?L????AA???SLAE?Q?T?AE???AL??S?L???AA???A??S?GAG?GL???????????EG?SAAQ??S?Kaaaaaaaaaaaaaaaaaaa
[2025-08-02 21:10:04,968][inference.model_runners][INFO] - 21:10:04: Timestep 6, current sequence: ?AA?AAAAA?A??AALLA??AAA?G?SAEQAQA??A?L?AL?A????SAAE?Q?T?AE???A?????????AA??AA??A?GS??G?A??????????DG?S??A??G?Kaaaaaaaaaaaaaaaaaaa
[2025-08-02 21:10:05,772][inference.model_runners][INFO] - 21:10:05: Timestep 5, current sequence: ?A?AAAAAAA?A??AA?A?AAAA?K??AESASA?AA?A?A??A????S?A??Q?Q?AA???AL??SL???Q?A???A??A??GA?A????A??A?A??K?SSAAEA?S?Kaaaaaaaaaaaaaaaaaaa
[2025-08-02 21:10:06,570][inference.model_runners][INFO] - 21:10:06: Timestep 4, current sequence: ?A?AAAA???A?A?AA?AAAAAA?K??A??ASA?AAA?????AA???SAAE?Q?S?AA?AAQ???S??G???A??AA??A??G??A???AA??A?A???A?SAAS??S?Kaaaaaaaaaaaaaaaaaaa
[2025-08-02 21:10:07,368][inference.model_runners][INFO] - 21:10:07: Timestep 3, current sequence: ?A?AAAA???AAAAA??AS?AAA?K???ES?S????A?????A??A?S?AS?Q?S?AA??AA??AQAAS???E??AS??A??G??AA?AAAAAA???S???S???A?S?Kaaaaaaaaaaaaaaaaaaa
[2025-08-02 21:10:08,164][inference.model_runners][INFO] - 21:10:08: Timestep 2, current sequence: SA?AAAA?A?SAASAA?ASAAA??K?Q?ESASA?????A???A????SAAE?S?S?AAS?A???SA??S???EA?AAA?A??GA?AA??AAAAA???K???S?ASA?S?Kaaaaaaaaaaaaaaaaaaa
[2025-08-02 21:10:08,966][inference.model_runners][INFO] - 21:10:08: Timestep 1, current sequence: ?A?SAAAAA?AA???AAAAAAA??K?K?ASASA?SA??????S????SAAS?S?S?AAS?AS??S???S?QSEAAAAAAS??GA?AA??AAA?A???KA??S?ASA?K?Kaaaaaaaaaaaaaaaaaaa
[2025-08-02 21:10:08,967][__main__][INFO] - Finished design in 0.42 minutes
[2025-08-02 21:10:09,873][__main__][INFO] - design : /home/hwjang/aipd/noahs_ark/piplines/1_diffusion/output/result_48.pdb
[2025-08-02 21:10:09,873][__main__][INFO] - Xt traj: /home/hwjang/aipd/noahs_ark/piplines/1_diffusion/output/traj/result_48_Xt-1_traj.pdb
[2025-08-02 21:10:09,873][__main__][INFO] - X0 traj: /home/hwjang/aipd/noahs_ark/piplines/1_diffusion/output/traj/result_48_pX0_traj.pdb
[2025-08-02 21:10:09,873][__main__][INFO] - Making design output/result_49
[2025-08-02 21:10:09,873][__main__][INFO] - making design 49 of 48:56
[2025-08-02 21:10:09,874][inference.model_runners][INFO] - Using contig: ['100-130']
With this beta schedule (linear schedule, beta_0 = 0.06666666666666667, beta_T = 0.46666666666666673), alpha_bar_T = 6.0550024500116706e-05
Using cached chi_beta_T dictionary.
Done calculating chi_beta_T, chi_alphas_T, and chi_abars_T dictionaries.
[2025-08-02 21:10:10,871][inference.model_runners][INFO] - 21:10:10: Timestep 30, current sequence: ????????????????????????????????????????????????????????????????????????????????????????????????????????????????????????????aaaaaaaaaaaaaaaaaaa
[2025-08-02 21:10:11,703][inference.model_runners][INFO] - 21:10:11: Timestep 29, current sequence: ????????????????????????????????????????????????????????????????????????????????????????????????????????????????????????????aaaaaaaaaaaaaaaaaaa
[2025-08-02 21:10:12,516][inference.model_runners][INFO] - 21:10:12: Timestep 28, current sequence: ????????????????????????????????????????????????????????????????????????????????????????????????????????????????????????????aaaaaaaaaaaaaaaaaaa
[2025-08-02 21:10:13,328][inference.model_runners][INFO] - 21:10:13: Timestep 27, current sequence: ????????????????????????????????????????????????????????????????????????????????????????????????????????????????????????????aaaaaaaaaaaaaaaaaaa
[2025-08-02 21:10:14,152][inference.model_runners][INFO] - 21:10:14: Timestep 26, current sequence: ????????????????????????????????????????????????????????????????????????????????????????????????????????????????????????????aaaaaaaaaaaaaaaaaaa
[2025-08-02 21:10:14,971][inference.model_runners][INFO] - 21:10:14: Timestep 25, current sequence: ????????????????????????????????????????????????????????????????????????????????????????????????????????????????????????????aaaaaaaaaaaaaaaaaaa
[2025-08-02 21:10:15,801][inference.model_runners][INFO] - 21:10:15: Timestep 24, current sequence: ????????????????????????????????????????????????????????????????????????????????????????????????????????????????????????????aaaaaaaaaaaaaaaaaaa
[2025-08-02 21:10:16,630][inference.model_runners][INFO] - 21:10:16: Timestep 23, current sequence: ????????????????????????????????????????????????????????????????????????????????????????????????????????????????????????????aaaaaaaaaaaaaaaaaaa
[2025-08-02 21:10:17,452][inference.model_runners][INFO] - 21:10:17: Timestep 22, current sequence: ????????????????????????????????????????????????????????????????????????????????????????????????????????????????????????????aaaaaaaaaaaaaaaaaaa
[2025-08-02 21:10:18,270][inference.model_runners][INFO] - 21:10:18: Timestep 21, current sequence: ????????????????????????????????????????????????????????????????????????????????????????????????????????????????????????????aaaaaaaaaaaaaaaaaaa
[2025-08-02 21:10:19,090][inference.model_runners][INFO] - 21:10:19: Timestep 20, current sequence: ????????????????????????????????????????????????????????????????G???????????????????????????????????????????????????????????aaaaaaaaaaaaaaaaaaa
[2025-08-02 21:10:19,912][inference.model_runners][INFO] - 21:10:19: Timestep 19, current sequence: ?????????????????????????????????G????????????????G????L????????G???????????????????????????????????????????????????????????aaaaaaaaaaaaaaaaaaa
[2025-08-02 21:10:20,732][inference.model_runners][INFO] - 21:10:20: Timestep 18, current sequence: ??A????????????????????????????G?E?????????????????????L?????????G???SEG?Q?????????????S???????????A????S?S?????????????????aaaaaaaaaaaaaaaaaaa
[2025-08-02 21:10:21,559][inference.model_runners][INFO] - 21:10:21: Timestep 17, current sequence: ??????????????????????LE?????????E??????????????????G?SL?????????G???G?G?Q?????????????????????????A??????T?????????E???????aaaaaaaaaaaaaaaaaaa
[2025-08-02 21:10:22,376][inference.model_runners][INFO] - 21:10:22: Timestep 16, current sequence: ??S??E???K?LQ??????????E???G???LEE??????E???E???????G?TA?????????G??GS?L?E?????????????G?TA????????E????S?S?????????????????aaaaaaaaaaaaaaaaaaa
[2025-08-02 21:10:23,203][inference.model_runners][INFO] - 21:10:23: Timestep 15, current sequence: ???????????L????????GQ?Q???G?G??QE??????????E???????G??LE???????????GQ???E?????????????G???????????G??S?S?TL????????????????aaaaaaaaaaaaaaaaaaa
[2025-08-02 21:10:24,024][inference.model_runners][INFO] - 21:10:24: Timestep 14, current sequence: ???????????LL???S??????SG??S?GGGQS??????????Q?LL????G??LE??????L?????????E????L??L?L?ALG??A????????Q??G?G?D?????????????????aaaaaaaaaaaaaaaaaaa
[2025-08-02 21:10:24,849][inference.model_runners][INFO] - 21:10:24: Timestep 13, current sequence: ???????????L???LQGS?G??EQ??SGGGVQS????????LLE?L?????G??LA???A??LQ???GS???E?????????LQALS??L?Q??????Q??S?G?S??G??????????????aaaaaaaaaaaaaaaaaaa
[2025-08-02 21:10:25,666][inference.model_runners][INFO] - 21:10:25: Timestep 12, current sequence: SLS????????L???LQ?S?G?AEQ??GGG??QS????LL??LLE?L?????G???A???????Q???GS???E??????A??LQLLG?TL?Q??????SL?S?G?E?????????????????aaaaaaaaaaaaaaaaaaa
[2025-08-02 21:10:26,486][inference.model_runners][INFO] - 21:10:26: Timestep 11, current sequence: ?GG??A??????L??LG?S?G?AEQ??GGG??SSAAA??LK?LLE?L?????G??LAE??A??LK???GS???E???Q?LELL?AL?G?TLAQ??????A??G?G?SLA???????????Q???aaaaaaaaaaaaaaaaaaa
[2025-08-02 21:10:27,306][inference.model_runners][INFO] - 21:10:27: Timestep 10, current sequence: S?G???L????LL??LG?S?E??EA??GES??SSAAAS?LKLLLQ?L?A?L?G??LAEL?A??LK??SGS???E????LLEL??QA?G?TLAQ??Q???Q??G?G?D???????L????AQ???aaaaaaaaaaaaaaaaaaa
[2025-08-02 21:10:28,133][inference.model_runners][INFO] - 21:10:28: Timestep 9, current sequence: ??G???L?L???L??LQ?S?E??E???AES??SS?AATL??LLLA?LAA?L?G?????L?Q??LE??SGS???E?????LE??LQA?G?TL?Q??AL??Q??G?S?D?AG??A?L???L?Q??Saaaaaaaaaaaaaaaaaaa
[2025-08-02 21:10:28,960][inference.model_runners][INFO] - 21:10:28: Timestep 8, current sequence: ??G??AL??A?????LSVG?E??E???AES?SSS?AAQL??LLLA?L?A?L?G??AA???A??????SGS???E?????LEA?LQ??G??L?A??G???Q??S?G?V?A???A???????A???aaaaaaaaaaaaaaaaaaa
[2025-08-02 21:10:29,791][inference.model_runners][INFO] - 21:10:29: Timestep 7, current sequence: ?AS???AL???????LLLG?A??EQ??AGS??SSA??AL???LLA?LAA?V?G??LA???A???????GS???E??????A??LAA?G?QLAA??AA??S??S?G?Q?A?????????L????Saaaaaaaaaaaaaaaaaaa
[2025-08-02 21:10:30,603][inference.model_runners][INFO] - 21:10:30: Timestep 6, current sequence: ?AS???L??A?????LSLG?A??ES??EEA?SSA?AGAL?A?LLA?LAA?L?G??L????A???????GS???EA?????A??LA??G?QLEA??A???S??A?K?S??S????????L?A??Saaaaaaaaaaaaaaaaaaa
[2025-08-02 21:10:31,426][inference.model_runners][INFO] - 21:10:31: Timestep 5, current sequence: ??QA?A?????????L??G?A??E???EAS?SSA?AAQ??AA??AALAA?V?G??L???????LA?A?GQ???K??????A??????G??AAQ??A??AS??S?K?SA?A?L?A?????A???Saaaaaaaaaaaaaaaaaaa
[2025-08-02 21:10:32,256][inference.model_runners][INFO] - 21:10:32: Timestep 4, current sequence: ??QA???????????LA?G?Q??E?L?EAS?SSA?AAA??A??AAALAA?V?G??LA??????LQL??GQ???KA?A???AA?L???K??LA???????A??S?S?QA?A??AA?????????Kaaaaaaaaaaaaaaaaaaa
[2025-08-02 21:10:33,083][inference.model_runners][INFO] - 21:10:33: Timestep 3, current sequence: ?AQA????????????L?G?Q??ASL?EES?SSGAAAA??AA??AALAA?L?G??LA???A??AQA?SK????KA??A??A?AA???K??AA??AA???A??S?S?S?AA??AA??A???A??Saaaaaaaaaaaaaaaaaaa
[2025-08-02 21:10:33,911][inference.model_runners][INFO] - 21:10:33: Timestep 2, current sequence: ?GQA??A??AA??S??S?K?QA?AS???ES??GSAAAA??A??SAA?AK???G????????A?SQA?SGS???E???A??A??AA??K?SAAS?AA???A?SS?S?S??A??AA??S????A?Saaaaaaaaaaaaaaaaaaa
[2025-08-02 21:10:34,758][inference.model_runners][INFO] - 21:10:34: Timestep 1, current sequence: ??SA?A???A??????SSG?QA?AS?S?ES??GA??ASA????S???AK?S?G???????SA?AS???KS???EA??S?SA??SA??K?QAAS?SA??SS?SS?K?SA?A??SAA?A?S??S?Saaaaaaaaaaaaaaaaaaa
[2025-08-02 21:10:34,760][__main__][INFO] - Finished design in 0.41 minutes
[2025-08-02 21:10:35,772][__main__][INFO] - design : /home/hwjang/aipd/noahs_ark/piplines/1_diffusion/output/result_49.pdb
[2025-08-02 21:10:35,772][__main__][INFO] - Xt traj: /home/hwjang/aipd/noahs_ark/piplines/1_diffusion/output/traj/result_49_Xt-1_traj.pdb
[2025-08-02 21:10:35,772][__main__][INFO] - X0 traj: /home/hwjang/aipd/noahs_ark/piplines/1_diffusion/output/traj/result_49_pX0_traj.pdb
[2025-08-02 21:10:35,772][__main__][INFO] - Making design output/result_50
[2025-08-02 21:10:35,772][__main__][INFO] - making design 50 of 48:56
[2025-08-02 21:10:35,772][inference.model_runners][INFO] - Using contig: ['100-130']
With this beta schedule (linear schedule, beta_0 = 0.06666666666666667, beta_T = 0.46666666666666673), alpha_bar_T = 6.0550024500116706e-05
Using cached chi_beta_T dictionary.
Done calculating chi_beta_T, chi_alphas_T, and chi_abars_T dictionaries.
[2025-08-02 21:10:36,507][inference.model_runners][INFO] - 21:10:36: Timestep 30, current sequence: ??????????????????????????????????????????????????????????????????????????????????????????????????????????????aaaaaaaaaaaaaaaaaaa
[2025-08-02 21:10:37,315][inference.model_runners][INFO] - 21:10:37: Timestep 29, current sequence: ??????????????????????????????????????????????????????????????????????????????????????????????????????????????aaaaaaaaaaaaaaaaaaa
[2025-08-02 21:10:38,110][inference.model_runners][INFO] - 21:10:38: Timestep 28, current sequence: ??????????????????????????????????????????????????????????????????????????????????????????????????????????????aaaaaaaaaaaaaaaaaaa
[2025-08-02 21:10:38,916][inference.model_runners][INFO] - 21:10:38: Timestep 27, current sequence: ??????????????????????????????????????????????????????????????????????????????????????????????????????????????aaaaaaaaaaaaaaaaaaa
[2025-08-02 21:10:39,706][inference.model_runners][INFO] - 21:10:39: Timestep 26, current sequence: ??????????????????????????????????????????????????????????????????????????????????????????????????????????????aaaaaaaaaaaaaaaaaaa
[2025-08-02 21:10:40,501][inference.model_runners][INFO] - 21:10:40: Timestep 25, current sequence: ??????????????????????????????????????????????????????????????????????????????????????????????????????????????aaaaaaaaaaaaaaaaaaa
[2025-08-02 21:10:41,307][inference.model_runners][INFO] - 21:10:41: Timestep 24, current sequence: ??????????????????????????????????????????????????????????????????????????????????????????????????????????????aaaaaaaaaaaaaaaaaaa
[2025-08-02 21:10:42,102][inference.model_runners][INFO] - 21:10:42: Timestep 23, current sequence: ??????????????????????????????????????????????????????????????????????????????????????????????????????????????aaaaaaaaaaaaaaaaaaa
[2025-08-02 21:10:42,896][inference.model_runners][INFO] - 21:10:42: Timestep 22, current sequence: ??????????????????????????????????????????????????????????????????????????????????????????????????????????????aaaaaaaaaaaaaaaaaaa
[2025-08-02 21:10:43,702][inference.model_runners][INFO] - 21:10:43: Timestep 21, current sequence: ??????????????????????????????????????????????????????????????????????????????????????????????????????????????aaaaaaaaaaaaaaaaaaa
[2025-08-02 21:10:44,494][inference.model_runners][INFO] - 21:10:44: Timestep 20, current sequence: ??????????????????????????????????????????????????????????????????????????????????????????????????????????????aaaaaaaaaaaaaaaaaaa
[2025-08-02 21:10:45,287][inference.model_runners][INFO] - 21:10:45: Timestep 19, current sequence: ??????????????????????????????????????G???????????G????????G???????????????????????E??????E????????????????G??aaaaaaaaaaaaaaaaaaa
[2025-08-02 21:10:46,096][inference.model_runners][INFO] - 21:10:46: Timestep 18, current sequence: ????????????????Q?????????????????????????????????G?????????????????????????????G??E??????E???????????????GG??aaaaaaaaaaaaaaaaaaa
[2025-08-02 21:10:46,896][inference.model_runners][INFO] - 21:10:46: Timestep 17, current sequence: ?????GG?G?G?????Q???????????????????????????????????G?SGG?GG?????????????SS????????E???G??E???G???GGE?????????aaaaaaaaaaaaaaaaaaa
[2025-08-02 21:10:47,676][inference.model_runners][INFO] - 21:10:47: Timestep 16, current sequence: ?G???E???Q??S??????????LS?L??????S???GG????????G???E??TGG?GG??Q??LQ?L?E?SSS???????L???????EGG?E????GE??E??????aaaaaaaaaaaaaaaaaaa
[2025-08-02 21:10:48,476][inference.model_runners][INFO] - 21:10:48: Timestep 15, current sequence: ?GE??A???QGGG?A?Q??????L?????????L????S??????GSA??AE???L???A??Q?LLQ?L?E?GSSLA?????L??????GEEG?E????GQ??E??????aaaaaaaaaaaaaaaaaaa
[2025-08-02 21:10:49,290][inference.model_runners][INFO] - 21:10:49: Timestep 14, current sequence: ?AE??AL???G?G??????????L??L??????LS???S??????G?GG?GEA??L??AA??ELLLA?L?E?SSSL??????L??LL??GGEG?E????GG??E?LLS??aaaaaaaaaaaaaaaaaaa
[2025-08-02 21:10:50,095][inference.model_runners][INFO] - 21:10:50: Timestep 13, current sequence: ?AE??A??L?G?G??????????????S?????L???GS??????G?SG??EQ?VL??L???E??LA??AE?GSGLSQ????L??LL??TSE??E????E?????LLE??aaaaaaaaaaaaaaaaaaa
[2025-08-02 21:10:50,892][inference.model_runners][INFO] - 21:10:50: Timestep 12, current sequence: ?A???A??L???G????????????????????????GS???G??G?SGA?AA?VL??L???Q??LA??AE?GS?AGQ???????LLQGTAE??E???DE??LL??L???aaaaaaaaaaaaaaaaaaa
[2025-08-02 21:10:51,683][inference.model_runners][INFO] - 21:10:51: Timestep 11, current sequence: ?A???A?L????GS??????????A?A???A???AA?GS???G??G?EEG?AA?VL??L???Q??AA??QE?GS?AAQ?????V?LLQG?GQ??E???DE?????L????aaaaaaaaaaaaaaaaaaa
[2025-08-02 21:10:52,485][inference.model_runners][INFO] - 21:10:52: Timestep 10, current sequence: ?EA??AALL???K???????????S?A???A?L??L?KSS?GS??G?EGGAAL?LA???L??A??L?A?EE?G?SLAQ?????A?L?QGTAQ?LE????E??A??LA???aaaaaaaaaaaaaaaaaaa
[2025-08-02 21:10:53,287][inference.model_runners][INFO] - 21:10:53: Timestep 9, current sequence: ?A????ALLQ??K?????A?????S?A???AA?AAL??SS??S??G?EGGAAA?LA?L?L??A??AA??K??G?S?AQ?????A????G?QQ??E????E?????LL???aaaaaaaaaaaaaaaaaaa
[2025-08-02 21:10:54,086][inference.model_runners][INFO] - 21:10:54: Timestep 8, current sequence: ?AA??AALAQ??????????????S?A??LAA???LL?SS??S??G?EGGAAALLA??LL?LA??AAA?E??G?SAAQ??A?LA?L??GSGQGLE???SA??AA??LL??aaaaaaaaaaaaaaaaaaa
[2025-08-02 21:10:54,886][inference.model_runners][INFO] - 21:10:54: Timestep 7, current sequence: ?AE??SAL?Q????A???A?????A?AA??AA???LL?SS??S??K?EELAAALAAA?LL?LAL?AA??E??G?Q?A???AA?AEL??G?GQ??E???SE??AA??A???aaaaaaaaaaaaaaaaaaa
[2025-08-02 21:10:55,691][inference.model_runners][INFO] - 21:10:55: Timestep 6, current sequence: ?AA??SA?LA??S?A?A???A???ALAA??EA??ALLE?SA?S??K?EGAAAAL??A?AL?LA??AA??E??G?QAAS??A??AAL??GSQE?QE???SA??A???AAL?aaaaaaaaaaaaaaaaaaa
[2025-08-02 21:10:56,502][inference.model_runners][INFO] - 21:10:56: Timestep 5, current sequence: ?EQAASA?AA?LS?K??????A??ALAA?AAA??AAL?TSLQS??K?EGAAAA?A?A??L??AL?AA??E??G?Q?A???A??A????GTAQGLQS??SEA?AA??AS??aaaaaaaaaaaaaaaaaaa
[2025-08-02 21:10:57,310][inference.model_runners][INFO] - 21:10:57: Timestep 4, current sequence: ?ASAASA??A????A???A?????A?AA?AA???AAL??SLSS??K?EGAAAA?AAA?????AA?AAAL???G?Q?AQ??A???????GSASSASS???EA?AA??AS??aaaaaaaaaaaaaaaaaaa
[2025-08-02 21:10:58,108][inference.model_runners][INFO] - 21:10:58: Timestep 3, current sequence: ?ASAASA??A????A?A?A?????A?AA??A???AA???SL?S??KSEGSAA??AAA?????AA?AAA????G?Q?AQA?A???A??AGSASSASA???AQ?AA??AE??aaaaaaaaaaaaaaaaaaa
[2025-08-02 21:10:58,906][inference.model_runners][INFO] - 21:10:58: Timestep 2, current sequence: ?A?A?S??SA????KSASA?AA??A?AA?AAA??AAL??SASS??K??SS?AA?AA??????AA?????A??E?Q?AQ??A??AA???GSA??AS???SSA?AS??AA??aaaaaaaaaaaaaaaaaaa
[2025-08-02 21:10:59,700][inference.model_runners][INFO] - 21:10:59: Timestep 1, current sequence: ?ESAASA?SAA?K??GSSA?SA??A?A???AA???GA?SS?SS??KS?SS??S?AA??A???AA?AA???A?K???A???A?ASA??SGSASSASA??GAA??S??AA??aaaaaaaaaaaaaaaaaaa
[2025-08-02 21:10:59,701][__main__][INFO] - Finished design in 0.40 minutes
[2025-08-02 21:11:00,596][__main__][INFO] - design : /home/hwjang/aipd/noahs_ark/piplines/1_diffusion/output/result_50.pdb
[2025-08-02 21:11:00,596][__main__][INFO] - Xt traj: /home/hwjang/aipd/noahs_ark/piplines/1_diffusion/output/traj/result_50_Xt-1_traj.pdb
[2025-08-02 21:11:00,596][__main__][INFO] - X0 traj: /home/hwjang/aipd/noahs_ark/piplines/1_diffusion/output/traj/result_50_pX0_traj.pdb
[2025-08-02 21:11:00,597][__main__][INFO] - Making design output/result_51
[2025-08-02 21:11:00,597][__main__][INFO] - making design 51 of 48:56
[2025-08-02 21:11:00,597][inference.model_runners][INFO] - Using contig: ['100-130']
With this beta schedule (linear schedule, beta_0 = 0.06666666666666667, beta_T = 0.46666666666666673), alpha_bar_T = 6.0550024500116706e-05
Using cached chi_beta_T dictionary.
Done calculating chi_beta_T, chi_alphas_T, and chi_abars_T dictionaries.
[2025-08-02 21:11:01,343][inference.model_runners][INFO] - 21:11:01: Timestep 30, current sequence: ??????????????????????????????????????????????????????????????????????????????????????????????????????????????????????????????????aaaaaaaaaaaaaaaaaaa
[2025-08-02 21:11:02,200][inference.model_runners][INFO] - 21:11:02: Timestep 29, current sequence: ??????????????????????????????????????????????????????????????????????????????????????????????????????????????????????????????????aaaaaaaaaaaaaaaaaaa
[2025-08-02 21:11:03,027][inference.model_runners][INFO] - 21:11:03: Timestep 28, current sequence: ??????????????????????????????????????????????????????????????????????????????????????????????????????????????????????????????????aaaaaaaaaaaaaaaaaaa
[2025-08-02 21:11:03,851][inference.model_runners][INFO] - 21:11:03: Timestep 27, current sequence: ??????????????????????????????????????????????????????????????????????????????????????????????????????????????????????????????????aaaaaaaaaaaaaaaaaaa
[2025-08-02 21:11:04,677][inference.model_runners][INFO] - 21:11:04: Timestep 26, current sequence: ??????????????????????????????????????????????????????????????????????????????????????????????????????????????????????????????????aaaaaaaaaaaaaaaaaaa
[2025-08-02 21:11:05,513][inference.model_runners][INFO] - 21:11:05: Timestep 25, current sequence: ??????????????????????????????????????????????????????????????????????????????????????????????????????????????????????????????????aaaaaaaaaaaaaaaaaaa
[2025-08-02 21:11:06,361][inference.model_runners][INFO] - 21:11:06: Timestep 24, current sequence: ??????????????????????????????????????????????????????????????????????????????????????????????????????????????????????????????????aaaaaaaaaaaaaaaaaaa
[2025-08-02 21:11:07,192][inference.model_runners][INFO] - 21:11:07: Timestep 23, current sequence: ??????????????????????????????????????????????????????????????????????????????????????????????????????????????????????????????????aaaaaaaaaaaaaaaaaaa
[2025-08-02 21:11:08,017][inference.model_runners][INFO] - 21:11:08: Timestep 22, current sequence: ??????????????????????????????????????????????????????????????????????????????????????????????????????????????????????????????????aaaaaaaaaaaaaaaaaaa
[2025-08-02 21:11:08,853][inference.model_runners][INFO] - 21:11:08: Timestep 21, current sequence: ??????????????????????????????????????????????????????????????????????????????????????????????????????????????????????????????????aaaaaaaaaaaaaaaaaaa
[2025-08-02 21:11:09,689][inference.model_runners][INFO] - 21:11:09: Timestep 20, current sequence: ????????????????????????????????????G?????????????????????????????????????????????????????????????????????????????????????????????aaaaaaaaaaaaaaaaaaa
[2025-08-02 21:11:10,523][inference.model_runners][INFO] - 21:11:10: Timestep 19, current sequence: ????????E???????????????????????????????????G?????????????????????????????????????????????????????????????????????????????????????aaaaaaaaaaaaaaaaaaa
[2025-08-02 21:11:11,355][inference.model_runners][INFO] - 21:11:11: Timestep 18, current sequence: ????E???????????????????????????????????????G????????S???????????????????????????A????????????????????????T????????T??????????????aaaaaaaaaaaaaaaaaaa
[2025-08-02 21:11:12,180][inference.model_runners][INFO] - 21:11:12: Timestep 17, current sequence: ????E??????????Q???G????????????????????????G????????????????????????????????????A????????????????????G?Q?????????????????????Q???aaaaaaaaaaaaaaaaaaa
[2025-08-02 21:11:12,997][inference.model_runners][INFO] - 21:11:12: Timestep 16, current sequence: ????E???????????LS??????????????????GG???????????????G??????E?????????????????K??A????????????????????G?Q?????????????L????L????L?aaaaaaaaaaaaaaaaaaa
[2025-08-02 21:11:13,842][inference.model_runners][INFO] - 21:11:13: Timestep 15, current sequence: ?G?AA??????????Q????Q??????A??????S?G???Q????????????S??S???E?????????????????Q?SAE????????????????L??G?Q?SAE?????????????????A???aaaaaaaaaaaaaaaaaaa
[2025-08-02 21:11:14,690][inference.model_runners][INFO] - 21:11:14: Timestep 14, current sequence: ?G??A??????????E???G???????????????A????A???????????K???????G???Q????????????K??SAE?????L???L?????????G?Q?SAE?????LT??L???A??LE???aaaaaaaaaaaaaaaaaaa
[2025-08-02 21:11:15,517][inference.model_runners][INFO] - 21:11:15: Timestep 13, current sequence: SG??Q??????????E??????L??????????G??????A?????????S?KS??Q???Q???Q??????E??????S?SAE??????A??L???AQ??A?G?Q?TAE?????LA??ALL????LE?L?aaaaaaaaaaaaaaaaaaa
[2025-08-02 21:11:16,350][inference.model_runners][INFO] - 21:11:16: Timestep 12, current sequence: EAAAQL??KA?K??AK???GQ??????A?????S?????????L????S???KS??E???Q??LQ???L??E??????S?SAA??EA?LAL?A???AQ???QG?Q?SAE??????A??ALL?A??LALL?aaaaaaaaaaaaaaaaaaa
[2025-08-02 21:11:17,178][inference.model_runners][INFO] - 21:11:17: Timestep 11, current sequence: EALAALL?KA?E??AKS?A???L????A?????G??????AA?LEL??S???E???TG??????A?????LE??AQ??S?SAE??EA?AE??AQ?LAQ??GQG?Q?SRE??????A??ALL?AA?LA???aaaaaaaaaaaaaaaaaaa
[2025-08-02 21:11:18,009][inference.model_runners][INFO] - 21:11:18: Timestep 10, current sequence: EGLAEL??A??E??AKV??????????L???G?G?A???????LL???S???K?G?TA????????????AA??AA?AS?SAE???Q??A??????AQ??GQG?G?SRE?????LE??AAL?ALLLA?L?aaaaaaaaaaaaaaaaaaa
[2025-08-02 21:11:18,842][inference.model_runners][INFO] - 21:11:18: Timestep 9, current sequence: EGLAQL?K???E???K?????L????L????G?G?????????LA?L?L???E?G?QA?AA?????????AA??A???S?SAA??????A??????AQ??GQG?G?SQE?????LA??ALL?ALL?A??Kaaaaaaaaaaaaaaaaaaa
[2025-08-02 21:11:19,673][inference.model_runners][INFO] - 21:11:19: Timestep 8, current sequence: EG?AQ??AAL?E?????????L????LA???G?G?A???????AA??KL???E?G?EA?AA???A?????AE??AA?AS?SAA??????A??????A?????G?Q?SQE?????AA??AA??AAL?A???aaaaaaaaaaaaaaaaaaa
[2025-08-02 21:11:20,510][inference.model_runners][INFO] - 21:11:20: Timestep 7, current sequence: EGAAQLLTALAE?????????LA???AA???G?GTA???????AA??AS???ASG?EA??A??AA?????AA???A??S?SAA???A??A??????AE????G?Q?SAE???A?AA??AA??A?L?A??Kaaaaaaaaaaaaaaaaaaa
[2025-08-02 21:11:21,356][inference.model_runners][INFO] - 21:11:21: Timestep 6, current sequence: EGAAQA??AAAE????S?????A????A???G?GSA???????AA?L?S???Q?G?EA??A??AA?L???AA???A??S?SAA???K??E???A?LAA??K?G?Q??EA??AA?????AA??AA?LA??Kaaaaaaaaaaaaaaaaaaa
[2025-08-02 21:11:22,184][inference.model_runners][INFO] - 21:11:22: Timestep 5, current sequence: TGAAAAAAAAAEA???SA?AAAAL???A???GSGQ?????AALAALL?S???K?G?EA?AA??AA?L???AA?AAAAAS?SEAA?AS??AA??E??AAAAA?G?K??EA??AA?A???AA?A?AAAA??Kaaaaaaaaaaaaaaaaaaa
[2025-08-02 21:11:23,006][inference.model_runners][INFO] - 21:11:23: Timestep 4, current sequence: ESAAAAA?AAAAA???SA?SA??????A???ES?S?????A??SQ?A?S?Q?K?G?QA??A???A?????AA??SA??S?SEAS????AA???K?????AA?G?K???A??AA?????A???????A???aaaaaaaaaaaaaaaaaaa
[2025-08-02 21:11:23,841][inference.model_runners][INFO] - 21:11:23: Timestep 3, current sequence: EGAAAGA?AA?EA?A??AAAAA?AA?AA???ESAQAAS??AA??A?A?AQQ?KQG?QA?AA??AA?A???A???SA??S?SA???A???AS??A??AS?AA?G?K???AAAAA?????AA?ASA??S?A?aaaaaaaaaaaaaaaaaaa
[2025-08-02 21:11:24,685][inference.model_runners][INFO] - 21:11:24: Timestep 2, current sequence: ESAASAA?SAAEA?S?AAASA??A??AA?S?ESAA?AS??AS?AA?AAS?Q?K?KSQA??AA?AS?A???AA??SA??S?SAAA?AA?SAA?SAA?SA?AA?G?K??EASAAA?????AA??A??AS?A?aaaaaaaaaaaaaaaaaaa
[2025-08-02 21:11:25,531][inference.model_runners][INFO] - 21:11:25: Timestep 1, current sequence: ESA?SAA?SAAAS???AAASA?SSA??A??SES?SAAA??SS?SS??AA?S?KKKSSA??SAAAS??A??AA??AA?SS?S?A??AA??A??SAS??AASA?K?K?SAAA?SA?A???????A??S??LQaaaaaaaaaaaaaaaaaaa
[2025-08-02 21:11:25,533][__main__][INFO] - Finished design in 0.42 minutes
[2025-08-02 21:11:26,586][__main__][INFO] - design : /home/hwjang/aipd/noahs_ark/piplines/1_diffusion/output/result_51.pdb
[2025-08-02 21:11:26,586][__main__][INFO] - Xt traj: /home/hwjang/aipd/noahs_ark/piplines/1_diffusion/output/traj/result_51_Xt-1_traj.pdb
[2025-08-02 21:11:26,586][__main__][INFO] - X0 traj: /home/hwjang/aipd/noahs_ark/piplines/1_diffusion/output/traj/result_51_pX0_traj.pdb
[2025-08-02 21:11:26,587][__main__][INFO] - Making design output/result_52
[2025-08-02 21:11:26,587][__main__][INFO] - making design 52 of 48:56
[2025-08-02 21:11:26,587][inference.model_runners][INFO] - Using contig: ['100-130']
With this beta schedule (linear schedule, beta_0 = 0.06666666666666667, beta_T = 0.46666666666666673), alpha_bar_T = 6.0550024500116706e-05
Using cached chi_beta_T dictionary.
Done calculating chi_beta_T, chi_alphas_T, and chi_abars_T dictionaries.
[2025-08-02 21:11:27,310][inference.model_runners][INFO] - 21:11:27: Timestep 30, current sequence: ?????????????????????????????????????????????????????????????????????????????????????????????????????????????????aaaaaaaaaaaaaaaaaaa
[2025-08-02 21:11:28,124][inference.model_runners][INFO] - 21:11:28: Timestep 29, current sequence: ?????????????????????????????????????????????????????????????????????????????????????????????????????????????????aaaaaaaaaaaaaaaaaaa
[2025-08-02 21:11:28,932][inference.model_runners][INFO] - 21:11:28: Timestep 28, current sequence: ?????????????????????????????????????????????????????????????????????????????????????????????????????????????????aaaaaaaaaaaaaaaaaaa
[2025-08-02 21:11:29,741][inference.model_runners][INFO] - 21:11:29: Timestep 27, current sequence: ?????????????????????????????????????????????????????????????????????????????????????????????????????????????????aaaaaaaaaaaaaaaaaaa
[2025-08-02 21:11:30,559][inference.model_runners][INFO] - 21:11:30: Timestep 26, current sequence: ?????????????????????????????????????????????????????????????????????????????????????????????????????????????????aaaaaaaaaaaaaaaaaaa
[2025-08-02 21:11:31,372][inference.model_runners][INFO] - 21:11:31: Timestep 25, current sequence: ?????????????????????????????????????????????????????????????????????????????????????????????????????????????????aaaaaaaaaaaaaaaaaaa
[2025-08-02 21:11:32,177][inference.model_runners][INFO] - 21:11:32: Timestep 24, current sequence: ?????????????????????????????????????????????????????????????????????????????????????????????????????????????????aaaaaaaaaaaaaaaaaaa
[2025-08-02 21:11:32,990][inference.model_runners][INFO] - 21:11:32: Timestep 23, current sequence: ?????????????????????????????????????????????????????????????????????????????????????????????????????????????????aaaaaaaaaaaaaaaaaaa
[2025-08-02 21:11:33,794][inference.model_runners][INFO] - 21:11:33: Timestep 22, current sequence: ?????????????????????????????????????????????????????????????????????????????????????????????????????????????????aaaaaaaaaaaaaaaaaaa
[2025-08-02 21:11:34,598][inference.model_runners][INFO] - 21:11:34: Timestep 21, current sequence: ?????????????????????????????????????????????????????????????????????????????????????????????????????????????????aaaaaaaaaaaaaaaaaaa
[2025-08-02 21:11:35,393][inference.model_runners][INFO] - 21:11:35: Timestep 20, current sequence: ?????????????????????????????????????????????????????????????????????????????????????????????????????????????????aaaaaaaaaaaaaaaaaaa
[2025-08-02 21:11:36,207][inference.model_runners][INFO] - 21:11:36: Timestep 19, current sequence: ????????????????????????????????????????G????????????????????????????????????????????????????E????????????????G??aaaaaaaaaaaaaaaaaaa
[2025-08-02 21:11:37,013][inference.model_runners][INFO] - 21:11:37: Timestep 18, current sequence: ????????????G???????????????A??????????GG??????????????????????????????Q???L???????????????????????????????S??G??aaaaaaaaaaaaaaaaaaa
[2025-08-02 21:11:37,825][inference.model_runners][INFO] - 21:11:37: Timestep 17, current sequence: ???GG???????????????????????A??????????GQ??????????????????????????????Q?S?G?????????????????Q?????????????G??G??aaaaaaaaaaaaaaaaaaa
[2025-08-02 21:11:38,640][inference.model_runners][INFO] - 21:11:38: Timestep 16, current sequence: ?GA?A???G??????E???????????????????????GQ??????E???????????????????????G?S???????????????????Q??????A??????E???G?aaaaaaaaaaaaaaaaaaa
[2025-08-02 21:11:39,442][inference.model_runners][INFO] - 21:11:39: Timestep 15, current sequence: ??A??EA?AAG????G???????S???????????????GQ?L????????????????????????????S?S?A????????????????????????A??????E???Q?aaaaaaaaaaaaaaaaaaa
[2025-08-02 21:11:40,246][inference.model_runners][INFO] - 21:11:40: Timestep 14, current sequence: ??A?AAA?AAA??????????????Q?????????????GQ?L????????????????????????????S?S?E??Q??????????????A??????A??????EA??Q?aaaaaaaaaaaaaaaaaaa
[2025-08-02 21:11:41,052][inference.model_runners][INFO] - 21:11:41: Timestep 13, current sequence: ??AQAAA?AAAA??AS?????????G????????LLAL?GTSL????A?LL?????????L?????L?L??Q?K?EG?Q?????????????????????A??LA?AAA??Q?aaaaaaaaaaaaaaaaaaa
[2025-08-02 21:11:41,852][inference.model_runners][INFO] - 21:11:41: Timestep 12, current sequence: ??AQ??A?AAA???AS?????????G???????L???L?GT?L??????LL??????A????????L???SQ?S?E??E??????????????Q???A??A???A??AA??Q?aaaaaaaaaaaaaaaaaaa
[2025-08-02 21:11:42,675][inference.model_runners][INFO] - 21:11:42: Timestep 11, current sequence: ??A?LE??AAA???AS?????????GS?????????AL??Q?L????A?????????A??????L??????G?E?A??E??????????????A?L?A??A??LALAAAAAQEaaaaaaaaaaaaaaaaaaa
[2025-08-02 21:11:43,479][inference.model_runners][INFO] - 21:11:43: Timestep 10, current sequence: ?AAAAAAAAAAA?SAS???A?????Q?AA??AQLLAAA??QSA????A??L???????A?????L?A?L??GSQ?E??A???E??????????A?????AE??AALAAAAAQEaaaaaaaaaaaaaaaaaaa
[2025-08-02 21:11:44,268][inference.model_runners][INFO] - 21:11:44: Timestep 9, current sequence: ?SEEAAAAAAA?AAAS???A???S???A????Q?LAAL?A?SAS???A?ALA????????????L?A?L?SGTQ?A??E???A???A??????A?????AAA?AALAAAAAQSaaaaaaaaaaaaaaaaaaa
[2025-08-02 21:11:45,064][inference.model_runners][INFO] - 21:11:45: Timestep 8, current sequence: ?EEE?AAAAAA?A??SA??A???????A???AA??AAL?G?TASA??AA??A?????AA?AA??AAA?A?SGSG?A??AA??A??AA??A?L?A?LE?AAAALAALAAAAAESaaaaaaaaaaaaaaaaaaa
[2025-08-02 21:11:45,871][inference.model_runners][INFO] - 21:11:45: Timestep 7, current sequence: ?KEEAAAAAAA???AAAA?A??AS???A???AAALAALLA?SLSA?AA?????????AA?AA?LAAA?L?SGTG?A?AAA??A??LA??????A?AA??AAAAAALAAAAAGSaaaaaaaaaaaaaaaaaaa
[2025-08-02 21:11:46,681][inference.model_runners][INFO] - 21:11:46: Timestep 6, current sequence: ?EEA?AAAAAA??AAAAA?A???S???A???AAALAALLE?SLSAA?A?A?AL????AA?AA?LAAL?AASQ?G?A?LAA?AA??AA??A???A?AAA?AAAAAALAAAAAGAaaaaaaaaaaaaaaaaaaa
[2025-08-02 21:11:47,486][inference.model_runners][INFO] - 21:11:47: Timestep 5, current sequence: ?EEAAAASAAA???AAAAAA???S???A???AA?LAA?LL?SASAAAAA?AA??A??AA?AAALAAA?AASGSE?AAAAA?AAA?L??AA???AAAAAAAAAAAALAAAAAEAaaaaaaaaaaaaaaaaaaa
[2025-08-02 21:11:48,285][inference.model_runners][INFO] - 21:11:48: Timestep 4, current sequence: ?KAAAAAAAAA??AAA??AA???S??SA???AA?AAA??S?S?SAAAA??AA?????A??AAA?AAA?A?SG?K?AA?AA?AA??A??AAA??AA?AAAAAAAAAAAAAAAEAaaaaaaaaaaaaaaaaaaa
[2025-08-02 21:11:49,108][inference.model_runners][INFO] - 21:11:49: Timestep 3, current sequence: ?KAAAAAAAAA??AAAAAA???????SA???AA??AA??S?SASA?A??AA???A??AA?AAA?AAA?A?ASQKSEAAAA??AA?AAAAAAA?A?AAAAAAAAAAAAAAAAAAaaaaaaaaaaaaaaaaaaa
[2025-08-02 21:11:49,926][inference.model_runners][INFO] - 21:11:49: Timestep 2, current sequence: ?KAAAAAAASA??SAAAAA????AL?S?AA?A???AA??S?SEAA?AA?AAA??A??AA?ASA?AAA?A?KGAQSEAAAA?AA??SAAAAA?AAA?SAAAAAAAAAASAAA?Saaaaaaaaaaaaaaaaaaa
[2025-08-02 21:11:50,738][inference.model_runners][INFO] - 21:11:50: Timestep 1, current sequence: ?KS?AAAAASA?AG?ASSASA?AA??A?AS?????AAA?S?SAAS?AAA?AS?AA?????AA??AAAAA?AAAKSAA??S?AAA?SAA?SAAAAAA?A?AAAAAAA?SAAAASaaaaaaaaaaaaaaaaaaa
[2025-08-02 21:11:50,740][__main__][INFO] - Finished design in 0.40 minutes
[2025-08-02 21:11:51,626][__main__][INFO] - design : /home/hwjang/aipd/noahs_ark/piplines/1_diffusion/output/result_52.pdb
[2025-08-02 21:11:51,626][__main__][INFO] - Xt traj: /home/hwjang/aipd/noahs_ark/piplines/1_diffusion/output/traj/result_52_Xt-1_traj.pdb
[2025-08-02 21:11:51,626][__main__][INFO] - X0 traj: /home/hwjang/aipd/noahs_ark/piplines/1_diffusion/output/traj/result_52_pX0_traj.pdb
[2025-08-02 21:11:51,626][__main__][INFO] - Making design output/result_53
[2025-08-02 21:11:51,626][__main__][INFO] - making design 53 of 48:56
[2025-08-02 21:11:51,627][inference.model_runners][INFO] - Using contig: ['100-130']
With this beta schedule (linear schedule, beta_0 = 0.06666666666666667, beta_T = 0.46666666666666673), alpha_bar_T = 6.0550024500116706e-05
Using cached chi_beta_T dictionary.
Done calculating chi_beta_T, chi_alphas_T, and chi_abars_T dictionaries.
[2025-08-02 21:11:52,346][inference.model_runners][INFO] - 21:11:52: Timestep 30, current sequence: ????????????????????????????????????????????????????????????????????????????????????????????????????????????aaaaaaaaaaaaaaaaaaa
[2025-08-02 21:11:53,164][inference.model_runners][INFO] - 21:11:53: Timestep 29, current sequence: ????????????????????????????????????????????????????????????????????????????????????????????????????????????aaaaaaaaaaaaaaaaaaa
[2025-08-02 21:11:53,965][inference.model_runners][INFO] - 21:11:53: Timestep 28, current sequence: ????????????????????????????????????????????????????????????????????????????????????????????????????????????aaaaaaaaaaaaaaaaaaa
[2025-08-02 21:11:54,764][inference.model_runners][INFO] - 21:11:54: Timestep 27, current sequence: ????????????????????????????????????????????????????????????????????????????????????????????????????????????aaaaaaaaaaaaaaaaaaa
[2025-08-02 21:11:55,562][inference.model_runners][INFO] - 21:11:55: Timestep 26, current sequence: ????????????????????????????????????????????????????????????????????????????????????????????????????????????aaaaaaaaaaaaaaaaaaa
[2025-08-02 21:11:56,374][inference.model_runners][INFO] - 21:11:56: Timestep 25, current sequence: ????????????????????????????????????????????????????????????????????????????????????????????????????????????aaaaaaaaaaaaaaaaaaa
[2025-08-02 21:11:57,171][inference.model_runners][INFO] - 21:11:57: Timestep 24, current sequence: ????????????????????????????????????????????????????????????????????????????????????????????????????????????aaaaaaaaaaaaaaaaaaa
[2025-08-02 21:11:57,957][inference.model_runners][INFO] - 21:11:57: Timestep 23, current sequence: ????????????????????????????????????????????????????????????????????????????????????????????????????????????aaaaaaaaaaaaaaaaaaa
[2025-08-02 21:11:58,744][inference.model_runners][INFO] - 21:11:58: Timestep 22, current sequence: ????????????????????????????????????????????????????????????????????????????????????????????????????????????aaaaaaaaaaaaaaaaaaa
[2025-08-02 21:11:59,539][inference.model_runners][INFO] - 21:11:59: Timestep 21, current sequence: ????????????????????????????????????????????????????????????????????????????????????????????????????????????aaaaaaaaaaaaaaaaaaa
[2025-08-02 21:12:00,349][inference.model_runners][INFO] - 21:12:00: Timestep 20, current sequence: ????????????????????????????????????????????????????????????????????????????????????????????????????????????aaaaaaaaaaaaaaaaaaa
[2025-08-02 21:12:01,153][inference.model_runners][INFO] - 21:12:01: Timestep 19, current sequence: ??????????????????????E?????????????????????????????????????????????????????????????????????????????????????aaaaaaaaaaaaaaaaaaa
[2025-08-02 21:12:01,949][inference.model_runners][INFO] - 21:12:01: Timestep 18, current sequence: ??????????S??????????L??????????????????Q????????????????TE????????E???????????????????????E????????????????aaaaaaaaaaaaaaaaaaa
[2025-08-02 21:12:02,753][inference.model_runners][INFO] - 21:12:02: Timestep 17, current sequence: ??????L???SG?A???????????Q???????Q???G??Q????????????L???SAEQ??????E???????????????GGQE???????????E?????????aaaaaaaaaaaaaaaaaaa
[2025-08-02 21:12:03,557][inference.model_runners][INFO] - 21:12:03: Timestep 16, current sequence: ??S??DLS??S?????????????????????GQ???G?????????????????K?DAEG??????E????LL?????????G?S????????????E?????????aaaaaaaaaaaaaaaaaaa
[2025-08-02 21:12:04,357][inference.model_runners][INFO] - 21:12:04: Timestep 15, current sequence: ?????V????S????????????????????L????E???T?????????????????AGQ??EQ??E????LL????????????E??????????LE??????G?Saaaaaaaaaaaaaaaaaaa
[2025-08-02 21:12:05,155][inference.model_runners][INFO] - 21:12:05: Timestep 14, current sequence: ?GTL?SL???S???????????????????S?G??SE???????????E?????????AES??EG??E????LL????????GG?QEE?????L???LE??????G?Saaaaaaaaaaaaaaaaaaa
[2025-08-02 21:12:05,960][inference.model_runners][INFO] - 21:12:05: Timestep 13, current sequence: ?GTL?SL?Q????????????????Q???????????????????????????L????AEQ??EQ??E???A?L????AL??G??QQE?????L???L?????????Saaaaaaaaaaaaaaaaaaa
[2025-08-02 21:12:06,762][inference.model_runners][INFO] - 21:12:06: Timestep 12, current sequence: ?G???VL?Q??G??????A??L???E???Q?????SE???????????A??A?LLQ?DAEQ?AEQ??E??LE???????L??G??S?E???Q?????L??????????aaaaaaaaaaaaaaaaaaa
[2025-08-02 21:12:07,562][inference.model_runners][INFO] - 21:12:07: Timestep 11, current sequence: ?GQ??TL????G?????????????Q??????AS?SAE??????A????????ALE??AEQ??EQ??E??EE???????L??KS?SEE???Q??Q??LE?L???????aaaaaaaaaaaaaaaaaaa
[2025-08-02 21:12:08,362][inference.model_runners][INFO] - 21:12:08: Timestep 10, current sequence: ?GQL??LL??KG?A?L??????????????A?A??SEE??????A??AE??A?ALE??AES?A?Q?????AE?????AAL?????SEE??AQ??Q???A?L??S????aaaaaaaaaaaaaaaaaaa
[2025-08-02 21:12:09,174][inference.model_runners][INFO] - 21:12:09: Timestep 9, current sequence: ?GQ??SLL??KG?A???????????Q????A?S??SEE??????A??AA?????LE??AES?A?A??E??A????A?AAL?????SAE??A???A??LAL???S????aaaaaaaaaaaaaaaaaaa
[2025-08-02 21:12:09,978][inference.model_runners][INFO] - 21:12:09: Timestep 8, current sequence: ?G???SL????G?AA???A??????AA??QA?S??SEA??????A??AAA?A?LLE??AESLA?A?AAA?AE???A?AALL????DEE?AAQ?LA??LAL???S???Saaaaaaaaaaaaaaaaaaa
[2025-08-02 21:12:10,786][inference.model_runners][INFO] - 21:12:10: Timestep 7, current sequence: ?G?????????G?A???????A???????QA?S??QEE??????A??AA?LA??LE?SAEQL?AA?AAA?AA???A?AALLAK??Q?EQAAQ?LA??LAAL??S?G?Saaaaaaaaaaaaaaaaaaa
[2025-08-02 21:12:11,596][inference.model_runners][INFO] - 21:12:11: Timestep 6, current sequence: ?SQ?????S??G?A???AS??????????QA?S??SAE??????AA?AAALAALL??QLEQLAAA?AAA?AA??E??AAL??K???AEQAAQ?????A?A???S?G?Saaaaaaaaaaaaaaaaaaa
[2025-08-02 21:12:12,404][inference.model_runners][INFO] - 21:12:12: Timestep 5, current sequence: ?GQ???A?S??G?AA??A???A????A??ALAS??KAE?????AA??AAALAAA?S?QLQQL?AAAAA??AAA??A?AA???K???AEQAAQ??????A???SS?A??aaaaaaaaaaaaaaaaaaa
[2025-08-02 21:12:13,207][inference.model_runners][INFO] - 21:12:13: Timestep 4, current sequence: ?S????A?S??G?A???????????SA??SA?E??KGEA??A??SA?AA?L??A?A?QASQ???AAAA??AA???A?AA???K???AEQAAA??????A??ASS?A??aaaaaaaaaaaaaaaaaaa
[2025-08-02 21:12:14,021][inference.model_runners][INFO] - 21:12:14: Timestep 3, current sequence: ?S??????S?KG?????A???A????A??SA?S??QASA??A??SA??A?L?AA?A?Q?SQ???SAAAS?AA???A?AAA?????KAAQ?AA?A????AA?ASS?A?Saaaaaaaaaaaaaaaaaaa
[2025-08-02 21:12:14,825][inference.model_runners][INFO] - 21:12:14: Timestep 2, current sequence: ESS?????S??G?????AA??AA?A????AA?A??KASA????AA??SS???AA?A?Q?EQ?A?S?AA???????SAAA????S?KASS?AS?AA???AS??SS?A?Saaaaaaaaaaaaaaaaaaa
[2025-08-02 21:12:15,621][inference.model_runners][INFO] - 21:12:15: Timestep 1, current sequence: ?S??????S?KG??A??AAA?A???AAAASA?S??KAS???S??SA??S??SA??K?K?AS???SAASSA?A???A?AA????S?K?SS?AS??AA??AA??SS?A?Saaaaaaaaaaaaaaaaaaa
[2025-08-02 21:12:15,622][__main__][INFO] - Finished design in 0.40 minutes
[2025-08-02 21:12:16,504][__main__][INFO] - design : /home/hwjang/aipd/noahs_ark/piplines/1_diffusion/output/result_53.pdb
[2025-08-02 21:12:16,505][__main__][INFO] - Xt traj: /home/hwjang/aipd/noahs_ark/piplines/1_diffusion/output/traj/result_53_Xt-1_traj.pdb
[2025-08-02 21:12:16,505][__main__][INFO] - X0 traj: /home/hwjang/aipd/noahs_ark/piplines/1_diffusion/output/traj/result_53_pX0_traj.pdb
[2025-08-02 21:12:16,505][__main__][INFO] - Making design output/result_54
[2025-08-02 21:12:16,505][__main__][INFO] - making design 54 of 48:56
[2025-08-02 21:12:16,505][inference.model_runners][INFO] - Using contig: ['100-130']
With this beta schedule (linear schedule, beta_0 = 0.06666666666666667, beta_T = 0.46666666666666673), alpha_bar_T = 6.0550024500116706e-05
Using cached chi_beta_T dictionary.
Done calculating chi_beta_T, chi_alphas_T, and chi_abars_T dictionaries.
[2025-08-02 21:12:17,221][inference.model_runners][INFO] - 21:12:17: Timestep 30, current sequence: ??????????????????????????????????????????????????????????????????????????????????????????????????????????????????aaaaaaaaaaaaaaaaaaa
[2025-08-02 21:12:18,016][inference.model_runners][INFO] - 21:12:18: Timestep 29, current sequence: ??????????????????????????????????????????????????????????????????????????????????????????????????????????????????aaaaaaaaaaaaaaaaaaa
[2025-08-02 21:12:18,826][inference.model_runners][INFO] - 21:12:18: Timestep 28, current sequence: ??????????????????????????????????????????????????????????????????????????????????????????????????????????????????aaaaaaaaaaaaaaaaaaa
[2025-08-02 21:12:19,642][inference.model_runners][INFO] - 21:12:19: Timestep 27, current sequence: ??????????????????????????????????????????????????????????????????????????????????????????????????????????????????aaaaaaaaaaaaaaaaaaa
[2025-08-02 21:12:20,462][inference.model_runners][INFO] - 21:12:20: Timestep 26, current sequence: ??????????????????????????????????????????????????????????????????????????????????????????????????????????????????aaaaaaaaaaaaaaaaaaa
[2025-08-02 21:12:21,271][inference.model_runners][INFO] - 21:12:21: Timestep 25, current sequence: ??????????????????????????????????????????????????????????????????????????????????????????????????????????????????aaaaaaaaaaaaaaaaaaa
[2025-08-02 21:12:22,077][inference.model_runners][INFO] - 21:12:22: Timestep 24, current sequence: ??????????????????????????????????????????????????????????????????????????????????????????????????????????????????aaaaaaaaaaaaaaaaaaa
[2025-08-02 21:12:22,886][inference.model_runners][INFO] - 21:12:22: Timestep 23, current sequence: ??????????????????????????????????????????????????????????????????????????????????????????????????????????????????aaaaaaaaaaaaaaaaaaa
[2025-08-02 21:12:23,685][inference.model_runners][INFO] - 21:12:23: Timestep 22, current sequence: ??????????????????????????????????????????????????????????????????????????????????????????????????????????????????aaaaaaaaaaaaaaaaaaa
[2025-08-02 21:12:24,496][inference.model_runners][INFO] - 21:12:24: Timestep 21, current sequence: ??????????????????????????????????????????????????????????????????????????????????????????????????????????????????aaaaaaaaaaaaaaaaaaa
[2025-08-02 21:12:25,306][inference.model_runners][INFO] - 21:12:25: Timestep 20, current sequence: ????????????????????????????????????????????????????????????????????????????????????????????????????????????????Q?aaaaaaaaaaaaaaaaaaa
[2025-08-02 21:12:26,110][inference.model_runners][INFO] - 21:12:26: Timestep 19, current sequence: ???G?????????G?????????????????????????????????????????????????????????????G???????????????????????????????????SQ?aaaaaaaaaaaaaaaaaaa
[2025-08-02 21:12:26,909][inference.model_runners][INFO] - 21:12:26: Timestep 18, current sequence: ???G?????????S?????????????????????????????????????????????????????????????G??????E??????????E???E????????????LAQ?aaaaaaaaaaaaaaaaaaa
[2025-08-02 21:12:27,724][inference.model_runners][INFO] - 21:12:27: Timestep 17, current sequence: ?????????????G??G?????????Q????L????????????????????????????????E??????????G????????????G????E????????????????LLQEaaaaaaaaaaaaaaaaaaa
[2025-08-02 21:12:28,540][inference.model_runners][INFO] - 21:12:28: Timestep 16, current sequence: ??????????G?LQQ?G???L???????S??A???????????????S????????????GQ?????????????G????????????G?S??E??????????????A?L???aaaaaaaaaaaaaaaaaaa
[2025-08-02 21:12:29,353][inference.model_runners][INFO] - 21:12:29: Timestep 15, current sequence: ???E?????L??LG?T???QLLL???????????????????LS?SLT????????????GG??K??????????G???E??A?????G?S??AE??E??????A?????L?L?aaaaaaaaaaaaaaaaaaa
[2025-08-02 21:12:30,161][inference.model_runners][INFO] - 21:12:30: Timestep 14, current sequence: ?L?E??????G??G?T???TL?L???A?S?TL??????????LL??LTA???????????G???K??????E???E???G????????S?SL?EE??E??????A?????L??Saaaaaaaaaaaaaaaaaaa
[2025-08-02 21:12:30,973][inference.model_runners][INFO] - 21:12:30: Timestep 13, current sequence: ?L?Q??????G??G?E????L?L???K?G??LV?L???????LL???TA???????????G???Q?????LQ???Q???E???E??G?G?S??EA??E???E?LA??AA?L?LSaaaaaaaaaaaaaaaaaaa
[2025-08-02 21:12:31,781][inference.model_runners][INFO] - 21:12:31: Timestep 12, current sequence: ?L?Q??????K??G?A??????L???K?G??LL?L???????LL???D?????Q????????S?G??????K???EG???????????S?SLQEA??Q???E??E??LA?SLLEaaaaaaaaaaaaaaaaaaa
[2025-08-02 21:12:32,590][inference.model_runners][INFO] - 21:12:32: Timestep 11, current sequence: ?L?A?????LQQLG?A????L?VA??L?G??A??????????LL??LQA????S????????SEE??????Q???QG??G??????S?G?D?TEE??Q??????AA??A?G?S?aaaaaaaaaaaaaaaaaaa
[2025-08-02 21:12:33,401][inference.model_runners][INFO] - 21:12:33: Timestep 10, current sequence: ?L?E????LLQQ?G?K???E?LV???K?G??A?????????LLL?SLQA????S??????G?TTE??????A???QG??S???S??Q?G?DLTEE??A??????AAL?AAL?A?aaaaaaaaaaaaaaaaaaa
[2025-08-02 21:12:34,203][inference.model_runners][INFO] - 21:12:34: Timestep 9, current sequence: ?A?AA??Q?LQQ?G?K??LELLVA?LE?G??AL??????L?LLL???S?????Q???A??G?SEE???A??A???Q??????????Q?G?SLQEE??A??????AA??A?L?A?aaaaaaaaaaaaaaaaaaa
[2025-08-02 21:12:35,013][inference.model_runners][INFO] - 21:12:35: Timestep 8, current sequence: ?A?QA??QLLQQ?S?AAAAEALAA?LE?G??AAQ???????LAL???SAA??A????S??G?SEE???A??A???EG?????????QQS?S?TEE?AA??????AA????L?A?aaaaaaaaaaaaaaaaaaa
[2025-08-02 21:12:35,824][inference.model_runners][INFO] - 21:12:35: Timestep 7, current sequence: ?G?AA??ELLEQ?G??AAAEALAAALE?G??A?A???????ALA???TLA??A????A??G?QEE???T??K????G?????????QLG?SLTEA?AA??AQ??AA??A?L?A?aaaaaaaaaaaaaaaaaaa
[2025-08-02 21:12:36,638][inference.model_runners][INFO] - 21:12:36: Timestep 6, current sequence: ?A?AA?AA??QA?K??A?AAA?AAAL??G??AAA?L?L??LALA???SAA??A????S??S??AE???A???????G??A??AL??A?G?GLQEA?AA??AQ??AA?AA?AAA?aaaaaaaaaaaaaaaaaaa
[2025-08-02 21:12:37,445][inference.model_runners][INFO] - 21:12:37: Timestep 5, current sequence: ?A?AAAAA??ES?S?EEAAAALAA??A?G??A?A???????AAA???S?A??A????AA?S???E??AA??A???EG?????A??L??G?GLQEA??A??AQ??AA?AAAA?A?aaaaaaaaaaaaaaaaaaa
[2025-08-02 21:12:38,256][inference.model_runners][INFO] - 21:12:38: Timestep 4, current sequence: ?A?AA?A???AA?K?ASAAAA?AAA?A?G??A?A??A??L?AAAS??Q?A??AE????A?S??AA??AA??A????G?????AA?LA?G?GSQEA?AAA?A???AALAA?LAA?aaaaaaaaaaaaaaaaaaa
[2025-08-02 21:12:39,063][inference.model_runners][INFO] - 21:12:39: Timestep 3, current sequence: EA?AAAAA?AAS???AAA?AA?AAA???G??AAA??A????AAAA??E?AA?AS????A?G??AA???A?AA???EG???SA?A??A?G?GQSEA?AAA?A???A?????AAA?aaaaaaaaaaaaaaaaaaa
[2025-08-02 21:12:39,882][inference.model_runners][INFO] - 21:12:39: Timestep 2, current sequence: ???ASAAAAAAS?KSAA??AA?AAA???K??GAA??????AAA?A??E?AA?AAA???S?G??AA???A??A???ES????AAA??S?G?GSSES??SAASA??AA????AAA?aaaaaaaaaaaaaaaaaaa
[2025-08-02 21:12:40,688][inference.model_runners][INFO] - 21:12:40: Timestep 1, current sequence: ?A?AA??AAAAA?KSESAAAAAAAA??KS??G?A?A????AAA??S?E?A??AA??S???S??AS???A?AA???ES?AA?AAA??S?G?GQSEA??S??S???AA?????SA?aaaaaaaaaaaaaaaaaaa
[2025-08-02 21:12:40,690][__main__][INFO] - Finished design in 0.40 minutes
[2025-08-02 21:12:41,610][__main__][INFO] - design : /home/hwjang/aipd/noahs_ark/piplines/1_diffusion/output/result_54.pdb
[2025-08-02 21:12:41,610][__main__][INFO] - Xt traj: /home/hwjang/aipd/noahs_ark/piplines/1_diffusion/output/traj/result_54_Xt-1_traj.pdb
[2025-08-02 21:12:41,610][__main__][INFO] - X0 traj: /home/hwjang/aipd/noahs_ark/piplines/1_diffusion/output/traj/result_54_pX0_traj.pdb
[2025-08-02 21:12:41,610][__main__][INFO] - Making design output/result_55
[2025-08-02 21:12:41,611][__main__][INFO] - making design 55 of 48:56
[2025-08-02 21:12:41,611][inference.model_runners][INFO] - Using contig: ['100-130']
With this beta schedule (linear schedule, beta_0 = 0.06666666666666667, beta_T = 0.46666666666666673), alpha_bar_T = 6.0550024500116706e-05
Using cached chi_beta_T dictionary.
Done calculating chi_beta_T, chi_alphas_T, and chi_abars_T dictionaries.
[2025-08-02 21:12:42,350][inference.model_runners][INFO] - 21:12:42: Timestep 30, current sequence: ??????????????????????????????????????????????????????????????????????????????????????????????????????????aaaaaaaaaaaaaaaaaaa
[2025-08-02 21:12:43,141][inference.model_runners][INFO] - 21:12:43: Timestep 29, current sequence: ??????????????????????????????????????????????????????????????????????????????????????????????????????????aaaaaaaaaaaaaaaaaaa
[2025-08-02 21:12:43,923][inference.model_runners][INFO] - 21:12:43: Timestep 28, current sequence: ??????????????????????????????????????????????????????????????????????????????????????????????????????????aaaaaaaaaaaaaaaaaaa
[2025-08-02 21:12:44,727][inference.model_runners][INFO] - 21:12:44: Timestep 27, current sequence: ??????????????????????????????????????????????????????????????????????????????????????????????????????????aaaaaaaaaaaaaaaaaaa
[2025-08-02 21:12:45,531][inference.model_runners][INFO] - 21:12:45: Timestep 26, current sequence: ??????????????????????????????????????????????????????????????????????????????????????????????????????????aaaaaaaaaaaaaaaaaaa
[2025-08-02 21:12:46,331][inference.model_runners][INFO] - 21:12:46: Timestep 25, current sequence: ??????????????????????????????????????????????????????????????????????????????????????????????????????????aaaaaaaaaaaaaaaaaaa
[2025-08-02 21:12:47,120][inference.model_runners][INFO] - 21:12:47: Timestep 24, current sequence: ??????????????????????????????????????????????????????????????????????????????????????????????????????????aaaaaaaaaaaaaaaaaaa
[2025-08-02 21:12:47,916][inference.model_runners][INFO] - 21:12:47: Timestep 23, current sequence: ??????????????????????????????????????????????????????????????????????????????????????????????????????????aaaaaaaaaaaaaaaaaaa
[2025-08-02 21:12:48,723][inference.model_runners][INFO] - 21:12:48: Timestep 22, current sequence: ??????????????????????????????????????????????????????????????????????????????????????????????????????????aaaaaaaaaaaaaaaaaaa
[2025-08-02 21:12:49,519][inference.model_runners][INFO] - 21:12:49: Timestep 21, current sequence: ??????????????????????????????????????????????????????????????????????????????????????????????????????????aaaaaaaaaaaaaaaaaaa
[2025-08-02 21:12:50,312][inference.model_runners][INFO] - 21:12:50: Timestep 20, current sequence: ??????????????????????E???????????????????????????????????????????????????????????????????????????????????aaaaaaaaaaaaaaaaaaa
[2025-08-02 21:12:51,119][inference.model_runners][INFO] - 21:12:51: Timestep 19, current sequence: ??????????????????????E???E??E????????????????????????????G???E???????????G???????????????????????????????aaaaaaaaaaaaaaaaaaa
[2025-08-02 21:12:51,923][inference.model_runners][INFO] - 21:12:51: Timestep 18, current sequence: ??????????????????????E???G???????????????????????????????????E???????????G?????????A?????????????????????aaaaaaaaaaaaaaaaaaa
[2025-08-02 21:12:52,692][inference.model_runners][INFO] - 21:12:52: Timestep 17, current sequence: ?G?????????G??????????G???G???????????G???????????????????G?TAE???????????G????????LL??SE?????????????GQ??aaaaaaaaaaaaaaaaaaa
[2025-08-02 21:12:53,486][inference.model_runners][INFO] - 21:12:53: Timestep 16, current sequence: ?EG????????????GL?????G??????????????GSA?E??????????????????TAE???????????G????????????GE?????????????????aaaaaaaaaaaaaaaaaaa
[2025-08-02 21:12:54,278][inference.model_runners][INFO] - 21:12:54: Timestep 15, current sequence: ?G????????????GG?T????G??????????????GD??E??????????????????TAE???????????GQ?AQ??????Q?G??A????????????G??aaaaaaaaaaaaaaaaaaa
[2025-08-02 21:12:55,070][inference.model_runners][INFO] - 21:12:55: Timestep 14, current sequence: ?E?????????????G??A???E???A??????SGG?G?GE?????????????????G?TAQ??????????????QQ??E?L?E?G?TA??????L????????aaaaaaaaaaaaaaaaaaa
[2025-08-02 21:12:55,863][inference.model_runners][INFO] - 21:12:55: Timestep 13, current sequence: ?Q???A?????????G?SAE??E????L?????SG??QSA??????????L??????LG?TAE??????????????Q?????L?KLG?SA??????????????Qaaaaaaaaaaaaaaaaaaa
[2025-08-02 21:12:56,664][inference.model_runners][INFO] - 21:12:56: Timestep 12, current sequence: ?Q?LQL?????????G?TAE?????????A???E???QSA?A????????L???????G?TAE??????A??L?G??A???A???ELG??????????????????aaaaaaaaaaaaaaaaaaa
[2025-08-02 21:12:57,469][inference.model_runners][INFO] - 21:12:57: Timestep 11, current sequence: ?Q??QA?????????G?TAE??A???A??A???E???QSA????A?????L???????G?TAE?????????L??S?A???A???E?G??????????????L??Kaaaaaaaaaaaaaaaaaaa
[2025-08-02 21:12:58,260][inference.model_runners][INFO] - 21:12:58: Timestep 10, current sequence: ?G??TAA????????G?TAE??AA??A??A???A???KSA?A??Q???A??????A??G?TAE?????????L?GS?A???A???E?G??L??????L????L???aaaaaaaaaaaaaaaaaaa
[2025-08-02 21:12:59,054][inference.model_runners][INFO] - 21:12:59: Timestep 9, current sequence: ?G??TA?????E???G?TAE??AA??A??AEL?E???KSG?A??QA??A?????????G?TAA???????????GQ????LA???E?G??L??????L?L??L???aaaaaaaaaaaaaaaaaaa
[2025-08-02 21:12:59,850][inference.model_runners][INFO] - 21:12:59: Timestep 8, current sequence: ?E?TTAA????Q???G?TAE??AA??A??AEL??AL?KSA?AL?AA??A?????????G??AE??A??????A?AQ?A???A??AA?G??L????????A??L???aaaaaaaaaaaaaaaaaaa
[2025-08-02 21:13:00,650][inference.model_runners][INFO] - 21:13:00: Timestep 7, current sequence: ?E?TTAA?A??E??KG?SAE??AA??A??A?L?AQL?KSA?AA?AA??A?????????G??AE??A????????GQ?A???A??AA?G??????????AA??L???aaaaaaaaaaaaaaaaaaa
[2025-08-02 21:13:01,452][inference.model_runners][INFO] - 21:13:01: Timestep 6, current sequence: ?E?TTAA?A?AE??KG?SAA??AA??A??A?L?AQL?KSA?SAAAA??A?????????K?SAE??AA??E????GQ?A???A??A??G??LA??LA??LA??A???aaaaaaaaaaaaaaaaaaa
[2025-08-02 21:13:02,251][inference.model_runners][INFO] - 21:13:02: Timestep 5, current sequence: ?E?TSA??A?AE??KG?SAA??AA?AAA?A?A?ASA?KSA?SAAAA??A??A??????G?SAA??AA?AA????AQAA???AA??A?G??A?S??A???A?L????aaaaaaaaaaaaaaaaaaa
[2025-08-02 21:13:03,043][inference.model_runners][INFO] - 21:13:03: Timestep 4, current sequence: ?E?EQA??A?AE??KG?SAA???AAAAA?A???ASA??SA?AA?AA?AA?????AA??K???A??AS???????ASAA???AAAAA?K????A??A??A???????aaaaaaaaaaaaaaaaaaa
[2025-08-02 21:13:03,842][inference.model_runners][INFO] - 21:13:03: Timestep 3, current sequence: ?E?QQAA?A?AA??KK???A?AAAA?A???????SA?KSA?AA?A??AA??A??AS??K???A??A???AA?A?A??????SA?SA?K??AA??AAA??SAAS???aaaaaaaaaaaaaaaaaaa
[2025-08-02 21:13:04,648][inference.model_runners][INFO] - 21:13:04: Timestep 2, current sequence: ?E?QQAAAA??S??KE???A???A??AS?A???ASA?KSA?AA?A??A?A?A??AA??K??AA??A??SAA?A?ASASS?AAA?SA?K?QAA???????S??S???aaaaaaaaaaaaaaaaaaa
[2025-08-02 21:13:05,466][inference.model_runners][INFO] - 21:13:05: Timestep 1, current sequence: ?E?EQS?AAAAS??KK?QAA??A???AS?A???AS??SSASAS?SAAA?A?AA??SA?K?KA????A?SAA???ASASAA?SAA?A?K??AA?AAAA??AA?A???aaaaaaaaaaaaaaaaaaa
[2025-08-02 21:13:05,467][__main__][INFO] - Finished design in 0.40 minutes
[2025-08-02 21:13:06,341][__main__][INFO] - design : /home/hwjang/aipd/noahs_ark/piplines/1_diffusion/output/result_55.pdb
[2025-08-02 21:13:06,341][__main__][INFO] - Xt traj: /home/hwjang/aipd/noahs_ark/piplines/1_diffusion/output/traj/result_55_Xt-1_traj.pdb
[2025-08-02 21:13:06,341][__main__][INFO] - X0 traj: /home/hwjang/aipd/noahs_ark/piplines/1_diffusion/output/traj/result_55_pX0_traj.pdb

=============================================
Sat Aug 2 09:13:07 PM KST 2025
[INFO] Job finished in 216 seconds
